30-May-2018 11:32:35.955 INFO [main] org.apache.catalina.core.StandardServer.await A valid shutdown command was received via the shutdown port. Stopping the Server instance.
30-May-2018 11:32:35.998 INFO [main] org.apache.coyote.AbstractProtocol.pause Pausing ProtocolHandler ["http-nio-8080"]
30-May-2018 11:32:36.112 INFO [main] org.apache.coyote.AbstractProtocol.pause Pausing ProtocolHandler ["https-jsse-nio-8443"]
30-May-2018 11:32:36.170 INFO [main] org.apache.coyote.AbstractProtocol.pause Pausing ProtocolHandler ["https-openssl-apr-8443"]
30-May-2018 11:32:36.171 INFO [main] org.apache.coyote.AbstractProtocol.pause Pausing ProtocolHandler ["ajp-nio-8009"]
30-May-2018 11:32:36.226 INFO [main] org.apache.catalina.core.StandardService.stopInternal Stopping service [Catalina]
30-May-2018 11:32:36.356 INFO [main] org.apache.coyote.AbstractProtocol.stop Stopping ProtocolHandler ["http-nio-8080"]
30-May-2018 11:32:36.367 INFO [main] org.apache.coyote.AbstractProtocol.stop Stopping ProtocolHandler ["https-jsse-nio-8443"]
30-May-2018 11:32:36.373 INFO [main] org.apache.coyote.AbstractProtocol.stop Stopping ProtocolHandler ["ajp-nio-8009"]
30-May-2018 11:32:36.375 INFO [main] org.apache.coyote.AbstractProtocol.destroy Destroying ProtocolHandler ["http-nio-8080"]
30-May-2018 11:32:36.377 INFO [main] org.apache.coyote.AbstractProtocol.destroy Destroying ProtocolHandler ["https-jsse-nio-8443"]
30-May-2018 11:32:36.379 INFO [main] org.apache.coyote.AbstractProtocol.stop Stopping ProtocolHandler ["https-openssl-apr-8443"]
30-May-2018 11:32:36.381 INFO [main] org.apache.coyote.AbstractProtocol.destroy Destroying ProtocolHandler ["https-openssl-apr-8443"]
30-May-2018 11:32:36.382 WARNING [main] org.apache.catalina.util.LifecycleMBeanBase.unregister Failed to unregister MBean with name [Catalina:type=Connector,port=8443] during component destruction
 javax.management.InstanceNotFoundException: Catalina:type=Connector,port=8443
	at com.sun.jmx.interceptor.DefaultMBeanServerInterceptor.getMBean(DefaultMBeanServerInterceptor.java:1095)
	at com.sun.jmx.interceptor.DefaultMBeanServerInterceptor.exclusiveUnregisterMBean(DefaultMBeanServerInterceptor.java:427)
	at com.sun.jmx.interceptor.DefaultMBeanServerInterceptor.unregisterMBean(DefaultMBeanServerInterceptor.java:415)
	at com.sun.jmx.mbeanserver.JmxMBeanServer.unregisterMBean(JmxMBeanServer.java:546)
	at org.apache.catalina.util.LifecycleMBeanBase.unregister(LifecycleMBeanBase.java:197)
	at org.apache.catalina.util.LifecycleMBeanBase.destroyInternal(LifecycleMBeanBase.java:73)
	at org.apache.catalina.connector.Connector.destroyInternal(Connector.java:1058)
	at org.apache.catalina.util.LifecycleBase.destroy(LifecycleBase.java:297)
	at org.apache.catalina.core.StandardService.destroyInternal(StandardService.java:571)
	at org.apache.catalina.util.LifecycleBase.destroy(LifecycleBase.java:297)
	at org.apache.catalina.core.StandardServer.destroyInternal(StandardServer.java:883)
	at org.apache.catalina.util.LifecycleBase.destroy(LifecycleBase.java:297)
	at org.apache.catalina.startup.Catalina.stop(Catalina.java:755)
	at org.apache.catalina.startup.Catalina.start(Catalina.java:716)
	at sun.reflect.NativeMethodAccessorImpl.invoke0(Native Method)
	at sun.reflect.NativeMethodAccessorImpl.invoke(NativeMethodAccessorImpl.java:62)
	at sun.reflect.DelegatingMethodAccessorImpl.invoke(DelegatingMethodAccessorImpl.java:43)
	at java.lang.reflect.Method.invoke(Method.java:498)
	at org.apache.catalina.startup.Bootstrap.start(Bootstrap.java:353)
	at org.apache.catalina.startup.Bootstrap.main(Bootstrap.java:493)

30-May-2018 11:32:36.384 INFO [main] org.apache.coyote.AbstractProtocol.destroy Destroying ProtocolHandler ["ajp-nio-8009"]
30-May-2018 11:32:37.618 INFO [main] org.apache.catalina.startup.VersionLoggerListener.log Server version:        Apache Tomcat/8.5.29
30-May-2018 11:32:37.624 INFO [main] org.apache.catalina.startup.VersionLoggerListener.log Server built:          Mar 5 2018 13:11:12 UTC
30-May-2018 11:32:37.625 INFO [main] org.apache.catalina.startup.VersionLoggerListener.log Server number:         8.5.29.0
30-May-2018 11:32:37.625 INFO [main] org.apache.catalina.startup.VersionLoggerListener.log OS Name:               Mac OS X
30-May-2018 11:32:37.625 INFO [main] org.apache.catalina.startup.VersionLoggerListener.log OS Version:            10.13.4
30-May-2018 11:32:37.625 INFO [main] org.apache.catalina.startup.VersionLoggerListener.log Architecture:          x86_64
30-May-2018 11:32:37.626 INFO [main] org.apache.catalina.startup.VersionLoggerListener.log Java Home:             /Library/Java/JavaVirtualMachines/jdk1.8.0_151.jdk/Contents/Home/jre
30-May-2018 11:32:37.626 INFO [main] org.apache.catalina.startup.VersionLoggerListener.log JVM Version:           1.8.0_151-b12
30-May-2018 11:32:37.626 INFO [main] org.apache.catalina.startup.VersionLoggerListener.log JVM Vendor:            Oracle Corporation
30-May-2018 11:32:37.626 INFO [main] org.apache.catalina.startup.VersionLoggerListener.log CATALINA_BASE:         /Users/alvindn/Desktop/cs122b/apache-tomcat-8.5.29
30-May-2018 11:32:37.626 INFO [main] org.apache.catalina.startup.VersionLoggerListener.log CATALINA_HOME:         /Users/alvindn/Desktop/cs122b/apache-tomcat-8.5.29
30-May-2018 11:32:37.627 INFO [main] org.apache.catalina.startup.VersionLoggerListener.log Command line argument: -Djava.util.logging.config.file=/Users/alvindn/Desktop/cs122b/apache-tomcat-8.5.29/conf/logging.properties
30-May-2018 11:32:37.627 INFO [main] org.apache.catalina.startup.VersionLoggerListener.log Command line argument: -Djava.util.logging.manager=org.apache.juli.ClassLoaderLogManager
30-May-2018 11:32:37.627 INFO [main] org.apache.catalina.startup.VersionLoggerListener.log Command line argument: -Djdk.tls.ephemeralDHKeySize=2048
30-May-2018 11:32:37.627 INFO [main] org.apache.catalina.startup.VersionLoggerListener.log Command line argument: -Djava.protocol.handler.pkgs=org.apache.catalina.webresources
30-May-2018 11:32:37.628 INFO [main] org.apache.catalina.startup.VersionLoggerListener.log Command line argument: -Dignore.endorsed.dirs=
30-May-2018 11:32:37.628 INFO [main] org.apache.catalina.startup.VersionLoggerListener.log Command line argument: -Dcatalina.base=/Users/alvindn/Desktop/cs122b/apache-tomcat-8.5.29
30-May-2018 11:32:37.628 INFO [main] org.apache.catalina.startup.VersionLoggerListener.log Command line argument: -Dcatalina.home=/Users/alvindn/Desktop/cs122b/apache-tomcat-8.5.29
30-May-2018 11:32:37.628 INFO [main] org.apache.catalina.startup.VersionLoggerListener.log Command line argument: -Djava.io.tmpdir=/Users/alvindn/Desktop/cs122b/apache-tomcat-8.5.29/temp
30-May-2018 11:32:37.628 INFO [main] org.apache.catalina.core.AprLifecycleListener.lifecycleEvent The APR based Apache Tomcat Native library which allows optimal performance in production environments was not found on the java.library.path: [/Users/alvindn/Library/Java/Extensions:/Library/Java/Extensions:/Network/Library/Java/Extensions:/System/Library/Java/Extensions:/usr/lib/java:.]
30-May-2018 11:32:37.907 INFO [main] org.apache.coyote.AbstractProtocol.init Initializing ProtocolHandler ["http-nio-8080"]
30-May-2018 11:32:37.943 INFO [main] org.apache.tomcat.util.net.NioSelectorPool.getSharedSelector Using a shared selector for servlet write/read
30-May-2018 11:32:37.950 INFO [main] org.apache.coyote.AbstractProtocol.init Initializing ProtocolHandler ["https-jsse-nio-8443"]
30-May-2018 11:32:38.308 INFO [main] org.apache.tomcat.util.net.NioSelectorPool.getSharedSelector Using a shared selector for servlet write/read
30-May-2018 11:32:38.311 SEVERE [main] org.apache.catalina.core.StandardService.initInternal Failed to initialize connector [Connector[org.apache.coyote.http11.Http11AprProtocol-8443]]
 org.apache.catalina.LifecycleException: Failed to initialize component [Connector[org.apache.coyote.http11.Http11AprProtocol-8443]]
	at org.apache.catalina.util.LifecycleBase.init(LifecycleBase.java:112)
	at org.apache.catalina.core.StandardService.initInternal(StandardService.java:549)
	at org.apache.catalina.util.LifecycleBase.init(LifecycleBase.java:107)
	at org.apache.catalina.core.StandardServer.initInternal(StandardServer.java:875)
	at org.apache.catalina.util.LifecycleBase.init(LifecycleBase.java:107)
	at org.apache.catalina.startup.Catalina.load(Catalina.java:632)
	at org.apache.catalina.startup.Catalina.load(Catalina.java:655)
	at sun.reflect.NativeMethodAccessorImpl.invoke0(Native Method)
	at sun.reflect.NativeMethodAccessorImpl.invoke(NativeMethodAccessorImpl.java:62)
	at sun.reflect.DelegatingMethodAccessorImpl.invoke(DelegatingMethodAccessorImpl.java:43)
	at java.lang.reflect.Method.invoke(Method.java:498)
	at org.apache.catalina.startup.Bootstrap.load(Bootstrap.java:309)
	at org.apache.catalina.startup.Bootstrap.main(Bootstrap.java:492)
Caused by: org.apache.catalina.LifecycleException: The configured protocol [org.apache.coyote.http11.Http11AprProtocol] requires the APR/native library which is not available
	at org.apache.catalina.connector.Connector.initInternal(Connector.java:978)
	at org.apache.catalina.util.LifecycleBase.init(LifecycleBase.java:107)
	... 12 more

30-May-2018 11:32:38.314 INFO [main] org.apache.coyote.AbstractProtocol.init Initializing ProtocolHandler ["ajp-nio-8009"]
30-May-2018 11:32:38.317 INFO [main] org.apache.tomcat.util.net.NioSelectorPool.getSharedSelector Using a shared selector for servlet write/read
30-May-2018 11:32:38.318 INFO [main] org.apache.catalina.startup.Catalina.load Initialization processed in 1187 ms
30-May-2018 11:32:38.483 INFO [main] org.apache.catalina.core.StandardService.startInternal Starting service [Catalina]
30-May-2018 11:32:38.483 INFO [main] org.apache.catalina.core.StandardEngine.startInternal Starting Servlet Engine: Apache Tomcat/8.5.29
30-May-2018 11:32:38.513 INFO [localhost-startStop-1] org.apache.catalina.startup.HostConfig.deployWAR Deploying web application archive [/Users/alvindn/Desktop/cs122b/apache-tomcat-8.5.29/webapps/project1.war]
30-May-2018 11:32:39.192 INFO [localhost-startStop-1] org.apache.tomcat.dbcp.dbcp2.BasicDataSourceFactory.getObjectInstance Name = moviedb Ignoring unknown property: value of "" for "description" property
30-May-2018 11:32:39.193 INFO [localhost-startStop-1] org.apache.tomcat.dbcp.dbcp2.BasicDataSourceFactory.getObjectInstance Name = moviedb Ignoring unknown property: value of "" for "mappedName" property
30-May-2018 11:32:39.256 INFO [localhost-startStop-1] org.apache.jasper.servlet.TldScanner.scanJars At least one JAR was scanned for TLDs yet contained no TLDs. Enable debug logging for this logger for a complete list of JARs that were scanned but no TLDs were found in them. Skipping unneeded JARs during scanning can improve startup time and JSP compilation time.
30-May-2018 11:32:39.280 INFO [localhost-startStop-1] org.apache.catalina.startup.HostConfig.deployWAR Deployment of web application archive [/Users/alvindn/Desktop/cs122b/apache-tomcat-8.5.29/webapps/project1.war] has finished in [766] ms
30-May-2018 11:32:39.280 INFO [localhost-startStop-1] org.apache.catalina.startup.HostConfig.deployDirectory Deploying web application directory [/Users/alvindn/Desktop/cs122b/apache-tomcat-8.5.29/webapps/docs]
30-May-2018 11:32:39.296 INFO [localhost-startStop-1] org.apache.catalina.startup.HostConfig.deployDirectory Deployment of web application directory [/Users/alvindn/Desktop/cs122b/apache-tomcat-8.5.29/webapps/docs] has finished in [16] ms
30-May-2018 11:32:39.296 INFO [localhost-startStop-1] org.apache.catalina.startup.HostConfig.deployDirectory Deploying web application directory [/Users/alvindn/Desktop/cs122b/apache-tomcat-8.5.29/webapps/manager]
30-May-2018 11:32:39.325 INFO [localhost-startStop-1] org.apache.catalina.startup.HostConfig.deployDirectory Deployment of web application directory [/Users/alvindn/Desktop/cs122b/apache-tomcat-8.5.29/webapps/manager] has finished in [29] ms
30-May-2018 11:32:39.325 INFO [localhost-startStop-1] org.apache.catalina.startup.HostConfig.deployDirectory Deploying web application directory [/Users/alvindn/Desktop/cs122b/apache-tomcat-8.5.29/webapps/examples]
30-May-2018 11:32:39.640 INFO [localhost-startStop-1] org.apache.catalina.startup.HostConfig.deployDirectory Deployment of web application directory [/Users/alvindn/Desktop/cs122b/apache-tomcat-8.5.29/webapps/examples] has finished in [314] ms
30-May-2018 11:32:39.640 INFO [localhost-startStop-1] org.apache.catalina.startup.HostConfig.deployDirectory Deploying web application directory [/Users/alvindn/Desktop/cs122b/apache-tomcat-8.5.29/webapps/host-manager]
30-May-2018 11:32:39.671 INFO [localhost-startStop-1] org.apache.catalina.startup.HostConfig.deployDirectory Deployment of web application directory [/Users/alvindn/Desktop/cs122b/apache-tomcat-8.5.29/webapps/host-manager] has finished in [31] ms
30-May-2018 11:32:39.674 INFO [main] org.apache.coyote.AbstractProtocol.start Starting ProtocolHandler ["http-nio-8080"]
30-May-2018 11:32:39.687 INFO [main] org.apache.coyote.AbstractProtocol.start Starting ProtocolHandler ["https-jsse-nio-8443"]
30-May-2018 11:32:39.692 INFO [main] org.apache.coyote.AbstractProtocol.start Starting ProtocolHandler ["ajp-nio-8009"]
30-May-2018 11:32:39.696 INFO [main] org.apache.catalina.startup.Catalina.start Server startup in 1377 ms
30-May-2018 12:25:30.671 WARNING [http-nio-8080-exec-1] org.apache.catalina.loader.WebappClassLoaderBase.clearReferencesJdbc The web application [project1] registered the JDBC driver [com.mysql.jdbc.Driver] but failed to unregister it when the web application was stopped. To prevent a memory leak, the JDBC Driver has been forcibly unregistered.
30-May-2018 12:25:30.674 WARNING [http-nio-8080-exec-1] org.apache.catalina.loader.WebappClassLoaderBase.clearReferencesThreads The web application [project1] appears to have started a thread named [Abandoned connection cleanup thread] but has failed to stop it. This is very likely to create a memory leak. Stack trace of thread:
 java.lang.Object.wait(Native Method)
 java.lang.ref.ReferenceQueue.remove(ReferenceQueue.java:143)
 com.mysql.jdbc.AbandonedConnectionCleanupThread.run(AbandonedConnectionCleanupThread.java:64)
 java.util.concurrent.ThreadPoolExecutor.runWorker(ThreadPoolExecutor.java:1149)
 java.util.concurrent.ThreadPoolExecutor$Worker.run(ThreadPoolExecutor.java:624)
 java.lang.Thread.run(Thread.java:748)
30-May-2018 12:25:30.747 INFO [Abandoned connection cleanup thread] org.apache.catalina.loader.WebappClassLoaderBase.checkStateForResourceLoading Illegal access: this web application instance has been stopped already. Could not load []. The following stack trace is thrown for debugging purposes as well as to attempt to terminate the thread which caused the illegal access.
 java.lang.IllegalStateException: Illegal access: this web application instance has been stopped already. Could not load []. The following stack trace is thrown for debugging purposes as well as to attempt to terminate the thread which caused the illegal access.
	at org.apache.catalina.loader.WebappClassLoaderBase.checkStateForResourceLoading(WebappClassLoaderBase.java:1311)
	at org.apache.catalina.loader.WebappClassLoaderBase.getResource(WebappClassLoaderBase.java:986)
	at com.mysql.jdbc.AbandonedConnectionCleanupThread.checkContextClassLoaders(AbandonedConnectionCleanupThread.java:90)
	at com.mysql.jdbc.AbandonedConnectionCleanupThread.run(AbandonedConnectionCleanupThread.java:63)
	at java.util.concurrent.ThreadPoolExecutor.runWorker(ThreadPoolExecutor.java:1149)
	at java.util.concurrent.ThreadPoolExecutor$Worker.run(ThreadPoolExecutor.java:624)
	at java.lang.Thread.run(Thread.java:748)

30-May-2018 12:25:31.216 INFO [http-nio-8080-exec-1] org.apache.catalina.startup.HostConfig.undeploy Undeploying context [/project1]
30-May-2018 12:25:37.246 INFO [http-nio-8080-exec-10] org.apache.catalina.startup.HostConfig.deployWAR Deploying web application archive [/Users/alvindn/Desktop/cs122b/apache-tomcat-8.5.29/webapps/project1.war]
30-May-2018 12:25:37.607 INFO [http-nio-8080-exec-10] org.apache.catalina.startup.HostConfig.deployWAR Deployment of web application archive [/Users/alvindn/Desktop/cs122b/apache-tomcat-8.5.29/webapps/project1.war] has finished in [361] ms
30-May-2018 13:05:54.892 INFO [http-nio-8080-exec-13] org.apache.catalina.startup.HostConfig.undeploy Undeploying context [/project1]
30-May-2018 13:05:58.494 INFO [http-nio-8080-exec-12] org.apache.catalina.startup.HostConfig.deployWAR Deploying web application archive [/Users/alvindn/Desktop/cs122b/apache-tomcat-8.5.29/webapps/project1.war]
30-May-2018 13:05:59.185 INFO [http-nio-8080-exec-12] org.apache.catalina.startup.HostConfig.deployWAR Deployment of web application archive [/Users/alvindn/Desktop/cs122b/apache-tomcat-8.5.29/webapps/project1.war] has finished in [692] ms
30-May-2018 13:41:34.357 WARNING [http-nio-8080-exec-23] org.apache.catalina.loader.WebappClassLoaderBase.clearReferencesJdbc The web application [project1] registered the JDBC driver [com.mysql.jdbc.Driver] but failed to unregister it when the web application was stopped. To prevent a memory leak, the JDBC Driver has been forcibly unregistered.
30-May-2018 13:41:34.392 WARNING [http-nio-8080-exec-23] org.apache.catalina.loader.WebappClassLoaderBase.clearReferencesThreads The web application [project1] appears to have started a thread named [Abandoned connection cleanup thread] but has failed to stop it. This is very likely to create a memory leak. Stack trace of thread:
 java.lang.Object.wait(Native Method)
 java.lang.ref.ReferenceQueue.remove(ReferenceQueue.java:143)
 com.mysql.jdbc.AbandonedConnectionCleanupThread.run(AbandonedConnectionCleanupThread.java:64)
 java.util.concurrent.ThreadPoolExecutor.runWorker(ThreadPoolExecutor.java:1149)
 java.util.concurrent.ThreadPoolExecutor$Worker.run(ThreadPoolExecutor.java:624)
 java.lang.Thread.run(Thread.java:748)
30-May-2018 13:41:35.050 INFO [http-nio-8080-exec-23] org.apache.catalina.startup.HostConfig.undeploy Undeploying context [/project1]
30-May-2018 13:41:35.459 INFO [Abandoned connection cleanup thread] org.apache.catalina.loader.WebappClassLoaderBase.checkStateForResourceLoading Illegal access: this web application instance has been stopped already. Could not load []. The following stack trace is thrown for debugging purposes as well as to attempt to terminate the thread which caused the illegal access.
 java.lang.IllegalStateException: Illegal access: this web application instance has been stopped already. Could not load []. The following stack trace is thrown for debugging purposes as well as to attempt to terminate the thread which caused the illegal access.
	at org.apache.catalina.loader.WebappClassLoaderBase.checkStateForResourceLoading(WebappClassLoaderBase.java:1311)
	at org.apache.catalina.loader.WebappClassLoaderBase.getResource(WebappClassLoaderBase.java:986)
	at com.mysql.jdbc.AbandonedConnectionCleanupThread.checkContextClassLoaders(AbandonedConnectionCleanupThread.java:90)
	at com.mysql.jdbc.AbandonedConnectionCleanupThread.run(AbandonedConnectionCleanupThread.java:63)
	at java.util.concurrent.ThreadPoolExecutor.runWorker(ThreadPoolExecutor.java:1149)
	at java.util.concurrent.ThreadPoolExecutor$Worker.run(ThreadPoolExecutor.java:624)
	at java.lang.Thread.run(Thread.java:748)

30-May-2018 13:41:38.878 INFO [http-nio-8080-exec-22] org.apache.catalina.startup.HostConfig.deployWAR Deploying web application archive [/Users/alvindn/Desktop/cs122b/apache-tomcat-8.5.29/webapps/project1.war]
30-May-2018 13:41:40.895 INFO [http-nio-8080-exec-22] org.apache.catalina.startup.HostConfig.deployWAR Deployment of web application archive [/Users/alvindn/Desktop/cs122b/apache-tomcat-8.5.29/webapps/project1.war] has finished in [2,021] ms
30-May-2018 14:00:06.523 WARNING [http-nio-8080-exec-31] org.apache.catalina.loader.WebappClassLoaderBase.clearReferencesJdbc The web application [project1] registered the JDBC driver [com.mysql.jdbc.Driver] but failed to unregister it when the web application was stopped. To prevent a memory leak, the JDBC Driver has been forcibly unregistered.
30-May-2018 14:00:06.527 WARNING [http-nio-8080-exec-31] org.apache.catalina.loader.WebappClassLoaderBase.clearReferencesThreads The web application [project1] appears to have started a thread named [Abandoned connection cleanup thread] but has failed to stop it. This is very likely to create a memory leak. Stack trace of thread:
 java.lang.Object.wait(Native Method)
 java.lang.ref.ReferenceQueue.remove(ReferenceQueue.java:143)
 com.mysql.jdbc.AbandonedConnectionCleanupThread.run(AbandonedConnectionCleanupThread.java:64)
 java.util.concurrent.ThreadPoolExecutor.runWorker(ThreadPoolExecutor.java:1149)
 java.util.concurrent.ThreadPoolExecutor$Worker.run(ThreadPoolExecutor.java:624)
 java.lang.Thread.run(Thread.java:748)
30-May-2018 14:00:07.146 INFO [http-nio-8080-exec-31] org.apache.catalina.startup.HostConfig.undeploy Undeploying context [/project1]
30-May-2018 14:00:09.039 INFO [Abandoned connection cleanup thread] org.apache.catalina.loader.WebappClassLoaderBase.checkStateForResourceLoading Illegal access: this web application instance has been stopped already. Could not load []. The following stack trace is thrown for debugging purposes as well as to attempt to terminate the thread which caused the illegal access.
 java.lang.IllegalStateException: Illegal access: this web application instance has been stopped already. Could not load []. The following stack trace is thrown for debugging purposes as well as to attempt to terminate the thread which caused the illegal access.
	at org.apache.catalina.loader.WebappClassLoaderBase.checkStateForResourceLoading(WebappClassLoaderBase.java:1311)
	at org.apache.catalina.loader.WebappClassLoaderBase.getResource(WebappClassLoaderBase.java:986)
	at com.mysql.jdbc.AbandonedConnectionCleanupThread.checkContextClassLoaders(AbandonedConnectionCleanupThread.java:90)
	at com.mysql.jdbc.AbandonedConnectionCleanupThread.run(AbandonedConnectionCleanupThread.java:63)
	at java.util.concurrent.ThreadPoolExecutor.runWorker(ThreadPoolExecutor.java:1149)
	at java.util.concurrent.ThreadPoolExecutor$Worker.run(ThreadPoolExecutor.java:624)
	at java.lang.Thread.run(Thread.java:748)

30-May-2018 14:00:17.685 INFO [http-nio-8080-exec-33] org.apache.catalina.startup.HostConfig.deployWAR Deploying web application archive [/Users/alvindn/Desktop/cs122b/apache-tomcat-8.5.29/webapps/project1.war]
30-May-2018 14:00:20.014 INFO [http-nio-8080-exec-33] org.apache.catalina.startup.HostConfig.deployWAR Deployment of web application archive [/Users/alvindn/Desktop/cs122b/apache-tomcat-8.5.29/webapps/project1.war] has finished in [2,335] ms
30-May-2018 14:06:18.370 INFO [http-nio-8080-exec-41] org.apache.catalina.startup.HostConfig.undeploy Undeploying context [/project1]
30-May-2018 14:06:18.879 INFO [ContainerBackgroundProcessor[StandardEngine[Catalina]]] org.apache.catalina.startup.HostConfig.undeploy Undeploying context [/project1]
30-May-2018 14:06:22.457 INFO [http-nio-8080-exec-48] org.apache.catalina.startup.HostConfig.deployWAR Deploying web application archive [/Users/alvindn/Desktop/cs122b/apache-tomcat-8.5.29/webapps/project1.war]
30-May-2018 14:06:23.067 INFO [http-nio-8080-exec-48] org.apache.catalina.startup.HostConfig.deployWAR Deployment of web application archive [/Users/alvindn/Desktop/cs122b/apache-tomcat-8.5.29/webapps/project1.war] has finished in [611] ms
30-May-2018 14:51:36.349 INFO [http-nio-8080-exec-54] org.apache.catalina.startup.HostConfig.undeploy Undeploying context [/project1]
30-May-2018 14:51:40.918 INFO [http-nio-8080-exec-51] org.apache.catalina.startup.HostConfig.deployWAR Deploying web application archive [/Users/alvindn/Desktop/cs122b/apache-tomcat-8.5.29/webapps/project1.war]
30-May-2018 14:51:42.723 INFO [http-nio-8080-exec-51] org.apache.catalina.startup.HostConfig.deployWAR Deployment of web application archive [/Users/alvindn/Desktop/cs122b/apache-tomcat-8.5.29/webapps/project1.war] has finished in [1,806] ms
30-May-2018 15:28:28.193 INFO [Thread-6] org.apache.coyote.AbstractProtocol.pause Pausing ProtocolHandler ["http-nio-8080"]
30-May-2018 15:28:28.204 INFO [Thread-6] org.apache.coyote.AbstractProtocol.pause Pausing ProtocolHandler ["https-jsse-nio-8443"]
30-May-2018 15:28:28.260 INFO [Thread-6] org.apache.coyote.AbstractProtocol.pause Pausing ProtocolHandler ["https-openssl-apr-8443"]
30-May-2018 15:28:28.260 INFO [Thread-6] org.apache.coyote.AbstractProtocol.pause Pausing ProtocolHandler ["ajp-nio-8009"]
30-May-2018 15:28:28.315 INFO [Thread-6] org.apache.catalina.core.StandardService.stopInternal Stopping service [Catalina]
30-May-2018 15:28:28.395 WARNING [localhost-startStop-2] org.apache.catalina.loader.WebappClassLoaderBase.clearReferencesJdbc The web application [project1] registered the JDBC driver [com.mysql.jdbc.Driver] but failed to unregister it when the web application was stopped. To prevent a memory leak, the JDBC Driver has been forcibly unregistered.
30-May-2018 15:28:28.396 WARNING [localhost-startStop-2] org.apache.catalina.loader.WebappClassLoaderBase.clearReferencesThreads The web application [project1] appears to have started a thread named [Abandoned connection cleanup thread] but has failed to stop it. This is very likely to create a memory leak. Stack trace of thread:
 java.lang.Object.wait(Native Method)
 java.lang.ref.ReferenceQueue.remove(ReferenceQueue.java:143)
 com.mysql.jdbc.AbandonedConnectionCleanupThread.run(AbandonedConnectionCleanupThread.java:64)
 java.util.concurrent.ThreadPoolExecutor.runWorker(ThreadPoolExecutor.java:1149)
 java.util.concurrent.ThreadPoolExecutor$Worker.run(ThreadPoolExecutor.java:624)
 java.lang.Thread.run(Thread.java:748)
30-May-2018 15:28:28.402 INFO [Thread-6] org.apache.coyote.AbstractProtocol.stop Stopping ProtocolHandler ["http-nio-8080"]
30-May-2018 15:28:28.412 INFO [Thread-6] org.apache.coyote.AbstractProtocol.stop Stopping ProtocolHandler ["https-jsse-nio-8443"]
30-May-2018 15:28:28.415 INFO [Thread-6] org.apache.coyote.AbstractProtocol.stop Stopping ProtocolHandler ["ajp-nio-8009"]
30-May-2018 15:28:28.419 INFO [Thread-6] org.apache.coyote.AbstractProtocol.destroy Destroying ProtocolHandler ["http-nio-8080"]
30-May-2018 15:28:28.419 INFO [Thread-6] org.apache.coyote.AbstractProtocol.destroy Destroying ProtocolHandler ["https-jsse-nio-8443"]
30-May-2018 15:28:28.420 INFO [Thread-6] org.apache.coyote.AbstractProtocol.stop Stopping ProtocolHandler ["https-openssl-apr-8443"]
30-May-2018 15:28:28.420 INFO [Thread-6] org.apache.coyote.AbstractProtocol.destroy Destroying ProtocolHandler ["https-openssl-apr-8443"]
30-May-2018 15:28:28.421 WARNING [Thread-6] org.apache.catalina.util.LifecycleMBeanBase.unregister Failed to unregister MBean with name [Catalina:type=Connector,port=8443] during component destruction
 javax.management.InstanceNotFoundException: Catalina:type=Connector,port=8443
	at com.sun.jmx.interceptor.DefaultMBeanServerInterceptor.getMBean(DefaultMBeanServerInterceptor.java:1095)
	at com.sun.jmx.interceptor.DefaultMBeanServerInterceptor.exclusiveUnregisterMBean(DefaultMBeanServerInterceptor.java:427)
	at com.sun.jmx.interceptor.DefaultMBeanServerInterceptor.unregisterMBean(DefaultMBeanServerInterceptor.java:415)
	at com.sun.jmx.mbeanserver.JmxMBeanServer.unregisterMBean(JmxMBeanServer.java:546)
	at org.apache.catalina.util.LifecycleMBeanBase.unregister(LifecycleMBeanBase.java:197)
	at org.apache.catalina.util.LifecycleMBeanBase.destroyInternal(LifecycleMBeanBase.java:73)
	at org.apache.catalina.connector.Connector.destroyInternal(Connector.java:1058)
	at org.apache.catalina.util.LifecycleBase.destroy(LifecycleBase.java:297)
	at org.apache.catalina.core.StandardService.destroyInternal(StandardService.java:571)
	at org.apache.catalina.util.LifecycleBase.destroy(LifecycleBase.java:297)
	at org.apache.catalina.core.StandardServer.destroyInternal(StandardServer.java:883)
	at org.apache.catalina.util.LifecycleBase.destroy(LifecycleBase.java:297)
	at org.apache.catalina.startup.Catalina.stop(Catalina.java:755)
	at org.apache.catalina.startup.Catalina$CatalinaShutdownHook.run(Catalina.java:855)

30-May-2018 15:28:28.422 INFO [Thread-6] org.apache.coyote.AbstractProtocol.destroy Destroying ProtocolHandler ["ajp-nio-8009"]
30-May-2018 17:02:36.741 INFO [main] org.apache.catalina.startup.VersionLoggerListener.log Server version:        Apache Tomcat/8.5.29
30-May-2018 17:02:36.746 INFO [main] org.apache.catalina.startup.VersionLoggerListener.log Server built:          Mar 5 2018 13:11:12 UTC
30-May-2018 17:02:36.746 INFO [main] org.apache.catalina.startup.VersionLoggerListener.log Server number:         8.5.29.0
30-May-2018 17:02:36.746 INFO [main] org.apache.catalina.startup.VersionLoggerListener.log OS Name:               Mac OS X
30-May-2018 17:02:36.746 INFO [main] org.apache.catalina.startup.VersionLoggerListener.log OS Version:            10.13.4
30-May-2018 17:02:36.746 INFO [main] org.apache.catalina.startup.VersionLoggerListener.log Architecture:          x86_64
30-May-2018 17:02:36.746 INFO [main] org.apache.catalina.startup.VersionLoggerListener.log Java Home:             /Library/Java/JavaVirtualMachines/jdk1.8.0_151.jdk/Contents/Home/jre
30-May-2018 17:02:36.746 INFO [main] org.apache.catalina.startup.VersionLoggerListener.log JVM Version:           1.8.0_151-b12
30-May-2018 17:02:36.747 INFO [main] org.apache.catalina.startup.VersionLoggerListener.log JVM Vendor:            Oracle Corporation
30-May-2018 17:02:36.747 INFO [main] org.apache.catalina.startup.VersionLoggerListener.log CATALINA_BASE:         /Users/alvindn/Desktop/cs122b/apache-tomcat-8.5.29
30-May-2018 17:02:36.748 INFO [main] org.apache.catalina.startup.VersionLoggerListener.log CATALINA_HOME:         /Users/alvindn/Desktop/cs122b/apache-tomcat-8.5.29
30-May-2018 17:02:36.748 INFO [main] org.apache.catalina.startup.VersionLoggerListener.log Command line argument: -Djava.util.logging.config.file=/Users/alvindn/Desktop/cs122b/apache-tomcat-8.5.29/conf/logging.properties
30-May-2018 17:02:36.748 INFO [main] org.apache.catalina.startup.VersionLoggerListener.log Command line argument: -Djava.util.logging.manager=org.apache.juli.ClassLoaderLogManager
30-May-2018 17:02:36.748 INFO [main] org.apache.catalina.startup.VersionLoggerListener.log Command line argument: -Djdk.tls.ephemeralDHKeySize=2048
30-May-2018 17:02:36.749 INFO [main] org.apache.catalina.startup.VersionLoggerListener.log Command line argument: -Djava.protocol.handler.pkgs=org.apache.catalina.webresources
30-May-2018 17:02:36.749 INFO [main] org.apache.catalina.startup.VersionLoggerListener.log Command line argument: -Dignore.endorsed.dirs=
30-May-2018 17:02:36.749 INFO [main] org.apache.catalina.startup.VersionLoggerListener.log Command line argument: -Dcatalina.base=/Users/alvindn/Desktop/cs122b/apache-tomcat-8.5.29
30-May-2018 17:02:36.749 INFO [main] org.apache.catalina.startup.VersionLoggerListener.log Command line argument: -Dcatalina.home=/Users/alvindn/Desktop/cs122b/apache-tomcat-8.5.29
30-May-2018 17:02:36.749 INFO [main] org.apache.catalina.startup.VersionLoggerListener.log Command line argument: -Djava.io.tmpdir=/Users/alvindn/Desktop/cs122b/apache-tomcat-8.5.29/temp
30-May-2018 17:02:36.749 INFO [main] org.apache.catalina.core.AprLifecycleListener.lifecycleEvent The APR based Apache Tomcat Native library which allows optimal performance in production environments was not found on the java.library.path: [/Users/alvindn/Library/Java/Extensions:/Library/Java/Extensions:/Network/Library/Java/Extensions:/System/Library/Java/Extensions:/usr/lib/java:.]
30-May-2018 17:02:36.966 INFO [main] org.apache.coyote.AbstractProtocol.init Initializing ProtocolHandler ["http-nio-8080"]
30-May-2018 17:02:37.008 INFO [main] org.apache.tomcat.util.net.NioSelectorPool.getSharedSelector Using a shared selector for servlet write/read
30-May-2018 17:02:37.018 INFO [main] org.apache.coyote.AbstractProtocol.init Initializing ProtocolHandler ["https-jsse-nio-8443"]
30-May-2018 17:02:37.352 INFO [main] org.apache.tomcat.util.net.NioSelectorPool.getSharedSelector Using a shared selector for servlet write/read
30-May-2018 17:02:37.354 SEVERE [main] org.apache.catalina.core.StandardService.initInternal Failed to initialize connector [Connector[org.apache.coyote.http11.Http11AprProtocol-8443]]
 org.apache.catalina.LifecycleException: Failed to initialize component [Connector[org.apache.coyote.http11.Http11AprProtocol-8443]]
	at org.apache.catalina.util.LifecycleBase.init(LifecycleBase.java:112)
	at org.apache.catalina.core.StandardService.initInternal(StandardService.java:549)
	at org.apache.catalina.util.LifecycleBase.init(LifecycleBase.java:107)
	at org.apache.catalina.core.StandardServer.initInternal(StandardServer.java:875)
	at org.apache.catalina.util.LifecycleBase.init(LifecycleBase.java:107)
	at org.apache.catalina.startup.Catalina.load(Catalina.java:632)
	at org.apache.catalina.startup.Catalina.load(Catalina.java:655)
	at sun.reflect.NativeMethodAccessorImpl.invoke0(Native Method)
	at sun.reflect.NativeMethodAccessorImpl.invoke(NativeMethodAccessorImpl.java:62)
	at sun.reflect.DelegatingMethodAccessorImpl.invoke(DelegatingMethodAccessorImpl.java:43)
	at java.lang.reflect.Method.invoke(Method.java:498)
	at org.apache.catalina.startup.Bootstrap.load(Bootstrap.java:309)
	at org.apache.catalina.startup.Bootstrap.main(Bootstrap.java:492)
Caused by: org.apache.catalina.LifecycleException: The configured protocol [org.apache.coyote.http11.Http11AprProtocol] requires the APR/native library which is not available
	at org.apache.catalina.connector.Connector.initInternal(Connector.java:978)
	at org.apache.catalina.util.LifecycleBase.init(LifecycleBase.java:107)
	... 12 more

30-May-2018 17:02:37.355 INFO [main] org.apache.coyote.AbstractProtocol.init Initializing ProtocolHandler ["ajp-nio-8009"]
30-May-2018 17:02:37.356 INFO [main] org.apache.tomcat.util.net.NioSelectorPool.getSharedSelector Using a shared selector for servlet write/read
30-May-2018 17:02:37.356 INFO [main] org.apache.catalina.startup.Catalina.load Initialization processed in 1197 ms
30-May-2018 17:02:37.385 INFO [main] org.apache.catalina.core.StandardService.startInternal Starting service [Catalina]
30-May-2018 17:02:37.386 INFO [main] org.apache.catalina.core.StandardEngine.startInternal Starting Servlet Engine: Apache Tomcat/8.5.29
30-May-2018 17:02:37.411 INFO [localhost-startStop-1] org.apache.catalina.startup.HostConfig.deployWAR Deploying web application archive [/Users/alvindn/Desktop/cs122b/apache-tomcat-8.5.29/webapps/project1.war]
30-May-2018 17:02:37.946 INFO [localhost-startStop-1] org.apache.tomcat.dbcp.dbcp2.BasicDataSourceFactory.getObjectInstance Name = moviedb Ignoring unknown property: value of "" for "description" property
30-May-2018 17:02:37.946 INFO [localhost-startStop-1] org.apache.tomcat.dbcp.dbcp2.BasicDataSourceFactory.getObjectInstance Name = moviedb Ignoring unknown property: value of "" for "mappedName" property
30-May-2018 17:02:38.023 INFO [localhost-startStop-1] org.apache.jasper.servlet.TldScanner.scanJars At least one JAR was scanned for TLDs yet contained no TLDs. Enable debug logging for this logger for a complete list of JARs that were scanned but no TLDs were found in them. Skipping unneeded JARs during scanning can improve startup time and JSP compilation time.
30-May-2018 17:02:38.089 INFO [localhost-startStop-1] org.apache.catalina.startup.HostConfig.deployWAR Deployment of web application archive [/Users/alvindn/Desktop/cs122b/apache-tomcat-8.5.29/webapps/project1.war] has finished in [677] ms
30-May-2018 17:02:38.090 INFO [localhost-startStop-1] org.apache.catalina.startup.HostConfig.deployDirectory Deploying web application directory [/Users/alvindn/Desktop/cs122b/apache-tomcat-8.5.29/webapps/docs]
30-May-2018 17:02:38.113 INFO [localhost-startStop-1] org.apache.catalina.startup.HostConfig.deployDirectory Deployment of web application directory [/Users/alvindn/Desktop/cs122b/apache-tomcat-8.5.29/webapps/docs] has finished in [23] ms
30-May-2018 17:02:38.114 INFO [localhost-startStop-1] org.apache.catalina.startup.HostConfig.deployDirectory Deploying web application directory [/Users/alvindn/Desktop/cs122b/apache-tomcat-8.5.29/webapps/manager]
30-May-2018 17:02:38.145 INFO [localhost-startStop-1] org.apache.catalina.startup.HostConfig.deployDirectory Deployment of web application directory [/Users/alvindn/Desktop/cs122b/apache-tomcat-8.5.29/webapps/manager] has finished in [31] ms
30-May-2018 17:02:38.145 INFO [localhost-startStop-1] org.apache.catalina.startup.HostConfig.deployDirectory Deploying web application directory [/Users/alvindn/Desktop/cs122b/apache-tomcat-8.5.29/webapps/examples]
30-May-2018 17:02:38.432 INFO [localhost-startStop-1] org.apache.catalina.startup.HostConfig.deployDirectory Deployment of web application directory [/Users/alvindn/Desktop/cs122b/apache-tomcat-8.5.29/webapps/examples] has finished in [287] ms
30-May-2018 17:02:38.432 INFO [localhost-startStop-1] org.apache.catalina.startup.HostConfig.deployDirectory Deploying web application directory [/Users/alvindn/Desktop/cs122b/apache-tomcat-8.5.29/webapps/host-manager]
30-May-2018 17:02:38.449 INFO [localhost-startStop-1] org.apache.catalina.startup.HostConfig.deployDirectory Deployment of web application directory [/Users/alvindn/Desktop/cs122b/apache-tomcat-8.5.29/webapps/host-manager] has finished in [17] ms
30-May-2018 17:02:38.452 INFO [main] org.apache.coyote.AbstractProtocol.start Starting ProtocolHandler ["http-nio-8080"]
30-May-2018 17:02:38.457 INFO [main] org.apache.coyote.AbstractProtocol.start Starting ProtocolHandler ["https-jsse-nio-8443"]
30-May-2018 17:02:38.459 INFO [main] org.apache.coyote.AbstractProtocol.start Starting ProtocolHandler ["ajp-nio-8009"]
30-May-2018 17:02:38.460 INFO [main] org.apache.catalina.startup.Catalina.start Server startup in 1103 ms
30-May-2018 23:14:33.577 INFO [https-jsse-nio-8443-exec-4] org.apache.tomcat.util.http.Parameters.processParameters Character decoding failed. Parameter [title] with value [%s] has been ignored. Note that the name and value quoted here may be corrupted due to the failed decoding. Use debug level logging to see the original, non-corrupted values.
 Note: further occurrences of Parameter errors will be logged at DEBUG level.
