27-Apr-2018 14:36:20.097 INFO [main] org.apache.catalina.startup.VersionLoggerListener.log Server version:        Apache Tomcat/8.5.29
27-Apr-2018 14:36:20.100 INFO [main] org.apache.catalina.startup.VersionLoggerListener.log Server built:          Mar 5 2018 13:11:12 UTC
27-Apr-2018 14:36:20.100 INFO [main] org.apache.catalina.startup.VersionLoggerListener.log Server number:         8.5.29.0
27-Apr-2018 14:36:20.100 INFO [main] org.apache.catalina.startup.VersionLoggerListener.log OS Name:               Mac OS X
27-Apr-2018 14:36:20.100 INFO [main] org.apache.catalina.startup.VersionLoggerListener.log OS Version:            10.13.1
27-Apr-2018 14:36:20.100 INFO [main] org.apache.catalina.startup.VersionLoggerListener.log Architecture:          x86_64
27-Apr-2018 14:36:20.100 INFO [main] org.apache.catalina.startup.VersionLoggerListener.log Java Home:             /Library/Java/JavaVirtualMachines/jdk1.8.0_151.jdk/Contents/Home/jre
27-Apr-2018 14:36:20.100 INFO [main] org.apache.catalina.startup.VersionLoggerListener.log JVM Version:           1.8.0_151-b12
27-Apr-2018 14:36:20.101 INFO [main] org.apache.catalina.startup.VersionLoggerListener.log JVM Vendor:            Oracle Corporation
27-Apr-2018 14:36:20.101 INFO [main] org.apache.catalina.startup.VersionLoggerListener.log CATALINA_BASE:         /Users/alvindn/Desktop/cs122b/apache-tomcat-8.5.29
27-Apr-2018 14:36:20.101 INFO [main] org.apache.catalina.startup.VersionLoggerListener.log CATALINA_HOME:         /Users/alvindn/Desktop/cs122b/apache-tomcat-8.5.29
27-Apr-2018 14:36:20.101 INFO [main] org.apache.catalina.startup.VersionLoggerListener.log Command line argument: -Djava.util.logging.config.file=/Users/alvindn/Desktop/cs122b/apache-tomcat-8.5.29/conf/logging.properties
27-Apr-2018 14:36:20.101 INFO [main] org.apache.catalina.startup.VersionLoggerListener.log Command line argument: -Djava.util.logging.manager=org.apache.juli.ClassLoaderLogManager
27-Apr-2018 14:36:20.101 INFO [main] org.apache.catalina.startup.VersionLoggerListener.log Command line argument: -Djdk.tls.ephemeralDHKeySize=2048
27-Apr-2018 14:36:20.102 INFO [main] org.apache.catalina.startup.VersionLoggerListener.log Command line argument: -Djava.protocol.handler.pkgs=org.apache.catalina.webresources
27-Apr-2018 14:36:20.102 INFO [main] org.apache.catalina.startup.VersionLoggerListener.log Command line argument: -Dignore.endorsed.dirs=
27-Apr-2018 14:36:20.102 INFO [main] org.apache.catalina.startup.VersionLoggerListener.log Command line argument: -Dcatalina.base=/Users/alvindn/Desktop/cs122b/apache-tomcat-8.5.29
27-Apr-2018 14:36:20.102 INFO [main] org.apache.catalina.startup.VersionLoggerListener.log Command line argument: -Dcatalina.home=/Users/alvindn/Desktop/cs122b/apache-tomcat-8.5.29
27-Apr-2018 14:36:20.102 INFO [main] org.apache.catalina.startup.VersionLoggerListener.log Command line argument: -Djava.io.tmpdir=/Users/alvindn/Desktop/cs122b/apache-tomcat-8.5.29/temp
27-Apr-2018 14:36:20.102 INFO [main] org.apache.catalina.core.AprLifecycleListener.lifecycleEvent The APR based Apache Tomcat Native library which allows optimal performance in production environments was not found on the java.library.path: [/Users/alvindn/Library/Java/Extensions:/Library/Java/Extensions:/Network/Library/Java/Extensions:/System/Library/Java/Extensions:/usr/lib/java:.]
27-Apr-2018 14:36:20.303 INFO [main] org.apache.coyote.AbstractProtocol.init Initializing ProtocolHandler ["http-nio-8080"]
27-Apr-2018 14:36:20.332 INFO [main] org.apache.tomcat.util.net.NioSelectorPool.getSharedSelector Using a shared selector for servlet write/read
27-Apr-2018 14:36:20.342 INFO [main] org.apache.coyote.AbstractProtocol.init Initializing ProtocolHandler ["ajp-nio-8009"]
27-Apr-2018 14:36:20.343 INFO [main] org.apache.tomcat.util.net.NioSelectorPool.getSharedSelector Using a shared selector for servlet write/read
27-Apr-2018 14:36:20.344 INFO [main] org.apache.catalina.startup.Catalina.load Initialization processed in 664 ms
27-Apr-2018 14:36:20.377 INFO [main] org.apache.catalina.core.StandardService.startInternal Starting service [Catalina]
27-Apr-2018 14:36:20.377 INFO [main] org.apache.catalina.core.StandardEngine.startInternal Starting Servlet Engine: Apache Tomcat/8.5.29
27-Apr-2018 14:36:20.402 INFO [localhost-startStop-1] org.apache.catalina.startup.HostConfig.deployWAR Deploying web application archive [/Users/alvindn/Desktop/cs122b/apache-tomcat-8.5.29/webapps/project1.war]
27-Apr-2018 14:36:20.957 INFO [localhost-startStop-1] org.apache.jasper.servlet.TldScanner.scanJars At least one JAR was scanned for TLDs yet contained no TLDs. Enable debug logging for this logger for a complete list of JARs that were scanned but no TLDs were found in them. Skipping unneeded JARs during scanning can improve startup time and JSP compilation time.
27-Apr-2018 14:36:21.091 INFO [localhost-startStop-1] org.apache.catalina.startup.HostConfig.deployWAR Deployment of web application archive [/Users/alvindn/Desktop/cs122b/apache-tomcat-8.5.29/webapps/project1.war] has finished in [689] ms
27-Apr-2018 14:36:21.093 INFO [localhost-startStop-1] org.apache.catalina.startup.HostConfig.deployWAR Deploying web application archive [/Users/alvindn/Desktop/cs122b/apache-tomcat-8.5.29/webapps/project1-star-example.war]
27-Apr-2018 14:36:21.242 INFO [localhost-startStop-1] org.apache.jasper.servlet.TldScanner.scanJars At least one JAR was scanned for TLDs yet contained no TLDs. Enable debug logging for this logger for a complete list of JARs that were scanned but no TLDs were found in them. Skipping unneeded JARs during scanning can improve startup time and JSP compilation time.
27-Apr-2018 14:36:21.245 INFO [localhost-startStop-1] org.apache.catalina.startup.HostConfig.deployWAR Deployment of web application archive [/Users/alvindn/Desktop/cs122b/apache-tomcat-8.5.29/webapps/project1-star-example.war] has finished in [151] ms
27-Apr-2018 14:36:21.246 INFO [localhost-startStop-1] org.apache.catalina.startup.HostConfig.deployDirectory Deploying web application directory [/Users/alvindn/Desktop/cs122b/apache-tomcat-8.5.29/webapps/docs]
27-Apr-2018 14:36:21.261 INFO [localhost-startStop-1] org.apache.catalina.startup.HostConfig.deployDirectory Deployment of web application directory [/Users/alvindn/Desktop/cs122b/apache-tomcat-8.5.29/webapps/docs] has finished in [15] ms
27-Apr-2018 14:36:21.262 INFO [localhost-startStop-1] org.apache.catalina.startup.HostConfig.deployDirectory Deploying web application directory [/Users/alvindn/Desktop/cs122b/apache-tomcat-8.5.29/webapps/manager]
27-Apr-2018 14:36:21.303 INFO [localhost-startStop-1] org.apache.catalina.startup.HostConfig.deployDirectory Deployment of web application directory [/Users/alvindn/Desktop/cs122b/apache-tomcat-8.5.29/webapps/manager] has finished in [40] ms
27-Apr-2018 14:36:21.303 INFO [localhost-startStop-1] org.apache.catalina.startup.HostConfig.deployDirectory Deploying web application directory [/Users/alvindn/Desktop/cs122b/apache-tomcat-8.5.29/webapps/examples]
27-Apr-2018 14:36:21.745 INFO [localhost-startStop-1] org.apache.catalina.startup.HostConfig.deployDirectory Deployment of web application directory [/Users/alvindn/Desktop/cs122b/apache-tomcat-8.5.29/webapps/examples] has finished in [442] ms
27-Apr-2018 14:36:21.745 INFO [localhost-startStop-1] org.apache.catalina.startup.HostConfig.deployDirectory Deploying web application directory [/Users/alvindn/Desktop/cs122b/apache-tomcat-8.5.29/webapps/ROOT]
27-Apr-2018 14:36:21.814 INFO [localhost-startStop-1] org.apache.catalina.startup.HostConfig.deployDirectory Deployment of web application directory [/Users/alvindn/Desktop/cs122b/apache-tomcat-8.5.29/webapps/ROOT] has finished in [69] ms
27-Apr-2018 14:36:21.815 INFO [localhost-startStop-1] org.apache.catalina.startup.HostConfig.deployDirectory Deploying web application directory [/Users/alvindn/Desktop/cs122b/apache-tomcat-8.5.29/webapps/host-manager]
27-Apr-2018 14:36:21.857 INFO [localhost-startStop-1] org.apache.catalina.startup.HostConfig.deployDirectory Deployment of web application directory [/Users/alvindn/Desktop/cs122b/apache-tomcat-8.5.29/webapps/host-manager] has finished in [42] ms
27-Apr-2018 14:36:21.866 INFO [main] org.apache.coyote.AbstractProtocol.start Starting ProtocolHandler ["http-nio-8080"]
27-Apr-2018 14:36:21.877 INFO [main] org.apache.coyote.AbstractProtocol.start Starting ProtocolHandler ["ajp-nio-8009"]
27-Apr-2018 14:36:21.880 INFO [main] org.apache.catalina.startup.Catalina.start Server startup in 1536 ms
27-Apr-2018 14:36:29.748 INFO [http-nio-8080-exec-4] org.apache.catalina.startup.HostConfig.undeploy Undeploying context [/project1]
27-Apr-2018 14:36:31.531 INFO [http-nio-8080-exec-8] org.apache.catalina.startup.HostConfig.undeploy Undeploying context [/project1-star-example]
27-Apr-2018 14:36:35.283 INFO [http-nio-8080-exec-10] org.apache.catalina.startup.HostConfig.deployWAR Deploying web application archive [/Users/alvindn/Desktop/cs122b/apache-tomcat-8.5.29/webapps/project1.war]
27-Apr-2018 14:36:35.387 INFO [http-nio-8080-exec-10] org.apache.tomcat.dbcp.dbcp2.BasicDataSourceFactory.getObjectInstance Name = moviedb Ignoring unknown property: value of "" for "description" property
27-Apr-2018 14:36:35.387 INFO [http-nio-8080-exec-10] org.apache.tomcat.dbcp.dbcp2.BasicDataSourceFactory.getObjectInstance Name = moviedb Ignoring unknown property: value of "" for "mappedName" property
27-Apr-2018 14:36:35.400 INFO [http-nio-8080-exec-10] org.apache.catalina.startup.HostConfig.deployWAR Deployment of web application archive [/Users/alvindn/Desktop/cs122b/apache-tomcat-8.5.29/webapps/project1.war] has finished in [117] ms
27-Apr-2018 14:41:51.571 WARNING [http-nio-8080-exec-19] org.apache.catalina.loader.WebappClassLoaderBase.clearReferencesJdbc The web application [project1] registered the JDBC driver [com.mysql.jdbc.Driver] but failed to unregister it when the web application was stopped. To prevent a memory leak, the JDBC Driver has been forcibly unregistered.
27-Apr-2018 14:41:51.572 WARNING [http-nio-8080-exec-19] org.apache.catalina.loader.WebappClassLoaderBase.clearReferencesThreads The web application [project1] appears to have started a thread named [Abandoned connection cleanup thread] but has failed to stop it. This is very likely to create a memory leak. Stack trace of thread:
 java.lang.Object.wait(Native Method)
 java.lang.ref.ReferenceQueue.remove(ReferenceQueue.java:143)
 com.mysql.jdbc.AbandonedConnectionCleanupThread.run(AbandonedConnectionCleanupThread.java:64)
 java.util.concurrent.ThreadPoolExecutor.runWorker(ThreadPoolExecutor.java:1149)
 java.util.concurrent.ThreadPoolExecutor$Worker.run(ThreadPoolExecutor.java:624)
 java.lang.Thread.run(Thread.java:748)
27-Apr-2018 14:41:52.081 INFO [http-nio-8080-exec-19] org.apache.catalina.startup.HostConfig.undeploy Undeploying context [/project1]
27-Apr-2018 14:41:53.725 INFO [Abandoned connection cleanup thread] org.apache.catalina.loader.WebappClassLoaderBase.checkStateForResourceLoading Illegal access: this web application instance has been stopped already. Could not load []. The following stack trace is thrown for debugging purposes as well as to attempt to terminate the thread which caused the illegal access.
 java.lang.IllegalStateException: Illegal access: this web application instance has been stopped already. Could not load []. The following stack trace is thrown for debugging purposes as well as to attempt to terminate the thread which caused the illegal access.
	at org.apache.catalina.loader.WebappClassLoaderBase.checkStateForResourceLoading(WebappClassLoaderBase.java:1311)
	at org.apache.catalina.loader.WebappClassLoaderBase.getResource(WebappClassLoaderBase.java:986)
	at com.mysql.jdbc.AbandonedConnectionCleanupThread.checkContextClassLoaders(AbandonedConnectionCleanupThread.java:90)
	at com.mysql.jdbc.AbandonedConnectionCleanupThread.run(AbandonedConnectionCleanupThread.java:63)
	at java.util.concurrent.ThreadPoolExecutor.runWorker(ThreadPoolExecutor.java:1149)
	at java.util.concurrent.ThreadPoolExecutor$Worker.run(ThreadPoolExecutor.java:624)
	at java.lang.Thread.run(Thread.java:748)

27-Apr-2018 14:42:51.274 INFO [http-nio-8080-exec-14] org.apache.catalina.startup.HostConfig.deployWAR Deploying web application archive [/Users/alvindn/Desktop/cs122b/apache-tomcat-8.5.29/webapps/project1.war]
27-Apr-2018 14:42:51.386 INFO [http-nio-8080-exec-14] org.apache.catalina.startup.HostConfig.deployWAR Deployment of web application archive [/Users/alvindn/Desktop/cs122b/apache-tomcat-8.5.29/webapps/project1.war] has finished in [112] ms
27-Apr-2018 14:46:56.997 WARNING [http-nio-8080-exec-28] org.apache.catalina.loader.WebappClassLoaderBase.clearReferencesJdbc The web application [project1] registered the JDBC driver [com.mysql.jdbc.Driver] but failed to unregister it when the web application was stopped. To prevent a memory leak, the JDBC Driver has been forcibly unregistered.
27-Apr-2018 14:46:56.998 WARNING [http-nio-8080-exec-28] org.apache.catalina.loader.WebappClassLoaderBase.clearReferencesThreads The web application [project1] appears to have started a thread named [Abandoned connection cleanup thread] but has failed to stop it. This is very likely to create a memory leak. Stack trace of thread:
 java.lang.Object.wait(Native Method)
 java.lang.ref.ReferenceQueue.remove(ReferenceQueue.java:143)
 com.mysql.jdbc.AbandonedConnectionCleanupThread.run(AbandonedConnectionCleanupThread.java:64)
 java.util.concurrent.ThreadPoolExecutor.runWorker(ThreadPoolExecutor.java:1149)
 java.util.concurrent.ThreadPoolExecutor$Worker.run(ThreadPoolExecutor.java:624)
 java.lang.Thread.run(Thread.java:748)
27-Apr-2018 14:46:57.504 INFO [http-nio-8080-exec-28] org.apache.catalina.startup.HostConfig.undeploy Undeploying context [/project1]
27-Apr-2018 14:46:59.947 INFO [Abandoned connection cleanup thread] org.apache.catalina.loader.WebappClassLoaderBase.checkStateForResourceLoading Illegal access: this web application instance has been stopped already. Could not load []. The following stack trace is thrown for debugging purposes as well as to attempt to terminate the thread which caused the illegal access.
 java.lang.IllegalStateException: Illegal access: this web application instance has been stopped already. Could not load []. The following stack trace is thrown for debugging purposes as well as to attempt to terminate the thread which caused the illegal access.
	at org.apache.catalina.loader.WebappClassLoaderBase.checkStateForResourceLoading(WebappClassLoaderBase.java:1311)
	at org.apache.catalina.loader.WebappClassLoaderBase.getResource(WebappClassLoaderBase.java:986)
	at com.mysql.jdbc.AbandonedConnectionCleanupThread.checkContextClassLoaders(AbandonedConnectionCleanupThread.java:90)
	at com.mysql.jdbc.AbandonedConnectionCleanupThread.run(AbandonedConnectionCleanupThread.java:63)
	at java.util.concurrent.ThreadPoolExecutor.runWorker(ThreadPoolExecutor.java:1149)
	at java.util.concurrent.ThreadPoolExecutor$Worker.run(ThreadPoolExecutor.java:624)
	at java.lang.Thread.run(Thread.java:748)

27-Apr-2018 14:47:16.603 INFO [http-nio-8080-exec-29] org.apache.catalina.startup.HostConfig.deployWAR Deploying web application archive [/Users/alvindn/Desktop/cs122b/apache-tomcat-8.5.29/webapps/project1.war]
27-Apr-2018 14:47:16.693 INFO [http-nio-8080-exec-29] org.apache.catalina.startup.HostConfig.deployWAR Deployment of web application archive [/Users/alvindn/Desktop/cs122b/apache-tomcat-8.5.29/webapps/project1.war] has finished in [90] ms
27-Apr-2018 14:48:51.358 WARNING [http-nio-8080-exec-32] org.apache.catalina.loader.WebappClassLoaderBase.clearReferencesJdbc The web application [project1] registered the JDBC driver [com.mysql.jdbc.Driver] but failed to unregister it when the web application was stopped. To prevent a memory leak, the JDBC Driver has been forcibly unregistered.
27-Apr-2018 14:48:51.359 WARNING [http-nio-8080-exec-32] org.apache.catalina.loader.WebappClassLoaderBase.clearReferencesThreads The web application [project1] appears to have started a thread named [Abandoned connection cleanup thread] but has failed to stop it. This is very likely to create a memory leak. Stack trace of thread:
 java.lang.Object.wait(Native Method)
 java.lang.ref.ReferenceQueue.remove(ReferenceQueue.java:143)
 com.mysql.jdbc.AbandonedConnectionCleanupThread.run(AbandonedConnectionCleanupThread.java:64)
 java.util.concurrent.ThreadPoolExecutor.runWorker(ThreadPoolExecutor.java:1149)
 java.util.concurrent.ThreadPoolExecutor$Worker.run(ThreadPoolExecutor.java:624)
 java.lang.Thread.run(Thread.java:748)
27-Apr-2018 14:48:51.864 INFO [http-nio-8080-exec-32] org.apache.catalina.startup.HostConfig.undeploy Undeploying context [/project1]
27-Apr-2018 14:48:53.888 INFO [Abandoned connection cleanup thread] org.apache.catalina.loader.WebappClassLoaderBase.checkStateForResourceLoading Illegal access: this web application instance has been stopped already. Could not load []. The following stack trace is thrown for debugging purposes as well as to attempt to terminate the thread which caused the illegal access.
 java.lang.IllegalStateException: Illegal access: this web application instance has been stopped already. Could not load []. The following stack trace is thrown for debugging purposes as well as to attempt to terminate the thread which caused the illegal access.
	at org.apache.catalina.loader.WebappClassLoaderBase.checkStateForResourceLoading(WebappClassLoaderBase.java:1311)
	at org.apache.catalina.loader.WebappClassLoaderBase.getResource(WebappClassLoaderBase.java:986)
	at com.mysql.jdbc.AbandonedConnectionCleanupThread.checkContextClassLoaders(AbandonedConnectionCleanupThread.java:90)
	at com.mysql.jdbc.AbandonedConnectionCleanupThread.run(AbandonedConnectionCleanupThread.java:63)
	at java.util.concurrent.ThreadPoolExecutor.runWorker(ThreadPoolExecutor.java:1149)
	at java.util.concurrent.ThreadPoolExecutor$Worker.run(ThreadPoolExecutor.java:624)
	at java.lang.Thread.run(Thread.java:748)

27-Apr-2018 14:48:55.165 INFO [http-nio-8080-exec-38] org.apache.catalina.startup.HostConfig.deployWAR Deploying web application archive [/Users/alvindn/Desktop/cs122b/apache-tomcat-8.5.29/webapps/project1.war]
27-Apr-2018 14:48:55.257 INFO [http-nio-8080-exec-38] org.apache.catalina.startup.HostConfig.deployWAR Deployment of web application archive [/Users/alvindn/Desktop/cs122b/apache-tomcat-8.5.29/webapps/project1.war] has finished in [92] ms
27-Apr-2018 14:50:42.623 WARNING [http-nio-8080-exec-41] org.apache.catalina.loader.WebappClassLoaderBase.clearReferencesJdbc The web application [project1] registered the JDBC driver [com.mysql.jdbc.Driver] but failed to unregister it when the web application was stopped. To prevent a memory leak, the JDBC Driver has been forcibly unregistered.
27-Apr-2018 14:50:42.624 WARNING [http-nio-8080-exec-41] org.apache.catalina.loader.WebappClassLoaderBase.clearReferencesThreads The web application [project1] appears to have started a thread named [Abandoned connection cleanup thread] but has failed to stop it. This is very likely to create a memory leak. Stack trace of thread:
 java.lang.Object.wait(Native Method)
 java.lang.ref.ReferenceQueue.remove(ReferenceQueue.java:143)
 com.mysql.jdbc.AbandonedConnectionCleanupThread.run(AbandonedConnectionCleanupThread.java:64)
 java.util.concurrent.ThreadPoolExecutor.runWorker(ThreadPoolExecutor.java:1149)
 java.util.concurrent.ThreadPoolExecutor$Worker.run(ThreadPoolExecutor.java:624)
 java.lang.Thread.run(Thread.java:748)
27-Apr-2018 14:50:42.751 INFO [Abandoned connection cleanup thread] org.apache.catalina.loader.WebappClassLoaderBase.checkStateForResourceLoading Illegal access: this web application instance has been stopped already. Could not load []. The following stack trace is thrown for debugging purposes as well as to attempt to terminate the thread which caused the illegal access.
 java.lang.IllegalStateException: Illegal access: this web application instance has been stopped already. Could not load []. The following stack trace is thrown for debugging purposes as well as to attempt to terminate the thread which caused the illegal access.
	at org.apache.catalina.loader.WebappClassLoaderBase.checkStateForResourceLoading(WebappClassLoaderBase.java:1311)
	at org.apache.catalina.loader.WebappClassLoaderBase.getResource(WebappClassLoaderBase.java:986)
	at com.mysql.jdbc.AbandonedConnectionCleanupThread.checkContextClassLoaders(AbandonedConnectionCleanupThread.java:90)
	at com.mysql.jdbc.AbandonedConnectionCleanupThread.run(AbandonedConnectionCleanupThread.java:63)
	at java.util.concurrent.ThreadPoolExecutor.runWorker(ThreadPoolExecutor.java:1149)
	at java.util.concurrent.ThreadPoolExecutor$Worker.run(ThreadPoolExecutor.java:624)
	at java.lang.Thread.run(Thread.java:748)

27-Apr-2018 14:50:43.131 INFO [http-nio-8080-exec-41] org.apache.catalina.startup.HostConfig.undeploy Undeploying context [/project1]
27-Apr-2018 14:50:46.981 INFO [http-nio-8080-exec-43] org.apache.catalina.startup.HostConfig.deployWAR Deploying web application archive [/Users/alvindn/Desktop/cs122b/apache-tomcat-8.5.29/webapps/project1.war]
27-Apr-2018 14:50:47.063 INFO [http-nio-8080-exec-43] org.apache.catalina.startup.HostConfig.deployWAR Deployment of web application archive [/Users/alvindn/Desktop/cs122b/apache-tomcat-8.5.29/webapps/project1.war] has finished in [81] ms
27-Apr-2018 14:52:47.302 WARNING [http-nio-8080-exec-49] org.apache.catalina.loader.WebappClassLoaderBase.clearReferencesJdbc The web application [project1] registered the JDBC driver [com.mysql.jdbc.Driver] but failed to unregister it when the web application was stopped. To prevent a memory leak, the JDBC Driver has been forcibly unregistered.
27-Apr-2018 14:52:47.304 WARNING [http-nio-8080-exec-49] org.apache.catalina.loader.WebappClassLoaderBase.clearReferencesThreads The web application [project1] appears to have started a thread named [Abandoned connection cleanup thread] but has failed to stop it. This is very likely to create a memory leak. Stack trace of thread:
 java.lang.Object.wait(Native Method)
 java.lang.ref.ReferenceQueue.remove(ReferenceQueue.java:143)
 com.mysql.jdbc.AbandonedConnectionCleanupThread.run(AbandonedConnectionCleanupThread.java:64)
 java.util.concurrent.ThreadPoolExecutor.runWorker(ThreadPoolExecutor.java:1149)
 java.util.concurrent.ThreadPoolExecutor$Worker.run(ThreadPoolExecutor.java:624)
 java.lang.Thread.run(Thread.java:748)
27-Apr-2018 14:52:47.809 INFO [http-nio-8080-exec-49] org.apache.catalina.startup.HostConfig.undeploy Undeploying context [/project1]
27-Apr-2018 14:52:50.552 INFO [Abandoned connection cleanup thread] org.apache.catalina.loader.WebappClassLoaderBase.checkStateForResourceLoading Illegal access: this web application instance has been stopped already. Could not load []. The following stack trace is thrown for debugging purposes as well as to attempt to terminate the thread which caused the illegal access.
 java.lang.IllegalStateException: Illegal access: this web application instance has been stopped already. Could not load []. The following stack trace is thrown for debugging purposes as well as to attempt to terminate the thread which caused the illegal access.
	at org.apache.catalina.loader.WebappClassLoaderBase.checkStateForResourceLoading(WebappClassLoaderBase.java:1311)
	at org.apache.catalina.loader.WebappClassLoaderBase.getResource(WebappClassLoaderBase.java:986)
	at com.mysql.jdbc.AbandonedConnectionCleanupThread.checkContextClassLoaders(AbandonedConnectionCleanupThread.java:90)
	at com.mysql.jdbc.AbandonedConnectionCleanupThread.run(AbandonedConnectionCleanupThread.java:63)
	at java.util.concurrent.ThreadPoolExecutor.runWorker(ThreadPoolExecutor.java:1149)
	at java.util.concurrent.ThreadPoolExecutor$Worker.run(ThreadPoolExecutor.java:624)
	at java.lang.Thread.run(Thread.java:748)

27-Apr-2018 14:52:51.212 INFO [http-nio-8080-exec-54] org.apache.catalina.startup.HostConfig.deployWAR Deploying web application archive [/Users/alvindn/Desktop/cs122b/apache-tomcat-8.5.29/webapps/project1.war]
27-Apr-2018 14:52:51.288 INFO [http-nio-8080-exec-54] org.apache.catalina.startup.HostConfig.deployWAR Deployment of web application archive [/Users/alvindn/Desktop/cs122b/apache-tomcat-8.5.29/webapps/project1.war] has finished in [76] ms
27-Apr-2018 14:53:11.785 WARNING [http-nio-8080-exec-46] org.apache.catalina.loader.WebappClassLoaderBase.clearReferencesJdbc The web application [project1] registered the JDBC driver [com.mysql.jdbc.Driver] but failed to unregister it when the web application was stopped. To prevent a memory leak, the JDBC Driver has been forcibly unregistered.
27-Apr-2018 14:53:11.786 WARNING [http-nio-8080-exec-46] org.apache.catalina.loader.WebappClassLoaderBase.clearReferencesThreads The web application [project1] appears to have started a thread named [Abandoned connection cleanup thread] but has failed to stop it. This is very likely to create a memory leak. Stack trace of thread:
 java.lang.Object.wait(Native Method)
 java.lang.ref.ReferenceQueue.remove(ReferenceQueue.java:143)
 com.mysql.jdbc.AbandonedConnectionCleanupThread.run(AbandonedConnectionCleanupThread.java:64)
 java.util.concurrent.ThreadPoolExecutor.runWorker(ThreadPoolExecutor.java:1149)
 java.util.concurrent.ThreadPoolExecutor$Worker.run(ThreadPoolExecutor.java:624)
 java.lang.Thread.run(Thread.java:748)
27-Apr-2018 14:53:12.290 INFO [http-nio-8080-exec-46] org.apache.catalina.startup.HostConfig.undeploy Undeploying context [/project1]
27-Apr-2018 14:53:14.513 INFO [Abandoned connection cleanup thread] org.apache.catalina.loader.WebappClassLoaderBase.checkStateForResourceLoading Illegal access: this web application instance has been stopped already. Could not load []. The following stack trace is thrown for debugging purposes as well as to attempt to terminate the thread which caused the illegal access.
 java.lang.IllegalStateException: Illegal access: this web application instance has been stopped already. Could not load []. The following stack trace is thrown for debugging purposes as well as to attempt to terminate the thread which caused the illegal access.
	at org.apache.catalina.loader.WebappClassLoaderBase.checkStateForResourceLoading(WebappClassLoaderBase.java:1311)
	at org.apache.catalina.loader.WebappClassLoaderBase.getResource(WebappClassLoaderBase.java:986)
	at com.mysql.jdbc.AbandonedConnectionCleanupThread.checkContextClassLoaders(AbandonedConnectionCleanupThread.java:90)
	at com.mysql.jdbc.AbandonedConnectionCleanupThread.run(AbandonedConnectionCleanupThread.java:63)
	at java.util.concurrent.ThreadPoolExecutor.runWorker(ThreadPoolExecutor.java:1149)
	at java.util.concurrent.ThreadPoolExecutor$Worker.run(ThreadPoolExecutor.java:624)
	at java.lang.Thread.run(Thread.java:748)

27-Apr-2018 15:02:12.856 INFO [http-nio-8080-exec-62] org.apache.catalina.startup.HostConfig.deployWAR Deploying web application archive [/Users/alvindn/Desktop/cs122b/apache-tomcat-8.5.29/webapps/project1.war]
27-Apr-2018 15:02:12.931 INFO [http-nio-8080-exec-62] org.apache.catalina.startup.HostConfig.deployWAR Deployment of web application archive [/Users/alvindn/Desktop/cs122b/apache-tomcat-8.5.29/webapps/project1.war] has finished in [75] ms
27-Apr-2018 15:07:10.877 INFO [http-nio-8080-exec-67] org.apache.catalina.startup.HostConfig.undeploy Undeploying context [/project1]
27-Apr-2018 15:07:14.355 INFO [http-nio-8080-exec-65] org.apache.catalina.startup.HostConfig.deployWAR Deploying web application archive [/Users/alvindn/Desktop/cs122b/apache-tomcat-8.5.29/webapps/project1.war]
27-Apr-2018 15:07:14.430 INFO [http-nio-8080-exec-65] org.apache.catalina.startup.HostConfig.deployWAR Deployment of web application archive [/Users/alvindn/Desktop/cs122b/apache-tomcat-8.5.29/webapps/project1.war] has finished in [76] ms
27-Apr-2018 15:08:13.008 WARNING [http-nio-8080-exec-72] org.apache.catalina.loader.WebappClassLoaderBase.clearReferencesJdbc The web application [project1] registered the JDBC driver [com.mysql.jdbc.Driver] but failed to unregister it when the web application was stopped. To prevent a memory leak, the JDBC Driver has been forcibly unregistered.
27-Apr-2018 15:08:13.008 WARNING [http-nio-8080-exec-72] org.apache.catalina.loader.WebappClassLoaderBase.clearReferencesThreads The web application [project1] appears to have started a thread named [Abandoned connection cleanup thread] but has failed to stop it. This is very likely to create a memory leak. Stack trace of thread:
 java.lang.Object.wait(Native Method)
 java.lang.ref.ReferenceQueue.remove(ReferenceQueue.java:143)
 com.mysql.jdbc.AbandonedConnectionCleanupThread.run(AbandonedConnectionCleanupThread.java:64)
 java.util.concurrent.ThreadPoolExecutor.runWorker(ThreadPoolExecutor.java:1149)
 java.util.concurrent.ThreadPoolExecutor$Worker.run(ThreadPoolExecutor.java:624)
 java.lang.Thread.run(Thread.java:748)
27-Apr-2018 15:08:13.271 INFO [Abandoned connection cleanup thread] org.apache.catalina.loader.WebappClassLoaderBase.checkStateForResourceLoading Illegal access: this web application instance has been stopped already. Could not load []. The following stack trace is thrown for debugging purposes as well as to attempt to terminate the thread which caused the illegal access.
 java.lang.IllegalStateException: Illegal access: this web application instance has been stopped already. Could not load []. The following stack trace is thrown for debugging purposes as well as to attempt to terminate the thread which caused the illegal access.
	at org.apache.catalina.loader.WebappClassLoaderBase.checkStateForResourceLoading(WebappClassLoaderBase.java:1311)
	at org.apache.catalina.loader.WebappClassLoaderBase.getResource(WebappClassLoaderBase.java:986)
	at com.mysql.jdbc.AbandonedConnectionCleanupThread.checkContextClassLoaders(AbandonedConnectionCleanupThread.java:90)
	at com.mysql.jdbc.AbandonedConnectionCleanupThread.run(AbandonedConnectionCleanupThread.java:63)
	at java.util.concurrent.ThreadPoolExecutor.runWorker(ThreadPoolExecutor.java:1149)
	at java.util.concurrent.ThreadPoolExecutor$Worker.run(ThreadPoolExecutor.java:624)
	at java.lang.Thread.run(Thread.java:748)

27-Apr-2018 15:08:13.515 INFO [http-nio-8080-exec-72] org.apache.catalina.startup.HostConfig.undeploy Undeploying context [/project1]
27-Apr-2018 15:08:28.492 INFO [http-nio-8080-exec-74] org.apache.catalina.startup.HostConfig.deployWAR Deploying web application archive [/Users/alvindn/Desktop/cs122b/apache-tomcat-8.5.29/webapps/project1.war]
27-Apr-2018 15:08:28.584 INFO [http-nio-8080-exec-74] org.apache.catalina.startup.HostConfig.deployWAR Deployment of web application archive [/Users/alvindn/Desktop/cs122b/apache-tomcat-8.5.29/webapps/project1.war] has finished in [91] ms
27-Apr-2018 15:09:20.873 WARNING [http-nio-8080-exec-78] org.apache.catalina.loader.WebappClassLoaderBase.clearReferencesJdbc The web application [project1] registered the JDBC driver [com.mysql.jdbc.Driver] but failed to unregister it when the web application was stopped. To prevent a memory leak, the JDBC Driver has been forcibly unregistered.
27-Apr-2018 15:09:20.874 WARNING [http-nio-8080-exec-78] org.apache.catalina.loader.WebappClassLoaderBase.clearReferencesThreads The web application [project1] appears to have started a thread named [Abandoned connection cleanup thread] but has failed to stop it. This is very likely to create a memory leak. Stack trace of thread:
 java.lang.Object.wait(Native Method)
 java.lang.ref.ReferenceQueue.remove(ReferenceQueue.java:143)
 com.mysql.jdbc.AbandonedConnectionCleanupThread.run(AbandonedConnectionCleanupThread.java:64)
 java.util.concurrent.ThreadPoolExecutor.runWorker(ThreadPoolExecutor.java:1149)
 java.util.concurrent.ThreadPoolExecutor$Worker.run(ThreadPoolExecutor.java:624)
 java.lang.Thread.run(Thread.java:748)
27-Apr-2018 15:09:21.381 INFO [http-nio-8080-exec-78] org.apache.catalina.startup.HostConfig.undeploy Undeploying context [/project1]
27-Apr-2018 15:09:22.109 INFO [Abandoned connection cleanup thread] org.apache.catalina.loader.WebappClassLoaderBase.checkStateForResourceLoading Illegal access: this web application instance has been stopped already. Could not load []. The following stack trace is thrown for debugging purposes as well as to attempt to terminate the thread which caused the illegal access.
 java.lang.IllegalStateException: Illegal access: this web application instance has been stopped already. Could not load []. The following stack trace is thrown for debugging purposes as well as to attempt to terminate the thread which caused the illegal access.
	at org.apache.catalina.loader.WebappClassLoaderBase.checkStateForResourceLoading(WebappClassLoaderBase.java:1311)
	at org.apache.catalina.loader.WebappClassLoaderBase.getResource(WebappClassLoaderBase.java:986)
	at com.mysql.jdbc.AbandonedConnectionCleanupThread.checkContextClassLoaders(AbandonedConnectionCleanupThread.java:90)
	at com.mysql.jdbc.AbandonedConnectionCleanupThread.run(AbandonedConnectionCleanupThread.java:63)
	at java.util.concurrent.ThreadPoolExecutor.runWorker(ThreadPoolExecutor.java:1149)
	at java.util.concurrent.ThreadPoolExecutor$Worker.run(ThreadPoolExecutor.java:624)
	at java.lang.Thread.run(Thread.java:748)

27-Apr-2018 15:09:34.894 INFO [http-nio-8080-exec-83] org.apache.catalina.startup.HostConfig.deployWAR Deploying web application archive [/Users/alvindn/Desktop/cs122b/apache-tomcat-8.5.29/webapps/project1.war]
27-Apr-2018 15:09:34.967 INFO [http-nio-8080-exec-83] org.apache.catalina.startup.HostConfig.deployWAR Deployment of web application archive [/Users/alvindn/Desktop/cs122b/apache-tomcat-8.5.29/webapps/project1.war] has finished in [73] ms
27-Apr-2018 15:12:16.221 WARNING [http-nio-8080-exec-84] org.apache.catalina.loader.WebappClassLoaderBase.clearReferencesJdbc The web application [project1] registered the JDBC driver [com.mysql.jdbc.Driver] but failed to unregister it when the web application was stopped. To prevent a memory leak, the JDBC Driver has been forcibly unregistered.
27-Apr-2018 15:12:16.224 WARNING [http-nio-8080-exec-84] org.apache.catalina.loader.WebappClassLoaderBase.clearReferencesThreads The web application [project1] appears to have started a thread named [Abandoned connection cleanup thread] but has failed to stop it. This is very likely to create a memory leak. Stack trace of thread:
 java.lang.Object.wait(Native Method)
 java.lang.ref.ReferenceQueue.remove(ReferenceQueue.java:143)
 com.mysql.jdbc.AbandonedConnectionCleanupThread.run(AbandonedConnectionCleanupThread.java:64)
 java.util.concurrent.ThreadPoolExecutor.runWorker(ThreadPoolExecutor.java:1149)
 java.util.concurrent.ThreadPoolExecutor$Worker.run(ThreadPoolExecutor.java:624)
 java.lang.Thread.run(Thread.java:748)
27-Apr-2018 15:12:16.734 INFO [http-nio-8080-exec-84] org.apache.catalina.startup.HostConfig.undeploy Undeploying context [/project1]
27-Apr-2018 15:12:18.535 INFO [Abandoned connection cleanup thread] org.apache.catalina.loader.WebappClassLoaderBase.checkStateForResourceLoading Illegal access: this web application instance has been stopped already. Could not load []. The following stack trace is thrown for debugging purposes as well as to attempt to terminate the thread which caused the illegal access.
 java.lang.IllegalStateException: Illegal access: this web application instance has been stopped already. Could not load []. The following stack trace is thrown for debugging purposes as well as to attempt to terminate the thread which caused the illegal access.
	at org.apache.catalina.loader.WebappClassLoaderBase.checkStateForResourceLoading(WebappClassLoaderBase.java:1311)
	at org.apache.catalina.loader.WebappClassLoaderBase.getResource(WebappClassLoaderBase.java:986)
	at com.mysql.jdbc.AbandonedConnectionCleanupThread.checkContextClassLoaders(AbandonedConnectionCleanupThread.java:90)
	at com.mysql.jdbc.AbandonedConnectionCleanupThread.run(AbandonedConnectionCleanupThread.java:63)
	at java.util.concurrent.ThreadPoolExecutor.runWorker(ThreadPoolExecutor.java:1149)
	at java.util.concurrent.ThreadPoolExecutor$Worker.run(ThreadPoolExecutor.java:624)
	at java.lang.Thread.run(Thread.java:748)

27-Apr-2018 15:12:20.274 INFO [http-nio-8080-exec-85] org.apache.catalina.startup.HostConfig.deployWAR Deploying web application archive [/Users/alvindn/Desktop/cs122b/apache-tomcat-8.5.29/webapps/project1.war]
27-Apr-2018 15:12:20.356 INFO [http-nio-8080-exec-85] org.apache.catalina.startup.HostConfig.deployWAR Deployment of web application archive [/Users/alvindn/Desktop/cs122b/apache-tomcat-8.5.29/webapps/project1.war] has finished in [82] ms
27-Apr-2018 15:23:15.776 WARNING [http-nio-8080-exec-95] org.apache.catalina.loader.WebappClassLoaderBase.clearReferencesJdbc The web application [project1] registered the JDBC driver [com.mysql.jdbc.Driver] but failed to unregister it when the web application was stopped. To prevent a memory leak, the JDBC Driver has been forcibly unregistered.
27-Apr-2018 15:23:15.778 WARNING [http-nio-8080-exec-95] org.apache.catalina.loader.WebappClassLoaderBase.clearReferencesThreads The web application [project1] appears to have started a thread named [Abandoned connection cleanup thread] but has failed to stop it. This is very likely to create a memory leak. Stack trace of thread:
 java.lang.Object.wait(Native Method)
 java.lang.ref.ReferenceQueue.remove(ReferenceQueue.java:143)
 com.mysql.jdbc.AbandonedConnectionCleanupThread.run(AbandonedConnectionCleanupThread.java:64)
 java.util.concurrent.ThreadPoolExecutor.runWorker(ThreadPoolExecutor.java:1149)
 java.util.concurrent.ThreadPoolExecutor$Worker.run(ThreadPoolExecutor.java:624)
 java.lang.Thread.run(Thread.java:748)
27-Apr-2018 15:23:16.285 INFO [http-nio-8080-exec-95] org.apache.catalina.startup.HostConfig.undeploy Undeploying context [/project1]
27-Apr-2018 15:23:19.241 INFO [Abandoned connection cleanup thread] org.apache.catalina.loader.WebappClassLoaderBase.checkStateForResourceLoading Illegal access: this web application instance has been stopped already. Could not load []. The following stack trace is thrown for debugging purposes as well as to attempt to terminate the thread which caused the illegal access.
 java.lang.IllegalStateException: Illegal access: this web application instance has been stopped already. Could not load []. The following stack trace is thrown for debugging purposes as well as to attempt to terminate the thread which caused the illegal access.
	at org.apache.catalina.loader.WebappClassLoaderBase.checkStateForResourceLoading(WebappClassLoaderBase.java:1311)
	at org.apache.catalina.loader.WebappClassLoaderBase.getResource(WebappClassLoaderBase.java:986)
	at com.mysql.jdbc.AbandonedConnectionCleanupThread.checkContextClassLoaders(AbandonedConnectionCleanupThread.java:90)
	at com.mysql.jdbc.AbandonedConnectionCleanupThread.run(AbandonedConnectionCleanupThread.java:63)
	at java.util.concurrent.ThreadPoolExecutor.runWorker(ThreadPoolExecutor.java:1149)
	at java.util.concurrent.ThreadPoolExecutor$Worker.run(ThreadPoolExecutor.java:624)
	at java.lang.Thread.run(Thread.java:748)

27-Apr-2018 15:23:19.949 INFO [http-nio-8080-exec-100] org.apache.catalina.startup.HostConfig.deployWAR Deploying web application archive [/Users/alvindn/Desktop/cs122b/apache-tomcat-8.5.29/webapps/project1.war]
27-Apr-2018 15:23:20.026 INFO [http-nio-8080-exec-100] org.apache.catalina.startup.HostConfig.deployWAR Deployment of web application archive [/Users/alvindn/Desktop/cs122b/apache-tomcat-8.5.29/webapps/project1.war] has finished in [77] ms
27-Apr-2018 15:25:53.281 WARNING [http-nio-8080-exec-103] org.apache.catalina.loader.WebappClassLoaderBase.clearReferencesJdbc The web application [project1] registered the JDBC driver [com.mysql.jdbc.Driver] but failed to unregister it when the web application was stopped. To prevent a memory leak, the JDBC Driver has been forcibly unregistered.
27-Apr-2018 15:25:53.283 WARNING [http-nio-8080-exec-103] org.apache.catalina.loader.WebappClassLoaderBase.clearReferencesThreads The web application [project1] appears to have started a thread named [Abandoned connection cleanup thread] but has failed to stop it. This is very likely to create a memory leak. Stack trace of thread:
 java.lang.Object.wait(Native Method)
 java.lang.ref.ReferenceQueue.remove(ReferenceQueue.java:143)
 com.mysql.jdbc.AbandonedConnectionCleanupThread.run(AbandonedConnectionCleanupThread.java:64)
 java.util.concurrent.ThreadPoolExecutor.runWorker(ThreadPoolExecutor.java:1149)
 java.util.concurrent.ThreadPoolExecutor$Worker.run(ThreadPoolExecutor.java:624)
 java.lang.Thread.run(Thread.java:748)
27-Apr-2018 15:25:53.788 INFO [http-nio-8080-exec-103] org.apache.catalina.startup.HostConfig.undeploy Undeploying context [/project1]
27-Apr-2018 15:25:53.886 INFO [Abandoned connection cleanup thread] org.apache.catalina.loader.WebappClassLoaderBase.checkStateForResourceLoading Illegal access: this web application instance has been stopped already. Could not load []. The following stack trace is thrown for debugging purposes as well as to attempt to terminate the thread which caused the illegal access.
 java.lang.IllegalStateException: Illegal access: this web application instance has been stopped already. Could not load []. The following stack trace is thrown for debugging purposes as well as to attempt to terminate the thread which caused the illegal access.
	at org.apache.catalina.loader.WebappClassLoaderBase.checkStateForResourceLoading(WebappClassLoaderBase.java:1311)
	at org.apache.catalina.loader.WebappClassLoaderBase.getResource(WebappClassLoaderBase.java:986)
	at com.mysql.jdbc.AbandonedConnectionCleanupThread.checkContextClassLoaders(AbandonedConnectionCleanupThread.java:90)
	at com.mysql.jdbc.AbandonedConnectionCleanupThread.run(AbandonedConnectionCleanupThread.java:63)
	at java.util.concurrent.ThreadPoolExecutor.runWorker(ThreadPoolExecutor.java:1149)
	at java.util.concurrent.ThreadPoolExecutor$Worker.run(ThreadPoolExecutor.java:624)
	at java.lang.Thread.run(Thread.java:748)

27-Apr-2018 15:25:57.487 INFO [http-nio-8080-exec-108] org.apache.catalina.startup.HostConfig.deployWAR Deploying web application archive [/Users/alvindn/Desktop/cs122b/apache-tomcat-8.5.29/webapps/project1.war]
27-Apr-2018 15:25:57.581 INFO [http-nio-8080-exec-108] org.apache.catalina.startup.HostConfig.deployWAR Deployment of web application archive [/Users/alvindn/Desktop/cs122b/apache-tomcat-8.5.29/webapps/project1.war] has finished in [94] ms
27-Apr-2018 15:28:06.792 WARNING [http-nio-8080-exec-113] org.apache.catalina.loader.WebappClassLoaderBase.clearReferencesJdbc The web application [project1] registered the JDBC driver [com.mysql.jdbc.Driver] but failed to unregister it when the web application was stopped. To prevent a memory leak, the JDBC Driver has been forcibly unregistered.
27-Apr-2018 15:28:06.795 WARNING [http-nio-8080-exec-113] org.apache.catalina.loader.WebappClassLoaderBase.clearReferencesThreads The web application [project1] appears to have started a thread named [Abandoned connection cleanup thread] but has failed to stop it. This is very likely to create a memory leak. Stack trace of thread:
 java.lang.Object.wait(Native Method)
 java.lang.ref.ReferenceQueue.remove(ReferenceQueue.java:143)
 com.mysql.jdbc.AbandonedConnectionCleanupThread.run(AbandonedConnectionCleanupThread.java:64)
 java.util.concurrent.ThreadPoolExecutor.runWorker(ThreadPoolExecutor.java:1149)
 java.util.concurrent.ThreadPoolExecutor$Worker.run(ThreadPoolExecutor.java:624)
 java.lang.Thread.run(Thread.java:748)
27-Apr-2018 15:28:07.302 INFO [http-nio-8080-exec-113] org.apache.catalina.startup.HostConfig.undeploy Undeploying context [/project1]
27-Apr-2018 15:28:10.474 INFO [Abandoned connection cleanup thread] org.apache.catalina.loader.WebappClassLoaderBase.checkStateForResourceLoading Illegal access: this web application instance has been stopped already. Could not load []. The following stack trace is thrown for debugging purposes as well as to attempt to terminate the thread which caused the illegal access.
 java.lang.IllegalStateException: Illegal access: this web application instance has been stopped already. Could not load []. The following stack trace is thrown for debugging purposes as well as to attempt to terminate the thread which caused the illegal access.
	at org.apache.catalina.loader.WebappClassLoaderBase.checkStateForResourceLoading(WebappClassLoaderBase.java:1311)
	at org.apache.catalina.loader.WebappClassLoaderBase.getResource(WebappClassLoaderBase.java:986)
	at com.mysql.jdbc.AbandonedConnectionCleanupThread.checkContextClassLoaders(AbandonedConnectionCleanupThread.java:90)
	at com.mysql.jdbc.AbandonedConnectionCleanupThread.run(AbandonedConnectionCleanupThread.java:63)
	at java.util.concurrent.ThreadPoolExecutor.runWorker(ThreadPoolExecutor.java:1149)
	at java.util.concurrent.ThreadPoolExecutor$Worker.run(ThreadPoolExecutor.java:624)
	at java.lang.Thread.run(Thread.java:748)

27-Apr-2018 15:28:11.272 INFO [http-nio-8080-exec-117] org.apache.catalina.startup.HostConfig.deployWAR Deploying web application archive [/Users/alvindn/Desktop/cs122b/apache-tomcat-8.5.29/webapps/project1.war]
27-Apr-2018 15:28:11.350 INFO [http-nio-8080-exec-117] org.apache.catalina.startup.HostConfig.deployWAR Deployment of web application archive [/Users/alvindn/Desktop/cs122b/apache-tomcat-8.5.29/webapps/project1.war] has finished in [78] ms
27-Apr-2018 15:34:48.570 WARNING [http-nio-8080-exec-131] org.apache.catalina.loader.WebappClassLoaderBase.clearReferencesJdbc The web application [project1] registered the JDBC driver [com.mysql.jdbc.Driver] but failed to unregister it when the web application was stopped. To prevent a memory leak, the JDBC Driver has been forcibly unregistered.
27-Apr-2018 15:34:48.572 WARNING [http-nio-8080-exec-131] org.apache.catalina.loader.WebappClassLoaderBase.clearReferencesThreads The web application [project1] appears to have started a thread named [Abandoned connection cleanup thread] but has failed to stop it. This is very likely to create a memory leak. Stack trace of thread:
 java.lang.Object.wait(Native Method)
 java.lang.ref.ReferenceQueue.remove(ReferenceQueue.java:143)
 com.mysql.jdbc.AbandonedConnectionCleanupThread.run(AbandonedConnectionCleanupThread.java:64)
 java.util.concurrent.ThreadPoolExecutor.runWorker(ThreadPoolExecutor.java:1149)
 java.util.concurrent.ThreadPoolExecutor$Worker.run(ThreadPoolExecutor.java:624)
 java.lang.Thread.run(Thread.java:748)
27-Apr-2018 15:34:49.078 INFO [http-nio-8080-exec-131] org.apache.catalina.startup.HostConfig.undeploy Undeploying context [/project1]
27-Apr-2018 15:34:50.021 INFO [Abandoned connection cleanup thread] org.apache.catalina.loader.WebappClassLoaderBase.checkStateForResourceLoading Illegal access: this web application instance has been stopped already. Could not load []. The following stack trace is thrown for debugging purposes as well as to attempt to terminate the thread which caused the illegal access.
 java.lang.IllegalStateException: Illegal access: this web application instance has been stopped already. Could not load []. The following stack trace is thrown for debugging purposes as well as to attempt to terminate the thread which caused the illegal access.
	at org.apache.catalina.loader.WebappClassLoaderBase.checkStateForResourceLoading(WebappClassLoaderBase.java:1311)
	at org.apache.catalina.loader.WebappClassLoaderBase.getResource(WebappClassLoaderBase.java:986)
	at com.mysql.jdbc.AbandonedConnectionCleanupThread.checkContextClassLoaders(AbandonedConnectionCleanupThread.java:90)
	at com.mysql.jdbc.AbandonedConnectionCleanupThread.run(AbandonedConnectionCleanupThread.java:63)
	at java.util.concurrent.ThreadPoolExecutor.runWorker(ThreadPoolExecutor.java:1149)
	at java.util.concurrent.ThreadPoolExecutor$Worker.run(ThreadPoolExecutor.java:624)
	at java.lang.Thread.run(Thread.java:748)

27-Apr-2018 15:34:52.320 INFO [http-nio-8080-exec-129] org.apache.catalina.startup.HostConfig.deployWAR Deploying web application archive [/Users/alvindn/Desktop/cs122b/apache-tomcat-8.5.29/webapps/project1.war]
27-Apr-2018 15:34:52.392 INFO [217] org.apache.catalina.startup.HostConfig.deployWAR Deployment of web application archive [/Users/alvindn/Desktop/cs122b/apache-tomcat-8.5.29/webapps/project1.war] has finished in [72] ms
27-Apr-2018 15:36:19.677 WARNING [http-nio-8080-exec-134] org.apache.catalina.loader.WebappClassLoaderBase.clearReferencesJdbc The web application [project1] registered the JDBC driver [com.mysql.jdbc.Driver] but failed to unregister it when the web application was stopped. To prevent a memory leak, the JDBC Driver has been forcibly unregistered.
27-Apr-2018 15:36:19.678 WARNING [http-nio-8080-exec-134] org.apache.catalina.loader.WebappClassLoaderBase.clearReferencesThreads The web application [project1] appears to have started a thread named [Abandoned connection cleanup thread] but has failed to stop it. This is very likely to create a memory leak. Stack trace of thread:
 java.lang.Object.wait(Native Method)
 java.lang.ref.ReferenceQueue.remove(ReferenceQueue.java:143)
 com.mysql.jdbc.AbandonedConnectionCleanupThread.run(AbandonedConnectionCleanupThread.java:64)
 java.util.concurrent.ThreadPoolExecutor.runWorker(ThreadPoolExecutor.java:1149)
 java.util.concurrent.ThreadPoolExecutor$Worker.run(ThreadPoolExecutor.java:624)
 java.lang.Thread.run(Thread.java:748)
27-Apr-2018 15:36:20.187 INFO [http-nio-8080-exec-134] org.apache.catalina.startup.HostConfig.undeploy Undeploying context [/project1]
27-Apr-2018 15:36:21.324 INFO [Abandoned connection cleanup thread] org.apache.catalina.loader.WebappClassLoaderBase.checkStateForResourceLoading Illegal access: this web application instance has been stopped already. Could not load []. The following stack trace is thrown for debugging purposes as well as to attempt to terminate the thread which caused the illegal access.
 java.lang.IllegalStateException: Illegal access: this web application instance has been stopped already. Could not load []. The following stack trace is thrown for debugging purposes as well as to attempt to terminate the thread which caused the illegal access.
	at org.apache.catalina.loader.WebappClassLoaderBase.checkStateForResourceLoading(WebappClassLoaderBase.java:1311)
	at org.apache.catalina.loader.WebappClassLoaderBase.getResource(WebappClassLoaderBase.java:986)
	at com.mysql.jdbc.AbandonedConnectionCleanupThread.checkContextClassLoaders(AbandonedConnectionCleanupThread.java:90)
	at com.mysql.jdbc.AbandonedConnectionCleanupThread.run(AbandonedConnectionCleanupThread.java:63)
	at java.util.concurrent.ThreadPoolExecutor.runWorker(ThreadPoolExecutor.java:1149)
	at java.util.concurrent.ThreadPoolExecutor$Worker.run(ThreadPoolExecutor.java:624)
	at java.lang.Thread.run(Thread.java:748)

27-Apr-2018 15:36:23.804 INFO [http-nio-8080-exec-136] org.apache.catalina.startup.HostConfig.deployWAR Deploying web application archive [/Users/alvindn/Desktop/cs122b/apache-tomcat-8.5.29/webapps/project1.war]
27-Apr-2018 15:36:23.880 INFO [http-nio-8080-exec-136] org.apache.catalina.startup.HostConfig.deployWAR Deployment of web application archive [/Users/alvindn/Desktop/cs122b/apache-tomcat-8.5.29/webapps/project1.war] has finished in [77] ms
27-Apr-2018 15:37:06.733 INFO [http-nio-8080-exec-140] org.apache.catalina.startup.HostConfig.undeploy Undeploying context [/project1]
27-Apr-2018 15:37:10.649 INFO [http-nio-8080-exec-141] org.apache.catalina.startup.HostConfig.deployWAR Deploying web application archive [/Users/alvindn/Desktop/cs122b/apache-tomcat-8.5.29/webapps/project1.war]
27-Apr-2018 15:37:10.735 INFO [http-nio-8080-exec-141] org.apache.catalina.startup.HostConfig.deployWAR Deployment of web application archive [/Users/alvindn/Desktop/cs122b/apache-tomcat-8.5.29/webapps/project1.war] has finished in [86] ms
27-Apr-2018 15:41:23.636 INFO [http-nio-8080-exec-152] org.apache.catalina.startup.HostConfig.undeploy Undeploying context [/project1]
27-Apr-2018 15:41:27.367 INFO [http-nio-8080-exec-146] org.apache.catalina.startup.HostConfig.deployWAR Deploying web application archive [/Users/alvindn/Desktop/cs122b/apache-tomcat-8.5.29/webapps/project1.war]
27-Apr-2018 15:41:27.443 INFO [http-nio-8080-exec-146] org.apache.catalina.startup.HostConfig.deployWAR Deployment of web application archive [/Users/alvindn/Desktop/cs122b/apache-tomcat-8.5.29/webapps/project1.war] has finished in [76] ms
27-Apr-2018 15:42:05.795 INFO [http-nio-8080-exec-156] org.apache.catalina.startup.HostConfig.undeploy Undeploying context [/project1]
27-Apr-2018 15:42:09.934 INFO [http-nio-8080-exec-158] org.apache.catalina.startup.HostConfig.deployWAR Deploying web application archive [/Users/alvindn/Desktop/cs122b/apache-tomcat-8.5.29/webapps/project1.war]
27-Apr-2018 15:42:10.019 INFO [http-nio-8080-exec-158] org.apache.catalina.startup.HostConfig.deployWAR Deployment of web application archive [/Users/alvindn/Desktop/cs122b/apache-tomcat-8.5.29/webapps/project1.war] has finished in [85] ms
27-Apr-2018 15:45:33.648 WARNING [http-nio-8080-exec-159] org.apache.catalina.loader.WebappClassLoaderBase.clearReferencesJdbc The web application [project1] registered the JDBC driver [com.mysql.jdbc.Driver] but failed to unregister it when the web application was stopped. To prevent a memory leak, the JDBC Driver has been forcibly unregistered.
27-Apr-2018 15:45:33.651 WARNING [http-nio-8080-exec-159] org.apache.catalina.loader.WebappClassLoaderBase.clearReferencesThreads The web application [project1] appears to have started a thread named [Abandoned connection cleanup thread] but has failed to stop it. This is very likely to create a memory leak. Stack trace of thread:
 java.lang.Object.wait(Native Method)
 java.lang.ref.ReferenceQueue.remove(ReferenceQueue.java:143)
 com.mysql.jdbc.AbandonedConnectionCleanupThread.run(AbandonedConnectionCleanupThread.java:64)
 java.util.concurrent.ThreadPoolExecutor.runWorker(ThreadPoolExecutor.java:1149)
 java.util.concurrent.ThreadPoolExecutor$Worker.run(ThreadPoolExecutor.java:624)
 java.lang.Thread.run(Thread.java:748)
27-Apr-2018 15:45:34.158 INFO [http-nio-8080-exec-159] org.apache.catalina.startup.HostConfig.undeploy Undeploying context [/project1]
27-Apr-2018 15:45:37.909 INFO [Abandoned connection cleanup thread] org.apache.catalina.loader.WebappClassLoaderBase.checkStateForResourceLoading Illegal access: this web application instance has been stopped already. Could not load []. The following stack trace is thrown for debugging purposes as well as to attempt to terminate the thread which caused the illegal access.
 java.lang.IllegalStateException: Illegal access: this web application instance has been stopped already. Could not load []. The following stack trace is thrown for debugging purposes as well as to attempt to terminate the thread which caused the illegal access.
	at org.apache.catalina.loader.WebappClassLoaderBase.checkStateForResourceLoading(WebappClassLoaderBase.java:1311)
	at org.apache.catalina.loader.WebappClassLoaderBase.getResource(WebappClassLoaderBase.java:986)
	at com.mysql.jdbc.AbandonedConnectionCleanupThread.checkContextClassLoaders(AbandonedConnectionCleanupThread.java:90)
	at com.mysql.jdbc.AbandonedConnectionCleanupThread.run(AbandonedConnectionCleanupThread.java:63)
	at java.util.concurrent.ThreadPoolExecutor.runWorker(ThreadPoolExecutor.java:1149)
	at java.util.concurrent.ThreadPoolExecutor$Worker.run(ThreadPoolExecutor.java:624)
	at java.lang.Thread.run(Thread.java:748)

27-Apr-2018 15:45:38.070 INFO [http-nio-8080-exec-163] org.apache.catalina.startup.HostConfig.deployWAR Deploying web application archive [/Users/alvindn/Desktop/cs122b/apache-tomcat-8.5.29/webapps/project1.war]
27-Apr-2018 15:45:38.140 INFO [http-nio-8080-exec-163] org.apache.catalina.startup.HostConfig.deployWAR Deployment of web application archive [/Users/alvindn/Desktop/cs122b/apache-tomcat-8.5.29/webapps/project1.war] has finished in [70] ms
27-Apr-2018 15:46:30.963 INFO [http-nio-8080-exec-168] org.apache.catalina.startup.HostConfig.undeploy Undeploying context [/project1]
27-Apr-2018 15:46:35.147 INFO [http-nio-8080-exec-169] org.apache.catalina.startup.HostConfig.deployWAR Deploying web application archive [/Users/alvindn/Desktop/cs122b/apache-tomcat-8.5.29/webapps/project1.war]
27-Apr-2018 15:46:35.222 INFO [http-nio-8080-exec-169] org.apache.catalina.startup.HostConfig.deployWAR Deployment of web application archive [/Users/alvindn/Desktop/cs122b/apache-tomcat-8.5.29/webapps/project1.war] has finished in [75] ms
27-Apr-2018 15:47:17.694 INFO [http-nio-8080-exec-162] org.apache.catalina.startup.HostConfig.undeploy Undeploying context [/project1]
27-Apr-2018 15:47:20.918 INFO [http-nio-8080-exec-173] org.apache.catalina.startup.HostConfig.deployWAR Deploying web application archive [/Users/alvindn/Desktop/cs122b/apache-tomcat-8.5.29/webapps/project1.war]
27-Apr-2018 15:47:20.994 INFO [http-nio-8080-exec-173] org.apache.catalina.startup.HostConfig.deployWAR Deployment of web application archive [/Users/alvindn/Desktop/cs122b/apache-tomcat-8.5.29/webapps/project1.war] has finished in [77] ms
27-Apr-2018 15:48:20.619 INFO [http-nio-8080-exec-175] org.apache.catalina.startup.HostConfig.undeploy Undeploying context [/project1]
27-Apr-2018 15:48:24.975 INFO [http-nio-8080-exec-178] org.apache.catalina.startup.HostConfig.deployWAR Deploying web application archive [/Users/alvindn/Desktop/cs122b/apache-tomcat-8.5.29/webapps/project1.war]
27-Apr-2018 15:48:25.054 INFO [http-nio-8080-exec-178] org.apache.catalina.startup.HostConfig.deployWAR Deployment of web application archive [/Users/alvindn/Desktop/cs122b/apache-tomcat-8.5.29/webapps/project1.war] has finished in [79] ms
27-Apr-2018 15:55:31.502 WARNING [http-nio-8080-exec-180] org.apache.catalina.loader.WebappClassLoaderBase.clearReferencesJdbc The web application [project1] registered the JDBC driver [com.mysql.jdbc.Driver] but failed to unregister it when the web application was stopped. To prevent a memory leak, the JDBC Driver has been forcibly unregistered.
27-Apr-2018 15:55:31.504 WARNING [http-nio-8080-exec-180] org.apache.catalina.loader.WebappClassLoaderBase.clearReferencesThreads The web application [project1] appears to have started a thread named [Abandoned connection cleanup thread] but has failed to stop it. This is very likely to create a memory leak. Stack trace of thread:
 java.lang.Object.wait(Native Method)
 java.lang.ref.ReferenceQueue.remove(ReferenceQueue.java:143)
 com.mysql.jdbc.AbandonedConnectionCleanupThread.run(AbandonedConnectionCleanupThread.java:64)
 java.util.concurrent.ThreadPoolExecutor.runWorker(ThreadPoolExecutor.java:1149)
 java.util.concurrent.ThreadPoolExecutor$Worker.run(ThreadPoolExecutor.java:624)
 java.lang.Thread.run(Thread.java:748)
27-Apr-2018 15:55:32.011 INFO [http-nio-8080-exec-180] org.apache.catalina.startup.HostConfig.undeploy Undeploying context [/project1]
27-Apr-2018 15:55:32.318 INFO [Abandoned connection cleanup thread] org.apache.catalina.loader.WebappClassLoaderBase.checkStateForResourceLoading Illegal access: this web application instance has been stopped already. Could not load []. The following stack trace is thrown for debugging purposes as well as to attempt to terminate the thread which caused the illegal access.
 java.lang.IllegalStateException: Illegal access: this web application instance has been stopped already. Could not load []. The following stack trace is thrown for debugging purposes as well as to attempt to terminate the thread which caused the illegal access.
	at org.apache.catalina.loader.WebappClassLoaderBase.checkStateForResourceLoading(WebappClassLoaderBase.java:1311)
	at org.apache.catalina.loader.WebappClassLoaderBase.getResource(WebappClassLoaderBase.java:986)
	at com.mysql.jdbc.AbandonedConnectionCleanupThread.checkContextClassLoaders(AbandonedConnectionCleanupThread.java:90)
	at com.mysql.jdbc.AbandonedConnectionCleanupThread.run(AbandonedConnectionCleanupThread.java:63)
	at java.util.concurrent.ThreadPoolExecutor.runWorker(ThreadPoolExecutor.java:1149)
	at java.util.concurrent.ThreadPoolExecutor$Worker.run(ThreadPoolExecutor.java:624)
	at java.lang.Thread.run(Thread.java:748)

27-Apr-2018 15:55:37.096 INFO [http-nio-8080-exec-188] org.apache.catalina.startup.HostConfig.deployWAR Deploying web application archive [/Users/alvindn/Desktop/cs122b/apache-tomcat-8.5.29/webapps/project1.war]
27-Apr-2018 15:55:37.168 INFO [http-nio-8080-exec-188] org.apache.catalina.startup.HostConfig.deployWAR Deployment of web application archive [/Users/alvindn/Desktop/cs122b/apache-tomcat-8.5.29/webapps/project1.war] has finished in [73] ms
27-Apr-2018 15:55:58.717 WARNING [http-nio-8080-exec-184] org.apache.catalina.loader.WebappClassLoaderBase.clearReferencesJdbc The web application [project1] registered the JDBC driver [com.mysql.jdbc.Driver] but failed to unregister it when the web application was stopped. To prevent a memory leak, the JDBC Driver has been forcibly unregistered.
27-Apr-2018 15:55:58.718 WARNING [http-nio-8080-exec-184] org.apache.catalina.loader.WebappClassLoaderBase.clearReferencesThreads The web application [project1] appears to have started a thread named [Abandoned connection cleanup thread] but has failed to stop it. This is very likely to create a memory leak. Stack trace of thread:
 java.lang.Object.wait(Native Method)
 java.lang.ref.ReferenceQueue.remove(ReferenceQueue.java:143)
 com.mysql.jdbc.AbandonedConnectionCleanupThread.run(AbandonedConnectionCleanupThread.java:64)
 java.util.concurrent.ThreadPoolExecutor.runWorker(ThreadPoolExecutor.java:1149)
 java.util.concurrent.ThreadPoolExecutor$Worker.run(ThreadPoolExecutor.java:624)
 java.lang.Thread.run(Thread.java:748)
27-Apr-2018 15:55:59.225 INFO [http-nio-8080-exec-184] org.apache.catalina.startup.HostConfig.undeploy Undeploying context [/project1]
27-Apr-2018 15:56:01.710 INFO [Abandoned connection cleanup thread] org.apache.catalina.loader.WebappClassLoaderBase.checkStateForResourceLoading Illegal access: this web application instance has been stopped already. Could not load []. The following stack trace is thrown for debugging purposes as well as to attempt to terminate the thread which caused the illegal access.
 java.lang.IllegalStateException: Illegal access: this web application instance has been stopped already. Could not load []. The following stack trace is thrown for debugging purposes as well as to attempt to terminate the thread which caused the illegal access.
	at org.apache.catalina.loader.WebappClassLoaderBase.checkStateForResourceLoading(WebappClassLoaderBase.java:1311)
	at org.apache.catalina.loader.WebappClassLoaderBase.getResource(WebappClassLoaderBase.java:986)
	at com.mysql.jdbc.AbandonedConnectionCleanupThread.checkContextClassLoaders(AbandonedConnectionCleanupThread.java:90)
	at com.mysql.jdbc.AbandonedConnectionCleanupThread.run(AbandonedConnectionCleanupThread.java:63)
	at java.util.concurrent.ThreadPoolExecutor.runWorker(ThreadPoolExecutor.java:1149)
	at java.util.concurrent.ThreadPoolExecutor$Worker.run(ThreadPoolExecutor.java:624)
	at java.lang.Thread.run(Thread.java:748)

