16-May-2018 09:30:07.061 INFO [https-jsse-nio-8443-exec-9] org.apache.catalina.core.ApplicationContext.log HTMLManager: init: Associated with Deployer 'Catalina:type=Deployer,host=localhost'
16-May-2018 09:30:07.061 INFO [https-jsse-nio-8443-exec-9] org.apache.catalina.core.ApplicationContext.log HTMLManager: init: Global resources are available
16-May-2018 09:30:07.108 INFO [https-jsse-nio-8443-exec-9] org.apache.catalina.core.ApplicationContext.log HTMLManager: list: Listing contexts for virtual host 'localhost'
16-May-2018 09:30:09.334 INFO [https-jsse-nio-8443-exec-2] org.apache.catalina.core.ApplicationContext.log HTMLManager: undeploy: Undeploying web application at '/project1'
16-May-2018 09:30:09.865 INFO [https-jsse-nio-8443-exec-2] org.apache.catalina.core.ApplicationContext.log HTMLManager: list: Listing contexts for virtual host 'localhost'
16-May-2018 09:30:13.671 INFO [https-jsse-nio-8443-exec-7] org.apache.catalina.core.ApplicationContext.log HTMLManager: list: Listing contexts for virtual host 'localhost'
16-May-2018 09:35:29.935 INFO [https-jsse-nio-8443-exec-12] org.apache.catalina.core.ApplicationContext.log HTMLManager: list: Listing contexts for virtual host 'localhost'
16-May-2018 09:35:31.787 INFO [https-jsse-nio-8443-exec-13] org.apache.catalina.core.ApplicationContext.log HTMLManager: undeploy: Undeploying web application at '/project1'
16-May-2018 09:35:32.323 INFO [https-jsse-nio-8443-exec-13] org.apache.catalina.core.ApplicationContext.log HTMLManager: list: Listing contexts for virtual host 'localhost'
16-May-2018 09:35:36.150 INFO [https-jsse-nio-8443-exec-22] org.apache.catalina.core.ApplicationContext.log HTMLManager: list: Listing contexts for virtual host 'localhost'
16-May-2018 09:37:34.510 INFO [https-jsse-nio-8443-exec-29] org.apache.catalina.core.ApplicationContext.log HTMLManager: list: Listing contexts for virtual host 'localhost'
16-May-2018 09:37:36.654 INFO [https-jsse-nio-8443-exec-26] org.apache.catalina.core.ApplicationContext.log HTMLManager: undeploy: Undeploying web application at '/project1'
16-May-2018 09:37:37.171 INFO [https-jsse-nio-8443-exec-26] org.apache.catalina.core.ApplicationContext.log HTMLManager: list: Listing contexts for virtual host 'localhost'
16-May-2018 09:37:40.556 INFO [https-jsse-nio-8443-exec-31] org.apache.catalina.core.ApplicationContext.log HTMLManager: list: Listing contexts for virtual host 'localhost'
16-May-2018 09:40:52.524 INFO [https-jsse-nio-8443-exec-45] org.apache.catalina.core.ApplicationContext.log HTMLManager: list: Listing contexts for virtual host 'localhost'
16-May-2018 09:40:54.452 INFO [https-jsse-nio-8443-exec-38] org.apache.catalina.core.ApplicationContext.log HTMLManager: undeploy: Undeploying web application at '/project1'
16-May-2018 09:40:54.984 INFO [https-jsse-nio-8443-exec-38] org.apache.catalina.core.ApplicationContext.log HTMLManager: list: Listing contexts for virtual host 'localhost'
16-May-2018 09:40:58.293 INFO [https-jsse-nio-8443-exec-44] org.apache.catalina.core.ApplicationContext.log HTMLManager: list: Listing contexts for virtual host 'localhost'
16-May-2018 09:42:47.114 INFO [https-jsse-nio-8443-exec-51] org.apache.catalina.core.ApplicationContext.log HTMLManager: list: Listing contexts for virtual host 'localhost'
16-May-2018 09:42:48.649 INFO [https-jsse-nio-8443-exec-54] org.apache.catalina.core.ApplicationContext.log HTMLManager: undeploy: Undeploying web application at '/project1'
16-May-2018 09:42:49.167 INFO [https-jsse-nio-8443-exec-54] org.apache.catalina.core.ApplicationContext.log HTMLManager: list: Listing contexts for virtual host 'localhost'
16-May-2018 09:42:52.303 INFO [https-jsse-nio-8443-exec-55] org.apache.catalina.core.ApplicationContext.log HTMLManager: list: Listing contexts for virtual host 'localhost'
16-May-2018 10:04:12.247 INFO [https-jsse-nio-8443-exec-74] org.apache.catalina.core.ApplicationContext.log HTMLManager: list: Listing contexts for virtual host 'localhost'
16-May-2018 10:04:17.287 INFO [https-jsse-nio-8443-exec-71] org.apache.catalina.core.ApplicationContext.log HTMLManager: undeploy: Undeploying web application at '/project1'
16-May-2018 10:04:17.811 INFO [https-jsse-nio-8443-exec-71] org.apache.catalina.core.ApplicationContext.log HTMLManager: list: Listing contexts for virtual host 'localhost'
16-May-2018 10:04:21.449 INFO [https-jsse-nio-8443-exec-78] org.apache.catalina.core.ApplicationContext.log HTMLManager: list: Listing contexts for virtual host 'localhost'
16-May-2018 10:18:21.347 INFO [https-jsse-nio-8443-exec-93] org.apache.catalina.core.ApplicationContext.log HTMLManager: list: Listing contexts for virtual host 'localhost'
16-May-2018 10:18:22.914 INFO [https-jsse-nio-8443-exec-90] org.apache.catalina.core.ApplicationContext.log HTMLManager: undeploy: Undeploying web application at '/project1'
16-May-2018 10:18:23.446 INFO [https-jsse-nio-8443-exec-90] org.apache.catalina.core.ApplicationContext.log HTMLManager: list: Listing contexts for virtual host 'localhost'
16-May-2018 10:18:26.842 INFO [https-jsse-nio-8443-exec-91] org.apache.catalina.core.ApplicationContext.log HTMLManager: list: Listing contexts for virtual host 'localhost'
16-May-2018 10:21:40.657 INFO [https-jsse-nio-8443-exec-102] org.apache.catalina.core.ApplicationContext.log HTMLManager: list: Listing contexts for virtual host 'localhost'
16-May-2018 10:21:42.121 INFO [https-jsse-nio-8443-exec-97] org.apache.catalina.core.ApplicationContext.log HTMLManager: undeploy: Undeploying web application at '/project1'
16-May-2018 10:21:42.644 INFO [https-jsse-nio-8443-exec-97] org.apache.catalina.core.ApplicationContext.log HTMLManager: list: Listing contexts for virtual host 'localhost'
16-May-2018 10:21:46.189 INFO [https-jsse-nio-8443-exec-100] org.apache.catalina.core.ApplicationContext.log HTMLManager: list: Listing contexts for virtual host 'localhost'
16-May-2018 10:27:25.041 INFO [https-jsse-nio-8443-exec-110] org.apache.catalina.core.ApplicationContext.log HTMLManager: list: Listing contexts for virtual host 'localhost'
16-May-2018 10:27:26.500 INFO [https-jsse-nio-8443-exec-116] org.apache.catalina.core.ApplicationContext.log HTMLManager: undeploy: Undeploying web application at '/project1'
16-May-2018 10:27:27.036 INFO [https-jsse-nio-8443-exec-116] org.apache.catalina.core.ApplicationContext.log HTMLManager: list: Listing contexts for virtual host 'localhost'
16-May-2018 10:27:30.839 INFO [https-jsse-nio-8443-exec-117] org.apache.catalina.core.ApplicationContext.log HTMLManager: list: Listing contexts for virtual host 'localhost'
16-May-2018 10:41:57.429 INFO [https-jsse-nio-8443-exec-125] org.apache.catalina.core.ApplicationContext.log HTMLManager: list: Listing contexts for virtual host 'localhost'
16-May-2018 10:41:58.996 INFO [https-jsse-nio-8443-exec-128] org.apache.catalina.core.ApplicationContext.log HTMLManager: undeploy: Undeploying web application at '/project1'
16-May-2018 10:41:59.531 INFO [https-jsse-nio-8443-exec-128] org.apache.catalina.core.ApplicationContext.log HTMLManager: list: Listing contexts for virtual host 'localhost'
16-May-2018 10:42:03.459 INFO [https-jsse-nio-8443-exec-123] org.apache.catalina.core.ApplicationContext.log HTMLManager: list: Listing contexts for virtual host 'localhost'
16-May-2018 10:47:10.828 INFO [https-jsse-nio-8443-exec-137] org.apache.catalina.core.ApplicationContext.log HTMLManager: list: Listing contexts for virtual host 'localhost'
16-May-2018 10:47:12.670 INFO [https-jsse-nio-8443-exec-136] org.apache.catalina.core.ApplicationContext.log HTMLManager: undeploy: Undeploying web application at '/project1'
16-May-2018 10:47:13.199 INFO [https-jsse-nio-8443-exec-136] org.apache.catalina.core.ApplicationContext.log HTMLManager: list: Listing contexts for virtual host 'localhost'
16-May-2018 10:47:16.376 INFO [https-jsse-nio-8443-exec-139] org.apache.catalina.core.ApplicationContext.log HTMLManager: list: Listing contexts for virtual host 'localhost'
16-May-2018 10:51:19.194 INFO [https-jsse-nio-8443-exec-138] org.apache.catalina.core.ApplicationContext.log HTMLManager: list: Listing contexts for virtual host 'localhost'
16-May-2018 10:51:20.752 INFO [https-jsse-nio-8443-exec-148] org.apache.catalina.core.ApplicationContext.log HTMLManager: undeploy: Undeploying web application at '/project1'
16-May-2018 10:51:21.278 INFO [https-jsse-nio-8443-exec-148] org.apache.catalina.core.ApplicationContext.log HTMLManager: list: Listing contexts for virtual host 'localhost'
16-May-2018 10:51:24.405 INFO [https-jsse-nio-8443-exec-144] org.apache.catalina.core.ApplicationContext.log HTMLManager: list: Listing contexts for virtual host 'localhost'
16-May-2018 10:55:16.941 INFO [https-jsse-nio-8443-exec-151] org.apache.catalina.core.ApplicationContext.log HTMLManager: list: Listing contexts for virtual host 'localhost'
16-May-2018 10:55:18.439 INFO [https-jsse-nio-8443-exec-152] org.apache.catalina.core.ApplicationContext.log HTMLManager: undeploy: Undeploying web application at '/project1'
16-May-2018 10:55:18.959 INFO [https-jsse-nio-8443-exec-152] org.apache.catalina.core.ApplicationContext.log HTMLManager: list: Listing contexts for virtual host 'localhost'
16-May-2018 10:55:21.953 INFO [https-jsse-nio-8443-exec-162] org.apache.catalina.core.ApplicationContext.log HTMLManager: list: Listing contexts for virtual host 'localhost'
16-May-2018 10:56:47.640 INFO [https-jsse-nio-8443-exec-156] org.apache.catalina.core.ApplicationContext.log HTMLManager: list: Listing contexts for virtual host 'localhost'
16-May-2018 10:56:48.769 INFO [https-jsse-nio-8443-exec-169] org.apache.catalina.core.ApplicationContext.log HTMLManager: undeploy: Undeploying web application at '/project1'
16-May-2018 10:56:49.298 INFO [https-jsse-nio-8443-exec-169] org.apache.catalina.core.ApplicationContext.log HTMLManager: list: Listing contexts for virtual host 'localhost'
16-May-2018 10:56:52.314 INFO [https-jsse-nio-8443-exec-165] org.apache.catalina.core.ApplicationContext.log HTMLManager: list: Listing contexts for virtual host 'localhost'
16-May-2018 10:57:07.443 INFO [https-jsse-nio-8443-exec-161] org.apache.catalina.core.ApplicationContext.log HTMLManager: list: Listing contexts for virtual host 'localhost'
16-May-2018 10:57:08.776 INFO [https-jsse-nio-8443-exec-163] org.apache.catalina.core.ApplicationContext.log HTMLManager: undeploy: Undeploying web application at '/project1'
16-May-2018 10:57:09.296 INFO [https-jsse-nio-8443-exec-163] org.apache.catalina.core.ApplicationContext.log HTMLManager: list: Listing contexts for virtual host 'localhost'
16-May-2018 10:57:13.136 INFO [https-jsse-nio-8443-exec-150] org.apache.catalina.core.ApplicationContext.log HTMLManager: list: Listing contexts for virtual host 'localhost'
16-May-2018 10:58:06.892 INFO [https-jsse-nio-8443-exec-172] org.apache.catalina.core.ApplicationContext.log HTMLManager: list: Listing contexts for virtual host 'localhost'
16-May-2018 10:58:08.602 INFO [https-jsse-nio-8443-exec-176] org.apache.catalina.core.ApplicationContext.log HTMLManager: undeploy: Undeploying web application at '/project1'
16-May-2018 10:58:09.131 INFO [https-jsse-nio-8443-exec-176] org.apache.catalina.core.ApplicationContext.log HTMLManager: list: Listing contexts for virtual host 'localhost'
16-May-2018 10:58:12.472 INFO [https-jsse-nio-8443-exec-171] org.apache.catalina.core.ApplicationContext.log HTMLManager: list: Listing contexts for virtual host 'localhost'
16-May-2018 10:58:48.943 INFO [https-jsse-nio-8443-exec-179] org.apache.catalina.core.ApplicationContext.log HTMLManager: list: Listing contexts for virtual host 'localhost'
16-May-2018 10:58:50.369 INFO [https-jsse-nio-8443-exec-185] org.apache.catalina.core.ApplicationContext.log HTMLManager: undeploy: Undeploying web application at '/project1'
16-May-2018 10:58:50.889 INFO [https-jsse-nio-8443-exec-185] org.apache.catalina.core.ApplicationContext.log HTMLManager: list: Listing contexts for virtual host 'localhost'
16-May-2018 10:58:54.631 INFO [https-jsse-nio-8443-exec-180] org.apache.catalina.core.ApplicationContext.log HTMLManager: list: Listing contexts for virtual host 'localhost'
16-May-2018 11:05:10.593 INFO [https-jsse-nio-8443-exec-191] org.apache.catalina.core.ApplicationContext.log HTMLManager: list: Listing contexts for virtual host 'localhost'
16-May-2018 11:05:12.253 INFO [https-jsse-nio-8443-exec-196] org.apache.catalina.core.ApplicationContext.log HTMLManager: undeploy: Undeploying web application at '/project1'
16-May-2018 11:05:12.778 INFO [https-jsse-nio-8443-exec-196] org.apache.catalina.core.ApplicationContext.log HTMLManager: list: Listing contexts for virtual host 'localhost'
16-May-2018 11:05:16.349 INFO [https-jsse-nio-8443-exec-190] org.apache.catalina.core.ApplicationContext.log HTMLManager: list: Listing contexts for virtual host 'localhost'
16-May-2018 11:05:32.697 INFO [https-jsse-nio-8443-exec-189] org.apache.catalina.core.ApplicationContext.log HTMLManager: list: Listing contexts for virtual host 'localhost'
16-May-2018 11:05:34.278 INFO [https-jsse-nio-8443-exec-191] org.apache.catalina.core.ApplicationContext.log HTMLManager: restart: Reloading web application '/project1'
16-May-2018 11:05:34.390 INFO [https-jsse-nio-8443-exec-191] org.apache.catalina.core.ApplicationContext.log HTMLManager: list: Listing contexts for virtual host 'localhost'
16-May-2018 11:06:29.352 INFO [https-jsse-nio-8443-exec-204] org.apache.catalina.core.ApplicationContext.log HTMLManager: list: Listing contexts for virtual host 'localhost'
16-May-2018 11:06:30.829 INFO [https-jsse-nio-8443-exec-206] org.apache.catalina.core.ApplicationContext.log HTMLManager: undeploy: Undeploying web application at '/project1'
16-May-2018 11:06:31.346 INFO [https-jsse-nio-8443-exec-206] org.apache.catalina.core.ApplicationContext.log HTMLManager: list: Listing contexts for virtual host 'localhost'
16-May-2018 11:06:34.822 INFO [https-jsse-nio-8443-exec-192] org.apache.catalina.core.ApplicationContext.log HTMLManager: list: Listing contexts for virtual host 'localhost'
16-May-2018 11:13:42.529 INFO [https-jsse-nio-8443-exec-215] org.apache.catalina.core.ApplicationContext.log HTMLManager: list: Listing contexts for virtual host 'localhost'
16-May-2018 11:13:44.044 INFO [https-jsse-nio-8443-exec-208] org.apache.catalina.core.ApplicationContext.log HTMLManager: undeploy: Undeploying web application at '/project1'
16-May-2018 11:13:44.577 INFO [https-jsse-nio-8443-exec-208] org.apache.catalina.core.ApplicationContext.log HTMLManager: list: Listing contexts for virtual host 'localhost'
16-May-2018 11:13:48.046 INFO [https-jsse-nio-8443-exec-217] org.apache.catalina.core.ApplicationContext.log HTMLManager: list: Listing contexts for virtual host 'localhost'
16-May-2018 11:14:15.016 INFO [https-jsse-nio-8443-exec-216] org.apache.catalina.core.ApplicationContext.log HTMLManager: list: Listing contexts for virtual host 'localhost'
16-May-2018 11:14:16.934 INFO [https-jsse-nio-8443-exec-209] org.apache.catalina.core.ApplicationContext.log HTMLManager: restart: Reloading web application '/project1'
16-May-2018 11:14:17.054 INFO [https-jsse-nio-8443-exec-209] org.apache.catalina.core.ApplicationContext.log HTMLManager: list: Listing contexts for virtual host 'localhost'
16-May-2018 11:14:18.554 INFO [https-jsse-nio-8443-exec-222] org.apache.catalina.core.ApplicationContext.log HTMLManager: undeploy: Undeploying web application at '/project1'
16-May-2018 11:14:19.073 INFO [https-jsse-nio-8443-exec-222] org.apache.catalina.core.ApplicationContext.log HTMLManager: list: Listing contexts for virtual host 'localhost'
16-May-2018 11:14:22.891 INFO [https-jsse-nio-8443-exec-211] org.apache.catalina.core.ApplicationContext.log HTMLManager: list: Listing contexts for virtual host 'localhost'
16-May-2018 11:16:49.026 INFO [https-jsse-nio-8443-exec-218] org.apache.catalina.core.ApplicationContext.log HTMLManager: list: Listing contexts for virtual host 'localhost'
16-May-2018 11:16:50.590 INFO [https-jsse-nio-8443-exec-227] org.apache.catalina.core.ApplicationContext.log HTMLManager: undeploy: Undeploying web application at '/project1'
16-May-2018 11:16:51.122 INFO [https-jsse-nio-8443-exec-227] org.apache.catalina.core.ApplicationContext.log HTMLManager: list: Listing contexts for virtual host 'localhost'
16-May-2018 11:16:54.628 INFO [https-jsse-nio-8443-exec-230] org.apache.catalina.core.ApplicationContext.log HTMLManager: list: Listing contexts for virtual host 'localhost'
16-May-2018 11:17:15.235 INFO [https-jsse-nio-8443-exec-226] org.apache.catalina.core.ApplicationContext.log HTMLManager: list: Listing contexts for virtual host 'localhost'
16-May-2018 11:17:16.595 INFO [https-jsse-nio-8443-exec-233] org.apache.catalina.core.ApplicationContext.log HTMLManager: undeploy: Undeploying web application at '/project1'
16-May-2018 11:17:17.117 INFO [https-jsse-nio-8443-exec-233] org.apache.catalina.core.ApplicationContext.log HTMLManager: list: Listing contexts for virtual host 'localhost'
16-May-2018 11:17:23.326 INFO [https-jsse-nio-8443-exec-231] org.apache.catalina.core.ApplicationContext.log HTMLManager: list: Listing contexts for virtual host 'localhost'
16-May-2018 11:20:01.875 INFO [https-jsse-nio-8443-exec-244] org.apache.catalina.core.ApplicationContext.log HTMLManager: list: Listing contexts for virtual host 'localhost'
16-May-2018 11:20:03.749 INFO [https-jsse-nio-8443-exec-246] org.apache.catalina.core.ApplicationContext.log HTMLManager: undeploy: Undeploying web application at '/project1'
16-May-2018 11:20:04.269 INFO [https-jsse-nio-8443-exec-246] org.apache.catalina.core.ApplicationContext.log HTMLManager: list: Listing contexts for virtual host 'localhost'
16-May-2018 11:20:07.871 INFO [https-jsse-nio-8443-exec-243] org.apache.catalina.core.ApplicationContext.log HTMLManager: list: Listing contexts for virtual host 'localhost'
16-May-2018 11:20:37.470 INFO [https-jsse-nio-8443-exec-239] org.apache.catalina.core.ApplicationContext.log HTMLManager: list: Listing contexts for virtual host 'localhost'
16-May-2018 11:20:38.974 INFO [https-jsse-nio-8443-exec-249] org.apache.catalina.core.ApplicationContext.log HTMLManager: restart: Reloading web application '/project1'
16-May-2018 11:20:39.071 INFO [https-jsse-nio-8443-exec-249] org.apache.catalina.core.ApplicationContext.log HTMLManager: list: Listing contexts for virtual host 'localhost'
16-May-2018 11:20:47.920 INFO [https-jsse-nio-8443-exec-254] org.apache.catalina.core.ApplicationContext.log HTMLManager: list: Listing contexts for virtual host 'localhost'
16-May-2018 11:20:49.142 INFO [https-jsse-nio-8443-exec-248] org.apache.catalina.core.ApplicationContext.log HTMLManager: undeploy: Undeploying web application at '/project1'
16-May-2018 11:20:49.663 INFO [https-jsse-nio-8443-exec-248] org.apache.catalina.core.ApplicationContext.log HTMLManager: list: Listing contexts for virtual host 'localhost'
16-May-2018 11:20:53.027 INFO [https-jsse-nio-8443-exec-252] org.apache.catalina.core.ApplicationContext.log HTMLManager: list: Listing contexts for virtual host 'localhost'
16-May-2018 11:21:49.516 INFO [https-jsse-nio-8443-exec-257] org.apache.catalina.core.ApplicationContext.log HTMLManager: list: Listing contexts for virtual host 'localhost'
16-May-2018 11:21:50.772 INFO [https-jsse-nio-8443-exec-258] org.apache.catalina.core.ApplicationContext.log HTMLManager: undeploy: Undeploying web application at '/project1'
16-May-2018 11:21:51.301 INFO [https-jsse-nio-8443-exec-258] org.apache.catalina.core.ApplicationContext.log HTMLManager: list: Listing contexts for virtual host 'localhost'
16-May-2018 11:21:54.585 INFO [https-jsse-nio-8443-exec-257] org.apache.catalina.core.ApplicationContext.log HTMLManager: list: Listing contexts for virtual host 'localhost'
16-May-2018 11:23:11.980 INFO [https-jsse-nio-8443-exec-263] org.apache.catalina.core.ApplicationContext.log HTMLManager: list: Listing contexts for virtual host 'localhost'
16-May-2018 11:23:13.386 INFO [https-jsse-nio-8443-exec-245] org.apache.catalina.core.ApplicationContext.log HTMLManager: undeploy: Undeploying web application at '/project1'
16-May-2018 11:23:13.909 INFO [https-jsse-nio-8443-exec-245] org.apache.catalina.core.ApplicationContext.log HTMLManager: list: Listing contexts for virtual host 'localhost'
16-May-2018 11:23:17.127 INFO [https-jsse-nio-8443-exec-268] org.apache.catalina.core.ApplicationContext.log HTMLManager: list: Listing contexts for virtual host 'localhost'
16-May-2018 11:24:40.300 INFO [https-jsse-nio-8443-exec-263] org.apache.catalina.core.ApplicationContext.log HTMLManager: list: Listing contexts for virtual host 'localhost'
16-May-2018 11:24:41.822 INFO [https-jsse-nio-8443-exec-273] org.apache.catalina.core.ApplicationContext.log HTMLManager: undeploy: Undeploying web application at '/project1'
16-May-2018 11:24:42.346 INFO [572] org.apache.catalina.core.ApplicationContext.log HTMLManager: list: Listing contexts for virtual host 'localhost'
16-May-2018 11:24:45.477 INFO [https-jsse-nio-8443-exec-275] org.apache.catalina.core.ApplicationContext.log HTMLManager: list: Listing contexts for virtual host 'localhost'
16-May-2018 11:25:10.793 INFO [https-jsse-nio-8443-exec-266] org.apache.catalina.core.ApplicationContext.log HTMLManager: list: Listing contexts for virtual host 'localhost'
16-May-2018 11:25:12.019 INFO [https-jsse-nio-8443-exec-281] org.apache.catalina.core.ApplicationContext.log HTMLManager: undeploy: Undeploying web application at '/project1'
16-May-2018 11:25:12.541 INFO [580] org.apache.catalina.core.ApplicationContext.log HTMLManager: list: Listing contexts for virtual host 'localhost'
16-May-2018 11:26:15.409 INFO [https-jsse-nio-8443-exec-274] org.apache.catalina.core.ApplicationContext.log HTMLManager: list: Listing contexts for virtual host 'localhost'
16-May-2018 11:28:31.124 INFO [https-jsse-nio-8443-exec-289] org.apache.catalina.core.ApplicationContext.log HTMLManager: list: Listing contexts for virtual host 'localhost'
16-May-2018 11:28:33.524 INFO [https-jsse-nio-8443-exec-291] org.apache.catalina.core.ApplicationContext.log HTMLManager: undeploy: Undeploying web application at '/project1'
16-May-2018 11:28:34.049 INFO [https-jsse-nio-8443-exec-291] org.apache.catalina.core.ApplicationContext.log HTMLManager: list: Listing contexts for virtual host 'localhost'
16-May-2018 11:28:38.383 INFO [https-jsse-nio-8443-exec-294] org.apache.catalina.core.ApplicationContext.log HTMLManager: list: Listing contexts for virtual host 'localhost'
16-May-2018 11:31:59.814 INFO [https-jsse-nio-8443-exec-229] org.apache.catalina.core.ApplicationContext.log HTMLManager: list: Listing contexts for virtual host 'localhost'
16-May-2018 11:32:01.254 INFO [https-jsse-nio-8443-exec-295] org.apache.catalina.core.ApplicationContext.log HTMLManager: undeploy: Undeploying web application at '/project1'
16-May-2018 11:32:01.797 INFO [https-jsse-nio-8443-exec-295] org.apache.catalina.core.ApplicationContext.log HTMLManager: list: Listing contexts for virtual host 'localhost'
16-May-2018 11:32:04.975 INFO [https-jsse-nio-8443-exec-305] org.apache.catalina.core.ApplicationContext.log HTMLManager: list: Listing contexts for virtual host 'localhost'
16-May-2018 11:33:10.305 INFO [https-jsse-nio-8443-exec-304] org.apache.catalina.core.ApplicationContext.log HTMLManager: list: Listing contexts for virtual host 'localhost'
16-May-2018 11:33:11.409 INFO [https-jsse-nio-8443-exec-309] org.apache.catalina.core.ApplicationContext.log HTMLManager: undeploy: Undeploying web application at '/project1'
16-May-2018 11:33:11.926 INFO [https-jsse-nio-8443-exec-309] org.apache.catalina.core.ApplicationContext.log HTMLManager: list: Listing contexts for virtual host 'localhost'
16-May-2018 11:33:14.962 INFO [https-jsse-nio-8443-exec-311] org.apache.catalina.core.ApplicationContext.log HTMLManager: list: Listing contexts for virtual host 'localhost'
16-May-2018 11:36:15.858 INFO [https-jsse-nio-8443-exec-274] org.apache.catalina.core.ApplicationContext.log HTMLManager: list: Listing contexts for virtual host 'localhost'
16-May-2018 11:36:17.205 INFO [https-jsse-nio-8443-exec-314] org.apache.catalina.core.ApplicationContext.log HTMLManager: undeploy: Undeploying web application at '/project1'
16-May-2018 11:36:17.742 INFO [https-jsse-nio-8443-exec-314] org.apache.catalina.core.ApplicationContext.log HTMLManager: list: Listing contexts for virtual host 'localhost'
16-May-2018 11:37:05.414 INFO [https-jsse-nio-8443-exec-320] org.apache.catalina.core.ApplicationContext.log HTMLManager: list: Listing contexts for virtual host 'localhost'
16-May-2018 11:44:40.875 INFO [https-jsse-nio-8443-exec-331] org.apache.catalina.core.ApplicationContext.log HTMLManager: list: Listing contexts for virtual host 'localhost'
16-May-2018 11:44:42.148 INFO [https-jsse-nio-8443-exec-332] org.apache.catalina.core.ApplicationContext.log HTMLManager: undeploy: Undeploying web application at '/project1'
16-May-2018 11:44:42.672 INFO [https-jsse-nio-8443-exec-332] org.apache.catalina.core.ApplicationContext.log HTMLManager: list: Listing contexts for virtual host 'localhost'
16-May-2018 11:44:45.855 INFO [https-jsse-nio-8443-exec-326] org.apache.catalina.core.ApplicationContext.log HTMLManager: list: Listing contexts for virtual host 'localhost'
16-May-2018 11:46:08.247 INFO [https-jsse-nio-8443-exec-331] org.apache.catalina.core.ApplicationContext.log HTMLManager: list: Listing contexts for virtual host 'localhost'
16-May-2018 11:46:09.368 INFO [https-jsse-nio-8443-exec-325] org.apache.catalina.core.ApplicationContext.log HTMLManager: undeploy: Undeploying web application at '/project1'
16-May-2018 11:46:09.891 INFO [646] org.apache.catalina.core.ApplicationContext.log HTMLManager: list: Listing contexts for virtual host 'localhost'
16-May-2018 11:46:23.421 INFO [https-jsse-nio-8443-exec-335] org.apache.catalina.core.ApplicationContext.log HTMLManager: list: Listing contexts for virtual host 'localhost'
16-May-2018 11:59:52.330 INFO [https-jsse-nio-8443-exec-347] org.apache.catalina.core.ApplicationContext.log HTMLManager: list: Listing contexts for virtual host 'localhost'
16-May-2018 11:59:53.998 INFO [https-jsse-nio-8443-exec-334] org.apache.catalina.core.ApplicationContext.log HTMLManager: undeploy: Undeploying web application at '/project1'
16-May-2018 11:59:54.537 INFO [https-jsse-nio-8443-exec-334] org.apache.catalina.core.ApplicationContext.log HTMLManager: list: Listing contexts for virtual host 'localhost'
16-May-2018 11:59:58.226 INFO [https-jsse-nio-8443-exec-343] org.apache.catalina.core.ApplicationContext.log HTMLManager: list: Listing contexts for virtual host 'localhost'
16-May-2018 12:00:31.414 INFO [https-jsse-nio-8443-exec-327] org.apache.catalina.core.ApplicationContext.log HTMLManager: list: Listing contexts for virtual host 'localhost'
16-May-2018 12:00:33.083 INFO [https-jsse-nio-8443-exec-344] org.apache.catalina.core.ApplicationContext.log HTMLManager: restart: Reloading web application '/project1'
16-May-2018 12:00:33.210 INFO [https-jsse-nio-8443-exec-344] org.apache.catalina.core.ApplicationContext.log HTMLManager: list: Listing contexts for virtual host 'localhost'
16-May-2018 12:01:48.520 INFO [https-jsse-nio-8443-exec-345] org.apache.catalina.core.ApplicationContext.log HTMLManager: list: Listing contexts for virtual host 'localhost'
16-May-2018 12:01:51.708 INFO [https-jsse-nio-8443-exec-355] org.apache.catalina.core.ApplicationContext.log HTMLManager: undeploy: Undeploying web application at '/project1'
16-May-2018 12:01:52.226 INFO [https-jsse-nio-8443-exec-355] org.apache.catalina.core.ApplicationContext.log HTMLManager: list: Listing contexts for virtual host 'localhost'
16-May-2018 12:01:59.631 INFO [https-jsse-nio-8443-exec-342] org.apache.catalina.core.ApplicationContext.log HTMLManager: list: Listing contexts for virtual host 'localhost'
16-May-2018 12:02:15.294 INFO [https-jsse-nio-8443-exec-360] org.apache.catalina.core.ApplicationContext.log HTMLManager: list: Listing contexts for virtual host 'localhost'
16-May-2018 12:02:16.757 INFO [https-jsse-nio-8443-exec-351] org.apache.catalina.core.ApplicationContext.log HTMLManager: undeploy: Undeploying web application at '/project1'
16-May-2018 12:02:17.285 INFO [https-jsse-nio-8443-exec-351] org.apache.catalina.core.ApplicationContext.log HTMLManager: list: Listing contexts for virtual host 'localhost'
16-May-2018 12:02:20.580 INFO [https-jsse-nio-8443-exec-361] org.apache.catalina.core.ApplicationContext.log HTMLManager: list: Listing contexts for virtual host 'localhost'
16-May-2018 12:03:16.423 INFO [https-jsse-nio-8443-exec-367] org.apache.catalina.core.ApplicationContext.log HTMLManager: list: Listing contexts for virtual host 'localhost'
16-May-2018 12:03:18.827 INFO [https-jsse-nio-8443-exec-357] org.apache.catalina.core.ApplicationContext.log HTMLManager: undeploy: Undeploying web application at '/project1'
16-May-2018 12:03:19.361 INFO [https-jsse-nio-8443-exec-357] org.apache.catalina.core.ApplicationContext.log HTMLManager: list: Listing contexts for virtual host 'localhost'
16-May-2018 12:03:23.235 INFO [https-jsse-nio-8443-exec-368] org.apache.catalina.core.ApplicationContext.log HTMLManager: list: Listing contexts for virtual host 'localhost'
16-May-2018 12:03:36.103 INFO [https-jsse-nio-8443-exec-369] org.apache.catalina.core.ApplicationContext.log HTMLManager: list: Listing contexts for virtual host 'localhost'
16-May-2018 12:03:38.767 INFO [https-jsse-nio-8443-exec-359] org.apache.catalina.core.ApplicationContext.log HTMLManager: undeploy: Undeploying web application at '/project1'
16-May-2018 12:03:39.291 INFO [https-jsse-nio-8443-exec-359] org.apache.catalina.core.ApplicationContext.log HTMLManager: list: Listing contexts for virtual host 'localhost'
16-May-2018 12:03:43.095 INFO [https-jsse-nio-8443-exec-374] org.apache.catalina.core.ApplicationContext.log HTMLManager: list: Listing contexts for virtual host 'localhost'
16-May-2018 12:04:44.188 INFO [https-jsse-nio-8443-exec-372] org.apache.catalina.core.ApplicationContext.log HTMLManager: list: Listing contexts for virtual host 'localhost'
16-May-2018 12:04:45.772 INFO [https-jsse-nio-8443-exec-380] org.apache.catalina.core.ApplicationContext.log HTMLManager: undeploy: Undeploying web application at '/project1'
16-May-2018 12:04:46.312 INFO [https-jsse-nio-8443-exec-380] org.apache.catalina.core.ApplicationContext.log HTMLManager: list: Listing contexts for virtual host 'localhost'
16-May-2018 12:04:49.534 INFO [https-jsse-nio-8443-exec-381] org.apache.catalina.core.ApplicationContext.log HTMLManager: list: Listing contexts for virtual host 'localhost'
16-May-2018 12:05:57.850 INFO [https-jsse-nio-8443-exec-356] org.apache.catalina.core.ApplicationContext.log HTMLManager: list: Listing contexts for virtual host 'localhost'
16-May-2018 12:05:59.794 INFO [https-jsse-nio-8443-exec-384] org.apache.catalina.core.ApplicationContext.log HTMLManager: undeploy: Undeploying web application at '/project1'
16-May-2018 12:06:00.320 INFO [https-jsse-nio-8443-exec-384] org.apache.catalina.core.ApplicationContext.log HTMLManager: list: Listing contexts for virtual host 'localhost'
16-May-2018 12:06:03.558 INFO [https-jsse-nio-8443-exec-385] org.apache.catalina.core.ApplicationContext.log HTMLManager: list: Listing contexts for virtual host 'localhost'
16-May-2018 12:07:38.796 INFO [https-jsse-nio-8443-exec-386] org.apache.catalina.core.ApplicationContext.log HTMLManager: list: Listing contexts for virtual host 'localhost'
16-May-2018 12:07:40.255 INFO [https-jsse-nio-8443-exec-392] org.apache.catalina.core.ApplicationContext.log HTMLManager: undeploy: Undeploying web application at '/project1'
16-May-2018 12:07:40.780 INFO [https-jsse-nio-8443-exec-392] org.apache.catalina.core.ApplicationContext.log HTMLManager: list: Listing contexts for virtual host 'localhost'
16-May-2018 12:07:44.374 INFO [https-jsse-nio-8443-exec-397] org.apache.catalina.core.ApplicationContext.log HTMLManager: list: Listing contexts for virtual host 'localhost'
16-May-2018 12:12:36.296 INFO [https-jsse-nio-8443-exec-407] org.apache.catalina.core.ApplicationContext.log HTMLManager: list: Listing contexts for virtual host 'localhost'
16-May-2018 12:12:37.756 INFO [https-jsse-nio-8443-exec-401] org.apache.catalina.core.ApplicationContext.log HTMLManager: undeploy: Undeploying web application at '/project1'
16-May-2018 12:12:38.287 INFO [https-jsse-nio-8443-exec-401] org.apache.catalina.core.ApplicationContext.log HTMLManager: list: Listing contexts for virtual host 'localhost'
16-May-2018 12:12:41.729 INFO [https-jsse-nio-8443-exec-400] org.apache.catalina.core.ApplicationContext.log HTMLManager: list: Listing contexts for virtual host 'localhost'
16-May-2018 12:14:04.445 INFO [https-jsse-nio-8443-exec-403] org.apache.catalina.core.ApplicationContext.log HTMLManager: list: Listing contexts for virtual host 'localhost'
16-May-2018 12:14:08.377 INFO [https-jsse-nio-8443-exec-410] org.apache.catalina.core.ApplicationContext.log HTMLManager: undeploy: Undeploying web application at '/project1'
16-May-2018 12:14:09.026 INFO [https-jsse-nio-8443-exec-410] org.apache.catalina.core.ApplicationContext.log HTMLManager: list: Listing contexts for virtual host 'localhost'
16-May-2018 12:14:13.916 INFO [https-jsse-nio-8443-exec-413] org.apache.catalina.core.ApplicationContext.log HTMLManager: list: Listing contexts for virtual host 'localhost'
16-May-2018 13:15:54.001 INFO [http-nio-8080-exec-139] org.apache.catalina.core.ApplicationContext.log HTMLManager: list: Listing contexts for virtual host 'localhost'
16-May-2018 13:15:57.545 INFO [http-nio-8080-exec-138] org.apache.catalina.core.ApplicationContext.log HTMLManager: undeploy: Undeploying web application at '/project1'
16-May-2018 13:15:58.072 INFO [http-nio-8080-exec-138] org.apache.catalina.core.ApplicationContext.log HTMLManager: list: Listing contexts for virtual host 'localhost'
16-May-2018 13:16:01.954 INFO [http-nio-8080-exec-140] org.apache.catalina.core.ApplicationContext.log HTMLManager: list: Listing contexts for virtual host 'localhost'
16-May-2018 13:18:39.350 INFO [http-nio-8080-exec-141] org.apache.catalina.core.ApplicationContext.log HTMLManager: undeploy: Undeploying web application at '/project1'
16-May-2018 13:18:39.876 INFO [http-nio-8080-exec-141] org.apache.catalina.core.ApplicationContext.log HTMLManager: list: Listing contexts for virtual host 'localhost'
16-May-2018 13:18:44.460 INFO [http-nio-8080-exec-142] org.apache.catalina.core.ApplicationContext.log HTMLManager: list: Listing contexts for virtual host 'localhost'
16-May-2018 13:23:25.989 INFO [http-nio-8080-exec-148] org.apache.catalina.core.ApplicationContext.log HTMLManager: undeploy: Undeploying web application at '/project1'
16-May-2018 13:23:26.523 INFO [http-nio-8080-exec-148] org.apache.catalina.core.ApplicationContext.log HTMLManager: list: Listing contexts for virtual host 'localhost'
16-May-2018 13:23:30.005 INFO [http-nio-8080-exec-153] org.apache.catalina.core.ApplicationContext.log HTMLManager: list: Listing contexts for virtual host 'localhost'
16-May-2018 13:29:17.913 INFO [http-nio-8080-exec-160] org.apache.catalina.core.ApplicationContext.log HTMLManager: undeploy: Undeploying web application at '/project1'
16-May-2018 13:29:18.450 INFO [http-nio-8080-exec-160] org.apache.catalina.core.ApplicationContext.log HTMLManager: list: Listing contexts for virtual host 'localhost'
16-May-2018 13:29:22.327 INFO [http-nio-8080-exec-162] org.apache.catalina.core.ApplicationContext.log HTMLManager: list: Listing contexts for virtual host 'localhost'
16-May-2018 13:52:13.432 INFO [http-nio-8080-exec-173] org.apache.catalina.core.ApplicationContext.log HTMLManager: undeploy: Undeploying web application at '/project1'
16-May-2018 13:52:13.961 INFO [http-nio-8080-exec-173] org.apache.catalina.core.ApplicationContext.log HTMLManager: list: Listing contexts for virtual host 'localhost'
16-May-2018 13:52:17.397 INFO [http-nio-8080-exec-165] org.apache.catalina.core.ApplicationContext.log HTMLManager: list: Listing contexts for virtual host 'localhost'
16-May-2018 13:53:40.471 INFO [http-nio-8080-exec-174] org.apache.catalina.core.ApplicationContext.log HTMLManager: undeploy: Undeploying web application at '/project1'
16-May-2018 13:53:41.004 INFO [http-nio-8080-exec-174] org.apache.catalina.core.ApplicationContext.log HTMLManager: list: Listing contexts for virtual host 'localhost'
16-May-2018 13:53:44.406 INFO [http-nio-8080-exec-177] org.apache.catalina.core.ApplicationContext.log HTMLManager: list: Listing contexts for virtual host 'localhost'
16-May-2018 13:54:54.998 INFO [http-nio-8080-exec-180] org.apache.catalina.core.ApplicationContext.log HTMLManager: undeploy: Undeploying web application at '/project1'
16-May-2018 13:54:55.522 INFO [http-nio-8080-exec-180] org.apache.catalina.core.ApplicationContext.log HTMLManager: list: Listing contexts for virtual host 'localhost'
16-May-2018 13:54:59.224 INFO [http-nio-8080-exec-182] org.apache.catalina.core.ApplicationContext.log HTMLManager: list: Listing contexts for virtual host 'localhost'
16-May-2018 13:56:26.870 INFO [http-nio-8080-exec-186] org.apache.catalina.core.ApplicationContext.log HTMLManager: undeploy: Undeploying web application at '/project1'
16-May-2018 13:56:27.395 INFO [http-nio-8080-exec-186] org.apache.catalina.core.ApplicationContext.log HTMLManager: list: Listing contexts for virtual host 'localhost'
16-May-2018 13:56:32.876 INFO [http-nio-8080-exec-176] org.apache.catalina.core.ApplicationContext.log HTMLManager: list: Listing contexts for virtual host 'localhost'
16-May-2018 13:58:12.190 INFO [http-nio-8080-exec-190] org.apache.catalina.core.ApplicationContext.log HTMLManager: undeploy: Undeploying web application at '/project1'
16-May-2018 13:58:12.720 INFO [http-nio-8080-exec-190] org.apache.catalina.core.ApplicationContext.log HTMLManager: list: Listing contexts for virtual host 'localhost'
16-May-2018 13:58:16.224 INFO [http-nio-8080-exec-191] org.apache.catalina.core.ApplicationContext.log HTMLManager: list: Listing contexts for virtual host 'localhost'
16-May-2018 13:59:47.609 INFO [http-nio-8080-exec-193] org.apache.catalina.core.ApplicationContext.log HTMLManager: undeploy: Undeploying web application at '/project1'
16-May-2018 13:59:48.134 INFO [http-nio-8080-exec-193] org.apache.catalina.core.ApplicationContext.log HTMLManager: list: Listing contexts for virtual host 'localhost'
16-May-2018 13:59:51.404 INFO [http-nio-8080-exec-196] org.apache.catalina.core.ApplicationContext.log HTMLManager: list: Listing contexts for virtual host 'localhost'
16-May-2018 14:11:47.161 INFO [http-nio-8080-exec-201] org.apache.catalina.core.ApplicationContext.log HTMLManager: undeploy: Undeploying web application at '/project1'
16-May-2018 14:11:47.694 INFO [http-nio-8080-exec-201] org.apache.catalina.core.ApplicationContext.log HTMLManager: list: Listing contexts for virtual host 'localhost'
16-May-2018 14:11:51.570 INFO [http-nio-8080-exec-205] org.apache.catalina.core.ApplicationContext.log HTMLManager: list: Listing contexts for virtual host 'localhost'
16-May-2018 14:15:13.062 INFO [http-nio-8080-exec-209] org.apache.catalina.core.ApplicationContext.log HTMLManager: undeploy: Undeploying web application at '/project1'
16-May-2018 14:15:13.589 INFO [http-nio-8080-exec-209] org.apache.catalina.core.ApplicationContext.log HTMLManager: list: Listing contexts for virtual host 'localhost'
16-May-2018 14:15:17.475 INFO [http-nio-8080-exec-210] org.apache.catalina.core.ApplicationContext.log HTMLManager: list: Listing contexts for virtual host 'localhost'
16-May-2018 14:16:42.592 INFO [http-nio-8080-exec-215] org.apache.catalina.core.ApplicationContext.log HTMLManager: undeploy: Undeploying web application at '/project1'
16-May-2018 14:16:43.119 INFO [http-nio-8080-exec-215] org.apache.catalina.core.ApplicationContext.log HTMLManager: list: Listing contexts for virtual host 'localhost'
16-May-2018 14:16:46.445 INFO [http-nio-8080-exec-217] org.apache.catalina.core.ApplicationContext.log HTMLManager: list: Listing contexts for virtual host 'localhost'
16-May-2018 14:21:10.083 INFO [http-nio-8080-exec-222] org.apache.catalina.core.ApplicationContext.log HTMLManager: undeploy: Undeploying web application at '/project1'
16-May-2018 14:21:10.627 INFO [http-nio-8080-exec-222] org.apache.catalina.core.ApplicationContext.log HTMLManager: list: Listing contexts for virtual host 'localhost'
16-May-2018 14:21:14.431 INFO [http-nio-8080-exec-218] org.apache.catalina.core.ApplicationContext.log HTMLManager: list: Listing contexts for virtual host 'localhost'
16-May-2018 15:27:33.496 INFO [http-nio-8080-exec-234] org.apache.catalina.core.ApplicationContext.log HTMLManager: list: Listing contexts for virtual host 'localhost'
16-May-2018 15:27:35.622 INFO [http-nio-8080-exec-235] org.apache.catalina.core.ApplicationContext.log HTMLManager: undeploy: Undeploying web application at '/project1'
16-May-2018 15:27:36.181 INFO [http-nio-8080-exec-235] org.apache.catalina.core.ApplicationContext.log HTMLManager: list: Listing contexts for virtual host 'localhost'
16-May-2018 15:27:39.379 INFO [http-nio-8080-exec-232] org.apache.catalina.core.ApplicationContext.log HTMLManager: list: Listing contexts for virtual host 'localhost'
16-May-2018 15:30:51.693 INFO [http-nio-8080-exec-242] org.apache.catalina.core.ApplicationContext.log HTMLManager: undeploy: Undeploying web application at '/project1'
16-May-2018 15:30:52.223 INFO [http-nio-8080-exec-242] org.apache.catalina.core.ApplicationContext.log HTMLManager: list: Listing contexts for virtual host 'localhost'
16-May-2018 15:30:59.100 INFO [http-nio-8080-exec-247] org.apache.catalina.core.ApplicationContext.log HTMLManager: list: Listing contexts for virtual host 'localhost'
16-May-2018 15:32:41.056 INFO [http-nio-8080-exec-251] org.apache.catalina.core.ApplicationContext.log HTMLManager: undeploy: Undeploying web application at '/project1'
16-May-2018 15:32:41.848 INFO [http-nio-8080-exec-251] org.apache.catalina.core.ApplicationContext.log HTMLManager: list: Listing contexts for virtual host 'localhost'
16-May-2018 15:32:45.446 INFO [http-nio-8080-exec-246] org.apache.catalina.core.ApplicationContext.log HTMLManager: list: Listing contexts for virtual host 'localhost'
16-May-2018 15:35:05.200 INFO [http-nio-8080-exec-253] org.apache.catalina.core.ApplicationContext.log HTMLManager: undeploy: Undeploying web application at '/project1'
16-May-2018 15:35:05.721 INFO [http-nio-8080-exec-253] org.apache.catalina.core.ApplicationContext.log HTMLManager: list: Listing contexts for virtual host 'localhost'
16-May-2018 15:35:08.979 INFO [http-nio-8080-exec-255] org.apache.catalina.core.ApplicationContext.log HTMLManager: list: Listing contexts for virtual host 'localhost'
16-May-2018 15:36:16.638 INFO [http-nio-8080-exec-261] org.apache.catalina.core.ApplicationContext.log HTMLManager: undeploy: Undeploying web application at '/project1'
16-May-2018 15:36:17.177 INFO [http-nio-8080-exec-261] org.apache.catalina.core.ApplicationContext.log HTMLManager: list: Listing contexts for virtual host 'localhost'
16-May-2018 15:36:22.327 INFO [http-nio-8080-exec-258] org.apache.catalina.core.ApplicationContext.log HTMLManager: list: Listing contexts for virtual host 'localhost'
16-May-2018 15:39:14.621 INFO [http-nio-8080-exec-264] org.apache.catalina.core.ApplicationContext.log HTMLManager: undeploy: Undeploying web application at '/project1'
16-May-2018 15:39:15.153 INFO [http-nio-8080-exec-264] org.apache.catalina.core.ApplicationContext.log HTMLManager: list: Listing contexts for virtual host 'localhost'
16-May-2018 15:39:18.611 INFO [http-nio-8080-exec-263] org.apache.catalina.core.ApplicationContext.log HTMLManager: list: Listing contexts for virtual host 'localhost'
16-May-2018 15:45:16.637 INFO [http-nio-8080-exec-275] org.apache.catalina.core.ApplicationContext.log HTMLManager: list: Listing contexts for virtual host 'localhost'
16-May-2018 15:45:18.544 INFO [http-nio-8080-exec-274] org.apache.catalina.core.ApplicationContext.log HTMLManager: undeploy: Undeploying web application at '/project1'
16-May-2018 15:45:19.082 INFO [http-nio-8080-exec-274] org.apache.catalina.core.ApplicationContext.log HTMLManager: list: Listing contexts for virtual host 'localhost'
16-May-2018 15:45:22.476 INFO [http-nio-8080-exec-270] org.apache.catalina.core.ApplicationContext.log HTMLManager: list: Listing contexts for virtual host 'localhost'
16-May-2018 15:47:34.353 INFO [http-nio-8080-exec-279] org.apache.catalina.core.ApplicationContext.log HTMLManager: undeploy: Undeploying web application at '/project1'
16-May-2018 15:47:34.875 INFO [http-nio-8080-exec-279] org.apache.catalina.core.ApplicationContext.log HTMLManager: list: Listing contexts for virtual host 'localhost'
16-May-2018 15:47:37.945 INFO [http-nio-8080-exec-278] org.apache.catalina.core.ApplicationContext.log HTMLManager: list: Listing contexts for virtual host 'localhost'
16-May-2018 15:52:18.149 INFO [http-nio-8080-exec-283] org.apache.catalina.core.ApplicationContext.log HTMLManager: undeploy: Undeploying web application at '/project1'
16-May-2018 15:52:18.685 INFO [http-nio-8080-exec-283] org.apache.catalina.core.ApplicationContext.log HTMLManager: list: Listing contexts for virtual host 'localhost'
16-May-2018 15:52:21.824 INFO [http-nio-8080-exec-287] org.apache.catalina.core.ApplicationContext.log HTMLManager: list: Listing contexts for virtual host 'localhost'
16-May-2018 15:53:49.355 INFO [http-nio-8080-exec-293] org.apache.catalina.core.ApplicationContext.log HTMLManager: undeploy: Undeploying web application at '/project1'
16-May-2018 15:53:49.878 INFO [http-nio-8080-exec-293] org.apache.catalina.core.ApplicationContext.log HTMLManager: list: Listing contexts for virtual host 'localhost'
16-May-2018 15:53:53.514 INFO [http-nio-8080-exec-292] org.apache.catalina.core.ApplicationContext.log HTMLManager: list: Listing contexts for virtual host 'localhost'
16-May-2018 15:55:26.961 INFO [http-nio-8080-exec-297] org.apache.catalina.core.ApplicationContext.log HTMLManager: undeploy: Undeploying web application at '/project1'
16-May-2018 15:55:27.485 INFO [http-nio-8080-exec-297] org.apache.catalina.core.ApplicationContext.log HTMLManager: list: Listing contexts for virtual host 'localhost'
16-May-2018 15:55:30.825 INFO [http-nio-8080-exec-289] org.apache.catalina.core.ApplicationContext.log HTMLManager: list: Listing contexts for virtual host 'localhost'
16-May-2018 15:56:39.313 INFO [http-nio-8080-exec-291] org.apache.catalina.core.ApplicationContext.log HTMLManager: undeploy: Undeploying web application at '/project1'
16-May-2018 15:56:39.837 INFO [http-nio-8080-exec-291] org.apache.catalina.core.ApplicationContext.log HTMLManager: list: Listing contexts for virtual host 'localhost'
16-May-2018 15:56:43.209 INFO [http-nio-8080-exec-300] org.apache.catalina.core.ApplicationContext.log HTMLManager: list: Listing contexts for virtual host 'localhost'
16-May-2018 15:58:45.636 INFO [http-nio-8080-exec-305] org.apache.catalina.core.ApplicationContext.log HTMLManager: undeploy: Undeploying web application at '/project1'
16-May-2018 15:58:46.181 INFO [http-nio-8080-exec-305] org.apache.catalina.core.ApplicationContext.log HTMLManager: list: Listing contexts for virtual host 'localhost'
16-May-2018 15:58:49.371 INFO [http-nio-8080-exec-307] org.apache.catalina.core.ApplicationContext.log HTMLManager: list: Listing contexts for virtual host 'localhost'
16-May-2018 16:00:34.242 INFO [http-nio-8080-exec-308] org.apache.catalina.core.ApplicationContext.log HTMLManager: undeploy: Undeploying web application at '/project1'
16-May-2018 16:00:34.769 INFO [http-nio-8080-exec-308] org.apache.catalina.core.ApplicationContext.log HTMLManager: list: Listing contexts for virtual host 'localhost'
16-May-2018 16:00:38.213 INFO [http-nio-8080-exec-312] org.apache.catalina.core.ApplicationContext.log HTMLManager: list: Listing contexts for virtual host 'localhost'
16-May-2018 16:04:21.108 INFO [http-nio-8080-exec-315] org.apache.catalina.core.ApplicationContext.log HTMLManager: undeploy: Undeploying web application at '/project1'
16-May-2018 16:04:21.630 INFO [http-nio-8080-exec-315] org.apache.catalina.core.ApplicationContext.log HTMLManager: list: Listing contexts for virtual host 'localhost'
16-May-2018 16:04:26.561 INFO [http-nio-8080-exec-319] org.apache.catalina.core.ApplicationContext.log HTMLManager: list: Listing contexts for virtual host 'localhost'
16-May-2018 16:06:33.266 INFO [http-nio-8080-exec-320] org.apache.catalina.core.ApplicationContext.log HTMLManager: undeploy: Undeploying web application at '/project1'
16-May-2018 16:06:33.792 INFO [http-nio-8080-exec-320] org.apache.catalina.core.ApplicationContext.log HTMLManager: list: Listing contexts for virtual host 'localhost'
16-May-2018 16:06:37.039 INFO [http-nio-8080-exec-321] org.apache.catalina.core.ApplicationContext.log HTMLManager: list: Listing contexts for virtual host 'localhost'
16-May-2018 16:08:32.844 INFO [http-nio-8080-exec-328] org.apache.catalina.core.ApplicationContext.log HTMLManager: undeploy: Undeploying web application at '/project1'
16-May-2018 16:08:33.366 INFO [http-nio-8080-exec-328] org.apache.catalina.core.ApplicationContext.log HTMLManager: list: Listing contexts for virtual host 'localhost'
16-May-2018 16:08:37.735 INFO [http-nio-8080-exec-322] org.apache.catalina.core.ApplicationContext.log HTMLManager: list: Listing contexts for virtual host 'localhost'
16-May-2018 16:12:54.283 INFO [http-nio-8080-exec-332] org.apache.catalina.core.ApplicationContext.log HTMLManager: undeploy: Undeploying web application at '/project1'
16-May-2018 16:12:54.815 INFO [http-nio-8080-exec-332] org.apache.catalina.core.ApplicationContext.log HTMLManager: list: Listing contexts for virtual host 'localhost'
16-May-2018 16:12:57.970 INFO [http-nio-8080-exec-336] org.apache.catalina.core.ApplicationContext.log HTMLManager: list: Listing contexts for virtual host 'localhost'
16-May-2018 16:14:38.555 INFO [http-nio-8080-exec-339] org.apache.catalina.core.ApplicationContext.log HTMLManager: undeploy: Undeploying web application at '/project1'
16-May-2018 16:14:39.235 INFO [http-nio-8080-exec-339] org.apache.catalina.core.ApplicationContext.log HTMLManager: list: Listing contexts for virtual host 'localhost'
16-May-2018 16:14:42.382 INFO [http-nio-8080-exec-334] org.apache.catalina.core.ApplicationContext.log HTMLManager: list: Listing contexts for virtual host 'localhost'
16-May-2018 16:18:57.659 INFO [http-nio-8080-exec-346] org.apache.catalina.core.ApplicationContext.log HTMLManager: undeploy: Undeploying web application at '/project1'
16-May-2018 16:18:58.181 INFO [http-nio-8080-exec-346] org.apache.catalina.core.ApplicationContext.log HTMLManager: list: Listing contexts for virtual host 'localhost'
16-May-2018 16:19:01.540 INFO [http-nio-8080-exec-342] org.apache.catalina.core.ApplicationContext.log HTMLManager: list: Listing contexts for virtual host 'localhost'
16-May-2018 21:19:44.918 INFO [http-nio-8080-exec-350] org.apache.catalina.core.ApplicationContext.log HTMLManager: list: Listing contexts for virtual host 'localhost'
16-May-2018 21:19:47.032 INFO [http-nio-8080-exec-351] org.apache.catalina.core.ApplicationContext.log HTMLManager: restart: Reloading web application '/project1'
16-May-2018 21:19:47.350 INFO [http-nio-8080-exec-351] org.apache.catalina.core.ApplicationContext.log HTMLManager: list: Listing contexts for virtual host 'localhost'
16-May-2018 21:23:34.053 INFO [http-nio-8080-exec-360] org.apache.catalina.core.ApplicationContext.log HTMLManager: undeploy: Undeploying web application at '/project1'
16-May-2018 21:23:34.573 INFO [http-nio-8080-exec-360] org.apache.catalina.core.ApplicationContext.log HTMLManager: list: Listing contexts for virtual host 'localhost'
16-May-2018 21:23:40.311 INFO [http-nio-8080-exec-353] org.apache.catalina.core.ApplicationContext.log HTMLManager: list: Listing contexts for virtual host 'localhost'
16-May-2018 22:05:36.757 INFO [http-nio-8080-exec-365] org.apache.catalina.core.ApplicationContext.log HTMLManager: list: Listing contexts for virtual host 'localhost'
16-May-2018 22:05:38.591 INFO [http-nio-8080-exec-367] org.apache.catalina.core.ApplicationContext.log HTMLManager: undeploy: Undeploying web application at '/project1'
16-May-2018 22:05:39.120 INFO [http-nio-8080-exec-367] org.apache.catalina.core.ApplicationContext.log HTMLManager: list: Listing contexts for virtual host 'localhost'
16-May-2018 22:05:43.225 INFO [http-nio-8080-exec-364] org.apache.catalina.core.ApplicationContext.log HTMLManager: list: Listing contexts for virtual host 'localhost'
