29-May-2018 11:21:19.147 INFO [http-nio-8080-exec-2] org.apache.catalina.core.ApplicationContext.log HTMLManager: init: Associated with Deployer 'Catalina:type=Deployer,host=localhost'
29-May-2018 11:21:19.147 INFO [http-nio-8080-exec-2] org.apache.catalina.core.ApplicationContext.log HTMLManager: init: Global resources are available
29-May-2018 11:21:19.160 INFO [http-nio-8080-exec-2] org.apache.catalina.core.ApplicationContext.log HTMLManager: list: Listing contexts for virtual host 'localhost'
29-May-2018 11:26:53.818 INFO [http-nio-8080-exec-6] org.apache.catalina.core.ApplicationContext.log HTMLManager: undeploy: Undeploying web application at '/project1'
29-May-2018 11:26:54.375 INFO [http-nio-8080-exec-6] org.apache.catalina.core.ApplicationContext.log HTMLManager: list: Listing contexts for virtual host 'localhost'
29-May-2018 11:27:07.295 INFO [http-nio-8080-exec-1] org.apache.catalina.core.ApplicationContext.log HTMLManager: list: Listing contexts for virtual host 'localhost'
29-May-2018 11:45:52.995 INFO [http-nio-8080-exec-11] org.apache.catalina.core.ApplicationContext.log HTMLManager: undeploy: Undeploying web application at '/project1'
29-May-2018 11:45:53.549 INFO [http-nio-8080-exec-11] org.apache.catalina.core.ApplicationContext.log HTMLManager: list: Listing contexts for virtual host 'localhost'
29-May-2018 11:45:57.096 INFO [http-nio-8080-exec-15] org.apache.catalina.core.ApplicationContext.log HTMLManager: list: Listing contexts for virtual host 'localhost'
29-May-2018 12:03:29.624 INFO [http-nio-8080-exec-21] org.apache.catalina.core.ApplicationContext.log HTMLManager: undeploy: Undeploying web application at '/project1'
29-May-2018 12:03:30.205 INFO [http-nio-8080-exec-21] org.apache.catalina.core.ApplicationContext.log HTMLManager: list: Listing contexts for virtual host 'localhost'
29-May-2018 12:03:30.877 INFO [http-nio-8080-exec-24] org.apache.catalina.core.ApplicationContext.log HTMLManager: undeploy: Undeploying web application at '/project1'
29-May-2018 12:03:30.877 INFO [http-nio-8080-exec-24] org.apache.catalina.core.ApplicationContext.log HTMLManager: list: Listing contexts for virtual host 'localhost'
29-May-2018 12:03:36.045 INFO [http-nio-8080-exec-25] org.apache.catalina.core.ApplicationContext.log HTMLManager: list: Listing contexts for virtual host 'localhost'
29-May-2018 12:07:59.880 INFO [http-nio-8080-exec-31] org.apache.catalina.core.ApplicationContext.log HTMLManager: restart: Reloading web application '/project1'
29-May-2018 12:08:00.265 INFO [http-nio-8080-exec-31] org.apache.catalina.core.ApplicationContext.log HTMLManager: list: Listing contexts for virtual host 'localhost'
29-May-2018 12:08:04.292 INFO [http-nio-8080-exec-36] org.apache.catalina.core.ApplicationContext.log HTMLManager: undeploy: Undeploying web application at '/project1'
29-May-2018 12:08:04.831 INFO [http-nio-8080-exec-36] org.apache.catalina.core.ApplicationContext.log HTMLManager: list: Listing contexts for virtual host 'localhost'
29-May-2018 12:08:08.909 INFO [http-nio-8080-exec-33] org.apache.catalina.core.ApplicationContext.log HTMLManager: list: Listing contexts for virtual host 'localhost'
29-May-2018 12:10:00.887 INFO [http-nio-8080-exec-41] org.apache.catalina.core.ApplicationContext.log HTMLManager: undeploy: Undeploying web application at '/project1'
29-May-2018 12:10:01.433 INFO [http-nio-8080-exec-41] org.apache.catalina.core.ApplicationContext.log HTMLManager: list: Listing contexts for virtual host 'localhost'
29-May-2018 12:10:06.153 INFO [http-nio-8080-exec-43] org.apache.catalina.core.ApplicationContext.log HTMLManager: list: Listing contexts for virtual host 'localhost'
29-May-2018 12:12:14.285 INFO [http-nio-8080-exec-46] org.apache.catalina.core.ApplicationContext.log HTMLManager: undeploy: Undeploying web application at '/project1'
29-May-2018 12:12:14.818 INFO [http-nio-8080-exec-46] org.apache.catalina.core.ApplicationContext.log HTMLManager: list: Listing contexts for virtual host 'localhost'
29-May-2018 12:12:18.104 INFO [http-nio-8080-exec-37] org.apache.catalina.core.ApplicationContext.log HTMLManager: list: Listing contexts for virtual host 'localhost'
29-May-2018 12:20:07.999 INFO [http-nio-8080-exec-52] org.apache.catalina.core.ApplicationContext.log HTMLManager: undeploy: Undeploying web application at '/project1'
29-May-2018 12:20:08.581 INFO [http-nio-8080-exec-52] org.apache.catalina.core.ApplicationContext.log HTMLManager: list: Listing contexts for virtual host 'localhost'
29-May-2018 12:20:13.326 INFO [http-nio-8080-exec-58] org.apache.catalina.core.ApplicationContext.log HTMLManager: list: Listing contexts for virtual host 'localhost'
29-May-2018 12:25:07.441 INFO [http-nio-8080-exec-62] org.apache.catalina.core.ApplicationContext.log HTMLManager: undeploy: Undeploying web application at '/project1'
29-May-2018 12:25:08.005 INFO [http-nio-8080-exec-62] org.apache.catalina.core.ApplicationContext.log HTMLManager: list: Listing contexts for virtual host 'localhost'
29-May-2018 12:25:11.694 INFO [http-nio-8080-exec-63] org.apache.catalina.core.ApplicationContext.log HTMLManager: list: Listing contexts for virtual host 'localhost'
29-May-2018 12:30:05.365 INFO [http-nio-8080-exec-70] org.apache.catalina.core.ApplicationContext.log HTMLManager: undeploy: Undeploying web application at '/project1'
29-May-2018 12:30:05.911 INFO [http-nio-8080-exec-70] org.apache.catalina.core.ApplicationContext.log HTMLManager: list: Listing contexts for virtual host 'localhost'
29-May-2018 12:30:09.479 INFO [http-nio-8080-exec-77] org.apache.catalina.core.ApplicationContext.log HTMLManager: list: Listing contexts for virtual host 'localhost'
29-May-2018 12:35:19.634 INFO [http-nio-8080-exec-78] org.apache.catalina.core.ApplicationContext.log HTMLManager: undeploy: Undeploying web application at '/project1'
29-May-2018 12:35:20.215 INFO [http-nio-8080-exec-78] org.apache.catalina.core.ApplicationContext.log HTMLManager: list: Listing contexts for virtual host 'localhost'
29-May-2018 12:35:53.770 INFO [http-nio-8080-exec-85] org.apache.catalina.core.ApplicationContext.log HTMLManager: list: Listing contexts for virtual host 'localhost'
29-May-2018 12:44:58.879 INFO [http-nio-8080-exec-87] org.apache.catalina.core.ApplicationContext.log HTMLManager: undeploy: Undeploying web application at '/project1'
29-May-2018 12:44:59.440 INFO [http-nio-8080-exec-87] org.apache.catalina.core.ApplicationContext.log HTMLManager: list: Listing contexts for virtual host 'localhost'
29-May-2018 12:45:13.619 INFO [http-nio-8080-exec-94] org.apache.catalina.core.ApplicationContext.log HTMLManager: list: Listing contexts for virtual host 'localhost'
29-May-2018 12:47:39.194 INFO [http-nio-8080-exec-97] org.apache.catalina.core.ApplicationContext.log HTMLManager: undeploy: Undeploying web application at '/project1'
29-May-2018 12:47:39.716 INFO [http-nio-8080-exec-97] org.apache.catalina.core.ApplicationContext.log HTMLManager: list: Listing contexts for virtual host 'localhost'
29-May-2018 12:48:36.425 INFO [http-nio-8080-exec-98] org.apache.catalina.core.ApplicationContext.log HTMLManager: list: Listing contexts for virtual host 'localhost'
29-May-2018 12:53:49.716 INFO [http-nio-8080-exec-104] org.apache.catalina.core.ApplicationContext.log HTMLManager: undeploy: Undeploying web application at '/project1'
29-May-2018 12:53:50.274 INFO [http-nio-8080-exec-104] org.apache.catalina.core.ApplicationContext.log HTMLManager: list: Listing contexts for virtual host 'localhost'
29-May-2018 12:53:53.562 INFO [http-nio-8080-exec-109] org.apache.catalina.core.ApplicationContext.log HTMLManager: list: Listing contexts for virtual host 'localhost'
29-May-2018 13:02:54.208 INFO [http-nio-8080-exec-113] org.apache.catalina.core.ApplicationContext.log HTMLManager: undeploy: Undeploying web application at '/project1'
29-May-2018 13:02:54.760 INFO [http-nio-8080-exec-113] org.apache.catalina.core.ApplicationContext.log HTMLManager: list: Listing contexts for virtual host 'localhost'
29-May-2018 13:02:59.695 INFO [http-nio-8080-exec-116] org.apache.catalina.core.ApplicationContext.log HTMLManager: list: Listing contexts for virtual host 'localhost'
29-May-2018 13:10:39.312 INFO [http-nio-8080-exec-123] org.apache.catalina.core.ApplicationContext.log HTMLManager: undeploy: Undeploying web application at '/project1'
29-May-2018 13:10:39.882 INFO [http-nio-8080-exec-123] org.apache.catalina.core.ApplicationContext.log HTMLManager: list: Listing contexts for virtual host 'localhost'
29-May-2018 13:10:43.131 INFO [http-nio-8080-exec-132] org.apache.catalina.core.ApplicationContext.log HTMLManager: list: Listing contexts for virtual host 'localhost'
29-May-2018 13:20:09.908 INFO [http-nio-8080-exec-133] org.apache.catalina.core.ApplicationContext.log HTMLManager: undeploy: Undeploying web application at '/project1'
29-May-2018 13:20:10.531 INFO [http-nio-8080-exec-133] org.apache.catalina.core.ApplicationContext.log HTMLManager: list: Listing contexts for virtual host 'localhost'
29-May-2018 13:20:16.709 INFO [http-nio-8080-exec-140] org.apache.catalina.core.ApplicationContext.log HTMLManager: list: Listing contexts for virtual host 'localhost'
29-May-2018 13:20:40.480 INFO [http-nio-8080-exec-138] org.apache.catalina.core.ApplicationContext.log HTMLManager: undeploy: Undeploying web application at '/project1'
29-May-2018 13:20:41.003 INFO [http-nio-8080-exec-138] org.apache.catalina.core.ApplicationContext.log HTMLManager: list: Listing contexts for virtual host 'localhost'
29-May-2018 13:20:45.547 INFO [http-nio-8080-exec-146] org.apache.catalina.core.ApplicationContext.log HTMLManager: list: Listing contexts for virtual host 'localhost'
29-May-2018 13:28:43.630 INFO [http-nio-8080-exec-148] org.apache.catalina.core.ApplicationContext.log HTMLManager: undeploy: Undeploying web application at '/project1'
29-May-2018 13:28:44.200 INFO [http-nio-8080-exec-148] org.apache.catalina.core.ApplicationContext.log HTMLManager: list: Listing contexts for virtual host 'localhost'
29-May-2018 13:28:47.893 INFO [http-nio-8080-exec-150] org.apache.catalina.core.ApplicationContext.log HTMLManager: list: Listing contexts for virtual host 'localhost'
29-May-2018 13:33:07.466 INFO [http-nio-8080-exec-157] org.apache.catalina.core.ApplicationContext.log HTMLManager: undeploy: Undeploying web application at '/project1'
29-May-2018 13:33:08.025 INFO [http-nio-8080-exec-157] org.apache.catalina.core.ApplicationContext.log HTMLManager: list: Listing contexts for virtual host 'localhost'
29-May-2018 13:33:11.088 INFO [http-nio-8080-exec-158] org.apache.catalina.core.ApplicationContext.log HTMLManager: list: Listing contexts for virtual host 'localhost'
29-May-2018 13:34:45.873 INFO [http-nio-8080-exec-165] org.apache.catalina.core.ApplicationContext.log HTMLManager: undeploy: Undeploying web application at '/project1'
29-May-2018 13:34:46.412 INFO [http-nio-8080-exec-165] org.apache.catalina.core.ApplicationContext.log HTMLManager: list: Listing contexts for virtual host 'localhost'
29-May-2018 13:34:50.289 INFO [http-nio-8080-exec-164] org.apache.catalina.core.ApplicationContext.log HTMLManager: list: Listing contexts for virtual host 'localhost'
29-May-2018 13:36:50.179 INFO [http-nio-8080-exec-172] org.apache.catalina.core.ApplicationContext.log HTMLManager: undeploy: Undeploying web application at '/project1'
29-May-2018 13:36:50.715 INFO [http-nio-8080-exec-172] org.apache.catalina.core.ApplicationContext.log HTMLManager: list: Listing contexts for virtual host 'localhost'
29-May-2018 13:36:54.032 INFO [http-nio-8080-exec-170] org.apache.catalina.core.ApplicationContext.log HTMLManager: list: Listing contexts for virtual host 'localhost'
29-May-2018 13:40:20.452 INFO [http-nio-8080-exec-176] org.apache.catalina.core.ApplicationContext.log HTMLManager: undeploy: Undeploying web application at '/project1'
29-May-2018 13:40:21.012 INFO [http-nio-8080-exec-176] org.apache.catalina.core.ApplicationContext.log HTMLManager: list: Listing contexts for virtual host 'localhost'
29-May-2018 13:40:24.209 INFO [http-nio-8080-exec-179] org.apache.catalina.core.ApplicationContext.log HTMLManager: list: Listing contexts for virtual host 'localhost'
29-May-2018 13:43:32.924 INFO [http-nio-8080-exec-183] org.apache.catalina.core.ApplicationContext.log HTMLManager: undeploy: Undeploying web application at '/project1'
29-May-2018 13:43:33.500 INFO [http-nio-8080-exec-183] org.apache.catalina.core.ApplicationContext.log HTMLManager: list: Listing contexts for virtual host 'localhost'
29-May-2018 13:43:37.158 INFO [http-nio-8080-exec-178] org.apache.catalina.core.ApplicationContext.log HTMLManager: list: Listing contexts for virtual host 'localhost'
29-May-2018 13:45:47.396 INFO [http-nio-8080-exec-190] org.apache.catalina.core.ApplicationContext.log HTMLManager: undeploy: Undeploying web application at '/project1'
29-May-2018 13:45:47.931 INFO [http-nio-8080-exec-190] org.apache.catalina.core.ApplicationContext.log HTMLManager: list: Listing contexts for virtual host 'localhost'
29-May-2018 13:45:51.269 INFO [http-nio-8080-exec-189] org.apache.catalina.core.ApplicationContext.log HTMLManager: list: Listing contexts for virtual host 'localhost'
29-May-2018 13:49:06.801 INFO [http-nio-8080-exec-196] org.apache.catalina.core.ApplicationContext.log HTMLManager: undeploy: Undeploying web application at '/project1'
29-May-2018 13:49:07.365 INFO [http-nio-8080-exec-196] org.apache.catalina.core.ApplicationContext.log HTMLManager: list: Listing contexts for virtual host 'localhost'
29-May-2018 13:49:10.727 INFO [http-nio-8080-exec-197] org.apache.catalina.core.ApplicationContext.log HTMLManager: list: Listing contexts for virtual host 'localhost'
29-May-2018 13:51:18.182 INFO [http-nio-8080-exec-203] org.apache.catalina.core.ApplicationContext.log HTMLManager: undeploy: Undeploying web application at '/project1'
29-May-2018 13:51:18.715 INFO [http-nio-8080-exec-203] org.apache.catalina.core.ApplicationContext.log HTMLManager: list: Listing contexts for virtual host 'localhost'
29-May-2018 13:51:22.852 INFO [http-nio-8080-exec-207] org.apache.catalina.core.ApplicationContext.log HTMLManager: list: Listing contexts for virtual host 'localhost'
29-May-2018 14:00:30.787 INFO [http-nio-8080-exec-209] org.apache.catalina.core.ApplicationContext.log HTMLManager: undeploy: Undeploying web application at '/project1'
29-May-2018 14:00:31.344 INFO [http-nio-8080-exec-209] org.apache.catalina.core.ApplicationContext.log HTMLManager: list: Listing contexts for virtual host 'localhost'
29-May-2018 14:00:34.459 INFO [http-nio-8080-exec-210] org.apache.catalina.core.ApplicationContext.log HTMLManager: list: Listing contexts for virtual host 'localhost'
29-May-2018 14:20:18.769 INFO [http-nio-8080-exec-219] org.apache.catalina.core.ApplicationContext.log HTMLManager: undeploy: Undeploying web application at '/project1'
29-May-2018 14:20:19.311 INFO [http-nio-8080-exec-219] org.apache.catalina.core.ApplicationContext.log HTMLManager: list: Listing contexts for virtual host 'localhost'
29-May-2018 14:20:22.558 INFO [http-nio-8080-exec-224] org.apache.catalina.core.ApplicationContext.log HTMLManager: list: Listing contexts for virtual host 'localhost'
29-May-2018 14:41:24.456 INFO [http-nio-8080-exec-229] org.apache.catalina.core.ApplicationContext.log HTMLManager: undeploy: Undeploying web application at '/project1'
29-May-2018 14:41:24.999 INFO [http-nio-8080-exec-229] org.apache.catalina.core.ApplicationContext.log HTMLManager: list: Listing contexts for virtual host 'localhost'
29-May-2018 14:41:28.939 INFO [http-nio-8080-exec-236] org.apache.catalina.core.ApplicationContext.log HTMLManager: list: Listing contexts for virtual host 'localhost'
29-May-2018 14:42:40.208 INFO [http-nio-8080-exec-239] org.apache.catalina.core.ApplicationContext.log HTMLManager: undeploy: Undeploying web application at '/project1'
29-May-2018 14:42:40.761 INFO [http-nio-8080-exec-239] org.apache.catalina.core.ApplicationContext.log HTMLManager: list: Listing contexts for virtual host 'localhost'
29-May-2018 14:42:44.124 INFO [http-nio-8080-exec-231] org.apache.catalina.core.ApplicationContext.log HTMLManager: list: Listing contexts for virtual host 'localhost'
29-May-2018 14:44:25.772 INFO [http-nio-8080-exec-1] org.apache.catalina.core.ApplicationContext.log HTMLManager: init: Associated with Deployer 'Catalina:type=Deployer,host=localhost'
29-May-2018 14:44:25.772 INFO [http-nio-8080-exec-1] org.apache.catalina.core.ApplicationContext.log HTMLManager: init: Global resources are available
29-May-2018 14:44:25.838 INFO [http-nio-8080-exec-1] org.apache.catalina.core.ApplicationContext.log HTMLManager: list: Listing contexts for virtual host 'localhost'
29-May-2018 14:44:27.131 INFO [http-nio-8080-exec-2] org.apache.catalina.core.ApplicationContext.log HTMLManager: undeploy: Undeploying web application at '/project1'
29-May-2018 14:44:27.680 INFO [http-nio-8080-exec-2] org.apache.catalina.core.ApplicationContext.log HTMLManager: list: Listing contexts for virtual host 'localhost'
29-May-2018 14:44:31.877 INFO [http-nio-8080-exec-1] org.apache.catalina.core.ApplicationContext.log HTMLManager: list: Listing contexts for virtual host 'localhost'
29-May-2018 15:39:24.618 INFO [http-nio-8080-exec-12] org.apache.catalina.core.ApplicationContext.log HTMLManager: list: Listing contexts for virtual host 'localhost'
29-May-2018 15:39:28.061 INFO [http-nio-8080-exec-13] org.apache.catalina.core.ApplicationContext.log HTMLManager: restart: Reloading web application '/project1'
29-May-2018 15:39:28.297 INFO [http-nio-8080-exec-13] org.apache.catalina.core.ApplicationContext.log HTMLManager: list: Listing contexts for virtual host 'localhost'
29-May-2018 15:40:57.631 INFO [http-nio-8080-exec-18] org.apache.catalina.core.ApplicationContext.log HTMLManager: undeploy: Undeploying web application at '/project1'
29-May-2018 15:40:58.196 INFO [http-nio-8080-exec-18] org.apache.catalina.core.ApplicationContext.log HTMLManager: list: Listing contexts for virtual host 'localhost'
29-May-2018 15:41:01.617 INFO [http-nio-8080-exec-16] org.apache.catalina.core.ApplicationContext.log HTMLManager: list: Listing contexts for virtual host 'localhost'
29-May-2018 15:42:48.214 INFO [http-nio-8080-exec-24] org.apache.catalina.core.ApplicationContext.log HTMLManager: undeploy: Undeploying web application at '/project1'
29-May-2018 15:42:48.767 INFO [http-nio-8080-exec-24] org.apache.catalina.core.ApplicationContext.log HTMLManager: list: Listing contexts for virtual host 'localhost'
29-May-2018 15:42:52.180 INFO [http-nio-8080-exec-23] org.apache.catalina.core.ApplicationContext.log HTMLManager: list: Listing contexts for virtual host 'localhost'
29-May-2018 16:04:22.209 INFO [http-nio-8080-exec-27] org.apache.catalina.core.ApplicationContext.log HTMLManager: undeploy: Undeploying web application at '/project1'
29-May-2018 16:04:22.760 INFO [http-nio-8080-exec-27] org.apache.catalina.core.ApplicationContext.log HTMLManager: list: Listing contexts for virtual host 'localhost'
29-May-2018 16:04:26.560 INFO [http-nio-8080-exec-28] org.apache.catalina.core.ApplicationContext.log HTMLManager: list: Listing contexts for virtual host 'localhost'
29-May-2018 16:06:33.060 INFO [http-nio-8080-exec-37] org.apache.catalina.core.ApplicationContext.log HTMLManager: undeploy: Undeploying web application at '/project1'
29-May-2018 16:06:33.597 INFO [http-nio-8080-exec-37] org.apache.catalina.core.ApplicationContext.log HTMLManager: list: Listing contexts for virtual host 'localhost'
29-May-2018 16:06:37.000 INFO [http-nio-8080-exec-39] org.apache.catalina.core.ApplicationContext.log HTMLManager: list: Listing contexts for virtual host 'localhost'
29-May-2018 16:10:55.575 INFO [http-nio-8080-exec-43] org.apache.catalina.core.ApplicationContext.log HTMLManager: undeploy: Undeploying web application at '/project1'
29-May-2018 16:10:56.116 INFO [http-nio-8080-exec-43] org.apache.catalina.core.ApplicationContext.log HTMLManager: list: Listing contexts for virtual host 'localhost'
29-May-2018 16:11:00.413 INFO [http-nio-8080-exec-45] org.apache.catalina.core.ApplicationContext.log HTMLManager: list: Listing contexts for virtual host 'localhost'
29-May-2018 16:16:28.455 INFO [http-nio-8080-exec-51] org.apache.catalina.core.ApplicationContext.log HTMLManager: undeploy: Undeploying web application at '/project1'
29-May-2018 16:16:28.991 INFO [http-nio-8080-exec-51] org.apache.catalina.core.ApplicationContext.log HTMLManager: list: Listing contexts for virtual host 'localhost'
29-May-2018 16:31:52.377 INFO [http-nio-8080-exec-60] org.apache.catalina.core.ApplicationContext.log HTMLManager: list: Listing contexts for virtual host 'localhost'
