15-May-2018 11:16:53.622 INFO [https-jsse-nio-8443-exec-10] org.apache.catalina.core.ApplicationContext.log HTMLManager: init: Associated with Deployer 'Catalina:type=Deployer,host=localhost'
15-May-2018 11:16:53.622 INFO [https-jsse-nio-8443-exec-10] org.apache.catalina.core.ApplicationContext.log HTMLManager: init: Global resources are available
15-May-2018 11:16:53.638 INFO [https-jsse-nio-8443-exec-10] org.apache.catalina.core.ApplicationContext.log HTMLManager: list: Listing contexts for virtual host 'localhost'
15-May-2018 11:16:56.398 INFO [https-jsse-nio-8443-exec-1] org.apache.catalina.core.ApplicationContext.log HTMLManager: undeploy: Undeploying web application at '/project1'
15-May-2018 11:16:56.931 INFO [https-jsse-nio-8443-exec-1] org.apache.catalina.core.ApplicationContext.log HTMLManager: list: Listing contexts for virtual host 'localhost'
15-May-2018 11:17:12.084 INFO [https-jsse-nio-8443-exec-6] org.apache.catalina.core.ApplicationContext.log HTMLManager: list: Listing contexts for virtual host 'localhost'
15-May-2018 11:19:45.801 INFO [https-jsse-nio-8443-exec-19] org.apache.catalina.core.ApplicationContext.log HTMLManager: list: Listing contexts for virtual host 'localhost'
15-May-2018 11:19:47.660 INFO [https-jsse-nio-8443-exec-18] org.apache.catalina.core.ApplicationContext.log HTMLManager: undeploy: Undeploying web application at '/project1'
15-May-2018 11:19:48.204 INFO [https-jsse-nio-8443-exec-18] org.apache.catalina.core.ApplicationContext.log HTMLManager: list: Listing contexts for virtual host 'localhost'
15-May-2018 11:19:52.068 INFO [https-jsse-nio-8443-exec-17] org.apache.catalina.core.ApplicationContext.log HTMLManager: list: Listing contexts for virtual host 'localhost'
15-May-2018 11:22:04.346 INFO [https-jsse-nio-8443-exec-32] org.apache.catalina.core.ApplicationContext.log HTMLManager: list: Listing contexts for virtual host 'localhost'
15-May-2018 11:22:06.641 INFO [https-jsse-nio-8443-exec-26] org.apache.catalina.core.ApplicationContext.log HTMLManager: restart: Reloading web application '/project1'
15-May-2018 11:22:06.752 INFO [https-jsse-nio-8443-exec-26] org.apache.catalina.core.ApplicationContext.log HTMLManager: list: Listing contexts for virtual host 'localhost'
15-May-2018 11:44:49.662 INFO [https-jsse-nio-8443-exec-35] org.apache.catalina.core.ApplicationContext.log HTMLManager: list: Listing contexts for virtual host 'localhost'
15-May-2018 11:44:51.373 INFO [https-jsse-nio-8443-exec-40] org.apache.catalina.core.ApplicationContext.log HTMLManager: undeploy: Undeploying web application at '/project1'
15-May-2018 11:44:51.914 INFO [https-jsse-nio-8443-exec-40] org.apache.catalina.core.ApplicationContext.log HTMLManager: list: Listing contexts for virtual host 'localhost'
15-May-2018 11:44:57.234 INFO [https-jsse-nio-8443-exec-38] org.apache.catalina.core.ApplicationContext.log HTMLManager: list: Listing contexts for virtual host 'localhost'
15-May-2018 11:48:52.644 INFO [https-jsse-nio-8443-exec-51] org.apache.catalina.core.ApplicationContext.log HTMLManager: list: Listing contexts for virtual host 'localhost'
15-May-2018 11:48:54.213 INFO [https-jsse-nio-8443-exec-46] org.apache.catalina.core.ApplicationContext.log HTMLManager: undeploy: Undeploying web application at '/project1'
15-May-2018 11:48:54.742 INFO [https-jsse-nio-8443-exec-46] org.apache.catalina.core.ApplicationContext.log HTMLManager: list: Listing contexts for virtual host 'localhost'
15-May-2018 11:48:58.985 INFO [https-jsse-nio-8443-exec-45] org.apache.catalina.core.ApplicationContext.log HTMLManager: list: Listing contexts for virtual host 'localhost'
15-May-2018 12:03:22.819 INFO [https-jsse-nio-8443-exec-57] org.apache.catalina.core.ApplicationContext.log HTMLManager: list: Listing contexts for virtual host 'localhost'
15-May-2018 12:03:24.213 INFO [https-jsse-nio-8443-exec-62] org.apache.catalina.core.ApplicationContext.log HTMLManager: undeploy: Undeploying web application at '/project1'
15-May-2018 12:03:24.736 INFO [https-jsse-nio-8443-exec-62] org.apache.catalina.core.ApplicationContext.log HTMLManager: list: Listing contexts for virtual host 'localhost'
15-May-2018 12:03:28.333 INFO [https-jsse-nio-8443-exec-63] org.apache.catalina.core.ApplicationContext.log HTMLManager: list: Listing contexts for virtual host 'localhost'
15-May-2018 12:23:20.221 INFO [https-jsse-nio-8443-exec-72] org.apache.catalina.core.ApplicationContext.log HTMLManager: list: Listing contexts for virtual host 'localhost'
15-May-2018 12:23:21.565 INFO [https-jsse-nio-8443-exec-67] org.apache.catalina.core.ApplicationContext.log HTMLManager: undeploy: Undeploying web application at '/project1'
15-May-2018 12:23:22.106 INFO [https-jsse-nio-8443-exec-67] org.apache.catalina.core.ApplicationContext.log HTMLManager: list: Listing contexts for virtual host 'localhost'
15-May-2018 12:23:25.800 INFO [https-jsse-nio-8443-exec-69] org.apache.catalina.core.ApplicationContext.log HTMLManager: list: Listing contexts for virtual host 'localhost'
15-May-2018 12:37:06.627 INFO [https-jsse-nio-8443-exec-81] org.apache.catalina.core.ApplicationContext.log HTMLManager: list: Listing contexts for virtual host 'localhost'
15-May-2018 12:37:07.824 INFO [https-jsse-nio-8443-exec-78] org.apache.catalina.core.ApplicationContext.log HTMLManager: undeploy: Undeploying web application at '/project1'
15-May-2018 12:37:08.352 INFO [https-jsse-nio-8443-exec-78] org.apache.catalina.core.ApplicationContext.log HTMLManager: list: Listing contexts for virtual host 'localhost'
15-May-2018 12:37:12.750 INFO [https-jsse-nio-8443-exec-88] org.apache.catalina.core.ApplicationContext.log HTMLManager: list: Listing contexts for virtual host 'localhost'
15-May-2018 12:38:52.067 INFO [https-jsse-nio-8443-exec-95] org.apache.catalina.core.ApplicationContext.log HTMLManager: list: Listing contexts for virtual host 'localhost'
15-May-2018 12:38:53.376 INFO [https-jsse-nio-8443-exec-94] org.apache.catalina.core.ApplicationContext.log HTMLManager: undeploy: Undeploying web application at '/project1'
15-May-2018 12:38:53.906 INFO [https-jsse-nio-8443-exec-94] org.apache.catalina.core.ApplicationContext.log HTMLManager: list: Listing contexts for virtual host 'localhost'
15-May-2018 12:38:57.915 INFO [https-jsse-nio-8443-exec-92] org.apache.catalina.core.ApplicationContext.log HTMLManager: list: Listing contexts for virtual host 'localhost'
15-May-2018 12:40:55.871 INFO [https-jsse-nio-8443-exec-110] org.apache.catalina.core.ApplicationContext.log HTMLManager: list: Listing contexts for virtual host 'localhost'
15-May-2018 12:40:57.707 INFO [https-jsse-nio-8443-exec-106] org.apache.catalina.core.ApplicationContext.log HTMLManager: undeploy: Undeploying web application at '/project1'
15-May-2018 12:40:58.234 INFO [https-jsse-nio-8443-exec-106] org.apache.catalina.core.ApplicationContext.log HTMLManager: list: Listing contexts for virtual host 'localhost'
15-May-2018 13:16:26.973 INFO [https-jsse-nio-8443-exec-3] org.apache.catalina.core.ApplicationContext.log HTMLManager: init: Associated with Deployer 'Catalina:type=Deployer,host=localhost'
15-May-2018 13:16:26.973 INFO [https-jsse-nio-8443-exec-3] org.apache.catalina.core.ApplicationContext.log HTMLManager: init: Global resources are available
15-May-2018 13:16:26.986 INFO [https-jsse-nio-8443-exec-3] org.apache.catalina.core.ApplicationContext.log HTMLManager: list: Listing contexts for virtual host 'localhost'
15-May-2018 13:16:35.727 INFO [https-jsse-nio-8443-exec-8] org.apache.catalina.core.ApplicationContext.log HTMLManager: list: Listing contexts for virtual host 'localhost'
15-May-2018 13:17:15.764 INFO [http-nio-8080-exec-5] org.apache.catalina.core.ApplicationContext.log HTMLManager: list: Listing contexts for virtual host 'localhost'
15-May-2018 13:17:23.728 INFO [https-jsse-nio-8443-exec-9] org.apache.catalina.core.ApplicationContext.log HTMLManager: list: Listing contexts for virtual host 'localhost'
15-May-2018 13:17:30.098 INFO [http-nio-8080-exec-7] org.apache.catalina.core.ApplicationContext.log HTMLManager: list: Listing contexts for virtual host 'localhost'
15-May-2018 13:17:38.337 INFO [http-nio-8080-exec-8] org.apache.catalina.core.ApplicationContext.log HTMLManager: list: Listing contexts for virtual host 'localhost'
15-May-2018 13:17:39.823 INFO [http-nio-8080-exec-9] org.apache.catalina.core.ApplicationContext.log HTMLManager: list: Listing contexts for virtual host 'localhost'
15-May-2018 13:18:03.597 INFO [http-nio-8080-exec-3] org.apache.catalina.core.ApplicationContext.log HTMLManager: list: Listing contexts for virtual host 'localhost'
15-May-2018 13:18:27.825 INFO [http-nio-8080-exec-5] org.apache.catalina.core.ApplicationContext.log HTMLManager: list: Listing contexts for virtual host 'localhost'
15-May-2018 13:18:33.284 INFO [http-nio-8080-exec-6] org.apache.catalina.core.ApplicationContext.log HTMLManager: list: Listing contexts for virtual host 'localhost'
15-May-2018 13:19:04.067 INFO [http-nio-8080-exec-8] org.apache.catalina.core.ApplicationContext.log HTMLManager: list: Listing contexts for virtual host 'localhost'
15-May-2018 13:19:18.204 INFO [http-nio-8080-exec-1] org.apache.catalina.core.ApplicationContext.log HTMLManager: list: Listing contexts for virtual host 'localhost'
15-May-2018 13:20:20.041 INFO [https-jsse-nio-8443-exec-7] org.apache.catalina.core.ApplicationContext.log HTMLManager: list: Listing contexts for virtual host 'localhost'
15-May-2018 13:20:34.706 INFO [http-nio-8080-exec-3] org.apache.catalina.core.ApplicationContext.log HTMLManager: list: Listing contexts for virtual host 'localhost'
15-May-2018 13:21:51.349 INFO [http-nio-8080-exec-1] org.apache.catalina.core.ApplicationContext.log HTMLManager: init: Associated with Deployer 'Catalina:type=Deployer,host=localhost'
15-May-2018 13:21:51.349 INFO [http-nio-8080-exec-1] org.apache.catalina.core.ApplicationContext.log HTMLManager: init: Global resources are available
15-May-2018 13:21:51.358 INFO [http-nio-8080-exec-1] org.apache.catalina.core.ApplicationContext.log HTMLManager: list: Listing contexts for virtual host 'localhost'
15-May-2018 13:22:05.079 INFO [https-jsse-nio-8443-exec-10] org.apache.catalina.core.ApplicationContext.log HTMLManager: list: Listing contexts for virtual host 'localhost'
15-May-2018 13:22:10.384 INFO [https-jsse-nio-8443-exec-5] org.apache.catalina.core.ApplicationContext.log HTMLManager: list: Listing contexts for virtual host 'localhost'
15-May-2018 15:50:45.380 INFO [https-jsse-nio-8443-exec-6] org.apache.catalina.core.ApplicationContext.log HTMLManager: init: Associated with Deployer 'Catalina:type=Deployer,host=localhost'
15-May-2018 15:50:45.380 INFO [https-jsse-nio-8443-exec-6] org.apache.catalina.core.ApplicationContext.log HTMLManager: init: Global resources are available
15-May-2018 15:50:45.393 INFO [https-jsse-nio-8443-exec-6] org.apache.catalina.core.ApplicationContext.log HTMLManager: list: Listing contexts for virtual host 'localhost'
15-May-2018 15:50:47.846 INFO [https-jsse-nio-8443-exec-1] org.apache.catalina.core.ApplicationContext.log HTMLManager: undeploy: Undeploying web application at '/project1'
15-May-2018 15:50:48.368 INFO [https-jsse-nio-8443-exec-1] org.apache.catalina.core.ApplicationContext.log HTMLManager: list: Listing contexts for virtual host 'localhost'
15-May-2018 15:50:59.999 INFO [https-jsse-nio-8443-exec-8] org.apache.catalina.core.ApplicationContext.log HTMLManager: list: Listing contexts for virtual host 'localhost'
15-May-2018 15:52:33.055 INFO [https-jsse-nio-8443-exec-5] org.apache.catalina.core.ApplicationContext.log HTMLManager: list: Listing contexts for virtual host 'localhost'
15-May-2018 15:52:34.812 INFO [https-jsse-nio-8443-exec-12] org.apache.catalina.core.ApplicationContext.log HTMLManager: restart: Reloading web application '/project1'
15-May-2018 15:52:35.024 INFO [https-jsse-nio-8443-exec-12] org.apache.catalina.core.ApplicationContext.log HTMLManager: list: Listing contexts for virtual host 'localhost'
15-May-2018 15:58:08.197 INFO [https-jsse-nio-8443-exec-28] org.apache.catalina.core.ApplicationContext.log HTMLManager: list: Listing contexts for virtual host 'localhost'
15-May-2018 15:58:10.670 INFO [https-jsse-nio-8443-exec-23] org.apache.catalina.core.ApplicationContext.log HTMLManager: undeploy: Undeploying web application at '/project1'
15-May-2018 15:58:11.189 INFO [https-jsse-nio-8443-exec-23] org.apache.catalina.core.ApplicationContext.log HTMLManager: list: Listing contexts for virtual host 'localhost'
15-May-2018 15:58:15.283 INFO [https-jsse-nio-8443-exec-30] org.apache.catalina.core.ApplicationContext.log HTMLManager: list: Listing contexts for virtual host 'localhost'
15-May-2018 16:03:48.532 INFO [https-jsse-nio-8443-exec-38] org.apache.catalina.core.ApplicationContext.log HTMLManager: list: Listing contexts for virtual host 'localhost'
15-May-2018 16:03:50.411 INFO [https-jsse-nio-8443-exec-40] org.apache.catalina.core.ApplicationContext.log HTMLManager: undeploy: Undeploying web application at '/project1'
15-May-2018 16:03:50.932 INFO [https-jsse-nio-8443-exec-40] org.apache.catalina.core.ApplicationContext.log HTMLManager: list: Listing contexts for virtual host 'localhost'
15-May-2018 16:03:54.670 INFO [https-jsse-nio-8443-exec-36] org.apache.catalina.core.ApplicationContext.log HTMLManager: list: Listing contexts for virtual host 'localhost'
15-May-2018 16:07:47.089 INFO [https-jsse-nio-8443-exec-44] org.apache.catalina.core.ApplicationContext.log HTMLManager: list: Listing contexts for virtual host 'localhost'
15-May-2018 16:07:48.371 INFO [https-jsse-nio-8443-exec-33] org.apache.catalina.core.ApplicationContext.log HTMLManager: undeploy: Undeploying web application at '/project1'
15-May-2018 16:07:48.895 INFO [https-jsse-nio-8443-exec-33] org.apache.catalina.core.ApplicationContext.log HTMLManager: list: Listing contexts for virtual host 'localhost'
15-May-2018 16:07:52.230 INFO [https-jsse-nio-8443-exec-48] org.apache.catalina.core.ApplicationContext.log HTMLManager: list: Listing contexts for virtual host 'localhost'
15-May-2018 16:10:43.402 INFO [https-jsse-nio-8443-exec-51] org.apache.catalina.core.ApplicationContext.log HTMLManager: list: Listing contexts for virtual host 'localhost'
15-May-2018 16:10:45.117 INFO [https-jsse-nio-8443-exec-56] org.apache.catalina.core.ApplicationContext.log HTMLManager: undeploy: Undeploying web application at '/project1'
15-May-2018 16:10:45.641 INFO [https-jsse-nio-8443-exec-56] org.apache.catalina.core.ApplicationContext.log HTMLManager: list: Listing contexts for virtual host 'localhost'
15-May-2018 16:10:49.681 INFO [https-jsse-nio-8443-exec-55] org.apache.catalina.core.ApplicationContext.log HTMLManager: list: Listing contexts for virtual host 'localhost'
15-May-2018 16:12:15.663 INFO [https-jsse-nio-8443-exec-58] org.apache.catalina.core.ApplicationContext.log HTMLManager: list: Listing contexts for virtual host 'localhost'
15-May-2018 16:12:17.389 INFO [https-jsse-nio-8443-exec-45] org.apache.catalina.core.ApplicationContext.log HTMLManager: undeploy: Undeploying web application at '/project1'
15-May-2018 16:12:17.907 INFO [https-jsse-nio-8443-exec-45] org.apache.catalina.core.ApplicationContext.log HTMLManager: list: Listing contexts for virtual host 'localhost'
15-May-2018 16:12:21.692 INFO [https-jsse-nio-8443-exec-62] org.apache.catalina.core.ApplicationContext.log HTMLManager: list: Listing contexts for virtual host 'localhost'
15-May-2018 16:16:23.587 INFO [https-jsse-nio-8443-exec-72] org.apache.catalina.core.ApplicationContext.log HTMLManager: list: Listing contexts for virtual host 'localhost'
15-May-2018 16:16:27.252 INFO [https-jsse-nio-8443-exec-70] org.apache.catalina.core.ApplicationContext.log HTMLManager: undeploy: Undeploying web application at '/project1'
15-May-2018 16:16:27.776 INFO [https-jsse-nio-8443-exec-70] org.apache.catalina.core.ApplicationContext.log HTMLManager: list: Listing contexts for virtual host 'localhost'
15-May-2018 16:16:30.814 INFO [https-jsse-nio-8443-exec-69] org.apache.catalina.core.ApplicationContext.log HTMLManager: list: Listing contexts for virtual host 'localhost'
15-May-2018 16:18:13.793 INFO [https-jsse-nio-8443-exec-75] org.apache.catalina.core.ApplicationContext.log HTMLManager: list: Listing contexts for virtual host 'localhost'
15-May-2018 16:18:17.605 INFO [https-jsse-nio-8443-exec-68] org.apache.catalina.core.ApplicationContext.log HTMLManager: undeploy: Undeploying web application at '/project1'
15-May-2018 16:18:18.127 INFO [https-jsse-nio-8443-exec-68] org.apache.catalina.core.ApplicationContext.log HTMLManager: list: Listing contexts for virtual host 'localhost'
15-May-2018 16:18:21.529 INFO [https-jsse-nio-8443-exec-64] org.apache.catalina.core.ApplicationContext.log HTMLManager: list: Listing contexts for virtual host 'localhost'
15-May-2018 16:27:27.651 INFO [https-jsse-nio-8443-exec-89] org.apache.catalina.core.ApplicationContext.log HTMLManager: list: Listing contexts for virtual host 'localhost'
15-May-2018 16:27:30.602 INFO [https-jsse-nio-8443-exec-86] org.apache.catalina.core.ApplicationContext.log HTMLManager: undeploy: Undeploying web application at '/project1'
15-May-2018 16:27:30.992 INFO [https-jsse-nio-8443-exec-92] org.apache.catalina.core.ApplicationContext.log HTMLManager: undeploy: Undeploying web application at '/project1'
15-May-2018 16:27:31.135 INFO [https-jsse-nio-8443-exec-92] org.apache.catalina.core.ApplicationContext.log HTMLManager: list: Listing contexts for virtual host 'localhost'
15-May-2018 16:27:31.135 INFO [https-jsse-nio-8443-exec-86] org.apache.catalina.core.ApplicationContext.log HTMLManager: list: Listing contexts for virtual host 'localhost'
15-May-2018 16:27:38.244 INFO [https-jsse-nio-8443-exec-89] org.apache.catalina.core.ApplicationContext.log HTMLManager: list: Listing contexts for virtual host 'localhost'
15-May-2018 16:28:28.580 INFO [https-jsse-nio-8443-exec-92] org.apache.catalina.core.ApplicationContext.log HTMLManager: list: Listing contexts for virtual host 'localhost'
15-May-2018 16:28:30.298 INFO [https-jsse-nio-8443-exec-98] org.apache.catalina.core.ApplicationContext.log HTMLManager: restart: Reloading web application '/project1'
15-May-2018 16:28:30.466 INFO [https-jsse-nio-8443-exec-98] org.apache.catalina.core.ApplicationContext.log HTMLManager: list: Listing contexts for virtual host 'localhost'
15-May-2018 16:30:08.298 INFO [https-jsse-nio-8443-exec-99] org.apache.catalina.core.ApplicationContext.log HTMLManager: list: Listing contexts for virtual host 'localhost'
15-May-2018 16:30:09.816 INFO [https-jsse-nio-8443-exec-102] org.apache.catalina.core.ApplicationContext.log HTMLManager: undeploy: Undeploying web application at '/project1'
15-May-2018 16:30:10.338 INFO [https-jsse-nio-8443-exec-102] org.apache.catalina.core.ApplicationContext.log HTMLManager: list: Listing contexts for virtual host 'localhost'
15-May-2018 16:30:13.502 INFO [https-jsse-nio-8443-exec-105] org.apache.catalina.core.ApplicationContext.log HTMLManager: list: Listing contexts for virtual host 'localhost'
15-May-2018 16:31:56.297 INFO [https-jsse-nio-8443-exec-104] org.apache.catalina.core.ApplicationContext.log HTMLManager: list: Listing contexts for virtual host 'localhost'
15-May-2018 16:31:57.730 INFO [https-jsse-nio-8443-exec-99] org.apache.catalina.core.ApplicationContext.log HTMLManager: undeploy: Undeploying web application at '/project1'
15-May-2018 16:31:58.250 INFO [https-jsse-nio-8443-exec-99] org.apache.catalina.core.ApplicationContext.log HTMLManager: list: Listing contexts for virtual host 'localhost'
15-May-2018 16:32:01.602 INFO [https-jsse-nio-8443-exec-112] org.apache.catalina.core.ApplicationContext.log HTMLManager: list: Listing contexts for virtual host 'localhost'
15-May-2018 16:32:52.426 INFO [https-jsse-nio-8443-exec-114] org.apache.catalina.core.ApplicationContext.log HTMLManager: list: Listing contexts for virtual host 'localhost'
15-May-2018 16:32:53.924 INFO [https-jsse-nio-8443-exec-116] org.apache.catalina.core.ApplicationContext.log HTMLManager: undeploy: Undeploying web application at '/project1'
15-May-2018 16:32:54.444 INFO [https-jsse-nio-8443-exec-116] org.apache.catalina.core.ApplicationContext.log HTMLManager: list: Listing contexts for virtual host 'localhost'
15-May-2018 16:32:57.804 INFO [https-jsse-nio-8443-exec-115] org.apache.catalina.core.ApplicationContext.log HTMLManager: list: Listing contexts for virtual host 'localhost'
