04-May-2018 10:03:54.491 INFO [http-nio-8080-exec-2] org.apache.catalina.core.ApplicationContext.log HTMLManager: init: Associated with Deployer 'Catalina:type=Deployer,host=localhost'
04-May-2018 10:03:54.491 INFO [http-nio-8080-exec-2] org.apache.catalina.core.ApplicationContext.log HTMLManager: init: Global resources are available
04-May-2018 10:03:54.499 INFO [http-nio-8080-exec-2] org.apache.catalina.core.ApplicationContext.log HTMLManager: list: Listing contexts for virtual host 'localhost'
04-May-2018 10:04:33.947 INFO [http-nio-8080-exec-5] org.apache.catalina.core.ApplicationContext.log HTMLManager: restart: Reloading web application '/project1'
04-May-2018 10:04:34.092 INFO [http-nio-8080-exec-5] org.apache.catalina.core.ApplicationContext.log HTMLManager: list: Listing contexts for virtual host 'localhost'
04-May-2018 10:05:27.360 INFO [http-nio-8080-exec-8] org.apache.catalina.core.ApplicationContext.log HTMLManager: undeploy: Undeploying web application at '/project1'
04-May-2018 10:05:27.883 INFO [http-nio-8080-exec-8] org.apache.catalina.core.ApplicationContext.log HTMLManager: list: Listing contexts for virtual host 'localhost'
04-May-2018 10:05:44.580 INFO [http-nio-8080-exec-11] org.apache.catalina.core.ApplicationContext.log HTMLManager: list: Listing contexts for virtual host 'localhost'
04-May-2018 10:05:52.829 INFO [http-nio-8080-exec-6] org.apache.catalina.core.ApplicationContext.log HTMLManager: restart: Reloading web application '/project1'
04-May-2018 10:05:52.920 INFO [http-nio-8080-exec-6] org.apache.catalina.core.ApplicationContext.log HTMLManager: list: Listing contexts for virtual host 'localhost'
04-May-2018 10:06:28.257 INFO [http-nio-8080-exec-1] org.apache.catalina.core.ApplicationContext.log HTMLManager: undeploy: Undeploying web application at '/project1'
04-May-2018 10:06:28.777 INFO [http-nio-8080-exec-1] org.apache.catalina.core.ApplicationContext.log HTMLManager: list: Listing contexts for virtual host 'localhost'
04-May-2018 10:06:38.802 INFO [http-nio-8080-exec-16] org.apache.catalina.core.ApplicationContext.log HTMLManager: list: Listing contexts for virtual host 'localhost'
04-May-2018 10:09:57.027 INFO [http-nio-8080-exec-26] org.apache.catalina.core.ApplicationContext.log HTMLManager: undeploy: Undeploying web application at '/project1'
04-May-2018 10:09:57.545 INFO [http-nio-8080-exec-26] org.apache.catalina.core.ApplicationContext.log HTMLManager: list: Listing contexts for virtual host 'localhost'
04-May-2018 10:10:00.817 INFO [http-nio-8080-exec-20] org.apache.catalina.core.ApplicationContext.log HTMLManager: list: Listing contexts for virtual host 'localhost'
04-May-2018 10:26:09.416 INFO [http-nio-8080-exec-34] org.apache.catalina.core.ApplicationContext.log HTMLManager: undeploy: Undeploying web application at '/project1'
04-May-2018 10:26:09.973 INFO [http-nio-8080-exec-34] org.apache.catalina.core.ApplicationContext.log HTMLManager: list: Listing contexts for virtual host 'localhost'
04-May-2018 10:26:13.097 INFO [http-nio-8080-exec-36] org.apache.catalina.core.ApplicationContext.log HTMLManager: list: Listing contexts for virtual host 'localhost'
04-May-2018 10:27:39.230 INFO [http-nio-8080-exec-39] org.apache.catalina.core.ApplicationContext.log HTMLManager: undeploy: Undeploying web application at '/project1'
04-May-2018 10:27:39.749 INFO [http-nio-8080-exec-39] org.apache.catalina.core.ApplicationContext.log HTMLManager: list: Listing contexts for virtual host 'localhost'
04-May-2018 10:27:43.876 INFO [http-nio-8080-exec-42] org.apache.catalina.core.ApplicationContext.log HTMLManager: list: Listing contexts for virtual host 'localhost'
04-May-2018 10:28:26.620 INFO [http-nio-8080-exec-38] org.apache.catalina.core.ApplicationContext.log HTMLManager: undeploy: Undeploying web application at '/project1'
04-May-2018 10:28:27.142 INFO [http-nio-8080-exec-38] org.apache.catalina.core.ApplicationContext.log HTMLManager: list: Listing contexts for virtual host 'localhost'
04-May-2018 10:28:31.026 INFO [http-nio-8080-exec-30] org.apache.catalina.core.ApplicationContext.log HTMLManager: list: Listing contexts for virtual host 'localhost'
04-May-2018 10:32:49.223 INFO [http-nio-8080-exec-57] org.apache.catalina.core.ApplicationContext.log HTMLManager: undeploy: Undeploying web application at '/project1'
04-May-2018 10:32:49.747 INFO [http-nio-8080-exec-57] org.apache.catalina.core.ApplicationContext.log HTMLManager: list: Listing contexts for virtual host 'localhost'
04-May-2018 10:32:53.264 INFO [http-nio-8080-exec-59] org.apache.catalina.core.ApplicationContext.log HTMLManager: list: Listing contexts for virtual host 'localhost'
04-May-2018 10:45:50.305 INFO [http-nio-8080-exec-64] org.apache.catalina.core.ApplicationContext.log HTMLManager: undeploy: Undeploying web application at '/project1'
04-May-2018 10:45:50.837 INFO [http-nio-8080-exec-64] org.apache.catalina.core.ApplicationContext.log HTMLManager: list: Listing contexts for virtual host 'localhost'
04-May-2018 10:45:54.278 INFO [http-nio-8080-exec-68] org.apache.catalina.core.ApplicationContext.log HTMLManager: list: Listing contexts for virtual host 'localhost'
04-May-2018 10:46:36.453 INFO [http-nio-8080-exec-70] org.apache.catalina.core.ApplicationContext.log HTMLManager: undeploy: Undeploying web application at '/project1'
04-May-2018 10:46:36.978 INFO [http-nio-8080-exec-70] org.apache.catalina.core.ApplicationContext.log HTMLManager: list: Listing contexts for virtual host 'localhost'
04-May-2018 10:46:40.367 INFO [140] org.apache.catalina.core.ApplicationContext.log HTMLManager: list: Listing contexts for virtual host 'localhost'
04-May-2018 10:47:51.817 INFO [http-nio-8080-exec-77] org.apache.catalina.core.ApplicationContext.log HTMLManager: undeploy: Undeploying web application at '/project1'
04-May-2018 10:47:52.335 INFO [http-nio-8080-exec-77] org.apache.catalina.core.ApplicationContext.log HTMLManager: list: Listing contexts for virtual host 'localhost'
04-May-2018 10:47:55.829 INFO [http-nio-8080-exec-79] org.apache.catalina.core.ApplicationContext.log HTMLManager: list: Listing contexts for virtual host 'localhost'
04-May-2018 10:49:00.302 INFO [http-nio-8080-exec-84] org.apache.catalina.core.ApplicationContext.log HTMLManager: undeploy: Undeploying web application at '/project1'
04-May-2018 10:49:00.818 INFO [http-nio-8080-exec-84] org.apache.catalina.core.ApplicationContext.log HTMLManager: list: Listing contexts for virtual host 'localhost'
04-May-2018 10:49:04.165 INFO [http-nio-8080-exec-85] org.apache.catalina.core.ApplicationContext.log HTMLManager: list: Listing contexts for virtual host 'localhost'
04-May-2018 10:49:37.053 INFO [http-nio-8080-exec-69] org.apache.catalina.core.ApplicationContext.log HTMLManager: undeploy: Undeploying web application at '/project1'
04-May-2018 10:49:37.580 INFO [http-nio-8080-exec-69] org.apache.catalina.core.ApplicationContext.log HTMLManager: list: Listing contexts for virtual host 'localhost'
04-May-2018 10:49:41.142 INFO [http-nio-8080-exec-92] org.apache.catalina.core.ApplicationContext.log HTMLManager: list: Listing contexts for virtual host 'localhost'
04-May-2018 11:23:56.601 INFO [http-nio-8080-exec-98] org.apache.catalina.core.ApplicationContext.log HTMLManager: list: Listing contexts for virtual host 'localhost'
04-May-2018 11:23:57.905 INFO [http-nio-8080-exec-99] org.apache.catalina.core.ApplicationContext.log HTMLManager: undeploy: Undeploying web application at '/project1'
04-May-2018 11:23:58.434 INFO [http-nio-8080-exec-99] org.apache.catalina.core.ApplicationContext.log HTMLManager: list: Listing contexts for virtual host 'localhost'
04-May-2018 11:24:07.515 INFO [http-nio-8080-exec-100] org.apache.catalina.core.ApplicationContext.log HTMLManager: list: Listing contexts for virtual host 'localhost'
04-May-2018 11:33:05.628 INFO [http-nio-8080-exec-108] org.apache.catalina.core.ApplicationContext.log HTMLManager: undeploy: Undeploying web application at '/project1'
04-May-2018 11:33:06.203 INFO [http-nio-8080-exec-108] org.apache.catalina.core.ApplicationContext.log HTMLManager: list: Listing contexts for virtual host 'localhost'
04-May-2018 11:33:10.698 INFO [http-nio-8080-exec-114] org.apache.catalina.core.ApplicationContext.log HTMLManager: list: Listing contexts for virtual host 'localhost'
04-May-2018 11:35:59.322 INFO [http-nio-8080-exec-116] org.apache.catalina.core.ApplicationContext.log HTMLManager: undeploy: Undeploying web application at '/project1'
04-May-2018 11:35:59.851 INFO [http-nio-8080-exec-116] org.apache.catalina.core.ApplicationContext.log HTMLManager: list: Listing contexts for virtual host 'localhost'
04-May-2018 11:36:04.855 INFO [http-nio-8080-exec-123] org.apache.catalina.core.ApplicationContext.log HTMLManager: list: Listing contexts for virtual host 'localhost'
04-May-2018 11:39:24.058 INFO [http-nio-8080-exec-131] org.apache.catalina.core.ApplicationContext.log HTMLManager: undeploy: Undeploying web application at '/project1'
04-May-2018 11:39:24.582 INFO [http-nio-8080-exec-131] org.apache.catalina.core.ApplicationContext.log HTMLManager: list: Listing contexts for virtual host 'localhost'
04-May-2018 11:39:28.427 INFO [http-nio-8080-exec-127] org.apache.catalina.core.ApplicationContext.log HTMLManager: list: Listing contexts for virtual host 'localhost'
04-May-2018 11:41:28.521 INFO [http-nio-8080-exec-138] org.apache.catalina.core.ApplicationContext.log HTMLManager: undeploy: Undeploying web application at '/project1'
04-May-2018 11:41:29.043 INFO [http-nio-8080-exec-138] org.apache.catalina.core.ApplicationContext.log HTMLManager: list: Listing contexts for virtual host 'localhost'
04-May-2018 11:41:32.201 INFO [http-nio-8080-exec-144] org.apache.catalina.core.ApplicationContext.log HTMLManager: list: Listing contexts for virtual host 'localhost'
04-May-2018 11:42:28.693 INFO [http-nio-8080-exec-142] org.apache.catalina.core.ApplicationContext.log HTMLManager: undeploy: Undeploying web application at '/project1'
04-May-2018 11:42:29.217 INFO [http-nio-8080-exec-142] org.apache.catalina.core.ApplicationContext.log HTMLManager: list: Listing contexts for virtual host 'localhost'
04-May-2018 11:42:32.603 INFO [http-nio-8080-exec-149] org.apache.catalina.core.ApplicationContext.log HTMLManager: list: Listing contexts for virtual host 'localhost'
04-May-2018 11:50:22.447 INFO [http-nio-8080-exec-156] org.apache.catalina.core.ApplicationContext.log HTMLManager: undeploy: Undeploying web application at '/project1'
04-May-2018 11:50:22.975 INFO [http-nio-8080-exec-156] org.apache.catalina.core.ApplicationContext.log HTMLManager: list: Listing contexts for virtual host 'localhost'
04-May-2018 11:50:27.098 INFO [http-nio-8080-exec-154] org.apache.catalina.core.ApplicationContext.log HTMLManager: list: Listing contexts for virtual host 'localhost'
04-May-2018 11:51:21.976 INFO [http-nio-8080-exec-159] org.apache.catalina.core.ApplicationContext.log HTMLManager: undeploy: Undeploying web application at '/project1'
04-May-2018 11:51:22.502 INFO [http-nio-8080-exec-159] org.apache.catalina.core.ApplicationContext.log HTMLManager: list: Listing contexts for virtual host 'localhost'
04-May-2018 11:51:25.880 INFO [http-nio-8080-exec-167] org.apache.catalina.core.ApplicationContext.log HTMLManager: list: Listing contexts for virtual host 'localhost'
04-May-2018 11:52:04.543 INFO [http-nio-8080-exec-166] org.apache.catalina.core.ApplicationContext.log HTMLManager: undeploy: Undeploying web application at '/project1'
04-May-2018 11:52:05.069 INFO [http-nio-8080-exec-166] org.apache.catalina.core.ApplicationContext.log HTMLManager: list: Listing contexts for virtual host 'localhost'
04-May-2018 11:52:09.137 INFO [http-nio-8080-exec-170] org.apache.catalina.core.ApplicationContext.log HTMLManager: list: Listing contexts for virtual host 'localhost'
04-May-2018 11:53:51.107 INFO [http-nio-8080-exec-175] org.apache.catalina.core.ApplicationContext.log HTMLManager: undeploy: Undeploying web application at '/project1'
04-May-2018 11:53:51.639 INFO [http-nio-8080-exec-175] org.apache.catalina.core.ApplicationContext.log HTMLManager: list: Listing contexts for virtual host 'localhost'
04-May-2018 11:53:55.231 INFO [http-nio-8080-exec-176] org.apache.catalina.core.ApplicationContext.log HTMLManager: list: Listing contexts for virtual host 'localhost'
04-May-2018 11:56:14.951 INFO [http-nio-8080-exec-186] org.apache.catalina.core.ApplicationContext.log HTMLManager: undeploy: Undeploying web application at '/project1'
04-May-2018 11:56:15.482 INFO [http-nio-8080-exec-186] org.apache.catalina.core.ApplicationContext.log HTMLManager: list: Listing contexts for virtual host 'localhost'
04-May-2018 11:56:19.271 INFO [http-nio-8080-exec-192] org.apache.catalina.core.ApplicationContext.log HTMLManager: list: Listing contexts for virtual host 'localhost'
04-May-2018 12:04:45.414 INFO [http-nio-8080-exec-199] org.apache.catalina.core.ApplicationContext.log HTMLManager: undeploy: Undeploying web application at '/project1'
04-May-2018 12:04:46.005 INFO [http-nio-8080-exec-199] org.apache.catalina.core.ApplicationContext.log HTMLManager: list: Listing contexts for virtual host 'localhost'
04-May-2018 12:04:49.494 INFO [http-nio-8080-exec-198] org.apache.catalina.core.ApplicationContext.log HTMLManager: list: Listing contexts for virtual host 'localhost'
04-May-2018 12:05:59.846 INFO [http-nio-8080-exec-206] org.apache.catalina.core.ApplicationContext.log HTMLManager: undeploy: Undeploying web application at '/project1'
04-May-2018 12:06:00.370 INFO [http-nio-8080-exec-206] org.apache.catalina.core.ApplicationContext.log HTMLManager: list: Listing contexts for virtual host 'localhost'
04-May-2018 12:06:03.575 INFO [http-nio-8080-exec-208] org.apache.catalina.core.ApplicationContext.log HTMLManager: list: Listing contexts for virtual host 'localhost'
04-May-2018 12:09:44.495 INFO [http-nio-8080-exec-215] org.apache.catalina.core.ApplicationContext.log HTMLManager: undeploy: Undeploying web application at '/project1'
04-May-2018 12:09:45.013 INFO [http-nio-8080-exec-215] org.apache.catalina.core.ApplicationContext.log HTMLManager: list: Listing contexts for virtual host 'localhost'
04-May-2018 12:09:48.773 INFO [http-nio-8080-exec-214] org.apache.catalina.core.ApplicationContext.log HTMLManager: list: Listing contexts for virtual host 'localhost'
04-May-2018 12:10:33.894 INFO [http-nio-8080-exec-225] org.apache.catalina.core.ApplicationContext.log HTMLManager: undeploy: Undeploying web application at '/project1'
04-May-2018 12:10:34.412 INFO [http-nio-8080-exec-225] org.apache.catalina.core.ApplicationContext.log HTMLManager: list: Listing contexts for virtual host 'localhost'
04-May-2018 12:10:37.826 INFO [http-nio-8080-exec-221] org.apache.catalina.core.ApplicationContext.log HTMLManager: list: Listing contexts for virtual host 'localhost'
04-May-2018 12:17:17.574 INFO [http-nio-8080-exec-233] org.apache.catalina.core.ApplicationContext.log HTMLManager: undeploy: Undeploying web application at '/project1'
04-May-2018 12:17:18.108 INFO [http-nio-8080-exec-233] org.apache.catalina.core.ApplicationContext.log HTMLManager: list: Listing contexts for virtual host 'localhost'
04-May-2018 12:17:21.108 INFO [http-nio-8080-exec-234] org.apache.catalina.core.ApplicationContext.log HTMLManager: list: Listing contexts for virtual host 'localhost'
04-May-2018 12:17:48.866 INFO [http-nio-8080-exec-244] org.apache.catalina.core.ApplicationContext.log HTMLManager: undeploy: Undeploying web application at '/project1'
04-May-2018 12:17:49.388 INFO [http-nio-8080-exec-244] org.apache.catalina.core.ApplicationContext.log HTMLManager: list: Listing contexts for virtual host 'localhost'
04-May-2018 12:17:52.762 INFO [http-nio-8080-exec-245] org.apache.catalina.core.ApplicationContext.log HTMLManager: list: Listing contexts for virtual host 'localhost'
04-May-2018 12:23:57.140 INFO [http-nio-8080-exec-249] org.apache.catalina.core.ApplicationContext.log HTMLManager: undeploy: Undeploying web application at '/project1'
04-May-2018 12:23:57.661 INFO [http-nio-8080-exec-249] org.apache.catalina.core.ApplicationContext.log HTMLManager: list: Listing contexts for virtual host 'localhost'
04-May-2018 12:24:01.669 INFO [http-nio-8080-exec-256] org.apache.catalina.core.ApplicationContext.log HTMLManager: list: Listing contexts for virtual host 'localhost'
04-May-2018 12:28:18.803 INFO [http-nio-8080-exec-259] org.apache.catalina.core.ApplicationContext.log HTMLManager: undeploy: Undeploying web application at '/project1'
04-May-2018 12:28:19.330 INFO [http-nio-8080-exec-259] org.apache.catalina.core.ApplicationContext.log HTMLManager: list: Listing contexts for virtual host 'localhost'
04-May-2018 12:28:23.015 INFO [http-nio-8080-exec-266] org.apache.catalina.core.ApplicationContext.log HTMLManager: list: Listing contexts for virtual host 'localhost'
04-May-2018 12:36:19.285 INFO [http-nio-8080-exec-269] org.apache.catalina.core.ApplicationContext.log HTMLManager: undeploy: Undeploying web application at '/project1'
04-May-2018 12:36:19.827 INFO [http-nio-8080-exec-269] org.apache.catalina.core.ApplicationContext.log HTMLManager: list: Listing contexts for virtual host 'localhost'
04-May-2018 12:36:23.092 INFO [http-nio-8080-exec-276] org.apache.catalina.core.ApplicationContext.log HTMLManager: list: Listing contexts for virtual host 'localhost'
04-May-2018 12:36:59.219 INFO [http-nio-8080-exec-274] org.apache.catalina.core.ApplicationContext.log HTMLManager: undeploy: Undeploying web application at '/project1'
04-May-2018 12:36:59.736 INFO [http-nio-8080-exec-274] org.apache.catalina.core.ApplicationContext.log HTMLManager: list: Listing contexts for virtual host 'localhost'
04-May-2018 12:37:03.281 INFO [http-nio-8080-exec-267] org.apache.catalina.core.ApplicationContext.log HTMLManager: list: Listing contexts for virtual host 'localhost'
04-May-2018 12:38:03.047 INFO [http-nio-8080-exec-277] org.apache.catalina.core.ApplicationContext.log HTMLManager: undeploy: Undeploying web application at '/project1'
04-May-2018 12:38:03.592 INFO [http-nio-8080-exec-277] org.apache.catalina.core.ApplicationContext.log HTMLManager: list: Listing contexts for virtual host 'localhost'
04-May-2018 12:38:06.917 INFO [http-nio-8080-exec-287] org.apache.catalina.core.ApplicationContext.log HTMLManager: list: Listing contexts for virtual host 'localhost'
04-May-2018 12:39:11.146 INFO [http-nio-8080-exec-294] org.apache.catalina.core.ApplicationContext.log HTMLManager: undeploy: Undeploying web application at '/project1'
04-May-2018 12:39:11.665 INFO [http-nio-8080-exec-294] org.apache.catalina.core.ApplicationContext.log HTMLManager: list: Listing contexts for virtual host 'localhost'
04-May-2018 12:39:14.938 INFO [http-nio-8080-exec-291] org.apache.catalina.core.ApplicationContext.log HTMLManager: list: Listing contexts for virtual host 'localhost'
04-May-2018 12:40:00.731 INFO [http-nio-8080-exec-297] org.apache.catalina.core.ApplicationContext.log HTMLManager: undeploy: Undeploying web application at '/project1'
04-May-2018 12:40:01.253 INFO [http-nio-8080-exec-297] org.apache.catalina.core.ApplicationContext.log HTMLManager: list: Listing contexts for virtual host 'localhost'
04-May-2018 12:40:04.120 INFO [http-nio-8080-exec-301] org.apache.catalina.core.ApplicationContext.log HTMLManager: list: Listing contexts for virtual host 'localhost'
04-May-2018 12:42:24.620 INFO [http-nio-8080-exec-308] org.apache.catalina.core.ApplicationContext.log HTMLManager: undeploy: Undeploying web application at '/project1'
04-May-2018 12:42:25.140 INFO [http-nio-8080-exec-308] org.apache.catalina.core.ApplicationContext.log HTMLManager: list: Listing contexts for virtual host 'localhost'
04-May-2018 12:42:28.125 INFO [http-nio-8080-exec-311] org.apache.catalina.core.ApplicationContext.log HTMLManager: list: Listing contexts for virtual host 'localhost'
04-May-2018 13:24:21.613 INFO [http-nio-8080-exec-318] org.apache.catalina.core.ApplicationContext.log HTMLManager: list: Listing contexts for virtual host 'localhost'
04-May-2018 13:24:22.998 INFO [http-nio-8080-exec-317] org.apache.catalina.core.ApplicationContext.log HTMLManager: undeploy: Undeploying web application at '/project1'
04-May-2018 13:24:23.539 INFO [http-nio-8080-exec-317] org.apache.catalina.core.ApplicationContext.log HTMLManager: list: Listing contexts for virtual host 'localhost'
04-May-2018 13:24:26.895 INFO [http-nio-8080-exec-316] org.apache.catalina.core.ApplicationContext.log HTMLManager: list: Listing contexts for virtual host 'localhost'
04-May-2018 13:26:05.970 INFO [http-nio-8080-exec-328] org.apache.catalina.core.ApplicationContext.log HTMLManager: undeploy: Undeploying web application at '/project1'
04-May-2018 13:26:06.492 INFO [http-nio-8080-exec-328] org.apache.catalina.core.ApplicationContext.log HTMLManager: list: Listing contexts for virtual host 'localhost'
04-May-2018 13:26:09.782 INFO [http-nio-8080-exec-326] org.apache.catalina.core.ApplicationContext.log HTMLManager: list: Listing contexts for virtual host 'localhost'
04-May-2018 13:29:19.168 INFO [http-nio-8080-exec-337] org.apache.catalina.core.ApplicationContext.log HTMLManager: undeploy: Undeploying web application at '/project1'
04-May-2018 13:29:19.793 INFO [http-nio-8080-exec-337] org.apache.catalina.core.ApplicationContext.log HTMLManager: list: Listing contexts for virtual host 'localhost'
04-May-2018 13:29:23.102 INFO [http-nio-8080-exec-339] org.apache.catalina.core.ApplicationContext.log HTMLManager: list: Listing contexts for virtual host 'localhost'
04-May-2018 13:30:04.050 INFO [http-nio-8080-exec-344] org.apache.catalina.core.ApplicationContext.log HTMLManager: undeploy: Undeploying web application at '/project1'
04-May-2018 13:30:04.570 INFO [http-nio-8080-exec-344] org.apache.catalina.core.ApplicationContext.log HTMLManager: list: Listing contexts for virtual host 'localhost'
04-May-2018 13:30:09.337 INFO [http-nio-8080-exec-347] org.apache.catalina.core.ApplicationContext.log HTMLManager: list: Listing contexts for virtual host 'localhost'
04-May-2018 13:30:12.916 INFO [http-nio-8080-exec-343] org.apache.catalina.core.ApplicationContext.log HTMLManager: list: Listing contexts for virtual host 'localhost'
04-May-2018 13:30:16.806 INFO [http-nio-8080-exec-349] org.apache.catalina.core.ApplicationContext.log HTMLManager: list: Listing contexts for virtual host 'localhost'
04-May-2018 13:33:19.546 INFO [http-nio-8080-exec-356] org.apache.catalina.core.ApplicationContext.log HTMLManager: undeploy: Undeploying web application at '/project1'
04-May-2018 13:33:20.066 INFO [http-nio-8080-exec-356] org.apache.catalina.core.ApplicationContext.log HTMLManager: list: Listing contexts for virtual host 'localhost'
04-May-2018 13:33:23.177 INFO [http-nio-8080-exec-357] org.apache.catalina.core.ApplicationContext.log HTMLManager: list: Listing contexts for virtual host 'localhost'
04-May-2018 13:35:46.552 INFO [http-nio-8080-exec-364] org.apache.catalina.core.ApplicationContext.log HTMLManager: undeploy: Undeploying web application at '/project1'
04-May-2018 13:35:47.077 INFO [http-nio-8080-exec-364] org.apache.catalina.core.ApplicationContext.log HTMLManager: list: Listing contexts for virtual host 'localhost'
04-May-2018 13:35:50.579 INFO [http-nio-8080-exec-368] org.apache.catalina.core.ApplicationContext.log HTMLManager: list: Listing contexts for virtual host 'localhost'
04-May-2018 13:38:45.304 INFO [http-nio-8080-exec-374] org.apache.catalina.core.ApplicationContext.log HTMLManager: undeploy: Undeploying web application at '/project1'
04-May-2018 13:38:45.826 INFO [http-nio-8080-exec-374] org.apache.catalina.core.ApplicationContext.log HTMLManager: list: Listing contexts for virtual host 'localhost'
04-May-2018 13:38:49.196 INFO [http-nio-8080-exec-372] org.apache.catalina.core.ApplicationContext.log HTMLManager: list: Listing contexts for virtual host 'localhost'
04-May-2018 13:39:16.268 INFO [http-nio-8080-exec-379] org.apache.catalina.core.ApplicationContext.log HTMLManager: undeploy: Undeploying web application at '/project1'
04-May-2018 13:39:16.791 INFO [http-nio-8080-exec-379] org.apache.catalina.core.ApplicationContext.log HTMLManager: list: Listing contexts for virtual host 'localhost'
04-May-2018 13:39:20.308 INFO [http-nio-8080-exec-383] org.apache.catalina.core.ApplicationContext.log HTMLManager: list: Listing contexts for virtual host 'localhost'
04-May-2018 13:40:11.869 INFO [http-nio-8080-exec-385] org.apache.catalina.core.ApplicationContext.log HTMLManager: undeploy: Undeploying web application at '/project1'
04-May-2018 13:40:12.402 INFO [http-nio-8080-exec-385] org.apache.catalina.core.ApplicationContext.log HTMLManager: list: Listing contexts for virtual host 'localhost'
04-May-2018 13:40:15.628 INFO [http-nio-8080-exec-392] org.apache.catalina.core.ApplicationContext.log HTMLManager: list: Listing contexts for virtual host 'localhost'
04-May-2018 13:43:24.261 INFO [http-nio-8080-exec-397] org.apache.catalina.core.ApplicationContext.log HTMLManager: undeploy: Undeploying web application at '/project1'
04-May-2018 13:43:24.787 INFO [http-nio-8080-exec-397] org.apache.catalina.core.ApplicationContext.log HTMLManager: list: Listing contexts for virtual host 'localhost'
04-May-2018 13:43:27.904 INFO [http-nio-8080-exec-402] org.apache.catalina.core.ApplicationContext.log HTMLManager: list: Listing contexts for virtual host 'localhost'
04-May-2018 13:45:22.811 INFO [http-nio-8080-exec-407] org.apache.catalina.core.ApplicationContext.log HTMLManager: undeploy: Undeploying web application at '/project1'
04-May-2018 13:45:23.327 INFO [http-nio-8080-exec-407] org.apache.catalina.core.ApplicationContext.log HTMLManager: list: Listing contexts for virtual host 'localhost'
04-May-2018 13:45:26.722 INFO [http-nio-8080-exec-414] org.apache.catalina.core.ApplicationContext.log HTMLManager: list: Listing contexts for virtual host 'localhost'
04-May-2018 13:46:57.335 INFO [http-nio-8080-exec-415] org.apache.catalina.core.ApplicationContext.log HTMLManager: undeploy: Undeploying web application at '/project1'
04-May-2018 13:46:57.855 INFO [http-nio-8080-exec-415] org.apache.catalina.core.ApplicationContext.log HTMLManager: list: Listing contexts for virtual host 'localhost'
04-May-2018 13:47:01.184 INFO [http-nio-8080-exec-418] org.apache.catalina.core.ApplicationContext.log HTMLManager: list: Listing contexts for virtual host 'localhost'
04-May-2018 13:50:47.181 INFO [http-nio-8080-exec-424] org.apache.catalina.core.ApplicationContext.log HTMLManager: undeploy: Undeploying web application at '/project1'
04-May-2018 13:50:47.707 INFO [http-nio-8080-exec-424] org.apache.catalina.core.ApplicationContext.log HTMLManager: list: Listing contexts for virtual host 'localhost'
04-May-2018 13:50:50.748 INFO [http-nio-8080-exec-433] org.apache.catalina.core.ApplicationContext.log HTMLManager: list: Listing contexts for virtual host 'localhost'
04-May-2018 14:07:34.066 INFO [http-nio-8080-exec-436] org.apache.catalina.core.ApplicationContext.log HTMLManager: undeploy: Undeploying web application at '/project1'
04-May-2018 14:07:34.619 INFO [http-nio-8080-exec-436] org.apache.catalina.core.ApplicationContext.log HTMLManager: list: Listing contexts for virtual host 'localhost'
04-May-2018 14:07:38.126 INFO [http-nio-8080-exec-441] org.apache.catalina.core.ApplicationContext.log HTMLManager: list: Listing contexts for virtual host 'localhost'
04-May-2018 14:10:47.764 INFO [http-nio-8080-exec-444] org.apache.catalina.core.ApplicationContext.log HTMLManager: undeploy: Undeploying web application at '/project1'
04-May-2018 14:10:48.307 INFO [http-nio-8080-exec-444] org.apache.catalina.core.ApplicationContext.log HTMLManager: list: Listing contexts for virtual host 'localhost'
04-May-2018 14:10:51.716 INFO [http-nio-8080-exec-446] org.apache.catalina.core.ApplicationContext.log HTMLManager: list: Listing contexts for virtual host 'localhost'
04-May-2018 14:12:44.774 INFO [http-nio-8080-exec-456] org.apache.catalina.core.ApplicationContext.log HTMLManager: undeploy: Undeploying web application at '/project1'
04-May-2018 14:12:45.298 INFO [http-nio-8080-exec-456] org.apache.catalina.core.ApplicationContext.log HTMLManager: list: Listing contexts for virtual host 'localhost'
04-May-2018 14:12:48.591 INFO [http-nio-8080-exec-455] org.apache.catalina.core.ApplicationContext.log HTMLManager: list: Listing contexts for virtual host 'localhost'
04-May-2018 14:15:25.575 INFO [http-nio-8080-exec-465] org.apache.catalina.core.ApplicationContext.log HTMLManager: undeploy: Undeploying web application at '/project1'
04-May-2018 14:15:26.127 INFO [http-nio-8080-exec-465] org.apache.catalina.core.ApplicationContext.log HTMLManager: list: Listing contexts for virtual host 'localhost'
04-May-2018 14:15:29.110 INFO [http-nio-8080-exec-472] org.apache.catalina.core.ApplicationContext.log HTMLManager: list: Listing contexts for virtual host 'localhost'
04-May-2018 14:16:02.589 INFO [http-nio-8080-exec-475] org.apache.catalina.core.ApplicationContext.log HTMLManager: undeploy: Undeploying web application at '/project1'
04-May-2018 14:16:03.115 INFO [http-nio-8080-exec-475] org.apache.catalina.core.ApplicationContext.log HTMLManager: list: Listing contexts for virtual host 'localhost'
04-May-2018 14:16:07.177 INFO [http-nio-8080-exec-467] org.apache.catalina.core.ApplicationContext.log HTMLManager: list: Listing contexts for virtual host 'localhost'
04-May-2018 14:24:10.119 INFO [http-nio-8080-exec-480] org.apache.catalina.core.ApplicationContext.log HTMLManager: undeploy: Undeploying web application at '/project1'
04-May-2018 14:24:10.677 INFO [http-nio-8080-exec-480] org.apache.catalina.core.ApplicationContext.log HTMLManager: list: Listing contexts for virtual host 'localhost'
04-May-2018 14:24:14.425 INFO [http-nio-8080-exec-489] org.apache.catalina.core.ApplicationContext.log HTMLManager: list: Listing contexts for virtual host 'localhost'
04-May-2018 14:26:18.260 INFO [http-nio-8080-exec-490] org.apache.catalina.core.ApplicationContext.log HTMLManager: undeploy: Undeploying web application at '/project1'
04-May-2018 14:26:18.787 INFO [http-nio-8080-exec-490] org.apache.catalina.core.ApplicationContext.log HTMLManager: list: Listing contexts for virtual host 'localhost'
04-May-2018 14:26:22.190 INFO [http-nio-8080-exec-493] org.apache.catalina.core.ApplicationContext.log HTMLManager: list: Listing contexts for virtual host 'localhost'
04-May-2018 14:27:10.309 INFO [http-nio-8080-exec-503] org.apache.catalina.core.ApplicationContext.log HTMLManager: undeploy: Undeploying web application at '/project1'
04-May-2018 14:27:10.825 INFO [http-nio-8080-exec-503] org.apache.catalina.core.ApplicationContext.log HTMLManager: list: Listing contexts for virtual host 'localhost'
04-May-2018 14:27:14.596 INFO [http-nio-8080-exec-501] org.apache.catalina.core.ApplicationContext.log HTMLManager: list: Listing contexts for virtual host 'localhost'
04-May-2018 14:28:55.536 INFO [http-nio-8080-exec-518] org.apache.catalina.core.ApplicationContext.log HTMLManager: undeploy: Undeploying web application at '/project1'
04-May-2018 14:28:56.066 INFO [http-nio-8080-exec-518] org.apache.catalina.core.ApplicationContext.log HTMLManager: list: Listing contexts for virtual host 'localhost'
04-May-2018 14:28:58.949 INFO [http-nio-8080-exec-509] org.apache.catalina.core.ApplicationContext.log HTMLManager: list: Listing contexts for virtual host 'localhost'
04-May-2018 14:34:01.797 INFO [http-nio-8080-exec-521] org.apache.catalina.core.ApplicationContext.log HTMLManager: undeploy: Undeploying web application at '/project1'
04-May-2018 14:34:02.331 INFO [http-nio-8080-exec-521] org.apache.catalina.core.ApplicationContext.log HTMLManager: list: Listing contexts for virtual host 'localhost'
04-May-2018 14:34:05.651 INFO [http-nio-8080-exec-524] org.apache.catalina.core.ApplicationContext.log HTMLManager: list: Listing contexts for virtual host 'localhost'
04-May-2018 14:35:58.258 INFO [http-nio-8080-exec-530] org.apache.catalina.core.ApplicationContext.log HTMLManager: undeploy: Undeploying web application at '/project1'
04-May-2018 14:35:58.787 INFO [http-nio-8080-exec-530] org.apache.catalina.core.ApplicationContext.log HTMLManager: list: Listing contexts for virtual host 'localhost'
04-May-2018 14:36:01.951 INFO [http-nio-8080-exec-534] org.apache.catalina.core.ApplicationContext.log HTMLManager: list: Listing contexts for virtual host 'localhost'
04-May-2018 14:36:36.908 INFO [http-nio-8080-exec-532] org.apache.catalina.core.ApplicationContext.log HTMLManager: undeploy: Undeploying web application at '/project1'
04-May-2018 14:36:37.437 INFO [http-nio-8080-exec-532] org.apache.catalina.core.ApplicationContext.log HTMLManager: list: Listing contexts for virtual host 'localhost'
04-May-2018 14:36:41.246 INFO [http-nio-8080-exec-541] org.apache.catalina.core.ApplicationContext.log HTMLManager: list: Listing contexts for virtual host 'localhost'
04-May-2018 14:41:24.540 INFO [http-nio-8080-exec-546] org.apache.catalina.core.ApplicationContext.log HTMLManager: undeploy: Undeploying web application at '/project1'
04-May-2018 14:41:25.069 INFO [http-nio-8080-exec-546] org.apache.catalina.core.ApplicationContext.log HTMLManager: list: Listing contexts for virtual host 'localhost'
04-May-2018 14:41:28.355 INFO [http-nio-8080-exec-550] org.apache.catalina.core.ApplicationContext.log HTMLManager: list: Listing contexts for virtual host 'localhost'
04-May-2018 14:44:25.379 INFO [http-nio-8080-exec-558] org.apache.catalina.core.ApplicationContext.log HTMLManager: undeploy: Undeploying web application at '/project1'
04-May-2018 14:44:25.909 INFO [http-nio-8080-exec-558] org.apache.catalina.core.ApplicationContext.log HTMLManager: list: Listing contexts for virtual host 'localhost'
04-May-2018 14:44:29.083 INFO [http-nio-8080-exec-556] org.apache.catalina.core.ApplicationContext.log HTMLManager: list: Listing contexts for virtual host 'localhost'
04-May-2018 14:45:19.894 INFO [http-nio-8080-exec-566] org.apache.catalina.core.ApplicationContext.log HTMLManager: undeploy: Undeploying web application at '/project1'
04-May-2018 14:45:20.425 INFO [http-nio-8080-exec-566] org.apache.catalina.core.ApplicationContext.log HTMLManager: list: Listing contexts for virtual host 'localhost'
04-May-2018 14:45:23.873 INFO [http-nio-8080-exec-572] org.apache.catalina.core.ApplicationContext.log HTMLManager: list: Listing contexts for virtual host 'localhost'
04-May-2018 14:51:40.803 INFO [http-nio-8080-exec-579] org.apache.catalina.core.ApplicationContext.log HTMLManager: undeploy: Undeploying web application at '/project1'
04-May-2018 14:51:41.347 INFO [http-nio-8080-exec-579] org.apache.catalina.core.ApplicationContext.log HTMLManager: list: Listing contexts for virtual host 'localhost'
04-May-2018 14:51:45.087 INFO [http-nio-8080-exec-584] org.apache.catalina.core.ApplicationContext.log HTMLManager: list: Listing contexts for virtual host 'localhost'
04-May-2018 14:53:31.563 INFO [http-nio-8080-exec-592] org.apache.catalina.core.ApplicationContext.log HTMLManager: undeploy: Undeploying web application at '/project1'
04-May-2018 14:53:32.094 INFO [http-nio-8080-exec-592] org.apache.catalina.core.ApplicationContext.log HTMLManager: list: Listing contexts for virtual host 'localhost'
04-May-2018 14:53:36.046 INFO [http-nio-8080-exec-587] org.apache.catalina.core.ApplicationContext.log HTMLManager: list: Listing contexts for virtual host 'localhost'
04-May-2018 14:55:05.160 INFO [http-nio-8080-exec-598] org.apache.catalina.core.ApplicationContext.log HTMLManager: undeploy: Undeploying web application at '/project1'
04-May-2018 14:55:05.686 INFO [http-nio-8080-exec-598] org.apache.catalina.core.ApplicationContext.log HTMLManager: list: Listing contexts for virtual host 'localhost'
04-May-2018 14:55:11.462 INFO [http-nio-8080-exec-596] org.apache.catalina.core.ApplicationContext.log HTMLManager: list: Listing contexts for virtual host 'localhost'
04-May-2018 14:57:29.471 INFO [http-nio-8080-exec-608] org.apache.catalina.core.ApplicationContext.log HTMLManager: undeploy: Undeploying web application at '/project1'
04-May-2018 14:57:30.026 INFO [http-nio-8080-exec-608] org.apache.catalina.core.ApplicationContext.log HTMLManager: list: Listing contexts for virtual host 'localhost'
04-May-2018 14:57:33.814 INFO [http-nio-8080-exec-600] org.apache.catalina.core.ApplicationContext.log HTMLManager: list: Listing contexts for virtual host 'localhost'
04-May-2018 15:00:51.558 INFO [http-nio-8080-exec-621] org.apache.catalina.core.ApplicationContext.log HTMLManager: undeploy: Undeploying web application at '/project1'
04-May-2018 15:00:52.087 INFO [http-nio-8080-exec-621] org.apache.catalina.core.ApplicationContext.log HTMLManager: list: Listing contexts for virtual host 'localhost'
04-May-2018 15:00:55.671 INFO [http-nio-8080-exec-615] org.apache.catalina.core.ApplicationContext.log HTMLManager: list: Listing contexts for virtual host 'localhost'
04-May-2018 15:04:39.443 INFO [http-nio-8080-exec-624] org.apache.catalina.core.ApplicationContext.log HTMLManager: undeploy: Undeploying web application at '/project1'
04-May-2018 15:04:39.976 INFO [http-nio-8080-exec-624] org.apache.catalina.core.ApplicationContext.log HTMLManager: list: Listing contexts for virtual host 'localhost'
04-May-2018 15:04:43.665 INFO [http-nio-8080-exec-632] org.apache.catalina.core.ApplicationContext.log HTMLManager: list: Listing contexts for virtual host 'localhost'
04-May-2018 15:06:09.470 INFO [http-nio-8080-exec-638] org.apache.catalina.core.ApplicationContext.log HTMLManager: undeploy: Undeploying web application at '/project1'
04-May-2018 15:06:09.993 INFO [http-nio-8080-exec-638] org.apache.catalina.core.ApplicationContext.log HTMLManager: list: Listing contexts for virtual host 'localhost'
04-May-2018 15:06:13.996 INFO [http-nio-8080-exec-640] org.apache.catalina.core.ApplicationContext.log HTMLManager: list: Listing contexts for virtual host 'localhost'
04-May-2018 15:08:03.232 INFO [http-nio-8080-exec-643] org.apache.catalina.core.ApplicationContext.log HTMLManager: undeploy: Undeploying web application at '/project1'
04-May-2018 15:08:03.751 INFO [http-nio-8080-exec-643] org.apache.catalina.core.ApplicationContext.log HTMLManager: list: Listing contexts for virtual host 'localhost'
04-May-2018 15:08:07.735 INFO [http-nio-8080-exec-649] org.apache.catalina.core.ApplicationContext.log HTMLManager: list: Listing contexts for virtual host 'localhost'
04-May-2018 15:08:53.849 INFO [http-nio-8080-exec-646] org.apache.catalina.core.ApplicationContext.log HTMLManager: undeploy: Undeploying web application at '/project1'
04-May-2018 15:08:54.388 INFO [http-nio-8080-exec-646] org.apache.catalina.core.ApplicationContext.log HTMLManager: list: Listing contexts for virtual host 'localhost'
04-May-2018 15:08:57.746 INFO [http-nio-8080-exec-660] org.apache.catalina.core.ApplicationContext.log HTMLManager: list: Listing contexts for virtual host 'localhost'
04-May-2018 15:10:07.309 INFO [http-nio-8080-exec-666] org.apache.catalina.core.ApplicationContext.log HTMLManager: undeploy: Undeploying web application at '/project1'
04-May-2018 15:10:07.827 INFO [http-nio-8080-exec-666] org.apache.catalina.core.ApplicationContext.log HTMLManager: list: Listing contexts for virtual host 'localhost'
04-May-2018 15:10:11.128 INFO [http-nio-8080-exec-668] org.apache.catalina.core.ApplicationContext.log HTMLManager: list: Listing contexts for virtual host 'localhost'
04-May-2018 15:11:13.174 INFO [http-nio-8080-exec-674] org.apache.catalina.core.ApplicationContext.log HTMLManager: undeploy: Undeploying web application at '/project1'
04-May-2018 15:11:13.690 INFO [http-nio-8080-exec-674] org.apache.catalina.core.ApplicationContext.log HTMLManager: list: Listing contexts for virtual host 'localhost'
04-May-2018 15:11:17.170 INFO [http-nio-8080-exec-672] org.apache.catalina.core.ApplicationContext.log HTMLManager: list: Listing contexts for virtual host 'localhost'
04-May-2018 15:27:42.674 INFO [http-nio-8080-exec-689] org.apache.catalina.core.ApplicationContext.log HTMLManager: undeploy: Undeploying web application at '/project1'
04-May-2018 15:27:43.212 INFO [http-nio-8080-exec-689] org.apache.catalina.core.ApplicationContext.log HTMLManager: list: Listing contexts for virtual host 'localhost'
04-May-2018 15:27:56.536 INFO [http-nio-8080-exec-686] org.apache.catalina.core.ApplicationContext.log HTMLManager: list: Listing contexts for virtual host 'localhost'
04-May-2018 15:37:03.267 INFO [http-nio-8080-exec-698] org.apache.catalina.core.ApplicationContext.log HTMLManager: undeploy: Undeploying web application at '/project1'
04-May-2018 15:37:03.799 INFO [http-nio-8080-exec-698] org.apache.catalina.core.ApplicationContext.log HTMLManager: list: Listing contexts for virtual host 'localhost'
04-May-2018 15:37:07.260 INFO [http-nio-8080-exec-694] org.apache.catalina.core.ApplicationContext.log HTMLManager: list: Listing contexts for virtual host 'localhost'
04-May-2018 15:37:50.154 INFO [http-nio-8080-exec-697] org.apache.catalina.core.ApplicationContext.log HTMLManager: undeploy: Undeploying web application at '/project1'
04-May-2018 15:37:50.669 INFO [http-nio-8080-exec-697] org.apache.catalina.core.ApplicationContext.log HTMLManager: list: Listing contexts for virtual host 'localhost'
04-May-2018 15:37:54.691 INFO [http-nio-8080-exec-702] org.apache.catalina.core.ApplicationContext.log HTMLManager: list: Listing contexts for virtual host 'localhost'
04-May-2018 15:40:33.510 INFO [http-nio-8080-exec-713] org.apache.catalina.core.ApplicationContext.log HTMLManager: undeploy: Undeploying web application at '/project1'
04-May-2018 15:40:34.042 INFO [http-nio-8080-exec-713] org.apache.catalina.core.ApplicationContext.log HTMLManager: list: Listing contexts for virtual host 'localhost'
04-May-2018 15:40:37.161 INFO [http-nio-8080-exec-712] org.apache.catalina.core.ApplicationContext.log HTMLManager: list: Listing contexts for virtual host 'localhost'
04-May-2018 15:41:39.250 INFO [http-nio-8080-exec-718] org.apache.catalina.core.ApplicationContext.log HTMLManager: undeploy: Undeploying web application at '/project1'
04-May-2018 15:41:39.770 INFO [http-nio-8080-exec-718] org.apache.catalina.core.ApplicationContext.log HTMLManager: list: Listing contexts for virtual host 'localhost'
04-May-2018 15:41:43.464 INFO [http-nio-8080-exec-720] org.apache.catalina.core.ApplicationContext.log HTMLManager: list: Listing contexts for virtual host 'localhost'
04-May-2018 15:43:18.531 INFO [http-nio-8080-exec-722] org.apache.catalina.core.ApplicationContext.log HTMLManager: undeploy: Undeploying web application at '/project1'
04-May-2018 15:43:19.057 INFO [http-nio-8080-exec-722] org.apache.catalina.core.ApplicationContext.log HTMLManager: list: Listing contexts for virtual host 'localhost'
04-May-2018 15:43:22.876 INFO [http-nio-8080-exec-723] org.apache.catalina.core.ApplicationContext.log HTMLManager: list: Listing contexts for virtual host 'localhost'
04-May-2018 15:45:37.977 INFO [http-nio-8080-exec-733] org.apache.catalina.core.ApplicationContext.log HTMLManager: undeploy: Undeploying web application at '/project1'
04-May-2018 15:45:38.501 INFO [http-nio-8080-exec-733] org.apache.catalina.core.ApplicationContext.log HTMLManager: list: Listing contexts for virtual host 'localhost'
04-May-2018 15:45:42.441 INFO [http-nio-8080-exec-737] org.apache.catalina.core.ApplicationContext.log HTMLManager: list: Listing contexts for virtual host 'localhost'
04-May-2018 15:48:17.309 INFO [http-nio-8080-exec-746] org.apache.catalina.core.ApplicationContext.log HTMLManager: undeploy: Undeploying web application at '/project1'
04-May-2018 15:48:17.862 INFO [http-nio-8080-exec-746] org.apache.catalina.core.ApplicationContext.log HTMLManager: list: Listing contexts for virtual host 'localhost'
04-May-2018 15:48:21.350 INFO [http-nio-8080-exec-743] org.apache.catalina.core.ApplicationContext.log HTMLManager: list: Listing contexts for virtual host 'localhost'
04-May-2018 15:51:19.709 INFO [http-nio-8080-exec-755] org.apache.catalina.core.ApplicationContext.log HTMLManager: undeploy: Undeploying web application at '/project1'
04-May-2018 15:51:20.240 INFO [http-nio-8080-exec-755] org.apache.catalina.core.ApplicationContext.log HTMLManager: list: Listing contexts for virtual host 'localhost'
04-May-2018 15:51:23.968 INFO [http-nio-8080-exec-756] org.apache.catalina.core.ApplicationContext.log HTMLManager: list: Listing contexts for virtual host 'localhost'
04-May-2018 15:53:06.377 INFO [http-nio-8080-exec-761] org.apache.catalina.core.ApplicationContext.log HTMLManager: undeploy: Undeploying web application at '/project1'
04-May-2018 15:53:06.899 INFO [http-nio-8080-exec-761] org.apache.catalina.core.ApplicationContext.log HTMLManager: list: Listing contexts for virtual host 'localhost'
04-May-2018 15:53:10.081 INFO [http-nio-8080-exec-765] org.apache.catalina.core.ApplicationContext.log HTMLManager: list: Listing contexts for virtual host 'localhost'
04-May-2018 15:55:03.017 INFO [http-nio-8080-exec-778] org.apache.catalina.core.ApplicationContext.log HTMLManager: undeploy: Undeploying web application at '/project1'
04-May-2018 15:55:03.543 INFO [http-nio-8080-exec-778] org.apache.catalina.core.ApplicationContext.log HTMLManager: list: Listing contexts for virtual host 'localhost'
04-May-2018 15:55:07.622 INFO [http-nio-8080-exec-773] org.apache.catalina.core.ApplicationContext.log HTMLManager: list: Listing contexts for virtual host 'localhost'
04-May-2018 15:55:38.031 INFO [http-nio-8080-exec-776] org.apache.catalina.core.ApplicationContext.log HTMLManager: undeploy: Undeploying web application at '/project1'
04-May-2018 15:55:38.549 INFO [http-nio-8080-exec-776] org.apache.catalina.core.ApplicationContext.log HTMLManager: list: Listing contexts for virtual host 'localhost'
04-May-2018 15:55:43.620 INFO [http-nio-8080-exec-785] org.apache.catalina.core.ApplicationContext.log HTMLManager: list: Listing contexts for virtual host 'localhost'
04-May-2018 16:01:09.687 INFO [http-nio-8080-exec-788] org.apache.catalina.core.ApplicationContext.log HTMLManager: undeploy: Undeploying web application at '/project1'
04-May-2018 16:01:10.219 INFO [http-nio-8080-exec-788] org.apache.catalina.core.ApplicationContext.log HTMLManager: list: Listing contexts for virtual host 'localhost'
04-May-2018 16:01:14.178 INFO [http-nio-8080-exec-790] org.apache.catalina.core.ApplicationContext.log HTMLManager: list: Listing contexts for virtual host 'localhost'
04-May-2018 16:02:10.989 INFO [http-nio-8080-exec-791] org.apache.catalina.core.ApplicationContext.log HTMLManager: undeploy: Undeploying web application at '/project1'
04-May-2018 16:02:11.514 INFO [http-nio-8080-exec-791] org.apache.catalina.core.ApplicationContext.log HTMLManager: list: Listing contexts for virtual host 'localhost'
04-May-2018 16:02:14.566 INFO [http-nio-8080-exec-798] org.apache.catalina.core.ApplicationContext.log HTMLManager: list: Listing contexts for virtual host 'localhost'
04-May-2018 16:04:17.465 INFO [http-nio-8080-exec-803] org.apache.catalina.core.ApplicationContext.log HTMLManager: undeploy: Undeploying web application at '/project1'
04-May-2018 16:04:17.992 INFO [http-nio-8080-exec-803] org.apache.catalina.core.ApplicationContext.log HTMLManager: list: Listing contexts for virtual host 'localhost'
04-May-2018 16:04:21.022 INFO [http-nio-8080-exec-808] org.apache.catalina.core.ApplicationContext.log HTMLManager: list: Listing contexts for virtual host 'localhost'
04-May-2018 16:12:15.756 INFO [http-nio-8080-exec-814] org.apache.catalina.core.ApplicationContext.log HTMLManager: undeploy: Undeploying web application at '/project1'
04-May-2018 16:12:16.307 INFO [http-nio-8080-exec-814] org.apache.catalina.core.ApplicationContext.log HTMLManager: list: Listing contexts for virtual host 'localhost'
04-May-2018 16:12:19.913 INFO [http-nio-8080-exec-819] org.apache.catalina.core.ApplicationContext.log HTMLManager: list: Listing contexts for virtual host 'localhost'
04-May-2018 16:13:34.854 INFO [http-nio-8080-exec-825] org.apache.catalina.core.ApplicationContext.log HTMLManager: undeploy: Undeploying web application at '/project1'
04-May-2018 16:13:35.380 INFO [http-nio-8080-exec-825] org.apache.catalina.core.ApplicationContext.log HTMLManager: list: Listing contexts for virtual host 'localhost'
04-May-2018 16:13:39.580 INFO [http-nio-8080-exec-822] org.apache.catalina.core.ApplicationContext.log HTMLManager: list: Listing contexts for virtual host 'localhost'
04-May-2018 16:14:40.579 INFO [http-nio-8080-exec-833] org.apache.catalina.core.ApplicationContext.log HTMLManager: undeploy: Undeploying web application at '/project1'
04-May-2018 16:14:41.099 INFO [http-nio-8080-exec-833] org.apache.catalina.core.ApplicationContext.log HTMLManager: list: Listing contexts for virtual host 'localhost'
04-May-2018 16:14:44.975 INFO [http-nio-8080-exec-837] org.apache.catalina.core.ApplicationContext.log HTMLManager: list: Listing contexts for virtual host 'localhost'
04-May-2018 16:16:07.800 INFO [http-nio-8080-exec-841] org.apache.catalina.core.ApplicationContext.log HTMLManager: undeploy: Undeploying web application at '/project1'
04-May-2018 16:16:08.324 INFO [http-nio-8080-exec-841] org.apache.catalina.core.ApplicationContext.log HTMLManager: list: Listing contexts for virtual host 'localhost'
04-May-2018 16:16:11.665 INFO [http-nio-8080-exec-839] org.apache.catalina.core.ApplicationContext.log HTMLManager: list: Listing contexts for virtual host 'localhost'
04-May-2018 16:18:24.771 INFO [http-nio-8080-exec-847] org.apache.catalina.core.ApplicationContext.log HTMLManager: undeploy: Undeploying web application at '/project1'
04-May-2018 16:18:25.289 INFO [http-nio-8080-exec-847] org.apache.catalina.core.ApplicationContext.log HTMLManager: list: Listing contexts for virtual host 'localhost'
04-May-2018 16:18:29.858 INFO [http-nio-8080-exec-855] org.apache.catalina.core.ApplicationContext.log HTMLManager: list: Listing contexts for virtual host 'localhost'
04-May-2018 16:20:58.378 INFO [http-nio-8080-exec-857] org.apache.catalina.core.ApplicationContext.log HTMLManager: undeploy: Undeploying web application at '/project1'
04-May-2018 16:20:58.904 INFO [http-nio-8080-exec-857] org.apache.catalina.core.ApplicationContext.log HTMLManager: list: Listing contexts for virtual host 'localhost'
04-May-2018 16:21:02.757 INFO [http-nio-8080-exec-865] org.apache.catalina.core.ApplicationContext.log HTMLManager: list: Listing contexts for virtual host 'localhost'
04-May-2018 16:22:02.128 INFO [http-nio-8080-exec-858] org.apache.catalina.core.ApplicationContext.log HTMLManager: undeploy: Undeploying web application at '/project1'
04-May-2018 16:22:02.647 INFO [http-nio-8080-exec-858] org.apache.catalina.core.ApplicationContext.log HTMLManager: list: Listing contexts for virtual host 'localhost'
04-May-2018 16:22:07.417 INFO [http-nio-8080-exec-867] org.apache.catalina.core.ApplicationContext.log HTMLManager: list: Listing contexts for virtual host 'localhost'
04-May-2018 16:23:38.494 INFO [http-nio-8080-exec-874] org.apache.catalina.core.ApplicationContext.log HTMLManager: undeploy: Undeploying web application at '/project1'
04-May-2018 16:23:39.013 INFO [http-nio-8080-exec-874] org.apache.catalina.core.ApplicationContext.log HTMLManager: list: Listing contexts for virtual host 'localhost'
04-May-2018 16:23:42.709 INFO [http-nio-8080-exec-877] org.apache.catalina.core.ApplicationContext.log HTMLManager: list: Listing contexts for virtual host 'localhost'
04-May-2018 16:24:12.624 INFO [http-nio-8080-exec-879] org.apache.catalina.core.ApplicationContext.log HTMLManager: undeploy: Undeploying web application at '/project1'
04-May-2018 16:24:13.145 INFO [http-nio-8080-exec-879] org.apache.catalina.core.ApplicationContext.log HTMLManager: list: Listing contexts for virtual host 'localhost'
04-May-2018 16:24:17.103 INFO [http-nio-8080-exec-881] org.apache.catalina.core.ApplicationContext.log HTMLManager: list: Listing contexts for virtual host 'localhost'
04-May-2018 16:56:02.708 INFO [http-nio-8080-exec-888] org.apache.catalina.core.ApplicationContext.log HTMLManager: list: Listing contexts for virtual host 'localhost'
04-May-2018 16:56:04.059 INFO [http-nio-8080-exec-889] org.apache.catalina.core.ApplicationContext.log HTMLManager: undeploy: Undeploying web application at '/project1'
04-May-2018 16:56:04.590 INFO [http-nio-8080-exec-889] org.apache.catalina.core.ApplicationContext.log HTMLManager: list: Listing contexts for virtual host 'localhost'
04-May-2018 16:56:08.044 INFO [http-nio-8080-exec-887] org.apache.catalina.core.ApplicationContext.log HTMLManager: list: Listing contexts for virtual host 'localhost'
04-May-2018 18:41:10.636 INFO [http-nio-8080-exec-903] org.apache.catalina.core.ApplicationContext.log HTMLManager: list: Listing contexts for virtual host 'localhost'
04-May-2018 18:43:17.132 INFO [http-nio-8080-exec-900] org.apache.catalina.core.ApplicationContext.log HTMLManager: undeploy: Undeploying web application at '/project1'
04-May-2018 18:43:17.662 INFO [http-nio-8080-exec-900] org.apache.catalina.core.ApplicationContext.log HTMLManager: list: Listing contexts for virtual host 'localhost'
04-May-2018 18:43:21.656 INFO [http-nio-8080-exec-901] org.apache.catalina.core.ApplicationContext.log HTMLManager: list: Listing contexts for virtual host 'localhost'
04-May-2018 18:46:37.471 INFO [http-nio-8080-exec-912] org.apache.catalina.core.ApplicationContext.log HTMLManager: undeploy: Undeploying web application at '/project1'
04-May-2018 18:46:38.000 INFO [http-nio-8080-exec-912] org.apache.catalina.core.ApplicationContext.log HTMLManager: list: Listing contexts for virtual host 'localhost'
04-May-2018 18:46:42.203 INFO [http-nio-8080-exec-908] org.apache.catalina.core.ApplicationContext.log HTMLManager: list: Listing contexts for virtual host 'localhost'
04-May-2018 19:11:28.360 INFO [http-nio-8080-exec-917] org.apache.catalina.core.ApplicationContext.log HTMLManager: undeploy: Undeploying web application at '/project1'
04-May-2018 19:11:28.898 INFO [http-nio-8080-exec-917] org.apache.catalina.core.ApplicationContext.log HTMLManager: list: Listing contexts for virtual host 'localhost'
04-May-2018 19:11:32.566 INFO [http-nio-8080-exec-922] org.apache.catalina.core.ApplicationContext.log HTMLManager: list: Listing contexts for virtual host 'localhost'
04-May-2018 19:13:20.130 INFO [http-nio-8080-exec-932] org.apache.catalina.core.ApplicationContext.log HTMLManager: undeploy: Undeploying web application at '/project1'
04-May-2018 19:13:20.663 INFO [http-nio-8080-exec-932] org.apache.catalina.core.ApplicationContext.log HTMLManager: list: Listing contexts for virtual host 'localhost'
04-May-2018 19:13:24.720 INFO [http-nio-8080-exec-924] org.apache.catalina.core.ApplicationContext.log HTMLManager: list: Listing contexts for virtual host 'localhost'
04-May-2018 19:14:03.898 INFO [http-nio-8080-exec-929] org.apache.catalina.core.ApplicationContext.log HTMLManager: undeploy: Undeploying web application at '/project1'
04-May-2018 19:14:04.416 INFO [http-nio-8080-exec-929] org.apache.catalina.core.ApplicationContext.log HTMLManager: list: Listing contexts for virtual host 'localhost'
04-May-2018 19:14:07.969 INFO [http-nio-8080-exec-939] org.apache.catalina.core.ApplicationContext.log HTMLManager: list: Listing contexts for virtual host 'localhost'
04-May-2018 19:14:51.694 INFO [http-nio-8080-exec-948] org.apache.catalina.core.ApplicationContext.log HTMLManager: undeploy: Undeploying web application at '/project1'
04-May-2018 19:14:52.212 INFO [http-nio-8080-exec-948] org.apache.catalina.core.ApplicationContext.log HTMLManager: list: Listing contexts for virtual host 'localhost'
04-May-2018 19:14:56.128 INFO [http-nio-8080-exec-945] org.apache.catalina.core.ApplicationContext.log HTMLManager: list: Listing contexts for virtual host 'localhost'
04-May-2018 19:17:09.136 INFO [http-nio-8080-exec-953] org.apache.catalina.core.ApplicationContext.log HTMLManager: undeploy: Undeploying web application at '/project1'
04-May-2018 19:17:09.668 INFO [http-nio-8080-exec-953] org.apache.catalina.core.ApplicationContext.log HTMLManager: list: Listing contexts for virtual host 'localhost'
04-May-2018 19:17:12.915 INFO [http-nio-8080-exec-958] org.apache.catalina.core.ApplicationContext.log HTMLManager: list: Listing contexts for virtual host 'localhost'
04-May-2018 19:18:00.241 INFO [http-nio-8080-exec-961] org.apache.catalina.core.ApplicationContext.log HTMLManager: undeploy: Undeploying web application at '/project1'
04-May-2018 19:18:00.762 INFO [http-nio-8080-exec-961] org.apache.catalina.core.ApplicationContext.log HTMLManager: list: Listing contexts for virtual host 'localhost'
04-May-2018 19:18:04.506 INFO [http-nio-8080-exec-962] org.apache.catalina.core.ApplicationContext.log HTMLManager: list: Listing contexts for virtual host 'localhost'
04-May-2018 19:19:15.722 INFO [http-nio-8080-exec-972] org.apache.catalina.core.ApplicationContext.log HTMLManager: undeploy: Undeploying web application at '/project1'
04-May-2018 19:19:16.259 INFO [http-nio-8080-exec-972] org.apache.catalina.core.ApplicationContext.log HTMLManager: list: Listing contexts for virtual host 'localhost'
04-May-2018 19:19:20.390 INFO [http-nio-8080-exec-977] org.apache.catalina.core.ApplicationContext.log HTMLManager: list: Listing contexts for virtual host 'localhost'
04-May-2018 19:20:21.014 INFO [http-nio-8080-exec-979] org.apache.catalina.core.ApplicationContext.log HTMLManager: undeploy: Undeploying web application at '/project1'
04-May-2018 19:20:21.537 INFO [http-nio-8080-exec-979] org.apache.catalina.core.ApplicationContext.log HTMLManager: list: Listing contexts for virtual host 'localhost'
04-May-2018 19:20:25.918 INFO [http-nio-8080-exec-981] org.apache.catalina.core.ApplicationContext.log HTMLManager: list: Listing contexts for virtual host 'localhost'
04-May-2018 19:22:59.557 INFO [http-nio-8080-exec-991] org.apache.catalina.core.ApplicationContext.log HTMLManager: undeploy: Undeploying web application at '/project1'
04-May-2018 19:23:00.086 INFO [http-nio-8080-exec-991] org.apache.catalina.core.ApplicationContext.log HTMLManager: list: Listing contexts for virtual host 'localhost'
04-May-2018 19:23:04.685 INFO [http-nio-8080-exec-995] org.apache.catalina.core.ApplicationContext.log HTMLManager: list: Listing contexts for virtual host 'localhost'
04-May-2018 19:24:13.301 INFO [http-nio-8080-exec-1003] org.apache.catalina.core.ApplicationContext.log HTMLManager: undeploy: Undeploying web application at '/project1'
04-May-2018 19:24:13.832 INFO [http-nio-8080-exec-1003] org.apache.catalina.core.ApplicationContext.log HTMLManager: list: Listing contexts for virtual host 'localhost'
04-May-2018 19:24:17.641 INFO [http-nio-8080-exec-1006] org.apache.catalina.core.ApplicationContext.log HTMLManager: list: Listing contexts for virtual host 'localhost'
04-May-2018 19:26:23.665 INFO [http-nio-8080-exec-1011] org.apache.catalina.core.ApplicationContext.log HTMLManager: undeploy: Undeploying web application at '/project1'
04-May-2018 19:26:24.190 INFO [http-nio-8080-exec-1011] org.apache.catalina.core.ApplicationContext.log HTMLManager: list: Listing contexts for virtual host 'localhost'
04-May-2018 19:26:28.430 INFO [http-nio-8080-exec-1012] org.apache.catalina.core.ApplicationContext.log HTMLManager: list: Listing contexts for virtual host 'localhost'
04-May-2018 19:28:04.601 INFO [http-nio-8080-exec-1017] org.apache.catalina.core.ApplicationContext.log HTMLManager: undeploy: Undeploying web application at '/project1'
04-May-2018 19:28:05.125 INFO [http-nio-8080-exec-1017] org.apache.catalina.core.ApplicationContext.log HTMLManager: list: Listing contexts for virtual host 'localhost'
04-May-2018 19:28:08.563 INFO [http-nio-8080-exec-1020] org.apache.catalina.core.ApplicationContext.log HTMLManager: list: Listing contexts for virtual host 'localhost'
04-May-2018 19:28:46.230 INFO [http-nio-8080-exec-1032] org.apache.catalina.core.ApplicationContext.log HTMLManager: undeploy: Undeploying web application at '/project1'
04-May-2018 19:28:46.753 INFO [http-nio-8080-exec-1032] org.apache.catalina.core.ApplicationContext.log HTMLManager: list: Listing contexts for virtual host 'localhost'
04-May-2018 19:28:51.426 INFO [http-nio-8080-exec-1031] org.apache.catalina.core.ApplicationContext.log HTMLManager: list: Listing contexts for virtual host 'localhost'
04-May-2018 19:29:40.913 INFO [http-nio-8080-exec-1039] org.apache.catalina.core.ApplicationContext.log HTMLManager: undeploy: Undeploying web application at '/project1'
04-May-2018 19:29:41.432 INFO [http-nio-8080-exec-1039] org.apache.catalina.core.ApplicationContext.log HTMLManager: list: Listing contexts for virtual host 'localhost'
04-May-2018 19:29:46.969 INFO [http-nio-8080-exec-1041] org.apache.catalina.core.ApplicationContext.log HTMLManager: list: Listing contexts for virtual host 'localhost'
04-May-2018 19:31:16.254 INFO [http-nio-8080-exec-1043] org.apache.catalina.core.ApplicationContext.log HTMLManager: undeploy: Undeploying web application at '/project1'
04-May-2018 19:31:16.778 INFO [http-nio-8080-exec-1043] org.apache.catalina.core.ApplicationContext.log HTMLManager: list: Listing contexts for virtual host 'localhost'
04-May-2018 19:31:20.414 INFO [http-nio-8080-exec-1048] org.apache.catalina.core.ApplicationContext.log HTMLManager: list: Listing contexts for virtual host 'localhost'
04-May-2018 19:35:37.927 INFO [http-nio-8080-exec-1058] org.apache.catalina.core.ApplicationContext.log HTMLManager: undeploy: Undeploying web application at '/project1'
04-May-2018 19:35:38.456 INFO [http-nio-8080-exec-1058] org.apache.catalina.core.ApplicationContext.log HTMLManager: list: Listing contexts for virtual host 'localhost'
04-May-2018 19:35:42.701 INFO [http-nio-8080-exec-1057] org.apache.catalina.core.ApplicationContext.log HTMLManager: list: Listing contexts for virtual host 'localhost'
04-May-2018 19:41:21.621 INFO [http-nio-8080-exec-1068] org.apache.catalina.core.ApplicationContext.log HTMLManager: undeploy: Undeploying web application at '/project1'
04-May-2018 19:41:22.146 INFO [http-nio-8080-exec-1068] org.apache.catalina.core.ApplicationContext.log HTMLManager: list: Listing contexts for virtual host 'localhost'
04-May-2018 19:41:28.695 INFO [http-nio-8080-exec-1062] org.apache.catalina.core.ApplicationContext.log HTMLManager: list: Listing contexts for virtual host 'localhost'
04-May-2018 19:50:40.423 INFO [http-nio-8080-exec-1075] org.apache.catalina.core.ApplicationContext.log HTMLManager: undeploy: Undeploying web application at '/project1'
04-May-2018 19:50:40.978 INFO [http-nio-8080-exec-1075] org.apache.catalina.core.ApplicationContext.log HTMLManager: list: Listing contexts for virtual host 'localhost'
04-May-2018 19:50:45.152 INFO [http-nio-8080-exec-1072] org.apache.catalina.core.ApplicationContext.log HTMLManager: list: Listing contexts for virtual host 'localhost'
04-May-2018 19:52:54.995 INFO [http-nio-8080-exec-1087] org.apache.catalina.core.ApplicationContext.log HTMLManager: undeploy: Undeploying web application at '/project1'
04-May-2018 19:52:55.525 INFO [http-nio-8080-exec-1087] org.apache.catalina.core.ApplicationContext.log HTMLManager: list: Listing contexts for virtual host 'localhost'
04-May-2018 19:52:59.796 INFO [http-nio-8080-exec-1088] org.apache.catalina.core.ApplicationContext.log HTMLManager: list: Listing contexts for virtual host 'localhost'
04-May-2018 19:53:40.082 INFO [http-nio-8080-exec-1094] org.apache.catalina.core.ApplicationContext.log HTMLManager: undeploy: Undeploying web application at '/project1'
04-May-2018 19:53:40.604 INFO [http-nio-8080-exec-1094] org.apache.catalina.core.ApplicationContext.log HTMLManager: list: Listing contexts for virtual host 'localhost'
04-May-2018 19:53:44.327 INFO [http-nio-8080-exec-1099] org.apache.catalina.core.ApplicationContext.log HTMLManager: list: Listing contexts for virtual host 'localhost'
04-May-2018 19:54:26.799 INFO [http-nio-8080-exec-1091] org.apache.catalina.core.ApplicationContext.log HTMLManager: undeploy: Undeploying web application at '/project1'
04-May-2018 19:54:27.318 INFO [http-nio-8080-exec-1091] org.apache.catalina.core.ApplicationContext.log HTMLManager: list: Listing contexts for virtual host 'localhost'
04-May-2018 19:54:30.694 INFO [http-nio-8080-exec-1108] org.apache.catalina.core.ApplicationContext.log HTMLManager: list: Listing contexts for virtual host 'localhost'
04-May-2018 19:59:01.581 INFO [http-nio-8080-exec-1114] org.apache.catalina.core.ApplicationContext.log HTMLManager: undeploy: Undeploying web application at '/project1'
04-May-2018 19:59:02.127 INFO [http-nio-8080-exec-1114] org.apache.catalina.core.ApplicationContext.log HTMLManager: list: Listing contexts for virtual host 'localhost'
04-May-2018 19:59:05.277 INFO [http-nio-8080-exec-1112] org.apache.catalina.core.ApplicationContext.log HTMLManager: list: Listing contexts for virtual host 'localhost'
04-May-2018 20:00:15.420 INFO [http-nio-8080-exec-1109] org.apache.catalina.core.ApplicationContext.log HTMLManager: undeploy: Undeploying web application at '/project1'
04-May-2018 20:00:15.944 INFO [http-nio-8080-exec-1109] org.apache.catalina.core.ApplicationContext.log HTMLManager: list: Listing contexts for virtual host 'localhost'
04-May-2018 20:00:19.464 INFO [http-nio-8080-exec-1120] org.apache.catalina.core.ApplicationContext.log HTMLManager: list: Listing contexts for virtual host 'localhost'
04-May-2018 20:02:27.787 INFO [http-nio-8080-exec-1132] org.apache.catalina.core.ApplicationContext.log HTMLManager: undeploy: Undeploying web application at '/project1'
04-May-2018 20:02:28.307 INFO [http-nio-8080-exec-1132] org.apache.catalina.core.ApplicationContext.log HTMLManager: list: Listing contexts for virtual host 'localhost'
04-May-2018 20:02:31.681 INFO [http-nio-8080-exec-1133] org.apache.catalina.core.ApplicationContext.log HTMLManager: list: Listing contexts for virtual host 'localhost'
04-May-2018 20:08:43.424 INFO [http-nio-8080-exec-1138] org.apache.catalina.core.ApplicationContext.log HTMLManager: undeploy: Undeploying web application at '/project1'
04-May-2018 20:08:43.993 INFO [http-nio-8080-exec-1138] org.apache.catalina.core.ApplicationContext.log HTMLManager: list: Listing contexts for virtual host 'localhost'
04-May-2018 20:08:47.390 INFO [http-nio-8080-exec-1145] org.apache.catalina.core.ApplicationContext.log HTMLManager: list: Listing contexts for virtual host 'localhost'
04-May-2018 20:10:31.315 INFO [http-nio-8080-exec-1154] org.apache.catalina.core.ApplicationContext.log HTMLManager: undeploy: Undeploying web application at '/project1'
04-May-2018 20:10:31.840 INFO [http-nio-8080-exec-1154] org.apache.catalina.core.ApplicationContext.log HTMLManager: list: Listing contexts for virtual host 'localhost'
04-May-2018 20:10:35.747 INFO [http-nio-8080-exec-1149] org.apache.catalina.core.ApplicationContext.log HTMLManager: list: Listing contexts for virtual host 'localhost'
04-May-2018 20:11:27.842 INFO [http-nio-8080-exec-1160] org.apache.catalina.core.ApplicationContext.log HTMLManager: undeploy: Undeploying web application at '/project1'
04-May-2018 20:11:28.362 INFO [http-nio-8080-exec-1160] org.apache.catalina.core.ApplicationContext.log HTMLManager: list: Listing contexts for virtual host 'localhost'
04-May-2018 20:11:31.983 INFO [http-nio-8080-exec-1165] org.apache.catalina.core.ApplicationContext.log HTMLManager: list: Listing contexts for virtual host 'localhost'
04-May-2018 20:29:12.917 INFO [http-nio-8080-exec-1169] org.apache.catalina.core.ApplicationContext.log HTMLManager: undeploy: Undeploying web application at '/project1'
04-May-2018 20:29:13.461 INFO [http-nio-8080-exec-1169] org.apache.catalina.core.ApplicationContext.log HTMLManager: list: Listing contexts for virtual host 'localhost'
04-May-2018 20:29:18.677 INFO [http-nio-8080-exec-1175] org.apache.catalina.core.ApplicationContext.log HTMLManager: list: Listing contexts for virtual host 'localhost'
04-May-2018 20:31:28.251 INFO [http-nio-8080-exec-1177] org.apache.catalina.core.ApplicationContext.log HTMLManager: undeploy: Undeploying web application at '/project1'
04-May-2018 20:31:28.778 INFO [http-nio-8080-exec-1177] org.apache.catalina.core.ApplicationContext.log HTMLManager: list: Listing contexts for virtual host 'localhost'
04-May-2018 20:31:32.545 INFO [http-nio-8080-exec-1181] org.apache.catalina.core.ApplicationContext.log HTMLManager: list: Listing contexts for virtual host 'localhost'
04-May-2018 20:31:33.572 INFO [http-nio-8080-exec-1183] org.apache.catalina.core.ApplicationContext.log HTMLManager: list: Listing contexts for virtual host 'localhost'
04-May-2018 20:34:21.124 INFO [http-nio-8080-exec-1191] org.apache.catalina.core.ApplicationContext.log HTMLManager: undeploy: Undeploying web application at '/project1'
04-May-2018 20:34:21.645 INFO [http-nio-8080-exec-1191] org.apache.catalina.core.ApplicationContext.log HTMLManager: list: Listing contexts for virtual host 'localhost'
04-May-2018 20:34:24.927 INFO [http-nio-8080-exec-1195] org.apache.catalina.core.ApplicationContext.log HTMLManager: list: Listing contexts for virtual host 'localhost'
04-May-2018 20:35:12.973 INFO [http-nio-8080-exec-1203] org.apache.catalina.core.ApplicationContext.log HTMLManager: undeploy: Undeploying web application at '/project1'
04-May-2018 20:35:13.500 INFO [http-nio-8080-exec-1203] org.apache.catalina.core.ApplicationContext.log HTMLManager: list: Listing contexts for virtual host 'localhost'
04-May-2018 20:35:17.410 INFO [http-nio-8080-exec-1204] org.apache.catalina.core.ApplicationContext.log HTMLManager: list: Listing contexts for virtual host 'localhost'
04-May-2018 20:37:02.138 INFO [http-nio-8080-exec-1207] org.apache.catalina.core.ApplicationContext.log HTMLManager: undeploy: Undeploying web application at '/project1'
04-May-2018 20:37:02.675 INFO [http-nio-8080-exec-1207] org.apache.catalina.core.ApplicationContext.log HTMLManager: list: Listing contexts for virtual host 'localhost'
04-May-2018 20:37:06.800 INFO [http-nio-8080-exec-1213] org.apache.catalina.core.ApplicationContext.log HTMLManager: list: Listing contexts for virtual host 'localhost'
04-May-2018 20:40:17.391 INFO [http-nio-8080-exec-1222] org.apache.catalina.core.ApplicationContext.log HTMLManager: undeploy: Undeploying web application at '/project1'
04-May-2018 20:40:17.930 INFO [http-nio-8080-exec-1222] org.apache.catalina.core.ApplicationContext.log HTMLManager: list: Listing contexts for virtual host 'localhost'
04-May-2018 20:41:57.218 INFO [http-nio-8080-exec-1225] org.apache.catalina.core.ApplicationContext.log HTMLManager: list: Listing contexts for virtual host 'localhost'
04-May-2018 20:46:25.969 INFO [http-nio-8080-exec-1232] org.apache.catalina.core.ApplicationContext.log HTMLManager: undeploy: Undeploying web application at '/project1'
04-May-2018 20:46:26.497 INFO [http-nio-8080-exec-1232] org.apache.catalina.core.ApplicationContext.log HTMLManager: list: Listing contexts for virtual host 'localhost'
04-May-2018 20:46:29.793 INFO [http-nio-8080-exec-1225] org.apache.catalina.core.ApplicationContext.log HTMLManager: list: Listing contexts for virtual host 'localhost'
04-May-2018 20:48:42.321 INFO [http-nio-8080-exec-1235] org.apache.catalina.core.ApplicationContext.log HTMLManager: undeploy: Undeploying web application at '/project1'
04-May-2018 20:48:42.872 INFO [http-nio-8080-exec-1235] org.apache.catalina.core.ApplicationContext.log HTMLManager: list: Listing contexts for virtual host 'localhost'
04-May-2018 20:48:46.897 INFO [http-nio-8080-exec-1242] org.apache.catalina.core.ApplicationContext.log HTMLManager: list: Listing contexts for virtual host 'localhost'
04-May-2018 20:52:19.699 INFO [http-nio-8080-exec-1247] org.apache.catalina.core.ApplicationContext.log HTMLManager: undeploy: Undeploying web application at '/project1'
04-May-2018 20:52:20.228 INFO [http-nio-8080-exec-1247] org.apache.catalina.core.ApplicationContext.log HTMLManager: list: Listing contexts for virtual host 'localhost'
04-May-2018 20:52:23.844 INFO [http-nio-8080-exec-1246] org.apache.catalina.core.ApplicationContext.log HTMLManager: list: Listing contexts for virtual host 'localhost'
04-May-2018 20:57:27.948 INFO [http-nio-8080-exec-1256] org.apache.catalina.core.ApplicationContext.log HTMLManager: undeploy: Undeploying web application at '/project1'
04-May-2018 20:57:28.479 INFO [http-nio-8080-exec-1256] org.apache.catalina.core.ApplicationContext.log HTMLManager: list: Listing contexts for virtual host 'localhost'
04-May-2018 20:57:31.900 INFO [http-nio-8080-exec-1257] org.apache.catalina.core.ApplicationContext.log HTMLManager: list: Listing contexts for virtual host 'localhost'
04-May-2018 20:58:37.775 INFO [http-nio-8080-exec-1270] org.apache.catalina.core.ApplicationContext.log HTMLManager: undeploy: Undeploying web application at '/project1'
04-May-2018 20:58:38.317 INFO [http-nio-8080-exec-1270] org.apache.catalina.core.ApplicationContext.log HTMLManager: list: Listing contexts for virtual host 'localhost'
04-May-2018 20:58:42.284 INFO [http-nio-8080-exec-1265] org.apache.catalina.core.ApplicationContext.log HTMLManager: list: Listing contexts for virtual host 'localhost'
04-May-2018 21:01:14.217 INFO [http-nio-8080-exec-1279] org.apache.catalina.core.ApplicationContext.log HTMLManager: undeploy: Undeploying web application at '/project1'
04-May-2018 21:01:14.737 INFO [http-nio-8080-exec-1279] org.apache.catalina.core.ApplicationContext.log HTMLManager: list: Listing contexts for virtual host 'localhost'
04-May-2018 21:01:18.257 INFO [http-nio-8080-exec-1282] org.apache.catalina.core.ApplicationContext.log HTMLManager: list: Listing contexts for virtual host 'localhost'
04-May-2018 21:03:34.667 INFO [http-nio-8080-exec-1288] org.apache.catalina.core.ApplicationContext.log HTMLManager: undeploy: Undeploying web application at '/project1'
04-May-2018 21:03:35.188 INFO [http-nio-8080-exec-1288] org.apache.catalina.core.ApplicationContext.log HTMLManager: list: Listing contexts for virtual host 'localhost'
04-May-2018 21:03:38.741 INFO [http-nio-8080-exec-1283] org.apache.catalina.core.ApplicationContext.log HTMLManager: list: Listing contexts for virtual host 'localhost'
04-May-2018 21:04:27.077 INFO [http-nio-8080-exec-1285] org.apache.catalina.core.ApplicationContext.log HTMLManager: undeploy: Undeploying web application at '/project1'
04-May-2018 21:04:27.591 INFO [http-nio-8080-exec-1285] org.apache.catalina.core.ApplicationContext.log HTMLManager: list: Listing contexts for virtual host 'localhost'
04-May-2018 21:04:31.571 INFO [http-nio-8080-exec-1293] org.apache.catalina.core.ApplicationContext.log HTMLManager: list: Listing contexts for virtual host 'localhost'
04-May-2018 21:05:27.309 INFO [http-nio-8080-exec-1299] org.apache.catalina.core.ApplicationContext.log HTMLManager: undeploy: Undeploying web application at '/project1'
04-May-2018 21:05:27.833 INFO [http-nio-8080-exec-1299] org.apache.catalina.core.ApplicationContext.log HTMLManager: list: Listing contexts for virtual host 'localhost'
04-May-2018 21:08:10.307 INFO [http-nio-8080-exec-1309] org.apache.catalina.core.ApplicationContext.log HTMLManager: list: Listing contexts for virtual host 'localhost'
04-May-2018 21:12:53.889 INFO [http-nio-8080-exec-1310] org.apache.catalina.core.ApplicationContext.log HTMLManager: undeploy: Undeploying web application at '/project1'
04-May-2018 21:12:54.416 INFO [http-nio-8080-exec-1310] org.apache.catalina.core.ApplicationContext.log HTMLManager: list: Listing contexts for virtual host 'localhost'
04-May-2018 21:15:31.055 INFO [http-nio-8080-exec-1319] org.apache.catalina.core.ApplicationContext.log HTMLManager: list: Listing contexts for virtual host 'localhost'
04-May-2018 21:15:41.356 INFO [http-nio-8080-exec-1313] org.apache.catalina.core.ApplicationContext.log HTMLManager: restart: Reloading web application '/project1'
04-May-2018 21:15:41.437 INFO [http-nio-8080-exec-1313] org.apache.catalina.core.ApplicationContext.log HTMLManager: list: Listing contexts for virtual host 'localhost'
04-May-2018 21:20:48.535 INFO [http-nio-8080-exec-1327] org.apache.catalina.core.ApplicationContext.log HTMLManager: undeploy: Undeploying web application at '/project1'
04-May-2018 21:20:49.077 INFO [http-nio-8080-exec-1327] org.apache.catalina.core.ApplicationContext.log HTMLManager: list: Listing contexts for virtual host 'localhost'
04-May-2018 21:20:52.610 INFO [http-nio-8080-exec-1333] org.apache.catalina.core.ApplicationContext.log HTMLManager: list: Listing contexts for virtual host 'localhost'
04-May-2018 21:21:30.676 INFO [http-nio-8080-exec-1340] org.apache.catalina.core.ApplicationContext.log HTMLManager: undeploy: Undeploying web application at '/project1'
04-May-2018 21:21:31.204 INFO [http-nio-8080-exec-1340] org.apache.catalina.core.ApplicationContext.log HTMLManager: list: Listing contexts for virtual host 'localhost'
04-May-2018 21:24:36.762 INFO [http-nio-8080-exec-1342] org.apache.catalina.core.ApplicationContext.log HTMLManager: list: Listing contexts for virtual host 'localhost'
04-May-2018 21:29:03.758 INFO [http-nio-8080-exec-1345] org.apache.catalina.core.ApplicationContext.log HTMLManager: undeploy: Undeploying web application at '/project1'
04-May-2018 21:29:04.294 INFO [http-nio-8080-exec-1345] org.apache.catalina.core.ApplicationContext.log HTMLManager: list: Listing contexts for virtual host 'localhost'
04-May-2018 21:34:31.177 INFO [http-nio-8080-exec-1352] org.apache.catalina.core.ApplicationContext.log HTMLManager: list: Listing contexts for virtual host 'localhost'
04-May-2018 21:42:53.810 INFO [http-nio-8080-exec-1355] org.apache.catalina.core.ApplicationContext.log HTMLManager: list: Listing contexts for virtual host 'localhost'
04-May-2018 21:42:55.553 INFO [http-nio-8080-exec-1359] org.apache.catalina.core.ApplicationContext.log HTMLManager: undeploy: Undeploying web application at '/project1'
04-May-2018 21:42:56.071 INFO [http-nio-8080-exec-1359] org.apache.catalina.core.ApplicationContext.log HTMLManager: list: Listing contexts for virtual host 'localhost'
04-May-2018 21:51:14.242 INFO [http-nio-8080-exec-1362] org.apache.catalina.core.ApplicationContext.log HTMLManager: list: Listing contexts for virtual host 'localhost'
04-May-2018 22:14:03.244 INFO [http-nio-8080-exec-2] org.apache.catalina.core.ApplicationContext.log HTMLManager: init: Associated with Deployer 'Catalina:type=Deployer,host=localhost'
04-May-2018 22:14:03.244 INFO [http-nio-8080-exec-2] org.apache.catalina.core.ApplicationContext.log HTMLManager: init: Global resources are available
04-May-2018 22:14:03.265 INFO [http-nio-8080-exec-2] org.apache.catalina.core.ApplicationContext.log HTMLManager: list: Listing contexts for virtual host 'localhost'
04-May-2018 22:14:05.089 INFO [http-nio-8080-exec-3] org.apache.catalina.core.ApplicationContext.log HTMLManager: undeploy: Undeploying web application at '/project1'
04-May-2018 22:14:05.627 INFO [http-nio-8080-exec-3] org.apache.catalina.core.ApplicationContext.log HTMLManager: list: Listing contexts for virtual host 'localhost'
04-May-2018 22:14:09.550 INFO [http-nio-8080-exec-9] org.apache.catalina.core.ApplicationContext.log HTMLManager: list: Listing contexts for virtual host 'localhost'
04-May-2018 22:31:41.238 INFO [http-nio-8080-exec-15] org.apache.catalina.core.ApplicationContext.log HTMLManager: list: Listing contexts for virtual host 'localhost'
04-May-2018 22:31:43.495 INFO [http-nio-8080-exec-19] org.apache.catalina.core.ApplicationContext.log HTMLManager: undeploy: Undeploying web application at '/project1'
04-May-2018 22:31:44.035 INFO [http-nio-8080-exec-19] org.apache.catalina.core.ApplicationContext.log HTMLManager: list: Listing contexts for virtual host 'localhost'
04-May-2018 22:34:15.667 INFO [http-nio-8080-exec-21] org.apache.catalina.core.ApplicationContext.log HTMLManager: list: Listing contexts for virtual host 'localhost'
04-May-2018 22:42:11.008 INFO [http-nio-8080-exec-21] org.apache.catalina.core.ApplicationContext.log HTMLManager: undeploy: Undeploying web application at '/project1'
04-May-2018 22:42:11.547 INFO [http-nio-8080-exec-21] org.apache.catalina.core.ApplicationContext.log HTMLManager: list: Listing contexts for virtual host 'localhost'
04-May-2018 22:42:15.645 INFO [http-nio-8080-exec-28] org.apache.catalina.core.ApplicationContext.log HTMLManager: list: Listing contexts for virtual host 'localhost'
04-May-2018 22:46:02.502 INFO [http-nio-8080-exec-34] org.apache.catalina.core.ApplicationContext.log HTMLManager: undeploy: Undeploying web application at '/project1'
04-May-2018 22:46:03.034 INFO [http-nio-8080-exec-34] org.apache.catalina.core.ApplicationContext.log HTMLManager: list: Listing contexts for virtual host 'localhost'
04-May-2018 22:46:06.535 INFO [http-nio-8080-exec-36] org.apache.catalina.core.ApplicationContext.log HTMLManager: list: Listing contexts for virtual host 'localhost'
04-May-2018 22:52:17.775 INFO [http-nio-8080-exec-47] org.apache.catalina.core.ApplicationContext.log HTMLManager: undeploy: Undeploying web application at '/project1'
04-May-2018 22:52:18.308 INFO [http-nio-8080-exec-47] org.apache.catalina.core.ApplicationContext.log HTMLManager: list: Listing contexts for virtual host 'localhost'
04-May-2018 22:52:29.762 INFO [http-nio-8080-exec-49] org.apache.catalina.core.ApplicationContext.log HTMLManager: list: Listing contexts for virtual host 'localhost'
04-May-2018 22:56:18.910 INFO [http-nio-8080-exec-57] org.apache.catalina.core.ApplicationContext.log HTMLManager: undeploy: Undeploying web application at '/project1'
04-May-2018 22:56:19.443 INFO [http-nio-8080-exec-57] org.apache.catalina.core.ApplicationContext.log HTMLManager: list: Listing contexts for virtual host 'localhost'
