13-May-2018 13:40:12.847 INFO [http-nio-8080-exec-3] org.apache.catalina.core.ApplicationContext.log HTMLManager: init: Associated with Deployer 'Catalina:type=Deployer,host=localhost'
13-May-2018 13:40:12.847 INFO [http-nio-8080-exec-3] org.apache.catalina.core.ApplicationContext.log HTMLManager: init: Global resources are available
13-May-2018 13:40:12.855 INFO [http-nio-8080-exec-3] org.apache.catalina.core.ApplicationContext.log HTMLManager: list: Listing contexts for virtual host 'localhost'
13-May-2018 13:42:54.726 INFO [http-nio-8080-exec-9] org.apache.catalina.core.ApplicationContext.log HTMLManager: list: Listing contexts for virtual host 'localhost'
13-May-2018 13:43:06.301 INFO [http-nio-8080-exec-10] org.apache.catalina.core.ApplicationContext.log HTMLManager: undeploy: Undeploying web application at '/project1'
13-May-2018 13:43:06.852 INFO [http-nio-8080-exec-10] org.apache.catalina.core.ApplicationContext.log HTMLManager: list: Listing contexts for virtual host 'localhost'
13-May-2018 13:43:11.255 INFO [http-nio-8080-exec-5] org.apache.catalina.core.ApplicationContext.log HTMLManager: list: Listing contexts for virtual host 'localhost'
13-May-2018 13:43:37.577 INFO [http-nio-8080-exec-8] org.apache.catalina.core.ApplicationContext.log HTMLManager: undeploy: Undeploying web application at '/project1'
13-May-2018 13:43:38.101 INFO [http-nio-8080-exec-8] org.apache.catalina.core.ApplicationContext.log HTMLManager: list: Listing contexts for virtual host 'localhost'
13-May-2018 13:44:39.736 INFO [http-nio-8080-exec-15] org.apache.catalina.core.ApplicationContext.log HTMLManager: list: Listing contexts for virtual host 'localhost'
13-May-2018 13:45:40.299 INFO [http-nio-8080-exec-17] org.apache.catalina.core.ApplicationContext.log HTMLManager: undeploy: Undeploying web application at '/project1'
13-May-2018 13:45:40.825 INFO [http-nio-8080-exec-17] org.apache.catalina.core.ApplicationContext.log HTMLManager: list: Listing contexts for virtual host 'localhost'
13-May-2018 13:45:44.304 INFO [http-nio-8080-exec-15] org.apache.catalina.core.ApplicationContext.log HTMLManager: list: Listing contexts for virtual host 'localhost'
13-May-2018 13:58:38.055 INFO [http-nio-8080-exec-23] org.apache.catalina.core.ApplicationContext.log HTMLManager: list: Listing contexts for virtual host 'localhost'
13-May-2018 13:58:40.072 INFO [http-nio-8080-exec-25] org.apache.catalina.core.ApplicationContext.log HTMLManager: undeploy: Undeploying web application at '/project1'
13-May-2018 13:58:40.605 INFO [http-nio-8080-exec-25] org.apache.catalina.core.ApplicationContext.log HTMLManager: list: Listing contexts for virtual host 'localhost'
13-May-2018 13:58:44.829 INFO [http-nio-8080-exec-28] org.apache.catalina.core.ApplicationContext.log HTMLManager: list: Listing contexts for virtual host 'localhost'
13-May-2018 14:02:08.032 INFO [http-nio-8080-exec-34] org.apache.catalina.core.ApplicationContext.log HTMLManager: undeploy: Undeploying web application at '/project1'
13-May-2018 14:02:08.563 INFO [http-nio-8080-exec-34] org.apache.catalina.core.ApplicationContext.log HTMLManager: list: Listing contexts for virtual host 'localhost'
13-May-2018 14:02:12.225 INFO [http-nio-8080-exec-40] org.apache.catalina.core.ApplicationContext.log HTMLManager: list: Listing contexts for virtual host 'localhost'
13-May-2018 14:08:08.336 INFO [http-nio-8080-exec-42] org.apache.catalina.core.ApplicationContext.log HTMLManager: undeploy: Undeploying web application at '/project1'
13-May-2018 14:08:08.860 INFO [http-nio-8080-exec-42] org.apache.catalina.core.ApplicationContext.log HTMLManager: list: Listing contexts for virtual host 'localhost'
13-May-2018 14:08:12.618 INFO [http-nio-8080-exec-51] org.apache.catalina.core.ApplicationContext.log HTMLManager: list: Listing contexts for virtual host 'localhost'
13-May-2018 14:08:45.031 INFO [http-nio-8080-exec-52] org.apache.catalina.core.ApplicationContext.log HTMLManager: undeploy: Undeploying web application at '/project1'
13-May-2018 14:08:45.554 INFO [http-nio-8080-exec-52] org.apache.catalina.core.ApplicationContext.log HTMLManager: list: Listing contexts for virtual host 'localhost'
13-May-2018 14:08:49.895 INFO [http-nio-8080-exec-44] org.apache.catalina.core.ApplicationContext.log HTMLManager: list: Listing contexts for virtual host 'localhost'
13-May-2018 14:08:51.055 INFO [http-nio-8080-exec-48] org.apache.catalina.core.ApplicationContext.log HTMLManager: restart: Reloading web application '/project1'
13-May-2018 14:08:51.138 INFO [http-nio-8080-exec-48] org.apache.catalina.core.ApplicationContext.log HTMLManager: list: Listing contexts for virtual host 'localhost'
13-May-2018 14:11:53.397 INFO [http-nio-8080-exec-57] org.apache.catalina.core.ApplicationContext.log HTMLManager: undeploy: Undeploying web application at '/project1'
13-May-2018 14:11:53.920 INFO [http-nio-8080-exec-57] org.apache.catalina.core.ApplicationContext.log HTMLManager: list: Listing contexts for virtual host 'localhost'
13-May-2018 14:11:57.998 INFO [http-nio-8080-exec-63] org.apache.catalina.core.ApplicationContext.log HTMLManager: list: Listing contexts for virtual host 'localhost'
13-May-2018 14:13:01.206 INFO [http-nio-8080-exec-68] org.apache.catalina.core.ApplicationContext.log HTMLManager: undeploy: Undeploying web application at '/project1'
13-May-2018 14:13:01.724 INFO [http-nio-8080-exec-68] org.apache.catalina.core.ApplicationContext.log HTMLManager: list: Listing contexts for virtual host 'localhost'
13-May-2018 14:16:47.743 INFO [http-nio-8080-exec-73] org.apache.catalina.core.ApplicationContext.log HTMLManager: list: Listing contexts for virtual host 'localhost'
13-May-2018 14:18:54.783 INFO [http-nio-8080-exec-81] org.apache.catalina.core.ApplicationContext.log HTMLManager: undeploy: Undeploying web application at '/project1'
13-May-2018 14:18:55.306 INFO [http-nio-8080-exec-81] org.apache.catalina.core.ApplicationContext.log HTMLManager: list: Listing contexts for virtual host 'localhost'
13-May-2018 14:18:59.908 INFO [http-nio-8080-exec-76] org.apache.catalina.core.ApplicationContext.log HTMLManager: list: Listing contexts for virtual host 'localhost'
13-May-2018 14:20:03.358 INFO [http-nio-8080-exec-83] org.apache.catalina.core.ApplicationContext.log HTMLManager: undeploy: Undeploying web application at '/project1'
13-May-2018 14:20:03.884 INFO [http-nio-8080-exec-83] org.apache.catalina.core.ApplicationContext.log HTMLManager: list: Listing contexts for virtual host 'localhost'
13-May-2018 14:20:08.303 INFO [http-nio-8080-exec-84] org.apache.catalina.core.ApplicationContext.log HTMLManager: list: Listing contexts for virtual host 'localhost'
13-May-2018 14:20:16.208 INFO [http-nio-8080-exec-93] org.apache.catalina.core.ApplicationContext.log HTMLManager: restart: Reloading web application '/project1'
13-May-2018 14:20:16.312 INFO [http-nio-8080-exec-93] org.apache.catalina.core.ApplicationContext.log HTMLManager: list: Listing contexts for virtual host 'localhost'
13-May-2018 14:21:27.404 INFO [http-nio-8080-exec-98] org.apache.catalina.core.ApplicationContext.log HTMLManager: undeploy: Undeploying web application at '/project1'
13-May-2018 14:21:27.922 INFO [http-nio-8080-exec-98] org.apache.catalina.core.ApplicationContext.log HTMLManager: list: Listing contexts for virtual host 'localhost'
13-May-2018 14:21:31.641 INFO [http-nio-8080-exec-96] org.apache.catalina.core.ApplicationContext.log HTMLManager: list: Listing contexts for virtual host 'localhost'
13-May-2018 14:33:04.726 INFO [http-nio-8080-exec-102] org.apache.catalina.core.ApplicationContext.log HTMLManager: undeploy: Undeploying web application at '/project1'
13-May-2018 14:33:05.254 INFO [http-nio-8080-exec-102] org.apache.catalina.core.ApplicationContext.log HTMLManager: list: Listing contexts for virtual host 'localhost'
13-May-2018 14:33:09.289 INFO [http-nio-8080-exec-104] org.apache.catalina.core.ApplicationContext.log HTMLManager: list: Listing contexts for virtual host 'localhost'
13-May-2018 14:33:51.396 INFO [http-nio-8080-exec-113] org.apache.catalina.core.ApplicationContext.log HTMLManager: undeploy: Undeploying web application at '/project1'
13-May-2018 14:33:51.930 INFO [http-nio-8080-exec-113] org.apache.catalina.core.ApplicationContext.log HTMLManager: list: Listing contexts for virtual host 'localhost'
13-May-2018 14:33:55.798 INFO [http-nio-8080-exec-112] org.apache.catalina.core.ApplicationContext.log HTMLManager: list: Listing contexts for virtual host 'localhost'
13-May-2018 14:34:14.093 INFO [http-nio-8080-exec-103] org.apache.catalina.core.ApplicationContext.log HTMLManager: undeploy: Undeploying web application at '/project1'
13-May-2018 14:34:14.615 INFO [http-nio-8080-exec-103] org.apache.catalina.core.ApplicationContext.log HTMLManager: list: Listing contexts for virtual host 'localhost'
13-May-2018 14:34:18.221 INFO [http-nio-8080-exec-116] org.apache.catalina.core.ApplicationContext.log HTMLManager: list: Listing contexts for virtual host 'localhost'
13-May-2018 14:34:34.837 INFO [http-nio-8080-exec-119] org.apache.catalina.core.ApplicationContext.log HTMLManager: restart: Reloading web application '/project1'
13-May-2018 14:34:34.935 INFO [http-nio-8080-exec-119] org.apache.catalina.core.ApplicationContext.log HTMLManager: list: Listing contexts for virtual host 'localhost'
13-May-2018 14:34:36.058 INFO [http-nio-8080-exec-121] org.apache.catalina.core.ApplicationContext.log HTMLManager: undeploy: Undeploying web application at '/project1'
13-May-2018 14:34:36.578 INFO [http-nio-8080-exec-121] org.apache.catalina.core.ApplicationContext.log HTMLManager: list: Listing contexts for virtual host 'localhost'
13-May-2018 14:35:00.436 INFO [http-nio-8080-exec-117] org.apache.catalina.core.ApplicationContext.log HTMLManager: list: Listing contexts for virtual host 'localhost'
13-May-2018 14:48:18.235 INFO [http-nio-8080-exec-140] org.apache.catalina.core.ApplicationContext.log HTMLManager: undeploy: Undeploying web application at '/project1'
13-May-2018 14:48:18.754 INFO [http-nio-8080-exec-140] org.apache.catalina.core.ApplicationContext.log HTMLManager: list: Listing contexts for virtual host 'localhost'
13-May-2018 14:48:22.370 INFO [http-nio-8080-exec-144] org.apache.catalina.core.ApplicationContext.log HTMLManager: list: Listing contexts for virtual host 'localhost'
13-May-2018 14:52:54.066 INFO [http-nio-8080-exec-153] org.apache.catalina.core.ApplicationContext.log HTMLManager: undeploy: Undeploying web application at '/project1'
13-May-2018 14:52:54.591 INFO [http-nio-8080-exec-153] org.apache.catalina.core.ApplicationContext.log HTMLManager: list: Listing contexts for virtual host 'localhost'
13-May-2018 14:52:58.156 INFO [http-nio-8080-exec-147] org.apache.catalina.core.ApplicationContext.log HTMLManager: list: Listing contexts for virtual host 'localhost'
13-May-2018 14:55:43.395 INFO [http-nio-8080-exec-165] org.apache.catalina.core.ApplicationContext.log HTMLManager: undeploy: Undeploying web application at '/project1'
13-May-2018 14:55:43.915 INFO [http-nio-8080-exec-165] org.apache.catalina.core.ApplicationContext.log HTMLManager: list: Listing contexts for virtual host 'localhost'
13-May-2018 15:02:33.023 INFO [http-nio-8080-exec-168] org.apache.catalina.core.ApplicationContext.log HTMLManager: list: Listing contexts for virtual host 'localhost'
13-May-2018 15:14:27.834 INFO [http-nio-8080-exec-175] org.apache.catalina.core.ApplicationContext.log HTMLManager: undeploy: Undeploying web application at '/project1'
13-May-2018 15:14:28.360 INFO [http-nio-8080-exec-175] org.apache.catalina.core.ApplicationContext.log HTMLManager: list: Listing contexts for virtual host 'localhost'
13-May-2018 15:14:32.336 INFO [http-nio-8080-exec-172] org.apache.catalina.core.ApplicationContext.log HTMLManager: list: Listing contexts for virtual host 'localhost'
13-May-2018 15:14:53.041 INFO [http-nio-8080-exec-171] org.apache.catalina.core.ApplicationContext.log HTMLManager: restart: Reloading web application '/project1'
13-May-2018 15:14:53.147 INFO [http-nio-8080-exec-171] org.apache.catalina.core.ApplicationContext.log HTMLManager: list: Listing contexts for virtual host 'localhost'
13-May-2018 15:15:47.639 INFO [http-nio-8080-exec-182] org.apache.catalina.core.ApplicationContext.log HTMLManager: undeploy: Undeploying web application at '/project1'
13-May-2018 15:15:48.156 INFO [http-nio-8080-exec-182] org.apache.catalina.core.ApplicationContext.log HTMLManager: list: Listing contexts for virtual host 'localhost'
13-May-2018 15:16:25.377 INFO [http-nio-8080-exec-187] org.apache.catalina.core.ApplicationContext.log HTMLManager: list: Listing contexts for virtual host 'localhost'
13-May-2018 15:16:38.950 INFO [http-nio-8080-exec-190] org.apache.catalina.core.ApplicationContext.log HTMLManager: undeploy: Undeploying web application at '/project1'
13-May-2018 15:16:39.468 INFO [http-nio-8080-exec-190] org.apache.catalina.core.ApplicationContext.log HTMLManager: list: Listing contexts for virtual host 'localhost'
13-May-2018 15:16:42.977 INFO [http-nio-8080-exec-168] org.apache.catalina.core.ApplicationContext.log HTMLManager: list: Listing contexts for virtual host 'localhost'
13-May-2018 15:18:59.806 INFO [http-nio-8080-exec-197] org.apache.catalina.core.ApplicationContext.log HTMLManager: restart: Reloading web application '/project1'
13-May-2018 15:18:59.947 INFO [http-nio-8080-exec-197] org.apache.catalina.core.ApplicationContext.log HTMLManager: list: Listing contexts for virtual host 'localhost'
13-May-2018 15:20:23.581 INFO [http-nio-8080-exec-203] org.apache.catalina.core.ApplicationContext.log HTMLManager: restart: Reloading web application '/project1'
13-May-2018 15:20:23.698 INFO [http-nio-8080-exec-203] org.apache.catalina.core.ApplicationContext.log HTMLManager: list: Listing contexts for virtual host 'localhost'
13-May-2018 15:22:10.327 INFO [http-nio-8080-exec-211] org.apache.catalina.core.ApplicationContext.log HTMLManager: undeploy: Undeploying web application at '/project1'
13-May-2018 15:22:10.859 INFO [http-nio-8080-exec-211] org.apache.catalina.core.ApplicationContext.log HTMLManager: list: Listing contexts for virtual host 'localhost'
13-May-2018 15:22:15.756 INFO [http-nio-8080-exec-210] org.apache.catalina.core.ApplicationContext.log HTMLManager: list: Listing contexts for virtual host 'localhost'
13-May-2018 15:24:27.339 INFO [http-nio-8080-exec-217] org.apache.catalina.core.ApplicationContext.log HTMLManager: undeploy: Undeploying web application at '/project1'
13-May-2018 15:24:27.866 INFO [http-nio-8080-exec-217] org.apache.catalina.core.ApplicationContext.log HTMLManager: list: Listing contexts for virtual host 'localhost'
13-May-2018 15:24:31.274 INFO [http-nio-8080-exec-218] org.apache.catalina.core.ApplicationContext.log HTMLManager: list: Listing contexts for virtual host 'localhost'
13-May-2018 15:26:27.996 INFO [http-nio-8080-exec-226] org.apache.catalina.core.ApplicationContext.log HTMLManager: undeploy: Undeploying web application at '/project1'
13-May-2018 15:26:28.512 INFO [http-nio-8080-exec-226] org.apache.catalina.core.ApplicationContext.log HTMLManager: list: Listing contexts for virtual host 'localhost'
13-May-2018 15:26:32.494 INFO [http-nio-8080-exec-229] org.apache.catalina.core.ApplicationContext.log HTMLManager: list: Listing contexts for virtual host 'localhost'
13-May-2018 15:26:50.390 INFO [http-nio-8080-exec-236] org.apache.catalina.core.ApplicationContext.log HTMLManager: undeploy: Undeploying web application at '/project1'
13-May-2018 15:26:50.907 INFO [http-nio-8080-exec-236] org.apache.catalina.core.ApplicationContext.log HTMLManager: list: Listing contexts for virtual host 'localhost'
13-May-2018 15:30:45.857 INFO [http-nio-8080-exec-239] org.apache.catalina.core.ApplicationContext.log HTMLManager: list: Listing contexts for virtual host 'localhost'
13-May-2018 15:31:06.280 INFO [http-nio-8080-exec-239] org.apache.catalina.core.ApplicationContext.log HTMLManager: undeploy: Undeploying web application at '/project1'
13-May-2018 15:31:06.797 INFO [http-nio-8080-exec-239] org.apache.catalina.core.ApplicationContext.log HTMLManager: list: Listing contexts for virtual host 'localhost'
13-May-2018 15:55:55.401 INFO [http-nio-8080-exec-254] org.apache.catalina.core.ApplicationContext.log HTMLManager: undeploy: Undeploying web application at '/project1'
13-May-2018 15:55:55.401 INFO [http-nio-8080-exec-254] org.apache.catalina.core.ApplicationContext.log HTMLManager: list: Listing contexts for virtual host 'localhost'
13-May-2018 15:56:01.628 INFO [http-nio-8080-exec-257] org.apache.catalina.core.ApplicationContext.log HTMLManager: list: Listing contexts for virtual host 'localhost'
13-May-2018 16:00:50.998 INFO [http-nio-8080-exec-250] org.apache.catalina.core.ApplicationContext.log HTMLManager: list: Listing contexts for virtual host 'localhost'
13-May-2018 16:08:59.725 INFO [https-jsse-nio-8443-exec-8] org.apache.catalina.core.ApplicationContext.log HTMLManager: init: Associated with Deployer 'Catalina:type=Deployer,host=localhost'
13-May-2018 16:08:59.725 INFO [https-jsse-nio-8443-exec-8] org.apache.catalina.core.ApplicationContext.log HTMLManager: init: Global resources are available
13-May-2018 16:08:59.726 INFO [https-jsse-nio-8443-exec-8] org.apache.catalina.core.ApplicationContext.log HTMLManager: list: Listing contexts for virtual host 'localhost'
13-May-2018 16:10:23.726 INFO [https-jsse-nio-8443-exec-1] org.apache.catalina.core.ApplicationContext.log HTMLManager: list: Listing contexts for virtual host 'localhost'
13-May-2018 16:10:25.620 INFO [https-jsse-nio-8443-exec-2] org.apache.catalina.core.ApplicationContext.log HTMLManager: undeploy: Undeploying web application at '/project1'
13-May-2018 16:10:26.153 INFO [https-jsse-nio-8443-exec-2] org.apache.catalina.core.ApplicationContext.log HTMLManager: list: Listing contexts for virtual host 'localhost'
13-May-2018 16:11:37.221 INFO [https-jsse-nio-8443-exec-4] org.apache.catalina.core.ApplicationContext.log HTMLManager: list: Listing contexts for virtual host 'localhost'
13-May-2018 16:13:00.996 INFO [https-jsse-nio-8443-exec-16] org.apache.catalina.core.ApplicationContext.log HTMLManager: list: Listing contexts for virtual host 'localhost'
13-May-2018 16:13:15.603 INFO [https-jsse-nio-8443-exec-18] org.apache.catalina.core.ApplicationContext.log HTMLManager: list: Listing contexts for virtual host 'localhost'
13-May-2018 16:13:17.931 INFO [https-jsse-nio-8443-exec-15] org.apache.catalina.core.ApplicationContext.log HTMLManager: restart: Reloading web application '/project1'
13-May-2018 16:13:18.048 INFO [https-jsse-nio-8443-exec-15] org.apache.catalina.core.ApplicationContext.log HTMLManager: list: Listing contexts for virtual host 'localhost'
13-May-2018 16:16:55.449 INFO [https-jsse-nio-8443-exec-30] org.apache.catalina.core.ApplicationContext.log HTMLManager: list: Listing contexts for virtual host 'localhost'
13-May-2018 16:16:59.378 INFO [https-jsse-nio-8443-exec-25] org.apache.catalina.core.ApplicationContext.log HTMLManager: restart: Reloading web application '/project1'
13-May-2018 16:16:59.532 INFO [https-jsse-nio-8443-exec-25] org.apache.catalina.core.ApplicationContext.log HTMLManager: list: Listing contexts for virtual host 'localhost'
13-May-2018 16:17:19.929 INFO [https-jsse-nio-8443-exec-26] org.apache.catalina.core.ApplicationContext.log HTMLManager: list: Listing contexts for virtual host 'localhost'
13-May-2018 16:23:16.809 INFO [https-jsse-nio-8443-exec-9] org.apache.catalina.core.ApplicationContext.log HTMLManager: init: Associated with Deployer 'Catalina:type=Deployer,host=localhost'
13-May-2018 16:23:16.809 INFO [https-jsse-nio-8443-exec-9] org.apache.catalina.core.ApplicationContext.log HTMLManager: init: Global resources are available
13-May-2018 16:23:16.815 INFO [https-jsse-nio-8443-exec-9] org.apache.catalina.core.ApplicationContext.log HTMLManager: list: Listing contexts for virtual host 'localhost'
13-May-2018 16:24:22.290 INFO [https-jsse-nio-8443-exec-5] org.apache.catalina.core.ApplicationContext.log HTMLManager: list: Listing contexts for virtual host 'localhost'
13-May-2018 16:39:07.375 INFO [https-jsse-nio-8443-exec-8] org.apache.catalina.core.ApplicationContext.log HTMLManager: init: Associated with Deployer 'Catalina:type=Deployer,host=localhost'
13-May-2018 16:39:07.375 INFO [https-jsse-nio-8443-exec-8] org.apache.catalina.core.ApplicationContext.log HTMLManager: init: Global resources are available
13-May-2018 16:39:07.384 INFO [https-jsse-nio-8443-exec-8] org.apache.catalina.core.ApplicationContext.log HTMLManager: list: Listing contexts for virtual host 'localhost'
13-May-2018 16:39:09.546 INFO [https-jsse-nio-8443-exec-1] org.apache.catalina.core.ApplicationContext.log HTMLManager: undeploy: Undeploying web application at '/project1'
13-May-2018 16:39:10.083 INFO [https-jsse-nio-8443-exec-1] org.apache.catalina.core.ApplicationContext.log HTMLManager: list: Listing contexts for virtual host 'localhost'
13-May-2018 16:39:13.610 INFO [https-jsse-nio-8443-exec-8] org.apache.catalina.core.ApplicationContext.log HTMLManager: list: Listing contexts for virtual host 'localhost'
13-May-2018 16:41:54.041 INFO [https-jsse-nio-8443-exec-12] org.apache.catalina.core.ApplicationContext.log HTMLManager: list: Listing contexts for virtual host 'localhost'
13-May-2018 16:41:56.730 INFO [https-jsse-nio-8443-exec-17] org.apache.catalina.core.ApplicationContext.log HTMLManager: restart: Reloading web application '/project1'
13-May-2018 16:41:56.884 INFO [https-jsse-nio-8443-exec-17] org.apache.catalina.core.ApplicationContext.log HTMLManager: list: Listing contexts for virtual host 'localhost'
13-May-2018 16:43:50.796 INFO [http-nio-8443-exec-9] org.apache.catalina.core.ApplicationContext.log HTMLManager: init: Associated with Deployer 'Catalina:type=Deployer,host=localhost'
13-May-2018 16:43:50.796 INFO [http-nio-8443-exec-9] org.apache.catalina.core.ApplicationContext.log HTMLManager: init: Global resources are available
13-May-2018 16:43:50.801 INFO [http-nio-8443-exec-9] org.apache.catalina.core.ApplicationContext.log HTMLManager: list: Listing contexts for virtual host 'localhost'
13-May-2018 16:44:48.334 INFO [http-nio-8080-exec-2] org.apache.catalina.core.ApplicationContext.log HTMLManager: init: Associated with Deployer 'Catalina:type=Deployer,host=localhost'
13-May-2018 16:44:48.334 INFO [http-nio-8080-exec-2] org.apache.catalina.core.ApplicationContext.log HTMLManager: init: Global resources are available
13-May-2018 16:44:48.343 INFO [http-nio-8080-exec-2] org.apache.catalina.core.ApplicationContext.log HTMLManager: list: Listing contexts for virtual host 'localhost'
13-May-2018 16:44:51.620 INFO [http-nio-8080-exec-4] org.apache.catalina.core.ApplicationContext.log HTMLManager: list: Listing contexts for virtual host 'localhost'
13-May-2018 16:44:55.963 INFO [http-nio-8080-exec-6] org.apache.catalina.core.ApplicationContext.log HTMLManager: list: Listing contexts for virtual host 'localhost'
13-May-2018 16:46:08.659 INFO [https-jsse-nio-8443-exec-7] org.apache.catalina.core.ApplicationContext.log HTMLManager: list: Listing contexts for virtual host 'localhost'
13-May-2018 16:46:13.287 INFO [https-jsse-nio-8443-exec-2] org.apache.catalina.core.ApplicationContext.log HTMLManager: list: Listing contexts for virtual host 'localhost'
13-May-2018 16:46:20.220 INFO [http-nio-8080-exec-1] org.apache.catalina.core.ApplicationContext.log HTMLManager: list: Listing contexts for virtual host 'localhost'
13-May-2018 16:49:12.402 INFO [http-nio-8080-exec-4] org.apache.catalina.core.ApplicationContext.log HTMLManager: list: Listing contexts for virtual host 'localhost'
13-May-2018 16:51:56.746 INFO [http-nio-8080-exec-1] org.apache.catalina.core.ApplicationContext.log HTMLManager: init: Associated with Deployer 'Catalina:type=Deployer,host=localhost'
13-May-2018 16:51:56.746 INFO [http-nio-8080-exec-1] org.apache.catalina.core.ApplicationContext.log HTMLManager: init: Global resources are available
13-May-2018 16:51:56.757 INFO [http-nio-8080-exec-1] org.apache.catalina.core.ApplicationContext.log HTMLManager: list: Listing contexts for virtual host 'localhost'
