02-May-2018 10:40:55.477 INFO [http-nio-8080-exec-1] org.apache.catalina.core.ApplicationContext.log HTMLManager: init: Associated with Deployer 'Catalina:type=Deployer,host=localhost'
02-May-2018 10:40:55.477 INFO [http-nio-8080-exec-1] org.apache.catalina.core.ApplicationContext.log HTMLManager: init: Global resources are available
02-May-2018 10:41:00.302 INFO [http-nio-8080-exec-6] org.apache.catalina.core.ApplicationContext.log HTMLManager: list: Listing contexts for virtual host 'localhost'
02-May-2018 10:41:01.773 INFO [http-nio-8080-exec-7] org.apache.catalina.core.ApplicationContext.log HTMLManager: undeploy: Undeploying web application at '/project1'
02-May-2018 10:41:02.307 INFO [http-nio-8080-exec-7] org.apache.catalina.core.ApplicationContext.log HTMLManager: list: Listing contexts for virtual host 'localhost'
02-May-2018 10:41:05.703 INFO [http-nio-8080-exec-10] org.apache.catalina.core.ApplicationContext.log HTMLManager: list: Listing contexts for virtual host 'localhost'
02-May-2018 10:42:15.739 INFO [http-nio-8080-exec-11] org.apache.catalina.core.ApplicationContext.log HTMLManager: undeploy: Undeploying web application at '/project1'
02-May-2018 10:42:16.265 INFO [http-nio-8080-exec-11] org.apache.catalina.core.ApplicationContext.log HTMLManager: list: Listing contexts for virtual host 'localhost'
02-May-2018 10:42:19.585 INFO [http-nio-8080-exec-13] org.apache.catalina.core.ApplicationContext.log HTMLManager: list: Listing contexts for virtual host 'localhost'
02-May-2018 10:44:42.456 INFO [http-nio-8080-exec-20] org.apache.catalina.core.ApplicationContext.log HTMLManager: undeploy: Undeploying web application at '/project1'
02-May-2018 10:44:42.971 INFO [http-nio-8080-exec-20] org.apache.catalina.core.ApplicationContext.log HTMLManager: list: Listing contexts for virtual host 'localhost'
02-May-2018 10:44:46.674 INFO [http-nio-8080-exec-22] org.apache.catalina.core.ApplicationContext.log HTMLManager: list: Listing contexts for virtual host 'localhost'
02-May-2018 10:49:08.767 INFO [http-nio-8080-exec-29] org.apache.catalina.core.ApplicationContext.log HTMLManager: undeploy: Undeploying web application at '/project1'
02-May-2018 10:49:09.289 INFO [http-nio-8080-exec-29] org.apache.catalina.core.ApplicationContext.log HTMLManager: list: Listing contexts for virtual host 'localhost'
02-May-2018 10:49:12.724 INFO [http-nio-8080-exec-34] org.apache.catalina.core.ApplicationContext.log HTMLManager: list: Listing contexts for virtual host 'localhost'
02-May-2018 10:52:39.894 INFO [http-nio-8080-exec-39] org.apache.catalina.core.ApplicationContext.log HTMLManager: undeploy: Undeploying web application at '/project1'
02-May-2018 10:52:40.410 INFO [http-nio-8080-exec-39] org.apache.catalina.core.ApplicationContext.log HTMLManager: list: Listing contexts for virtual host 'localhost'
02-May-2018 10:52:53.330 INFO [http-nio-8080-exec-42] org.apache.catalina.core.ApplicationContext.log HTMLManager: list: Listing contexts for virtual host 'localhost'
02-May-2018 11:21:10.009 INFO [http-nio-8080-exec-55] org.apache.catalina.core.ApplicationContext.log HTMLManager: undeploy: Undeploying web application at '/project1'
02-May-2018 11:21:10.550 INFO [http-nio-8080-exec-55] org.apache.catalina.core.ApplicationContext.log HTMLManager: list: Listing contexts for virtual host 'localhost'
02-May-2018 11:21:14.597 INFO [http-nio-8080-exec-50] org.apache.catalina.core.ApplicationContext.log HTMLManager: list: Listing contexts for virtual host 'localhost'
02-May-2018 11:23:22.541 INFO [http-nio-8080-exec-59] org.apache.catalina.core.ApplicationContext.log HTMLManager: undeploy: Undeploying web application at '/project1'
02-May-2018 11:23:23.059 INFO [http-nio-8080-exec-59] org.apache.catalina.core.ApplicationContext.log HTMLManager: list: Listing contexts for virtual host 'localhost'
02-May-2018 11:23:26.184 INFO [http-nio-8080-exec-61] org.apache.catalina.core.ApplicationContext.log HTMLManager: list: Listing contexts for virtual host 'localhost'
02-May-2018 11:32:27.180 INFO [http-nio-8080-exec-67] org.apache.catalina.core.ApplicationContext.log HTMLManager: undeploy: Undeploying web application at '/project1'
02-May-2018 11:32:27.715 INFO [http-nio-8080-exec-67] org.apache.catalina.core.ApplicationContext.log HTMLManager: list: Listing contexts for virtual host 'localhost'
02-May-2018 11:32:39.257 INFO [http-nio-8080-exec-71] org.apache.catalina.core.ApplicationContext.log HTMLManager: list: Listing contexts for virtual host 'localhost'
02-May-2018 11:34:41.617 INFO [http-nio-8080-exec-82] org.apache.catalina.core.ApplicationContext.log HTMLManager: undeploy: Undeploying web application at '/project1'
02-May-2018 11:34:42.141 INFO [http-nio-8080-exec-82] org.apache.catalina.core.ApplicationContext.log HTMLManager: list: Listing contexts for virtual host 'localhost'
02-May-2018 11:34:46.149 INFO [http-nio-8080-exec-81] org.apache.catalina.core.ApplicationContext.log HTMLManager: list: Listing contexts for virtual host 'localhost'
02-May-2018 11:37:41.025 INFO [http-nio-8080-exec-88] org.apache.catalina.core.ApplicationContext.log HTMLManager: undeploy: Undeploying web application at '/project1'
02-May-2018 11:37:41.570 INFO [http-nio-8080-exec-88] org.apache.catalina.core.ApplicationContext.log HTMLManager: list: Listing contexts for virtual host 'localhost'
02-May-2018 11:37:45.034 INFO [http-nio-8080-exec-95] org.apache.catalina.core.ApplicationContext.log HTMLManager: list: Listing contexts for virtual host 'localhost'
02-May-2018 11:42:51.328 INFO [http-nio-8080-exec-101] org.apache.catalina.core.ApplicationContext.log HTMLManager: undeploy: Undeploying web application at '/project1'
02-May-2018 11:42:51.858 INFO [http-nio-8080-exec-101] org.apache.catalina.core.ApplicationContext.log HTMLManager: list: Listing contexts for virtual host 'localhost'
02-May-2018 11:42:55.773 INFO [http-nio-8080-exec-100] org.apache.catalina.core.ApplicationContext.log HTMLManager: list: Listing contexts for virtual host 'localhost'
02-May-2018 11:45:12.671 INFO [http-nio-8080-exec-110] org.apache.catalina.core.ApplicationContext.log HTMLManager: undeploy: Undeploying web application at '/project1'
02-May-2018 11:45:13.193 INFO [http-nio-8080-exec-110] org.apache.catalina.core.ApplicationContext.log HTMLManager: list: Listing contexts for virtual host 'localhost'
02-May-2018 11:52:30.655 INFO [http-nio-8080-exec-116] org.apache.catalina.core.ApplicationContext.log HTMLManager: list: Listing contexts for virtual host 'localhost'
02-May-2018 11:55:30.998 INFO [http-nio-8080-exec-124] org.apache.catalina.core.ApplicationContext.log HTMLManager: undeploy: Undeploying web application at '/project1'
02-May-2018 11:55:31.514 INFO [http-nio-8080-exec-124] org.apache.catalina.core.ApplicationContext.log HTMLManager: list: Listing contexts for virtual host 'localhost'
02-May-2018 11:55:35.320 INFO [http-nio-8080-exec-122] org.apache.catalina.core.ApplicationContext.log HTMLManager: list: Listing contexts for virtual host 'localhost'
02-May-2018 12:00:31.598 INFO [http-nio-8080-exec-126] org.apache.catalina.core.ApplicationContext.log HTMLManager: undeploy: Undeploying web application at '/project1'
02-May-2018 12:00:32.116 INFO [http-nio-8080-exec-126] org.apache.catalina.core.ApplicationContext.log HTMLManager: list: Listing contexts for virtual host 'localhost'
02-May-2018 12:00:35.663 INFO [http-nio-8080-exec-135] org.apache.catalina.core.ApplicationContext.log HTMLManager: list: Listing contexts for virtual host 'localhost'
02-May-2018 12:02:28.996 INFO [http-nio-8080-exec-139] org.apache.catalina.core.ApplicationContext.log HTMLManager: undeploy: Undeploying web application at '/project1'
02-May-2018 12:02:29.532 INFO [http-nio-8080-exec-139] org.apache.catalina.core.ApplicationContext.log HTMLManager: list: Listing contexts for virtual host 'localhost'
02-May-2018 12:02:33.780 INFO [http-nio-8080-exec-138] org.apache.catalina.core.ApplicationContext.log HTMLManager: list: Listing contexts for virtual host 'localhost'
02-May-2018 12:07:54.178 INFO [http-nio-8080-exec-148] org.apache.catalina.core.ApplicationContext.log HTMLManager: undeploy: Undeploying web application at '/project1'
02-May-2018 12:07:54.706 INFO [http-nio-8080-exec-148] org.apache.catalina.core.ApplicationContext.log HTMLManager: list: Listing contexts for virtual host 'localhost'
02-May-2018 12:07:58.065 INFO [http-nio-8080-exec-149] org.apache.catalina.core.ApplicationContext.log HTMLManager: list: Listing contexts for virtual host 'localhost'
02-May-2018 13:07:33.242 INFO [http-nio-8080-exec-2] org.apache.catalina.core.ApplicationContext.log HTMLManager: init: Associated with Deployer 'Catalina:type=Deployer,host=localhost'
02-May-2018 13:07:33.243 INFO [http-nio-8080-exec-2] org.apache.catalina.core.ApplicationContext.log HTMLManager: init: Global resources are available
02-May-2018 13:07:33.249 INFO [http-nio-8080-exec-2] org.apache.catalina.core.ApplicationContext.log HTMLManager: list: Listing contexts for virtual host 'localhost'
02-May-2018 13:07:34.746 INFO [http-nio-8080-exec-3] org.apache.catalina.core.ApplicationContext.log HTMLManager: undeploy: Undeploying web application at '/project1'
02-May-2018 13:07:35.267 INFO [http-nio-8080-exec-3] org.apache.catalina.core.ApplicationContext.log HTMLManager: list: Listing contexts for virtual host 'localhost'
02-May-2018 13:07:52.441 INFO [http-nio-8080-exec-10] org.apache.catalina.core.ApplicationContext.log HTMLManager: list: Listing contexts for virtual host 'localhost'
02-May-2018 13:11:14.511 INFO [http-nio-8080-exec-11] org.apache.catalina.core.ApplicationContext.log HTMLManager: undeploy: Undeploying web application at '/project1'
02-May-2018 13:11:15.041 INFO [http-nio-8080-exec-11] org.apache.catalina.core.ApplicationContext.log HTMLManager: list: Listing contexts for virtual host 'localhost'
02-May-2018 13:11:21.973 INFO [http-nio-8080-exec-18] org.apache.catalina.core.ApplicationContext.log HTMLManager: list: Listing contexts for virtual host 'localhost'
02-May-2018 13:12:09.716 INFO [http-nio-8080-exec-13] org.apache.catalina.core.ApplicationContext.log HTMLManager: undeploy: Undeploying web application at '/project1'
02-May-2018 13:12:10.244 INFO [http-nio-8080-exec-13] org.apache.catalina.core.ApplicationContext.log HTMLManager: list: Listing contexts for virtual host 'localhost'
02-May-2018 13:12:14.539 INFO [http-nio-8080-exec-14] org.apache.catalina.core.ApplicationContext.log HTMLManager: list: Listing contexts for virtual host 'localhost'
02-May-2018 13:15:14.827 INFO [http-nio-8080-exec-29] org.apache.catalina.core.ApplicationContext.log HTMLManager: undeploy: Undeploying web application at '/project1'
02-May-2018 13:15:15.357 INFO [http-nio-8080-exec-29] org.apache.catalina.core.ApplicationContext.log HTMLManager: list: Listing contexts for virtual host 'localhost'
02-May-2018 13:15:18.841 INFO [http-nio-8080-exec-30] org.apache.catalina.core.ApplicationContext.log HTMLManager: list: Listing contexts for virtual host 'localhost'
02-May-2018 13:16:02.177 INFO [http-nio-8080-exec-36] org.apache.catalina.core.ApplicationContext.log HTMLManager: undeploy: Undeploying web application at '/project1'
02-May-2018 13:16:02.699 INFO [http-nio-8080-exec-36] org.apache.catalina.core.ApplicationContext.log HTMLManager: list: Listing contexts for virtual host 'localhost'
02-May-2018 13:16:05.877 INFO [http-nio-8080-exec-37] org.apache.catalina.core.ApplicationContext.log HTMLManager: list: Listing contexts for virtual host 'localhost'
02-May-2018 13:24:58.272 INFO [http-nio-8080-exec-42] org.apache.catalina.core.ApplicationContext.log HTMLManager: undeploy: Undeploying web application at '/project1'
02-May-2018 13:24:58.807 INFO [http-nio-8080-exec-42] org.apache.catalina.core.ApplicationContext.log HTMLManager: list: Listing contexts for virtual host 'localhost'
02-May-2018 13:25:02.616 INFO [http-nio-8080-exec-44] org.apache.catalina.core.ApplicationContext.log HTMLManager: list: Listing contexts for virtual host 'localhost'
02-May-2018 13:26:09.968 INFO [http-nio-8080-exec-52] org.apache.catalina.core.ApplicationContext.log HTMLManager: undeploy: Undeploying web application at '/project1'
02-May-2018 13:26:10.480 INFO [http-nio-8080-exec-52] org.apache.catalina.core.ApplicationContext.log HTMLManager: list: Listing contexts for virtual host 'localhost'
02-May-2018 13:26:13.754 INFO [http-nio-8080-exec-57] org.apache.catalina.core.ApplicationContext.log HTMLManager: list: Listing contexts for virtual host 'localhost'
02-May-2018 13:27:13.871 INFO [http-nio-8080-exec-59] org.apache.catalina.core.ApplicationContext.log HTMLManager: undeploy: Undeploying web application at '/project1'
02-May-2018 13:27:14.388 INFO [http-nio-8080-exec-59] org.apache.catalina.core.ApplicationContext.log HTMLManager: list: Listing contexts for virtual host 'localhost'
02-May-2018 13:27:17.989 INFO [http-nio-8080-exec-60] org.apache.catalina.core.ApplicationContext.log HTMLManager: list: Listing contexts for virtual host 'localhost'
02-May-2018 13:27:49.538 INFO [http-nio-8080-exec-61] org.apache.catalina.core.ApplicationContext.log HTMLManager: undeploy: Undeploying web application at '/project1'
02-May-2018 13:27:50.083 INFO [http-nio-8080-exec-61] org.apache.catalina.core.ApplicationContext.log HTMLManager: list: Listing contexts for virtual host 'localhost'
02-May-2018 13:27:53.747 INFO [http-nio-8080-exec-56] org.apache.catalina.core.ApplicationContext.log HTMLManager: list: Listing contexts for virtual host 'localhost'
02-May-2018 13:30:04.740 INFO [http-nio-8080-exec-68] org.apache.catalina.core.ApplicationContext.log HTMLManager: undeploy: Undeploying web application at '/project1'
02-May-2018 13:30:05.276 INFO [http-nio-8080-exec-68] org.apache.catalina.core.ApplicationContext.log HTMLManager: list: Listing contexts for virtual host 'localhost'
02-May-2018 13:30:09.364 INFO [http-nio-8080-exec-47] org.apache.catalina.core.ApplicationContext.log HTMLManager: list: Listing contexts for virtual host 'localhost'
02-May-2018 13:33:55.050 INFO [http-nio-8080-exec-81] org.apache.catalina.core.ApplicationContext.log HTMLManager: undeploy: Undeploying web application at '/project1'
02-May-2018 13:33:55.578 INFO [http-nio-8080-exec-81] org.apache.catalina.core.ApplicationContext.log HTMLManager: list: Listing contexts for virtual host 'localhost'
02-May-2018 13:33:58.737 INFO [http-nio-8080-exec-85] org.apache.catalina.core.ApplicationContext.log HTMLManager: list: Listing contexts for virtual host 'localhost'
02-May-2018 13:35:14.016 INFO [http-nio-8080-exec-87] org.apache.catalina.core.ApplicationContext.log HTMLManager: undeploy: Undeploying web application at '/project1'
02-May-2018 13:35:14.538 INFO [http-nio-8080-exec-87] org.apache.catalina.core.ApplicationContext.log HTMLManager: list: Listing contexts for virtual host 'localhost'
02-May-2018 13:35:18.070 INFO [http-nio-8080-exec-92] org.apache.catalina.core.ApplicationContext.log HTMLManager: list: Listing contexts for virtual host 'localhost'
02-May-2018 13:36:40.386 INFO [http-nio-8080-exec-94] org.apache.catalina.core.ApplicationContext.log HTMLManager: undeploy: Undeploying web application at '/project1'
02-May-2018 13:36:40.904 INFO [http-nio-8080-exec-94] org.apache.catalina.core.ApplicationContext.log HTMLManager: list: Listing contexts for virtual host 'localhost'
02-May-2018 13:36:44.376 INFO [http-nio-8080-exec-96] org.apache.catalina.core.ApplicationContext.log HTMLManager: list: Listing contexts for virtual host 'localhost'
02-May-2018 13:38:03.687 INFO [http-nio-8080-exec-100] org.apache.catalina.core.ApplicationContext.log HTMLManager: undeploy: Undeploying web application at '/project1'
02-May-2018 13:38:04.220 INFO [http-nio-8080-exec-100] org.apache.catalina.core.ApplicationContext.log HTMLManager: list: Listing contexts for virtual host 'localhost'
02-May-2018 13:38:07.055 INFO [http-nio-8080-exec-101] org.apache.catalina.core.ApplicationContext.log HTMLManager: list: Listing contexts for virtual host 'localhost'
02-May-2018 13:42:50.428 INFO [http-nio-8080-exec-111] org.apache.catalina.core.ApplicationContext.log HTMLManager: undeploy: Undeploying web application at '/project1'
02-May-2018 13:42:50.966 INFO [http-nio-8080-exec-111] org.apache.catalina.core.ApplicationContext.log HTMLManager: list: Listing contexts for virtual host 'localhost'
02-May-2018 13:42:54.543 INFO [http-nio-8080-exec-110] org.apache.catalina.core.ApplicationContext.log HTMLManager: list: Listing contexts for virtual host 'localhost'
02-May-2018 13:44:02.388 INFO [http-nio-8080-exec-118] org.apache.catalina.core.ApplicationContext.log HTMLManager: undeploy: Undeploying web application at '/project1'
02-May-2018 13:44:02.910 INFO [http-nio-8080-exec-118] org.apache.catalina.core.ApplicationContext.log HTMLManager: list: Listing contexts for virtual host 'localhost'
02-May-2018 13:44:06.206 INFO [http-nio-8080-exec-121] org.apache.catalina.core.ApplicationContext.log HTMLManager: list: Listing contexts for virtual host 'localhost'
02-May-2018 13:46:07.514 INFO [http-nio-8080-exec-124] org.apache.catalina.core.ApplicationContext.log HTMLManager: undeploy: Undeploying web application at '/project1'
02-May-2018 13:46:08.043 INFO [http-nio-8080-exec-124] org.apache.catalina.core.ApplicationContext.log HTMLManager: list: Listing contexts for virtual host 'localhost'
02-May-2018 13:46:13.603 INFO [http-nio-8080-exec-130] org.apache.catalina.core.ApplicationContext.log HTMLManager: list: Listing contexts for virtual host 'localhost'
02-May-2018 13:47:05.799 INFO [http-nio-8080-exec-131] org.apache.catalina.core.ApplicationContext.log HTMLManager: undeploy: Undeploying web application at '/project1'
02-May-2018 13:47:06.318 INFO [http-nio-8080-exec-131] org.apache.catalina.core.ApplicationContext.log HTMLManager: list: Listing contexts for virtual host 'localhost'
02-May-2018 13:47:09.555 INFO [http-nio-8080-exec-127] org.apache.catalina.core.ApplicationContext.log HTMLManager: list: Listing contexts for virtual host 'localhost'
02-May-2018 13:47:55.360 INFO [http-nio-8080-exec-113] org.apache.catalina.core.ApplicationContext.log HTMLManager: undeploy: Undeploying web application at '/project1'
02-May-2018 13:47:55.877 INFO [http-nio-8080-exec-113] org.apache.catalina.core.ApplicationContext.log HTMLManager: list: Listing contexts for virtual host 'localhost'
02-May-2018 13:47:59.277 INFO [http-nio-8080-exec-137] org.apache.catalina.core.ApplicationContext.log HTMLManager: list: Listing contexts for virtual host 'localhost'
02-May-2018 14:05:40.184 INFO [http-nio-8080-exec-1] org.apache.catalina.core.ApplicationContext.log HTMLManager: init: Associated with Deployer 'Catalina:type=Deployer,host=localhost'
02-May-2018 14:05:40.184 INFO [http-nio-8080-exec-1] org.apache.catalina.core.ApplicationContext.log HTMLManager: init: Global resources are available
02-May-2018 14:05:40.226 INFO [http-nio-8080-exec-1] org.apache.catalina.core.ApplicationContext.log HTMLManager: undeploy: Undeploying web application at '/project1'
02-May-2018 14:05:40.789 INFO [http-nio-8080-exec-1] org.apache.catalina.core.ApplicationContext.log HTMLManager: list: Listing contexts for virtual host 'localhost'
02-May-2018 14:05:44.241 INFO [http-nio-8080-exec-10] org.apache.catalina.core.ApplicationContext.log HTMLManager: list: Listing contexts for virtual host 'localhost'
02-May-2018 14:08:15.731 INFO [http-nio-8080-exec-12] org.apache.catalina.core.ApplicationContext.log HTMLManager: undeploy: Undeploying web application at '/project1'
02-May-2018 14:08:16.255 INFO [http-nio-8080-exec-12] org.apache.catalina.core.ApplicationContext.log HTMLManager: list: Listing contexts for virtual host 'localhost'
02-May-2018 14:08:19.557 INFO [http-nio-8080-exec-13] org.apache.catalina.core.ApplicationContext.log HTMLManager: list: Listing contexts for virtual host 'localhost'
02-May-2018 14:11:14.395 INFO [http-nio-8080-exec-20] org.apache.catalina.core.ApplicationContext.log HTMLManager: undeploy: Undeploying web application at '/project1'
02-May-2018 14:11:14.917 INFO [http-nio-8080-exec-20] org.apache.catalina.core.ApplicationContext.log HTMLManager: list: Listing contexts for virtual host 'localhost'
02-May-2018 14:11:18.107 INFO [http-nio-8080-exec-23] org.apache.catalina.core.ApplicationContext.log HTMLManager: list: Listing contexts for virtual host 'localhost'
02-May-2018 14:13:22.865 INFO [http-nio-8080-exec-29] org.apache.catalina.core.ApplicationContext.log HTMLManager: undeploy: Undeploying web application at '/project1'
02-May-2018 14:13:23.378 INFO [http-nio-8080-exec-29] org.apache.catalina.core.ApplicationContext.log HTMLManager: list: Listing contexts for virtual host 'localhost'
02-May-2018 14:13:27.063 INFO [http-nio-8080-exec-34] org.apache.catalina.core.ApplicationContext.log HTMLManager: list: Listing contexts for virtual host 'localhost'
02-May-2018 14:14:49.300 INFO [http-nio-8080-exec-38] org.apache.catalina.core.ApplicationContext.log HTMLManager: undeploy: Undeploying web application at '/project1'
02-May-2018 14:14:49.815 INFO [http-nio-8080-exec-38] org.apache.catalina.core.ApplicationContext.log HTMLManager: list: Listing contexts for virtual host 'localhost'
02-May-2018 14:14:54.840 INFO [http-nio-8080-exec-44] org.apache.catalina.core.ApplicationContext.log HTMLManager: list: Listing contexts for virtual host 'localhost'
02-May-2018 14:15:10.338 INFO [http-nio-8080-exec-33] org.apache.catalina.core.ApplicationContext.log HTMLManager: undeploy: Undeploying web application at '/project1'
02-May-2018 14:15:10.857 INFO [http-nio-8080-exec-33] org.apache.catalina.core.ApplicationContext.log HTMLManager: list: Listing contexts for virtual host 'localhost'
02-May-2018 14:15:14.436 INFO [http-nio-8080-exec-47] org.apache.catalina.core.ApplicationContext.log HTMLManager: list: Listing contexts for virtual host 'localhost'
02-May-2018 14:16:30.130 INFO [http-nio-8080-exec-58] org.apache.catalina.core.ApplicationContext.log HTMLManager: undeploy: Undeploying web application at '/project1'
02-May-2018 14:16:30.646 INFO [http-nio-8080-exec-58] org.apache.catalina.core.ApplicationContext.log HTMLManager: list: Listing contexts for virtual host 'localhost'
02-May-2018 14:18:05.397 INFO [http-nio-8080-exec-60] org.apache.catalina.core.ApplicationContext.log HTMLManager: list: Listing contexts for virtual host 'localhost'
02-May-2018 14:19:31.225 INFO [http-nio-8080-exec-60] org.apache.catalina.core.ApplicationContext.log HTMLManager: undeploy: Undeploying web application at '/project1'
02-May-2018 14:19:31.737 INFO [http-nio-8080-exec-60] org.apache.catalina.core.ApplicationContext.log HTMLManager: list: Listing contexts for virtual host 'localhost'
02-May-2018 14:19:35.209 INFO [http-nio-8080-exec-64] org.apache.catalina.core.ApplicationContext.log HTMLManager: list: Listing contexts for virtual host 'localhost'
02-May-2018 14:40:03.523 INFO [http-nio-8080-exec-76] org.apache.catalina.core.ApplicationContext.log HTMLManager: undeploy: Undeploying web application at '/project1'
02-May-2018 14:40:04.053 INFO [http-nio-8080-exec-76] org.apache.catalina.core.ApplicationContext.log HTMLManager: list: Listing contexts for virtual host 'localhost'
02-May-2018 14:40:07.996 INFO [http-nio-8080-exec-68] org.apache.catalina.core.ApplicationContext.log HTMLManager: list: Listing contexts for virtual host 'localhost'
02-May-2018 14:56:50.626 INFO [http-nio-8080-exec-79] org.apache.catalina.core.ApplicationContext.log HTMLManager: undeploy: Undeploying web application at '/project1'
02-May-2018 14:56:51.168 INFO [http-nio-8080-exec-79] org.apache.catalina.core.ApplicationContext.log HTMLManager: list: Listing contexts for virtual host 'localhost'
02-May-2018 14:56:54.673 INFO [http-nio-8080-exec-80] org.apache.catalina.core.ApplicationContext.log HTMLManager: list: Listing contexts for virtual host 'localhost'
02-May-2018 14:59:50.931 INFO [http-nio-8080-exec-92] org.apache.catalina.core.ApplicationContext.log HTMLManager: undeploy: Undeploying web application at '/project1'
02-May-2018 14:59:51.478 INFO [http-nio-8080-exec-92] org.apache.catalina.core.ApplicationContext.log HTMLManager: list: Listing contexts for virtual host 'localhost'
02-May-2018 15:00:18.341 INFO [http-nio-8080-exec-89] org.apache.catalina.core.ApplicationContext.log HTMLManager: list: Listing contexts for virtual host 'localhost'
02-May-2018 15:00:38.446 INFO [http-nio-8080-exec-95] org.apache.catalina.core.ApplicationContext.log HTMLManager: undeploy: Undeploying web application at '/project1'
02-May-2018 15:00:38.960 INFO [http-nio-8080-exec-95] org.apache.catalina.core.ApplicationContext.log HTMLManager: list: Listing contexts for virtual host 'localhost'
02-May-2018 15:00:42.217 INFO [http-nio-8080-exec-97] org.apache.catalina.core.ApplicationContext.log HTMLManager: list: Listing contexts for virtual host 'localhost'
02-May-2018 15:04:36.015 INFO [http-nio-8080-exec-101] org.apache.catalina.core.ApplicationContext.log HTMLManager: undeploy: Undeploying web application at '/project1'
02-May-2018 15:04:36.536 INFO [http-nio-8080-exec-101] org.apache.catalina.core.ApplicationContext.log HTMLManager: list: Listing contexts for virtual host 'localhost'
02-May-2018 15:05:03.846 INFO [http-nio-8080-exec-107] org.apache.catalina.core.ApplicationContext.log HTMLManager: list: Listing contexts for virtual host 'localhost'
02-May-2018 15:37:06.450 INFO [http-nio-8080-exec-117] org.apache.catalina.core.ApplicationContext.log HTMLManager: list: Listing contexts for virtual host 'localhost'
02-May-2018 15:37:08.356 INFO [http-nio-8080-exec-118] org.apache.catalina.core.ApplicationContext.log HTMLManager: undeploy: Undeploying web application at '/project1'
02-May-2018 15:37:08.886 INFO [http-nio-8080-exec-118] org.apache.catalina.core.ApplicationContext.log HTMLManager: list: Listing contexts for virtual host 'localhost'
02-May-2018 15:37:13.260 INFO [http-nio-8080-exec-112] org.apache.catalina.core.ApplicationContext.log HTMLManager: list: Listing contexts for virtual host 'localhost'
02-May-2018 15:48:27.766 INFO [http-nio-8080-exec-126] org.apache.catalina.core.ApplicationContext.log HTMLManager: undeploy: Undeploying web application at '/project1'
02-May-2018 15:48:28.299 INFO [http-nio-8080-exec-126] org.apache.catalina.core.ApplicationContext.log HTMLManager: list: Listing contexts for virtual host 'localhost'
02-May-2018 15:48:32.336 INFO [http-nio-8080-exec-121] org.apache.catalina.core.ApplicationContext.log HTMLManager: list: Listing contexts for virtual host 'localhost'
02-May-2018 15:49:12.992 INFO [http-nio-8080-exec-124] org.apache.catalina.core.ApplicationContext.log HTMLManager: undeploy: Undeploying web application at '/project1'
02-May-2018 15:49:13.514 INFO [http-nio-8080-exec-124] org.apache.catalina.core.ApplicationContext.log HTMLManager: list: Listing contexts for virtual host 'localhost'
02-May-2018 15:49:17.736 INFO [http-nio-8080-exec-131] org.apache.catalina.core.ApplicationContext.log HTMLManager: list: Listing contexts for virtual host 'localhost'
02-May-2018 15:50:24.541 INFO [http-nio-8080-exec-134] org.apache.catalina.core.ApplicationContext.log HTMLManager: undeploy: Undeploying web application at '/project1'
02-May-2018 15:50:25.058 INFO [http-nio-8080-exec-134] org.apache.catalina.core.ApplicationContext.log HTMLManager: list: Listing contexts for virtual host 'localhost'
02-May-2018 15:50:28.380 INFO [http-nio-8080-exec-136] org.apache.catalina.core.ApplicationContext.log HTMLManager: list: Listing contexts for virtual host 'localhost'
02-May-2018 15:52:18.591 INFO [http-nio-8080-exec-143] org.apache.catalina.core.ApplicationContext.log HTMLManager: undeploy: Undeploying web application at '/project1'
02-May-2018 15:52:19.113 INFO [http-nio-8080-exec-143] org.apache.catalina.core.ApplicationContext.log HTMLManager: list: Listing contexts for virtual host 'localhost'
02-May-2018 15:52:22.180 INFO [http-nio-8080-exec-142] org.apache.catalina.core.ApplicationContext.log HTMLManager: list: Listing contexts for virtual host 'localhost'
02-May-2018 15:52:55.102 INFO [http-nio-8080-exec-153] org.apache.catalina.core.ApplicationContext.log HTMLManager: undeploy: Undeploying web application at '/project1'
02-May-2018 15:52:55.614 INFO [http-nio-8080-exec-153] org.apache.catalina.core.ApplicationContext.log HTMLManager: list: Listing contexts for virtual host 'localhost'
02-May-2018 15:52:58.938 INFO [http-nio-8080-exec-146] org.apache.catalina.core.ApplicationContext.log HTMLManager: list: Listing contexts for virtual host 'localhost'
02-May-2018 15:57:59.649 INFO [http-nio-8080-exec-1] org.apache.catalina.core.ApplicationContext.log HTMLManager: init: Associated with Deployer 'Catalina:type=Deployer,host=localhost'
02-May-2018 15:57:59.649 INFO [http-nio-8080-exec-1] org.apache.catalina.core.ApplicationContext.log HTMLManager: init: Global resources are available
02-May-2018 15:57:59.748 INFO [http-nio-8080-exec-1] org.apache.catalina.core.ApplicationContext.log HTMLManager: undeploy: Undeploying web application at '/project1'
02-May-2018 15:58:00.300 INFO [http-nio-8080-exec-1] org.apache.catalina.core.ApplicationContext.log HTMLManager: list: Listing contexts for virtual host 'localhost'
02-May-2018 15:58:03.713 INFO [http-nio-8080-exec-9] org.apache.catalina.core.ApplicationContext.log HTMLManager: list: Listing contexts for virtual host 'localhost'
02-May-2018 15:58:57.513 INFO [http-nio-8080-exec-2] org.apache.catalina.core.ApplicationContext.log HTMLManager: undeploy: Undeploying web application at '/project1'
02-May-2018 15:58:58.040 INFO [http-nio-8080-exec-2] org.apache.catalina.core.ApplicationContext.log HTMLManager: list: Listing contexts for virtual host 'localhost'
02-May-2018 15:59:01.652 INFO [http-nio-8080-exec-7] org.apache.catalina.core.ApplicationContext.log HTMLManager: list: Listing contexts for virtual host 'localhost'
02-May-2018 16:05:57.534 INFO [http-nio-8080-exec-15] org.apache.catalina.core.ApplicationContext.log HTMLManager: undeploy: Undeploying web application at '/project1'
02-May-2018 16:05:58.071 INFO [http-nio-8080-exec-15] org.apache.catalina.core.ApplicationContext.log HTMLManager: list: Listing contexts for virtual host 'localhost'
02-May-2018 16:06:01.099 INFO [http-nio-8080-exec-16] org.apache.catalina.core.ApplicationContext.log HTMLManager: list: Listing contexts for virtual host 'localhost'
02-May-2018 16:07:00.291 INFO [http-nio-8080-exec-25] org.apache.catalina.core.ApplicationContext.log HTMLManager: undeploy: Undeploying web application at '/project1'
02-May-2018 16:07:00.806 INFO [http-nio-8080-exec-25] org.apache.catalina.core.ApplicationContext.log HTMLManager: list: Listing contexts for virtual host 'localhost'
02-May-2018 16:07:13.739 INFO [http-nio-8080-exec-28] org.apache.catalina.core.ApplicationContext.log HTMLManager: list: Listing contexts for virtual host 'localhost'
02-May-2018 16:10:32.196 INFO [http-nio-8080-exec-31] org.apache.catalina.core.ApplicationContext.log HTMLManager: undeploy: Undeploying web application at '/project1'
02-May-2018 16:10:32.712 INFO [http-nio-8080-exec-31] org.apache.catalina.core.ApplicationContext.log HTMLManager: list: Listing contexts for virtual host 'localhost'
02-May-2018 16:10:46.312 INFO [http-nio-8080-exec-36] org.apache.catalina.core.ApplicationContext.log HTMLManager: list: Listing contexts for virtual host 'localhost'
02-May-2018 16:17:15.715 INFO [http-nio-8080-exec-41] org.apache.catalina.core.ApplicationContext.log HTMLManager: undeploy: Undeploying web application at '/project1'
02-May-2018 16:17:16.252 INFO [http-nio-8080-exec-41] org.apache.catalina.core.ApplicationContext.log HTMLManager: list: Listing contexts for virtual host 'localhost'
02-May-2018 16:17:19.554 INFO [http-nio-8080-exec-49] org.apache.catalina.core.ApplicationContext.log HTMLManager: list: Listing contexts for virtual host 'localhost'
02-May-2018 16:20:11.364 INFO [http-nio-8080-exec-51] org.apache.catalina.core.ApplicationContext.log HTMLManager: undeploy: Undeploying web application at '/project1'
02-May-2018 16:20:11.884 INFO [http-nio-8080-exec-51] org.apache.catalina.core.ApplicationContext.log HTMLManager: list: Listing contexts for virtual host 'localhost'
02-May-2018 16:20:23.121 INFO [http-nio-8080-exec-52] org.apache.catalina.core.ApplicationContext.log HTMLManager: list: Listing contexts for virtual host 'localhost'
02-May-2018 16:21:22.180 INFO [http-nio-8080-exec-59] org.apache.catalina.core.ApplicationContext.log HTMLManager: undeploy: Undeploying web application at '/project1'
02-May-2018 16:21:22.698 INFO [http-nio-8080-exec-59] org.apache.catalina.core.ApplicationContext.log HTMLManager: list: Listing contexts for virtual host 'localhost'
02-May-2018 16:21:26.061 INFO [http-nio-8080-exec-61] org.apache.catalina.core.ApplicationContext.log HTMLManager: list: Listing contexts for virtual host 'localhost'
02-May-2018 16:22:17.056 INFO [http-nio-8080-exec-63] org.apache.catalina.core.ApplicationContext.log HTMLManager: undeploy: Undeploying web application at '/project1'
02-May-2018 16:22:17.575 INFO [http-nio-8080-exec-63] org.apache.catalina.core.ApplicationContext.log HTMLManager: list: Listing contexts for virtual host 'localhost'
02-May-2018 16:22:20.890 INFO [http-nio-8080-exec-65] org.apache.catalina.core.ApplicationContext.log HTMLManager: list: Listing contexts for virtual host 'localhost'
02-May-2018 16:23:34.689 INFO [http-nio-8080-exec-68] org.apache.catalina.core.ApplicationContext.log HTMLManager: undeploy: Undeploying web application at '/project1'
02-May-2018 16:23:35.211 INFO [http-nio-8080-exec-68] org.apache.catalina.core.ApplicationContext.log HTMLManager: list: Listing contexts for virtual host 'localhost'
02-May-2018 16:23:38.790 INFO [http-nio-8080-exec-71] org.apache.catalina.core.ApplicationContext.log HTMLManager: list: Listing contexts for virtual host 'localhost'
02-May-2018 16:28:22.675 INFO [http-nio-8080-exec-2] org.apache.catalina.core.ApplicationContext.log HTMLManager: init: Associated with Deployer 'Catalina:type=Deployer,host=localhost'
02-May-2018 16:28:22.675 INFO [http-nio-8080-exec-2] org.apache.catalina.core.ApplicationContext.log HTMLManager: init: Global resources are available
02-May-2018 16:28:22.679 INFO [http-nio-8080-exec-2] org.apache.catalina.core.ApplicationContext.log HTMLManager: undeploy: Undeploying web application at '/project1'
02-May-2018 16:28:23.200 INFO [http-nio-8080-exec-2] org.apache.catalina.core.ApplicationContext.log HTMLManager: list: Listing contexts for virtual host 'localhost'
02-May-2018 16:28:27.944 INFO [http-nio-8080-exec-9] org.apache.catalina.core.ApplicationContext.log HTMLManager: list: Listing contexts for virtual host 'localhost'
02-May-2018 16:30:51.735 INFO [http-nio-8080-exec-11] org.apache.catalina.core.ApplicationContext.log HTMLManager: undeploy: Undeploying web application at '/project1'
02-May-2018 16:30:52.288 INFO [http-nio-8080-exec-11] org.apache.catalina.core.ApplicationContext.log HTMLManager: list: Listing contexts for virtual host 'localhost'
02-May-2018 16:30:56.048 INFO [http-nio-8080-exec-5] org.apache.catalina.core.ApplicationContext.log HTMLManager: list: Listing contexts for virtual host 'localhost'
02-May-2018 16:44:40.786 INFO [http-nio-8080-exec-21] org.apache.catalina.core.ApplicationContext.log HTMLManager: undeploy: Undeploying web application at '/project1'
02-May-2018 16:44:41.325 INFO [http-nio-8080-exec-21] org.apache.catalina.core.ApplicationContext.log HTMLManager: list: Listing contexts for virtual host 'localhost'
02-May-2018 16:44:44.631 INFO [http-nio-8080-exec-26] org.apache.catalina.core.ApplicationContext.log HTMLManager: list: Listing contexts for virtual host 'localhost'
02-May-2018 16:46:14.264 INFO [http-nio-8080-exec-31] org.apache.catalina.core.ApplicationContext.log HTMLManager: undeploy: Undeploying web application at '/project1'
02-May-2018 16:46:14.792 INFO [http-nio-8080-exec-31] org.apache.catalina.core.ApplicationContext.log HTMLManager: list: Listing contexts for virtual host 'localhost'
02-May-2018 16:46:18.292 INFO [http-nio-8080-exec-33] org.apache.catalina.core.ApplicationContext.log HTMLManager: list: Listing contexts for virtual host 'localhost'
02-May-2018 16:47:13.766 INFO [http-nio-8080-exec-35] org.apache.catalina.core.ApplicationContext.log HTMLManager: undeploy: Undeploying web application at '/project1'
02-May-2018 16:47:14.285 INFO [http-nio-8080-exec-35] org.apache.catalina.core.ApplicationContext.log HTMLManager: list: Listing contexts for virtual host 'localhost'
02-May-2018 16:47:18.597 INFO [http-nio-8080-exec-38] org.apache.catalina.core.ApplicationContext.log HTMLManager: list: Listing contexts for virtual host 'localhost'
02-May-2018 16:56:17.764 INFO [http-nio-8080-exec-45] org.apache.catalina.core.ApplicationContext.log HTMLManager: undeploy: Undeploying web application at '/project1'
02-May-2018 16:56:18.295 INFO [http-nio-8080-exec-45] org.apache.catalina.core.ApplicationContext.log HTMLManager: list: Listing contexts for virtual host 'localhost'
02-May-2018 16:56:22.139 INFO [http-nio-8080-exec-47] org.apache.catalina.core.ApplicationContext.log HTMLManager: list: Listing contexts for virtual host 'localhost'
02-May-2018 18:10:36.961 INFO [http-nio-8080-exec-1] org.apache.catalina.core.ApplicationContext.log HTMLManager: init: Associated with Deployer 'Catalina:type=Deployer,host=localhost'
02-May-2018 18:10:36.961 INFO [http-nio-8080-exec-1] org.apache.catalina.core.ApplicationContext.log HTMLManager: init: Global resources are available
02-May-2018 18:10:40.821 INFO [http-nio-8080-exec-3] org.apache.catalina.core.ApplicationContext.log HTMLManager: list: Listing contexts for virtual host 'localhost'
02-May-2018 18:10:42.210 INFO [http-nio-8080-exec-4] org.apache.catalina.core.ApplicationContext.log HTMLManager: undeploy: Undeploying web application at '/project1'
02-May-2018 18:10:42.743 INFO [http-nio-8080-exec-4] org.apache.catalina.core.ApplicationContext.log HTMLManager: list: Listing contexts for virtual host 'localhost'
02-May-2018 18:10:46.484 INFO [http-nio-8080-exec-9] org.apache.catalina.core.ApplicationContext.log HTMLManager: list: Listing contexts for virtual host 'localhost'
02-May-2018 18:14:01.223 INFO [http-nio-8080-exec-13] org.apache.catalina.core.ApplicationContext.log HTMLManager: undeploy: Undeploying web application at '/project1'
02-May-2018 18:14:01.741 INFO [http-nio-8080-exec-13] org.apache.catalina.core.ApplicationContext.log HTMLManager: list: Listing contexts for virtual host 'localhost'
02-May-2018 18:14:05.351 INFO [http-nio-8080-exec-19] org.apache.catalina.core.ApplicationContext.log HTMLManager: list: Listing contexts for virtual host 'localhost'
02-May-2018 18:17:19.391 INFO [http-nio-8080-exec-25] org.apache.catalina.core.ApplicationContext.log HTMLManager: undeploy: Undeploying web application at '/project1'
02-May-2018 18:17:19.909 INFO [http-nio-8080-exec-25] org.apache.catalina.core.ApplicationContext.log HTMLManager: list: Listing contexts for virtual host 'localhost'
02-May-2018 18:17:24.190 INFO [http-nio-8080-exec-22] org.apache.catalina.core.ApplicationContext.log HTMLManager: list: Listing contexts for virtual host 'localhost'
02-May-2018 18:18:36.554 INFO [http-nio-8080-exec-31] org.apache.catalina.core.ApplicationContext.log HTMLManager: undeploy: Undeploying web application at '/project1'
02-May-2018 18:18:37.066 INFO [http-nio-8080-exec-31] org.apache.catalina.core.ApplicationContext.log HTMLManager: list: Listing contexts for virtual host 'localhost'
02-May-2018 18:18:40.912 INFO [http-nio-8080-exec-29] org.apache.catalina.core.ApplicationContext.log HTMLManager: list: Listing contexts for virtual host 'localhost'
02-May-2018 18:20:07.285 INFO [http-nio-8080-exec-2] org.apache.catalina.core.ApplicationContext.log HTMLManager: init: Associated with Deployer 'Catalina:type=Deployer,host=localhost'
02-May-2018 18:20:07.285 INFO [http-nio-8080-exec-2] org.apache.catalina.core.ApplicationContext.log HTMLManager: init: Global resources are available
02-May-2018 18:20:07.291 INFO [http-nio-8080-exec-2] org.apache.catalina.core.ApplicationContext.log HTMLManager: list: Listing contexts for virtual host 'localhost'
02-May-2018 18:20:08.664 INFO [http-nio-8080-exec-3] org.apache.catalina.core.ApplicationContext.log HTMLManager: undeploy: Undeploying web application at '/project1'
02-May-2018 18:20:09.181 INFO [http-nio-8080-exec-3] org.apache.catalina.core.ApplicationContext.log HTMLManager: list: Listing contexts for virtual host 'localhost'
02-May-2018 18:20:12.804 INFO [http-nio-8080-exec-9] org.apache.catalina.core.ApplicationContext.log HTMLManager: list: Listing contexts for virtual host 'localhost'
02-May-2018 18:22:02.594 INFO [http-nio-8080-exec-11] org.apache.catalina.core.ApplicationContext.log HTMLManager: undeploy: Undeploying web application at '/project1'
02-May-2018 18:22:03.109 INFO [http-nio-8080-exec-11] org.apache.catalina.core.ApplicationContext.log HTMLManager: list: Listing contexts for virtual host 'localhost'
02-May-2018 18:22:07.406 INFO [http-nio-8080-exec-13] org.apache.catalina.core.ApplicationContext.log HTMLManager: list: Listing contexts for virtual host 'localhost'
02-May-2018 18:23:49.233 INFO [http-nio-8080-exec-19] org.apache.catalina.core.ApplicationContext.log HTMLManager: undeploy: Undeploying web application at '/project1'
02-May-2018 18:23:49.762 INFO [http-nio-8080-exec-19] org.apache.catalina.core.ApplicationContext.log HTMLManager: list: Listing contexts for virtual host 'localhost'
02-May-2018 18:23:53.825 INFO [http-nio-8080-exec-22] org.apache.catalina.core.ApplicationContext.log HTMLManager: list: Listing contexts for virtual host 'localhost'
02-May-2018 18:35:45.861 INFO [http-nio-8080-exec-30] org.apache.catalina.core.ApplicationContext.log HTMLManager: undeploy: Undeploying web application at '/project1'
02-May-2018 18:35:46.390 INFO [http-nio-8080-exec-30] org.apache.catalina.core.ApplicationContext.log HTMLManager: list: Listing contexts for virtual host 'localhost'
02-May-2018 18:35:49.829 INFO [http-nio-8080-exec-26] org.apache.catalina.core.ApplicationContext.log HTMLManager: list: Listing contexts for virtual host 'localhost'
02-May-2018 18:37:39.074 INFO [http-nio-8080-exec-40] org.apache.catalina.core.ApplicationContext.log HTMLManager: undeploy: Undeploying web application at '/project1'
02-May-2018 18:37:39.600 INFO [http-nio-8080-exec-40] org.apache.catalina.core.ApplicationContext.log HTMLManager: list: Listing contexts for virtual host 'localhost'
02-May-2018 18:37:43.084 INFO [http-nio-8080-exec-37] org.apache.catalina.core.ApplicationContext.log HTMLManager: list: Listing contexts for virtual host 'localhost'
02-May-2018 18:38:25.260 INFO [http-nio-8080-exec-54] org.apache.catalina.core.ApplicationContext.log HTMLManager: undeploy: Undeploying web application at '/project1'
02-May-2018 18:38:25.782 INFO [http-nio-8080-exec-54] org.apache.catalina.core.ApplicationContext.log HTMLManager: list: Listing contexts for virtual host 'localhost'
02-May-2018 18:38:29.486 INFO [http-nio-8080-exec-42] org.apache.catalina.core.ApplicationContext.log HTMLManager: list: Listing contexts for virtual host 'localhost'
02-May-2018 18:40:00.608 INFO [http-nio-8080-exec-56] org.apache.catalina.core.ApplicationContext.log HTMLManager: undeploy: Undeploying web application at '/project1'
02-May-2018 18:40:01.124 INFO [http-nio-8080-exec-56] org.apache.catalina.core.ApplicationContext.log HTMLManager: list: Listing contexts for virtual host 'localhost'
02-May-2018 18:40:05.072 INFO [http-nio-8080-exec-55] org.apache.catalina.core.ApplicationContext.log HTMLManager: list: Listing contexts for virtual host 'localhost'
02-May-2018 18:41:47.711 INFO [http-nio-8080-exec-65] org.apache.catalina.core.ApplicationContext.log HTMLManager: undeploy: Undeploying web application at '/project1'
02-May-2018 18:41:48.227 INFO [http-nio-8080-exec-65] org.apache.catalina.core.ApplicationContext.log HTMLManager: list: Listing contexts for virtual host 'localhost'
02-May-2018 18:41:51.370 INFO [http-nio-8080-exec-70] org.apache.catalina.core.ApplicationContext.log HTMLManager: list: Listing contexts for virtual host 'localhost'
02-May-2018 18:45:11.387 INFO [http-nio-8080-exec-76] org.apache.catalina.core.ApplicationContext.log HTMLManager: undeploy: Undeploying web application at '/project1'
02-May-2018 18:45:11.912 INFO [http-nio-8080-exec-76] org.apache.catalina.core.ApplicationContext.log HTMLManager: list: Listing contexts for virtual host 'localhost'
02-May-2018 18:45:15.655 INFO [http-nio-8080-exec-78] org.apache.catalina.core.ApplicationContext.log HTMLManager: list: Listing contexts for virtual host 'localhost'
02-May-2018 18:47:06.381 INFO [http-nio-8080-exec-89] org.apache.catalina.core.ApplicationContext.log HTMLManager: undeploy: Undeploying web application at '/project1'
02-May-2018 18:47:06.897 INFO [http-nio-8080-exec-89] org.apache.catalina.core.ApplicationContext.log HTMLManager: list: Listing contexts for virtual host 'localhost'
02-May-2018 18:47:10.687 INFO [http-nio-8080-exec-85] org.apache.catalina.core.ApplicationContext.log HTMLManager: list: Listing contexts for virtual host 'localhost'
02-May-2018 18:47:54.767 INFO [http-nio-8080-exec-84] org.apache.catalina.core.ApplicationContext.log HTMLManager: undeploy: Undeploying web application at '/project1'
02-May-2018 18:47:55.287 INFO [http-nio-8080-exec-84] org.apache.catalina.core.ApplicationContext.log HTMLManager: list: Listing contexts for virtual host 'localhost'
02-May-2018 18:47:59.091 INFO [http-nio-8080-exec-91] org.apache.catalina.core.ApplicationContext.log HTMLManager: list: Listing contexts for virtual host 'localhost'
02-May-2018 18:49:43.019 INFO [http-nio-8080-exec-96] org.apache.catalina.core.ApplicationContext.log HTMLManager: undeploy: Undeploying web application at '/project1'
02-May-2018 18:49:43.539 INFO [http-nio-8080-exec-96] org.apache.catalina.core.ApplicationContext.log HTMLManager: list: Listing contexts for virtual host 'localhost'
02-May-2018 18:49:46.786 INFO [http-nio-8080-exec-98] org.apache.catalina.core.ApplicationContext.log HTMLManager: list: Listing contexts for virtual host 'localhost'
02-May-2018 18:58:43.214 INFO [http-nio-8080-exec-104] org.apache.catalina.core.ApplicationContext.log HTMLManager: undeploy: Undeploying web application at '/project1'
02-May-2018 18:58:43.747 INFO [http-nio-8080-exec-104] org.apache.catalina.core.ApplicationContext.log HTMLManager: list: Listing contexts for virtual host 'localhost'
02-May-2018 18:58:59.060 INFO [http-nio-8080-exec-110] org.apache.catalina.core.ApplicationContext.log HTMLManager: list: Listing contexts for virtual host 'localhost'
02-May-2018 18:59:31.782 INFO [http-nio-8080-exec-108] org.apache.catalina.core.ApplicationContext.log HTMLManager: undeploy: Undeploying web application at '/project1'
02-May-2018 18:59:32.300 INFO [http-nio-8080-exec-108] org.apache.catalina.core.ApplicationContext.log HTMLManager: list: Listing contexts for virtual host 'localhost'
02-May-2018 18:59:36.678 INFO [http-nio-8080-exec-116] org.apache.catalina.core.ApplicationContext.log HTMLManager: list: Listing contexts for virtual host 'localhost'
02-May-2018 19:01:41.903 INFO [http-nio-8080-exec-118] org.apache.catalina.core.ApplicationContext.log HTMLManager: undeploy: Undeploying web application at '/project1'
02-May-2018 19:01:42.419 INFO [http-nio-8080-exec-118] org.apache.catalina.core.ApplicationContext.log HTMLManager: list: Listing contexts for virtual host 'localhost'
02-May-2018 19:01:46.259 INFO [http-nio-8080-exec-120] org.apache.catalina.core.ApplicationContext.log HTMLManager: list: Listing contexts for virtual host 'localhost'
02-May-2018 19:02:55.917 INFO [http-nio-8080-exec-128] org.apache.catalina.core.ApplicationContext.log HTMLManager: undeploy: Undeploying web application at '/project1'
02-May-2018 19:02:56.439 INFO [http-nio-8080-exec-128] org.apache.catalina.core.ApplicationContext.log HTMLManager: list: Listing contexts for virtual host 'localhost'
02-May-2018 19:02:59.533 INFO [http-nio-8080-exec-132] org.apache.catalina.core.ApplicationContext.log HTMLManager: list: Listing contexts for virtual host 'localhost'
02-May-2018 19:09:20.399 INFO [http-nio-8080-exec-142] org.apache.catalina.core.ApplicationContext.log HTMLManager: undeploy: Undeploying web application at '/project1'
02-May-2018 19:09:20.918 INFO [http-nio-8080-exec-142] org.apache.catalina.core.ApplicationContext.log HTMLManager: list: Listing contexts for virtual host 'localhost'
02-May-2018 19:09:42.747 INFO [http-nio-8080-exec-143] org.apache.catalina.core.ApplicationContext.log HTMLManager: list: Listing contexts for virtual host 'localhost'
02-May-2018 19:14:08.904 INFO [http-nio-8080-exec-146] org.apache.catalina.core.ApplicationContext.log HTMLManager: undeploy: Undeploying web application at '/project1'
02-May-2018 19:14:09.421 INFO [http-nio-8080-exec-146] org.apache.catalina.core.ApplicationContext.log HTMLManager: list: Listing contexts for virtual host 'localhost'
02-May-2018 19:14:13.481 INFO [http-nio-8080-exec-149] org.apache.catalina.core.ApplicationContext.log HTMLManager: list: Listing contexts for virtual host 'localhost'
02-May-2018 19:18:12.224 INFO [http-nio-8080-exec-158] org.apache.catalina.core.ApplicationContext.log HTMLManager: undeploy: Undeploying web application at '/project1'
02-May-2018 19:18:12.746 INFO [http-nio-8080-exec-158] org.apache.catalina.core.ApplicationContext.log HTMLManager: list: Listing contexts for virtual host 'localhost'
02-May-2018 19:18:16.142 INFO [http-nio-8080-exec-157] org.apache.catalina.core.ApplicationContext.log HTMLManager: list: Listing contexts for virtual host 'localhost'
02-May-2018 19:19:12.984 INFO [http-nio-8080-exec-162] org.apache.catalina.core.ApplicationContext.log HTMLManager: undeploy: Undeploying web application at '/project1'
02-May-2018 19:19:13.500 INFO [http-nio-8080-exec-162] org.apache.catalina.core.ApplicationContext.log HTMLManager: list: Listing contexts for virtual host 'localhost'
02-May-2018 19:19:24.224 INFO [http-nio-8080-exec-155] org.apache.catalina.core.ApplicationContext.log HTMLManager: list: Listing contexts for virtual host 'localhost'
02-May-2018 22:35:42.171 INFO [http-nio-8080-exec-175] org.apache.catalina.core.ApplicationContext.log HTMLManager: list: Listing contexts for virtual host 'localhost'
