17-May-2018 01:45:39.264 INFO [http-nio-8080-exec-382] org.apache.catalina.core.ApplicationContext.log HTMLManager: list: Listing contexts for virtual host 'localhost'
17-May-2018 01:45:41.152 INFO [http-nio-8080-exec-381] org.apache.catalina.core.ApplicationContext.log HTMLManager: undeploy: Undeploying web application at '/project1'
17-May-2018 01:45:41.696 INFO [http-nio-8080-exec-381] org.apache.catalina.core.ApplicationContext.log HTMLManager: list: Listing contexts for virtual host 'localhost'
17-May-2018 01:45:45.059 INFO [http-nio-8080-exec-384] org.apache.catalina.core.ApplicationContext.log HTMLManager: list: Listing contexts for virtual host 'localhost'
17-May-2018 08:41:09.752 INFO [http-nio-8080-exec-385] org.apache.catalina.core.ApplicationContext.log HTMLManager: list: Listing contexts for virtual host 'localhost'
17-May-2018 08:41:11.978 INFO [http-nio-8080-exec-386] org.apache.catalina.core.ApplicationContext.log HTMLManager: restart: Reloading web application '/project1'
17-May-2018 08:41:12.345 INFO [http-nio-8080-exec-386] org.apache.catalina.core.ApplicationContext.log HTMLManager: list: Listing contexts for virtual host 'localhost'
17-May-2018 11:00:50.996 INFO [http-nio-8080-exec-398] org.apache.catalina.core.ApplicationContext.log HTMLManager: list: Listing contexts for virtual host 'localhost'
17-May-2018 11:00:52.902 INFO [http-nio-8080-exec-399] org.apache.catalina.core.ApplicationContext.log HTMLManager: undeploy: Undeploying web application at '/project1'
17-May-2018 11:00:53.458 INFO [http-nio-8080-exec-399] org.apache.catalina.core.ApplicationContext.log HTMLManager: list: Listing contexts for virtual host 'localhost'
17-May-2018 11:00:56.762 INFO [http-nio-8080-exec-404] org.apache.catalina.core.ApplicationContext.log HTMLManager: list: Listing contexts for virtual host 'localhost'
17-May-2018 11:05:20.669 INFO [http-nio-8080-exec-412] org.apache.catalina.core.ApplicationContext.log HTMLManager: undeploy: Undeploying web application at '/project1'
17-May-2018 11:05:21.197 INFO [http-nio-8080-exec-412] org.apache.catalina.core.ApplicationContext.log HTMLManager: list: Listing contexts for virtual host 'localhost'
17-May-2018 11:05:25.063 INFO [http-nio-8080-exec-409] org.apache.catalina.core.ApplicationContext.log HTMLManager: list: Listing contexts for virtual host 'localhost'
17-May-2018 11:10:49.765 INFO [http-nio-8080-exec-413] org.apache.catalina.core.ApplicationContext.log HTMLManager: undeploy: Undeploying web application at '/project1'
17-May-2018 11:10:50.298 INFO [http-nio-8080-exec-413] org.apache.catalina.core.ApplicationContext.log HTMLManager: list: Listing contexts for virtual host 'localhost'
17-May-2018 11:10:54.850 INFO [http-nio-8080-exec-415] org.apache.catalina.core.ApplicationContext.log HTMLManager: list: Listing contexts for virtual host 'localhost'
17-May-2018 11:17:00.701 INFO [http-nio-8080-exec-423] org.apache.catalina.core.ApplicationContext.log HTMLManager: undeploy: Undeploying web application at '/project1'
17-May-2018 11:17:01.244 INFO [http-nio-8080-exec-423] org.apache.catalina.core.ApplicationContext.log HTMLManager: list: Listing contexts for virtual host 'localhost'
17-May-2018 11:17:05.063 INFO [http-nio-8080-exec-428] org.apache.catalina.core.ApplicationContext.log HTMLManager: list: Listing contexts for virtual host 'localhost'
17-May-2018 11:20:58.288 INFO [http-nio-8080-exec-433] org.apache.catalina.core.ApplicationContext.log HTMLManager: undeploy: Undeploying web application at '/project1'
17-May-2018 11:20:58.821 INFO [http-nio-8080-exec-433] org.apache.catalina.core.ApplicationContext.log HTMLManager: list: Listing contexts for virtual host 'localhost'
17-May-2018 11:21:02.378 INFO [http-nio-8080-exec-435] org.apache.catalina.core.ApplicationContext.log HTMLManager: list: Listing contexts for virtual host 'localhost'
17-May-2018 11:29:38.940 INFO [http-nio-8080-exec-441] org.apache.catalina.core.ApplicationContext.log HTMLManager: undeploy: Undeploying web application at '/project1'
17-May-2018 11:29:39.465 INFO [http-nio-8080-exec-441] org.apache.catalina.core.ApplicationContext.log HTMLManager: list: Listing contexts for virtual host 'localhost'
17-May-2018 11:33:00.415 INFO [http-nio-8080-exec-450] org.apache.catalina.core.ApplicationContext.log HTMLManager: list: Listing contexts for virtual host 'localhost'
17-May-2018 11:38:25.861 INFO [http-nio-8080-exec-456] org.apache.catalina.core.ApplicationContext.log HTMLManager: undeploy: Undeploying web application at '/project1'
17-May-2018 11:38:26.385 INFO [http-nio-8080-exec-456] org.apache.catalina.core.ApplicationContext.log HTMLManager: list: Listing contexts for virtual host 'localhost'
17-May-2018 11:38:30.245 INFO [http-nio-8080-exec-459] org.apache.catalina.core.ApplicationContext.log HTMLManager: list: Listing contexts for virtual host 'localhost'
17-May-2018 11:40:36.262 INFO [http-nio-8080-exec-461] org.apache.catalina.core.ApplicationContext.log HTMLManager: undeploy: Undeploying web application at '/project1'
17-May-2018 11:40:36.791 INFO [http-nio-8080-exec-461] org.apache.catalina.core.ApplicationContext.log HTMLManager: list: Listing contexts for virtual host 'localhost'
17-May-2018 11:40:40.433 INFO [http-nio-8080-exec-464] org.apache.catalina.core.ApplicationContext.log HTMLManager: list: Listing contexts for virtual host 'localhost'
17-May-2018 12:11:17.427 INFO [http-nio-8080-exec-479] org.apache.catalina.core.ApplicationContext.log HTMLManager: list: Listing contexts for virtual host 'localhost'
17-May-2018 12:11:19.216 INFO [http-nio-8080-exec-480] org.apache.catalina.core.ApplicationContext.log HTMLManager: undeploy: Undeploying web application at '/project1'
17-May-2018 12:11:19.761 INFO [http-nio-8080-exec-480] org.apache.catalina.core.ApplicationContext.log HTMLManager: list: Listing contexts for virtual host 'localhost'
17-May-2018 12:12:03.253 INFO [http-nio-8080-exec-481] org.apache.catalina.core.ApplicationContext.log HTMLManager: list: Listing contexts for virtual host 'localhost'
17-May-2018 12:28:44.958 INFO [http-nio-8080-exec-495] org.apache.catalina.core.ApplicationContext.log HTMLManager: undeploy: Undeploying web application at '/project1'
17-May-2018 12:28:45.489 INFO [http-nio-8080-exec-495] org.apache.catalina.core.ApplicationContext.log HTMLManager: list: Listing contexts for virtual host 'localhost'
17-May-2018 12:28:49.247 INFO [http-nio-8080-exec-491] org.apache.catalina.core.ApplicationContext.log HTMLManager: list: Listing contexts for virtual host 'localhost'
17-May-2018 12:37:20.371 INFO [http-nio-8080-exec-500] org.apache.catalina.core.ApplicationContext.log HTMLManager: undeploy: Undeploying web application at '/project1'
17-May-2018 12:37:20.900 INFO [http-nio-8080-exec-500] org.apache.catalina.core.ApplicationContext.log HTMLManager: list: Listing contexts for virtual host 'localhost'
17-May-2018 12:37:24.036 INFO [http-nio-8080-exec-503] org.apache.catalina.core.ApplicationContext.log HTMLManager: list: Listing contexts for virtual host 'localhost'
17-May-2018 12:40:37.959 INFO [http-nio-8080-exec-511] org.apache.catalina.core.ApplicationContext.log HTMLManager: restart: Reloading web application '/project1'
17-May-2018 12:40:38.272 INFO [http-nio-8080-exec-511] org.apache.catalina.core.ApplicationContext.log HTMLManager: list: Listing contexts for virtual host 'localhost'
17-May-2018 12:50:03.848 INFO [http-nio-8080-exec-515] org.apache.catalina.core.ApplicationContext.log HTMLManager: undeploy: Undeploying web application at '/project1'
17-May-2018 12:50:04.381 INFO [http-nio-8080-exec-515] org.apache.catalina.core.ApplicationContext.log HTMLManager: list: Listing contexts for virtual host 'localhost'
17-May-2018 12:50:08.363 INFO [http-nio-8080-exec-517] org.apache.catalina.core.ApplicationContext.log HTMLManager: list: Listing contexts for virtual host 'localhost'
17-May-2018 12:51:44.583 INFO [http-nio-8080-exec-525] org.apache.catalina.core.ApplicationContext.log HTMLManager: undeploy: Undeploying web application at '/project1'
17-May-2018 12:51:45.108 INFO [http-nio-8080-exec-525] org.apache.catalina.core.ApplicationContext.log HTMLManager: list: Listing contexts for virtual host 'localhost'
17-May-2018 12:51:48.635 INFO [http-nio-8080-exec-523] org.apache.catalina.core.ApplicationContext.log HTMLManager: list: Listing contexts for virtual host 'localhost'
17-May-2018 12:53:40.956 INFO [http-nio-8080-exec-533] org.apache.catalina.core.ApplicationContext.log HTMLManager: undeploy: Undeploying web application at '/project1'
17-May-2018 12:53:41.508 INFO [http-nio-8080-exec-533] org.apache.catalina.core.ApplicationContext.log HTMLManager: list: Listing contexts for virtual host 'localhost'
17-May-2018 12:53:45.482 INFO [http-nio-8080-exec-520] org.apache.catalina.core.ApplicationContext.log HTMLManager: list: Listing contexts for virtual host 'localhost'
17-May-2018 12:57:13.881 INFO [http-nio-8080-exec-540] org.apache.catalina.core.ApplicationContext.log HTMLManager: undeploy: Undeploying web application at '/project1'
17-May-2018 12:57:14.419 INFO [http-nio-8080-exec-540] org.apache.catalina.core.ApplicationContext.log HTMLManager: list: Listing contexts for virtual host 'localhost'
17-May-2018 12:57:18.725 INFO [http-nio-8080-exec-526] org.apache.catalina.core.ApplicationContext.log HTMLManager: list: Listing contexts for virtual host 'localhost'
17-May-2018 13:00:16.224 INFO [http-nio-8080-exec-541] org.apache.catalina.core.ApplicationContext.log HTMLManager: restart: Reloading web application '/project1'
17-May-2018 13:00:16.387 INFO [http-nio-8080-exec-541] org.apache.catalina.core.ApplicationContext.log HTMLManager: list: Listing contexts for virtual host 'localhost'
17-May-2018 13:04:22.375 INFO [http-nio-8080-exec-548] org.apache.catalina.core.ApplicationContext.log HTMLManager: restart: Reloading web application '/project1'
17-May-2018 13:04:22.751 INFO [http-nio-8080-exec-548] org.apache.catalina.core.ApplicationContext.log HTMLManager: list: Listing contexts for virtual host 'localhost'
17-May-2018 13:09:48.791 INFO [http-nio-8080-exec-561] org.apache.catalina.core.ApplicationContext.log HTMLManager: undeploy: Undeploying web application at '/project1'
17-May-2018 13:09:49.326 INFO [http-nio-8080-exec-561] org.apache.catalina.core.ApplicationContext.log HTMLManager: list: Listing contexts for virtual host 'localhost'
17-May-2018 13:09:52.680 INFO [http-nio-8080-exec-555] org.apache.catalina.core.ApplicationContext.log HTMLManager: list: Listing contexts for virtual host 'localhost'
17-May-2018 13:19:30.280 INFO [http-nio-8080-exec-563] org.apache.catalina.core.ApplicationContext.log HTMLManager: restart: Reloading web application '/project1'
17-May-2018 13:19:30.557 INFO [http-nio-8080-exec-563] org.apache.catalina.core.ApplicationContext.log HTMLManager: list: Listing contexts for virtual host 'localhost'
17-May-2018 13:21:21.915 INFO [http-nio-8080-exec-573] org.apache.catalina.core.ApplicationContext.log HTMLManager: undeploy: Undeploying web application at '/project1'
17-May-2018 13:21:22.448 INFO [http-nio-8080-exec-573] org.apache.catalina.core.ApplicationContext.log HTMLManager: list: Listing contexts for virtual host 'localhost'
17-May-2018 13:21:26.544 INFO [http-nio-8080-exec-564] org.apache.catalina.core.ApplicationContext.log HTMLManager: list: Listing contexts for virtual host 'localhost'
17-May-2018 15:23:20.155 INFO [http-nio-8080-exec-2] org.apache.catalina.core.ApplicationContext.log HTMLManager: init: Associated with Deployer 'Catalina:type=Deployer,host=localhost'
17-May-2018 15:23:20.156 INFO [http-nio-8080-exec-2] org.apache.catalina.core.ApplicationContext.log HTMLManager: init: Global resources are available
17-May-2018 15:23:20.172 INFO [http-nio-8080-exec-2] org.apache.catalina.core.ApplicationContext.log HTMLManager: list: Listing contexts for virtual host 'localhost'
